CRITICAL - 2022-02-02 00:27:07 --> Call to undefined method PhpOffice\PhpSpreadsheet\Worksheet\Worksheet::getActiveSheet()
#0 /home4/projectmanagment/public_html/roshan_energy/system/CodeIgniter.php(824): App\Controllers\Statements->utility_statements()
#1 /home4/projectmanagment/public_html/roshan_energy/system/CodeIgniter.php(410): CodeIgniter\CodeIgniter->runController(Object(App\Controllers\Statements))
#2 /home4/projectmanagment/public_html/roshan_energy/system/CodeIgniter.php(318): CodeIgniter\CodeIgniter->handleRequest(NULL, Object(Config\Cache), false)
#3 /home4/projectmanagment/public_html/roshan_energy/public/index.php(37): CodeIgniter\CodeIgniter->run()
#4 {main}
CRITICAL - 2022-02-02 00:27:48 --> Too few arguments to function PhpOffice\PhpSpreadsheet\Worksheet\Worksheet::setCellValue(), 1 passed in /home4/projectmanagment/public_html/roshan_energy/app/Controllers/Statements.php on line 1147 and exactly 2 expected
#0 /home4/projectmanagment/public_html/roshan_energy/app/Controllers/Statements.php(1147): PhpOffice\PhpSpreadsheet\Worksheet\Worksheet->setCellValue('I')
#1 /home4/projectmanagment/public_html/roshan_energy/system/CodeIgniter.php(824): App\Controllers\Statements->utility_statements()
#2 /home4/projectmanagment/public_html/roshan_energy/system/CodeIgniter.php(410): CodeIgniter\CodeIgniter->runController(Object(App\Controllers\Statements))
#3 /home4/projectmanagment/public_html/roshan_energy/system/CodeIgniter.php(318): CodeIgniter\CodeIgniter->handleRequest(NULL, Object(Config\Cache), false)
#4 /home4/projectmanagment/public_html/roshan_energy/public/index.php(37): CodeIgniter\CodeIgniter->run()
#5 {main}
CRITICAL - 2022-02-02 00:30:23 --> Call to undefined method PhpOffice\PhpSpreadsheet\Worksheet\Worksheet::setAutoSize()
#0 /home4/projectmanagment/public_html/roshan_energy/system/CodeIgniter.php(824): App\Controllers\Statements->utility_statements()
#1 /home4/projectmanagment/public_html/roshan_energy/system/CodeIgniter.php(410): CodeIgniter\CodeIgniter->runController(Object(App\Controllers\Statements))
#2 /home4/projectmanagment/public_html/roshan_energy/system/CodeIgniter.php(318): CodeIgniter\CodeIgniter->handleRequest(NULL, Object(Config\Cache), false)
#3 /home4/projectmanagment/public_html/roshan_energy/public/index.php(37): CodeIgniter\CodeIgniter->run()
#4 {main}
CRITICAL - 2022-02-02 00:35:53 --> syntax error, unexpected ';', expecting ')'
#0 /home4/projectmanagment/public_html/roshan_energy/system/Autoloader/Autoloader.php(241): CodeIgniter\Autoloader\Autoloader->includeFile('/home4/projectm...')
#1 /home4/projectmanagment/public_html/roshan_energy/system/Autoloader/Autoloader.php(219): CodeIgniter\Autoloader\Autoloader->loadInNamespace('App\\Controllers...')
#2 [internal function]: CodeIgniter\Autoloader\Autoloader->loadClass('App\\Controllers...')
#3 [internal function]: spl_autoload_call('App\\Controllers...')
#4 /home4/projectmanagment/public_html/roshan_energy/system/CodeIgniter.php(789): class_exists('\\App\\Controller...', true)
#5 /home4/projectmanagment/public_html/roshan_energy/system/CodeIgniter.php(397): CodeIgniter\CodeIgniter->startController()
#6 /home4/projectmanagment/public_html/roshan_energy/system/CodeIgniter.php(318): CodeIgniter\CodeIgniter->handleRequest(NULL, Object(Config\Cache), false)
#7 /home4/projectmanagment/public_html/roshan_energy/public/index.php(37): CodeIgniter\CodeIgniter->run()
#8 {main}
CRITICAL - 2022-02-02 00:36:22 --> syntax error, unexpected ';', expecting ')'
#0 /home4/projectmanagment/public_html/roshan_energy/system/Autoloader/Autoloader.php(241): CodeIgniter\Autoloader\Autoloader->includeFile('/home4/projectm...')
#1 /home4/projectmanagment/public_html/roshan_energy/system/Autoloader/Autoloader.php(219): CodeIgniter\Autoloader\Autoloader->loadInNamespace('App\\Controllers...')
#2 [internal function]: CodeIgniter\Autoloader\Autoloader->loadClass('App\\Controllers...')
#3 [internal function]: spl_autoload_call('App\\Controllers...')
#4 /home4/projectmanagment/public_html/roshan_energy/system/CodeIgniter.php(789): class_exists('\\App\\Controller...', true)
#5 /home4/projectmanagment/public_html/roshan_energy/system/CodeIgniter.php(397): CodeIgniter\CodeIgniter->startController()
#6 /home4/projectmanagment/public_html/roshan_energy/system/CodeIgniter.php(318): CodeIgniter\CodeIgniter->handleRequest(NULL, Object(Config\Cache), false)
#7 /home4/projectmanagment/public_html/roshan_energy/public/index.php(37): CodeIgniter\CodeIgniter->run()
#8 {main}
CRITICAL - 2022-02-02 00:37:09 --> syntax error, unexpected ';', expecting ')'
#0 /home4/projectmanagment/public_html/roshan_energy/system/Autoloader/Autoloader.php(241): CodeIgniter\Autoloader\Autoloader->includeFile('/home4/projectm...')
#1 /home4/projectmanagment/public_html/roshan_energy/system/Autoloader/Autoloader.php(219): CodeIgniter\Autoloader\Autoloader->loadInNamespace('App\\Controllers...')
#2 [internal function]: CodeIgniter\Autoloader\Autoloader->loadClass('App\\Controllers...')
#3 [internal function]: spl_autoload_call('App\\Controllers...')
#4 /home4/projectmanagment/public_html/roshan_energy/system/CodeIgniter.php(789): class_exists('\\App\\Controller...', true)
#5 /home4/projectmanagment/public_html/roshan_energy/system/CodeIgniter.php(397): CodeIgniter\CodeIgniter->startController()
#6 /home4/projectmanagment/public_html/roshan_energy/system/CodeIgniter.php(318): CodeIgniter\CodeIgniter->handleRequest(NULL, Object(Config\Cache), false)
#7 /home4/projectmanagment/public_html/roshan_energy/public/index.php(37): CodeIgniter\CodeIgniter->run()
#8 {main}
CRITICAL - 2022-02-02 00:37:11 --> syntax error, unexpected ';', expecting ')'
#0 /home4/projectmanagment/public_html/roshan_energy/system/Autoloader/Autoloader.php(241): CodeIgniter\Autoloader\Autoloader->includeFile('/home4/projectm...')
#1 /home4/projectmanagment/public_html/roshan_energy/system/Autoloader/Autoloader.php(219): CodeIgniter\Autoloader\Autoloader->loadInNamespace('App\\Controllers...')
#2 [internal function]: CodeIgniter\Autoloader\Autoloader->loadClass('App\\Controllers...')
#3 [internal function]: spl_autoload_call('App\\Controllers...')
#4 /home4/projectmanagment/public_html/roshan_energy/system/CodeIgniter.php(789): class_exists('\\App\\Controller...', true)
#5 /home4/projectmanagment/public_html/roshan_energy/system/CodeIgniter.php(397): CodeIgniter\CodeIgniter->startController()
#6 /home4/projectmanagment/public_html/roshan_energy/system/CodeIgniter.php(318): CodeIgniter\CodeIgniter->handleRequest(NULL, Object(Config\Cache), false)
#7 /home4/projectmanagment/public_html/roshan_energy/public/index.php(37): CodeIgniter\CodeIgniter->run()
#8 {main}
CRITICAL - 2022-02-02 00:37:42 --> syntax error, unexpected ';', expecting ')'
#0 /home4/projectmanagment/public_html/roshan_energy/system/Autoloader/Autoloader.php(241): CodeIgniter\Autoloader\Autoloader->includeFile('/home4/projectm...')
#1 /home4/projectmanagment/public_html/roshan_energy/system/Autoloader/Autoloader.php(219): CodeIgniter\Autoloader\Autoloader->loadInNamespace('App\\Controllers...')
#2 [internal function]: CodeIgniter\Autoloader\Autoloader->loadClass('App\\Controllers...')
#3 [internal function]: spl_autoload_call('App\\Controllers...')
#4 /home4/projectmanagment/public_html/roshan_energy/system/CodeIgniter.php(789): class_exists('\\App\\Controller...', true)
#5 /home4/projectmanagment/public_html/roshan_energy/system/CodeIgniter.php(397): CodeIgniter\CodeIgniter->startController()
#6 /home4/projectmanagment/public_html/roshan_energy/system/CodeIgniter.php(318): CodeIgniter\CodeIgniter->handleRequest(NULL, Object(Config\Cache), false)
#7 /home4/projectmanagment/public_html/roshan_energy/public/index.php(37): CodeIgniter\CodeIgniter->run()
#8 {main}
CRITICAL - 2022-02-02 00:55:59 --> Call to undefined method PhpOffice\PhpSpreadsheet\Worksheet\ColumnDimension::setFitToWidth()
#0 /home4/projectmanagment/public_html/roshan_energy/system/CodeIgniter.php(824): App\Controllers\Statements->utility_statements()
#1 /home4/projectmanagment/public_html/roshan_energy/system/CodeIgniter.php(410): CodeIgniter\CodeIgniter->runController(Object(App\Controllers\Statements))
#2 /home4/projectmanagment/public_html/roshan_energy/system/CodeIgniter.php(318): CodeIgniter\CodeIgniter->handleRequest(NULL, Object(Config\Cache), false)
#3 /home4/projectmanagment/public_html/roshan_energy/public/index.php(37): CodeIgniter\CodeIgniter->run()
#4 {main}
CRITICAL - 2022-02-02 01:01:29 --> Call to undefined method PhpOffice\PhpSpreadsheet\Worksheet\Worksheet::getActiveSheet()
#0 /home4/projectmanagment/public_html/roshan_energy/system/CodeIgniter.php(824): App\Controllers\Statements->utility_statements()
#1 /home4/projectmanagment/public_html/roshan_energy/system/CodeIgniter.php(410): CodeIgniter\CodeIgniter->runController(Object(App\Controllers\Statements))
#2 /home4/projectmanagment/public_html/roshan_energy/system/CodeIgniter.php(318): CodeIgniter\CodeIgniter->handleRequest(NULL, Object(Config\Cache), false)
#3 /home4/projectmanagment/public_html/roshan_energy/public/index.php(37): CodeIgniter\CodeIgniter->run()
#4 {main}
CRITICAL - 2022-02-02 01:01:54 --> Call to undefined method PhpOffice\PhpSpreadsheet\Worksheet\Worksheet::getActiveSheet()
#0 /home4/projectmanagment/public_html/roshan_energy/system/CodeIgniter.php(824): App\Controllers\Statements->utility_statements()
#1 /home4/projectmanagment/public_html/roshan_energy/system/CodeIgniter.php(410): CodeIgniter\CodeIgniter->runController(Object(App\Controllers\Statements))
#2 /home4/projectmanagment/public_html/roshan_energy/system/CodeIgniter.php(318): CodeIgniter\CodeIgniter->handleRequest(NULL, Object(Config\Cache), false)
#3 /home4/projectmanagment/public_html/roshan_energy/public/index.php(37): CodeIgniter\CodeIgniter->run()
#4 {main}
CRITICAL - 2022-02-02 01:05:18 --> Call to undefined method PhpOffice\PhpSpreadsheet\Worksheet\PageSetup::setCellValue()
#0 /home4/projectmanagment/public_html/roshan_energy/system/CodeIgniter.php(824): App\Controllers\Statements->utility_statements()
#1 /home4/projectmanagment/public_html/roshan_energy/system/CodeIgniter.php(410): CodeIgniter\CodeIgniter->runController(Object(App\Controllers\Statements))
#2 /home4/projectmanagment/public_html/roshan_energy/system/CodeIgniter.php(318): CodeIgniter\CodeIgniter->handleRequest(NULL, Object(Config\Cache), false)
#3 /home4/projectmanagment/public_html/roshan_energy/public/index.php(37): CodeIgniter\CodeIgniter->run()
#4 {main}
CRITICAL - 2022-02-02 01:25:10 --> Call to undefined method PhpOffice\PhpSpreadsheet\Worksheet\ColumnDimension::setHeight()
#0 /home4/projectmanagment/public_html/roshan_energy/system/CodeIgniter.php(824): App\Controllers\Statements->utility_statements()
#1 /home4/projectmanagment/public_html/roshan_energy/system/CodeIgniter.php(410): CodeIgniter\CodeIgniter->runController(Object(App\Controllers\Statements))
#2 /home4/projectmanagment/public_html/roshan_energy/system/CodeIgniter.php(318): CodeIgniter\CodeIgniter->handleRequest(NULL, Object(Config\Cache), false)
#3 /home4/projectmanagment/public_html/roshan_energy/public/index.php(37): CodeIgniter\CodeIgniter->run()
#4 {main}
CRITICAL - 2022-02-02 04:13:41 --> Undefined offset: 1
#0 /home4/projectmanagment/public_html/roshan_energy/app/Views/Dashboard/edit_customer.php(140): CodeIgniter\Debug\Exceptions->errorHandler(8, 'Undefined offse...', '/home4/projectm...', 140, Array)
#1 /home4/projectmanagment/public_html/roshan_energy/system/View/View.php(214): include('/home4/projectm...')
#2 /home4/projectmanagment/public_html/roshan_energy/system/View/View.php(217): CodeIgniter\View\View->CodeIgniter\View\{closure}()
#3 /home4/projectmanagment/public_html/roshan_energy/system/Common.php(1097): CodeIgniter\View\View->render('Dashboard/edit_...', Array, true)
#4 /home4/projectmanagment/public_html/roshan_energy/app/Views/template_with_header/template.php(5): view('Dashboard/edit_...')
#5 /home4/projectmanagment/public_html/roshan_energy/system/View/View.php(214): include('/home4/projectm...')
#6 /home4/projectmanagment/public_html/roshan_energy/system/View/View.php(217): CodeIgniter\View\View->CodeIgniter\View\{closure}()
#7 /home4/projectmanagment/public_html/roshan_energy/system/Common.php(1097): CodeIgniter\View\View->render('template_with_h...', Array, true)
#8 /home4/projectmanagment/public_html/roshan_energy/app/Controllers/Dashboard.php(372): view('template_with_h...', Array)
#9 /home4/projectmanagment/public_html/roshan_energy/system/CodeIgniter.php(824): App\Controllers\Dashboard->edit_customer('assets', 'admin-tools', 'admin-forms', 'custom-css', 'datepicker.css')
#10 /home4/projectmanagment/public_html/roshan_energy/system/CodeIgniter.php(410): CodeIgniter\CodeIgniter->runController(Object(App\Controllers\Dashboard))
#11 /home4/projectmanagment/public_html/roshan_energy/system/CodeIgniter.php(318): CodeIgniter\CodeIgniter->handleRequest(NULL, Object(Config\Cache), false)
#12 /home4/projectmanagment/public_html/roshan_energy/public/index.php(37): CodeIgniter\CodeIgniter->run()
#13 {main}
CRITICAL - 2022-02-02 04:39:19 --> syntax error, unexpected '.'
#0 /home4/projectmanagment/public_html/roshan_energy/system/Autoloader/Autoloader.php(241): CodeIgniter\Autoloader\Autoloader->includeFile('/home4/projectm...')
#1 /home4/projectmanagment/public_html/roshan_energy/system/Autoloader/Autoloader.php(219): CodeIgniter\Autoloader\Autoloader->loadInNamespace('App\\Controllers...')
#2 [internal function]: CodeIgniter\Autoloader\Autoloader->loadClass('App\\Controllers...')
#3 [internal function]: spl_autoload_call('App\\Controllers...')
#4 /home4/projectmanagment/public_html/roshan_energy/system/CodeIgniter.php(789): class_exists('\\App\\Controller...', true)
#5 /home4/projectmanagment/public_html/roshan_energy/system/CodeIgniter.php(397): CodeIgniter\CodeIgniter->startController()
#6 /home4/projectmanagment/public_html/roshan_energy/system/CodeIgniter.php(318): CodeIgniter\CodeIgniter->handleRequest(NULL, Object(Config\Cache), false)
#7 /home4/projectmanagment/public_html/roshan_energy/public/index.php(37): CodeIgniter\CodeIgniter->run()
#8 {main}
CRITICAL - 2022-02-02 04:40:47 --> syntax error, unexpected '.'
#0 /home4/projectmanagment/public_html/roshan_energy/system/Autoloader/Autoloader.php(241): CodeIgniter\Autoloader\Autoloader->includeFile('/home4/projectm...')
#1 /home4/projectmanagment/public_html/roshan_energy/system/Autoloader/Autoloader.php(219): CodeIgniter\Autoloader\Autoloader->loadInNamespace('App\\Controllers...')
#2 [internal function]: CodeIgniter\Autoloader\Autoloader->loadClass('App\\Controllers...')
#3 [internal function]: spl_autoload_call('App\\Controllers...')
#4 /home4/projectmanagment/public_html/roshan_energy/system/CodeIgniter.php(789): class_exists('\\App\\Controller...', true)
#5 /home4/projectmanagment/public_html/roshan_energy/system/CodeIgniter.php(397): CodeIgniter\CodeIgniter->startController()
#6 /home4/projectmanagment/public_html/roshan_energy/system/CodeIgniter.php(318): CodeIgniter\CodeIgniter->handleRequest(NULL, Object(Config\Cache), false)
#7 /home4/projectmanagment/public_html/roshan_energy/public/index.php(37): CodeIgniter\CodeIgniter->run()
#8 {main}
CRITICAL - 2022-02-02 04:41:23 --> syntax error, unexpected '.'
#0 /home4/projectmanagment/public_html/roshan_energy/system/Autoloader/Autoloader.php(241): CodeIgniter\Autoloader\Autoloader->includeFile('/home4/projectm...')
#1 /home4/projectmanagment/public_html/roshan_energy/system/Autoloader/Autoloader.php(219): CodeIgniter\Autoloader\Autoloader->loadInNamespace('App\\Controllers...')
#2 [internal function]: CodeIgniter\Autoloader\Autoloader->loadClass('App\\Controllers...')
#3 [internal function]: spl_autoload_call('App\\Controllers...')
#4 /home4/projectmanagment/public_html/roshan_energy/system/CodeIgniter.php(789): class_exists('\\App\\Controller...', true)
#5 /home4/projectmanagment/public_html/roshan_energy/system/CodeIgniter.php(397): CodeIgniter\CodeIgniter->startController()
#6 /home4/projectmanagment/public_html/roshan_energy/system/CodeIgniter.php(318): CodeIgniter\CodeIgniter->handleRequest(NULL, Object(Config\Cache), false)
#7 /home4/projectmanagment/public_html/roshan_energy/public/index.php(37): CodeIgniter\CodeIgniter->run()
#8 {main}
CRITICAL - 2022-02-02 04:41:52 --> syntax error, unexpected '.'
#0 /home4/projectmanagment/public_html/roshan_energy/system/Autoloader/Autoloader.php(241): CodeIgniter\Autoloader\Autoloader->includeFile('/home4/projectm...')
#1 /home4/projectmanagment/public_html/roshan_energy/system/Autoloader/Autoloader.php(219): CodeIgniter\Autoloader\Autoloader->loadInNamespace('App\\Controllers...')
#2 [internal function]: CodeIgniter\Autoloader\Autoloader->loadClass('App\\Controllers...')
#3 [internal function]: spl_autoload_call('App\\Controllers...')
#4 /home4/projectmanagment/public_html/roshan_energy/system/CodeIgniter.php(789): class_exists('\\App\\Controller...', true)
#5 /home4/projectmanagment/public_html/roshan_energy/system/CodeIgniter.php(397): CodeIgniter\CodeIgniter->startController()
#6 /home4/projectmanagment/public_html/roshan_energy/system/CodeIgniter.php(318): CodeIgniter\CodeIgniter->handleRequest(NULL, Object(Config\Cache), false)
#7 /home4/projectmanagment/public_html/roshan_energy/public/index.php(37): CodeIgniter\CodeIgniter->run()
#8 {main}
CRITICAL - 2022-02-02 04:42:37 --> syntax error, unexpected '.'
#0 /home4/projectmanagment/public_html/roshan_energy/system/Autoloader/Autoloader.php(241): CodeIgniter\Autoloader\Autoloader->includeFile('/home4/projectm...')
#1 /home4/projectmanagment/public_html/roshan_energy/system/Autoloader/Autoloader.php(219): CodeIgniter\Autoloader\Autoloader->loadInNamespace('App\\Controllers...')
#2 [internal function]: CodeIgniter\Autoloader\Autoloader->loadClass('App\\Controllers...')
#3 [internal function]: spl_autoload_call('App\\Controllers...')
#4 /home4/projectmanagment/public_html/roshan_energy/system/CodeIgniter.php(789): class_exists('\\App\\Controller...', true)
#5 /home4/projectmanagment/public_html/roshan_energy/system/CodeIgniter.php(397): CodeIgniter\CodeIgniter->startController()
#6 /home4/projectmanagment/public_html/roshan_energy/system/CodeIgniter.php(318): CodeIgniter\CodeIgniter->handleRequest(NULL, Object(Config\Cache), false)
#7 /home4/projectmanagment/public_html/roshan_energy/public/index.php(37): CodeIgniter\CodeIgniter->run()
#8 {main}
CRITICAL - 2022-02-02 04:43:17 --> A non-numeric value encountered
#0 /home4/projectmanagment/public_html/roshan_energy/app/Controllers/Statements.php(537): CodeIgniter\Debug\Exceptions->errorHandler(2, 'A non-numeric v...', '/home4/projectm...', 537, Array)
#1 /home4/projectmanagment/public_html/roshan_energy/system/CodeIgniter.php(824): App\Controllers\Statements->generate_statements()
#2 /home4/projectmanagment/public_html/roshan_energy/system/CodeIgniter.php(410): CodeIgniter\CodeIgniter->runController(Object(App\Controllers\Statements))
#3 /home4/projectmanagment/public_html/roshan_energy/system/CodeIgniter.php(318): CodeIgniter\CodeIgniter->handleRequest(NULL, Object(Config\Cache), false)
#4 /home4/projectmanagment/public_html/roshan_energy/public/index.php(37): CodeIgniter\CodeIgniter->run()
#5 {main}
CRITICAL - 2022-02-02 04:48:22 --> syntax error, unexpected 'number_format' (T_STRING)
#0 /home4/projectmanagment/public_html/roshan_energy/system/Router/Router.php(176): CodeIgniter\Router\Router->autoRoute('Statements/gene...')
#1 /home4/projectmanagment/public_html/roshan_energy/system/CodeIgniter.php(718): CodeIgniter\Router\Router->handle('Statements/gene...')
#2 /home4/projectmanagment/public_html/roshan_energy/system/CodeIgniter.php(359): CodeIgniter\CodeIgniter->tryToRouteIt(Object(CodeIgniter\Router\RouteCollection))
#3 /home4/projectmanagment/public_html/roshan_energy/system/CodeIgniter.php(318): CodeIgniter\CodeIgniter->handleRequest(NULL, Object(Config\Cache), false)
#4 /home4/projectmanagment/public_html/roshan_energy/public/index.php(37): CodeIgniter\CodeIgniter->run()
#5 {main}
CRITICAL - 2022-02-02 04:48:54 --> A non-numeric value encountered
#0 /home4/projectmanagment/public_html/roshan_energy/app/Controllers/Statements.php(537): CodeIgniter\Debug\Exceptions->errorHandler(2, 'A non-numeric v...', '/home4/projectm...', 537, Array)
#1 /home4/projectmanagment/public_html/roshan_energy/system/CodeIgniter.php(824): App\Controllers\Statements->generate_statements()
#2 /home4/projectmanagment/public_html/roshan_energy/system/CodeIgniter.php(410): CodeIgniter\CodeIgniter->runController(Object(App\Controllers\Statements))
#3 /home4/projectmanagment/public_html/roshan_energy/system/CodeIgniter.php(318): CodeIgniter\CodeIgniter->handleRequest(NULL, Object(Config\Cache), false)
#4 /home4/projectmanagment/public_html/roshan_energy/public/index.php(37): CodeIgniter\CodeIgniter->run()
#5 {main}
CRITICAL - 2022-02-02 04:49:33 --> A non-numeric value encountered
#0 /home4/projectmanagment/public_html/roshan_energy/app/Controllers/Statements.php(544): CodeIgniter\Debug\Exceptions->errorHandler(2, 'A non-numeric v...', '/home4/projectm...', 544, Array)
#1 /home4/projectmanagment/public_html/roshan_energy/system/CodeIgniter.php(824): App\Controllers\Statements->generate_statements()
#2 /home4/projectmanagment/public_html/roshan_energy/system/CodeIgniter.php(410): CodeIgniter\CodeIgniter->runController(Object(App\Controllers\Statements))
#3 /home4/projectmanagment/public_html/roshan_energy/system/CodeIgniter.php(318): CodeIgniter\CodeIgniter->handleRequest(NULL, Object(Config\Cache), false)
#4 /home4/projectmanagment/public_html/roshan_energy/public/index.php(37): CodeIgniter\CodeIgniter->run()
#5 {main}
CRITICAL - 2022-02-02 04:50:14 --> A non-numeric value encountered
#0 /home4/projectmanagment/public_html/roshan_energy/app/Controllers/Statements.php(551): CodeIgniter\Debug\Exceptions->errorHandler(2, 'A non-numeric v...', '/home4/projectm...', 551, Array)
#1 /home4/projectmanagment/public_html/roshan_energy/system/CodeIgniter.php(824): App\Controllers\Statements->generate_statements()
#2 /home4/projectmanagment/public_html/roshan_energy/system/CodeIgniter.php(410): CodeIgniter\CodeIgniter->runController(Object(App\Controllers\Statements))
#3 /home4/projectmanagment/public_html/roshan_energy/system/CodeIgniter.php(318): CodeIgniter\CodeIgniter->handleRequest(NULL, Object(Config\Cache), false)
#4 /home4/projectmanagment/public_html/roshan_energy/public/index.php(37): CodeIgniter\CodeIgniter->run()
#5 {main}
CRITICAL - 2022-02-02 05:48:52 --> Cannot redeclare App\Controllers\Dashboard::exportData()
#0 [internal function]: CodeIgniter\Debug\Exceptions->shutdownHandler()
#1 {main}
CRITICAL - 2022-02-02 05:58:19 --> Undefined offset: 1
#0 /home4/projectmanagment/public_html/roshan_energy/app/Views/Dashboard/edit_customer.php(140): CodeIgniter\Debug\Exceptions->errorHandler(8, 'Undefined offse...', '/home4/projectm...', 140, Array)
#1 /home4/projectmanagment/public_html/roshan_energy/system/View/View.php(214): include('/home4/projectm...')
#2 /home4/projectmanagment/public_html/roshan_energy/system/View/View.php(217): CodeIgniter\View\View->CodeIgniter\View\{closure}()
#3 /home4/projectmanagment/public_html/roshan_energy/system/Common.php(1097): CodeIgniter\View\View->render('Dashboard/edit_...', Array, true)
#4 /home4/projectmanagment/public_html/roshan_energy/app/Views/template_with_header/template.php(5): view('Dashboard/edit_...')
#5 /home4/projectmanagment/public_html/roshan_energy/system/View/View.php(214): include('/home4/projectm...')
#6 /home4/projectmanagment/public_html/roshan_energy/system/View/View.php(217): CodeIgniter\View\View->CodeIgniter\View\{closure}()
#7 /home4/projectmanagment/public_html/roshan_energy/system/Common.php(1097): CodeIgniter\View\View->render('template_with_h...', Array, true)
#8 /home4/projectmanagment/public_html/roshan_energy/app/Controllers/Dashboard.php(372): view('template_with_h...', Array)
#9 /home4/projectmanagment/public_html/roshan_energy/system/CodeIgniter.php(824): App\Controllers\Dashboard->edit_customer('assets', 'admin-tools', 'admin-forms', 'custom-css', 'datepicker.css')
#10 /home4/projectmanagment/public_html/roshan_energy/system/CodeIgniter.php(410): CodeIgniter\CodeIgniter->runController(Object(App\Controllers\Dashboard))
#11 /home4/projectmanagment/public_html/roshan_energy/system/CodeIgniter.php(318): CodeIgniter\CodeIgniter->handleRequest(NULL, Object(Config\Cache), false)
#12 /home4/projectmanagment/public_html/roshan_energy/public/index.php(37): CodeIgniter\CodeIgniter->run()
#13 {main}
CRITICAL - 2022-02-02 06:59:59 --> Undefined offset: 1
#0 /home4/projectmanagment/public_html/roshan_energy/app/Controllers/Statements.php(1258): CodeIgniter\Debug\Exceptions->errorHandler(8, 'Undefined offse...', '/home4/projectm...', 1258, Array)
#1 /home4/projectmanagment/public_html/roshan_energy/system/CodeIgniter.php(824): App\Controllers\Statements->upload_data()
#2 /home4/projectmanagment/public_html/roshan_energy/system/CodeIgniter.php(410): CodeIgniter\CodeIgniter->runController(Object(App\Controllers\Statements))
#3 /home4/projectmanagment/public_html/roshan_energy/system/CodeIgniter.php(318): CodeIgniter\CodeIgniter->handleRequest(NULL, Object(Config\Cache), false)
#4 /home4/projectmanagment/public_html/roshan_energy/public/index.php(37): CodeIgniter\CodeIgniter->run()
#5 {main}
CRITICAL - 2022-02-02 07:00:18 --> Undefined offset: 1
#0 /home4/projectmanagment/public_html/roshan_energy/app/Controllers/Statements.php(1258): CodeIgniter\Debug\Exceptions->errorHandler(8, 'Undefined offse...', '/home4/projectm...', 1258, Array)
#1 /home4/projectmanagment/public_html/roshan_energy/system/CodeIgniter.php(824): App\Controllers\Statements->upload_data()
#2 /home4/projectmanagment/public_html/roshan_energy/system/CodeIgniter.php(410): CodeIgniter\CodeIgniter->runController(Object(App\Controllers\Statements))
#3 /home4/projectmanagment/public_html/roshan_energy/system/CodeIgniter.php(318): CodeIgniter\CodeIgniter->handleRequest(NULL, Object(Config\Cache), false)
#4 /home4/projectmanagment/public_html/roshan_energy/public/index.php(37): CodeIgniter\CodeIgniter->run()
#5 {main}
CRITICAL - 2022-02-02 07:00:29 --> Undefined offset: 1
#0 /home4/projectmanagment/public_html/roshan_energy/app/Controllers/Statements.php(1258): CodeIgniter\Debug\Exceptions->errorHandler(8, 'Undefined offse...', '/home4/projectm...', 1258, Array)
#1 /home4/projectmanagment/public_html/roshan_energy/system/CodeIgniter.php(824): App\Controllers\Statements->upload_data()
#2 /home4/projectmanagment/public_html/roshan_energy/system/CodeIgniter.php(410): CodeIgniter\CodeIgniter->runController(Object(App\Controllers\Statements))
#3 /home4/projectmanagment/public_html/roshan_energy/system/CodeIgniter.php(318): CodeIgniter\CodeIgniter->handleRequest(NULL, Object(Config\Cache), false)
#4 /home4/projectmanagment/public_html/roshan_energy/public/index.php(37): CodeIgniter\CodeIgniter->run()
#5 {main}
CRITICAL - 2022-02-02 07:00:54 --> Undefined offset: 1
#0 /home4/projectmanagment/public_html/roshan_energy/app/Controllers/Statements.php(1258): CodeIgniter\Debug\Exceptions->errorHandler(8, 'Undefined offse...', '/home4/projectm...', 1258, Array)
#1 /home4/projectmanagment/public_html/roshan_energy/system/CodeIgniter.php(824): App\Controllers\Statements->upload_data()
#2 /home4/projectmanagment/public_html/roshan_energy/system/CodeIgniter.php(410): CodeIgniter\CodeIgniter->runController(Object(App\Controllers\Statements))
#3 /home4/projectmanagment/public_html/roshan_energy/system/CodeIgniter.php(318): CodeIgniter\CodeIgniter->handleRequest(NULL, Object(Config\Cache), false)
#4 /home4/projectmanagment/public_html/roshan_energy/public/index.php(37): CodeIgniter\CodeIgniter->run()
#5 {main}
CRITICAL - 2022-02-02 07:03:20 --> Undefined offset: 1
#0 /home4/projectmanagment/public_html/roshan_energy/app/Controllers/Statements.php(1258): CodeIgniter\Debug\Exceptions->errorHandler(8, 'Undefined offse...', '/home4/projectm...', 1258, Array)
#1 /home4/projectmanagment/public_html/roshan_energy/system/CodeIgniter.php(824): App\Controllers\Statements->upload_data()
#2 /home4/projectmanagment/public_html/roshan_energy/system/CodeIgniter.php(410): CodeIgniter\CodeIgniter->runController(Object(App\Controllers\Statements))
#3 /home4/projectmanagment/public_html/roshan_energy/system/CodeIgniter.php(318): CodeIgniter\CodeIgniter->handleRequest(NULL, Object(Config\Cache), false)
#4 /home4/projectmanagment/public_html/roshan_energy/public/index.php(37): CodeIgniter\CodeIgniter->run()
#5 {main}
CRITICAL - 2022-02-02 07:03:23 --> Undefined offset: 1
#0 /home4/projectmanagment/public_html/roshan_energy/app/Controllers/Statements.php(1258): CodeIgniter\Debug\Exceptions->errorHandler(8, 'Undefined offse...', '/home4/projectm...', 1258, Array)
#1 /home4/projectmanagment/public_html/roshan_energy/system/CodeIgniter.php(824): App\Controllers\Statements->upload_data()
#2 /home4/projectmanagment/public_html/roshan_energy/system/CodeIgniter.php(410): CodeIgniter\CodeIgniter->runController(Object(App\Controllers\Statements))
#3 /home4/projectmanagment/public_html/roshan_energy/system/CodeIgniter.php(318): CodeIgniter\CodeIgniter->handleRequest(NULL, Object(Config\Cache), false)
#4 /home4/projectmanagment/public_html/roshan_energy/public/index.php(37): CodeIgniter\CodeIgniter->run()
#5 {main}
CRITICAL - 2022-02-02 07:03:49 --> Undefined offset: 1
#0 /home4/projectmanagment/public_html/roshan_energy/app/Controllers/Statements.php(1258): CodeIgniter\Debug\Exceptions->errorHandler(8, 'Undefined offse...', '/home4/projectm...', 1258, Array)
#1 /home4/projectmanagment/public_html/roshan_energy/system/CodeIgniter.php(824): App\Controllers\Statements->upload_data()
#2 /home4/projectmanagment/public_html/roshan_energy/system/CodeIgniter.php(410): CodeIgniter\CodeIgniter->runController(Object(App\Controllers\Statements))
#3 /home4/projectmanagment/public_html/roshan_energy/system/CodeIgniter.php(318): CodeIgniter\CodeIgniter->handleRequest(NULL, Object(Config\Cache), false)
#4 /home4/projectmanagment/public_html/roshan_energy/public/index.php(37): CodeIgniter\CodeIgniter->run()
#5 {main}
CRITICAL - 2022-02-02 07:05:03 --> Undefined offset: 1
#0 /home4/projectmanagment/public_html/roshan_energy/app/Controllers/Statements.php(1258): CodeIgniter\Debug\Exceptions->errorHandler(8, 'Undefined offse...', '/home4/projectm...', 1258, Array)
#1 /home4/projectmanagment/public_html/roshan_energy/system/CodeIgniter.php(824): App\Controllers\Statements->upload_data()
#2 /home4/projectmanagment/public_html/roshan_energy/system/CodeIgniter.php(410): CodeIgniter\CodeIgniter->runController(Object(App\Controllers\Statements))
#3 /home4/projectmanagment/public_html/roshan_energy/system/CodeIgniter.php(318): CodeIgniter\CodeIgniter->handleRequest(NULL, Object(Config\Cache), false)
#4 /home4/projectmanagment/public_html/roshan_energy/public/index.php(37): CodeIgniter\CodeIgniter->run()
#5 {main}
CRITICAL - 2022-02-02 07:05:08 --> Undefined offset: 1
#0 /home4/projectmanagment/public_html/roshan_energy/app/Controllers/Statements.php(1258): CodeIgniter\Debug\Exceptions->errorHandler(8, 'Undefined offse...', '/home4/projectm...', 1258, Array)
#1 /home4/projectmanagment/public_html/roshan_energy/system/CodeIgniter.php(824): App\Controllers\Statements->upload_data()
#2 /home4/projectmanagment/public_html/roshan_energy/system/CodeIgniter.php(410): CodeIgniter\CodeIgniter->runController(Object(App\Controllers\Statements))
#3 /home4/projectmanagment/public_html/roshan_energy/system/CodeIgniter.php(318): CodeIgniter\CodeIgniter->handleRequest(NULL, Object(Config\Cache), false)
#4 /home4/projectmanagment/public_html/roshan_energy/public/index.php(37): CodeIgniter\CodeIgniter->run()
#5 {main}
CRITICAL - 2022-02-02 07:05:46 --> Undefined offset: 1
#0 /home4/projectmanagment/public_html/roshan_energy/app/Controllers/Statements.php(1258): CodeIgniter\Debug\Exceptions->errorHandler(8, 'Undefined offse...', '/home4/projectm...', 1258, Array)
#1 /home4/projectmanagment/public_html/roshan_energy/system/CodeIgniter.php(824): App\Controllers\Statements->upload_data()
#2 /home4/projectmanagment/public_html/roshan_energy/system/CodeIgniter.php(410): CodeIgniter\CodeIgniter->runController(Object(App\Controllers\Statements))
#3 /home4/projectmanagment/public_html/roshan_energy/system/CodeIgniter.php(318): CodeIgniter\CodeIgniter->handleRequest(NULL, Object(Config\Cache), false)
#4 /home4/projectmanagment/public_html/roshan_energy/public/index.php(37): CodeIgniter\CodeIgniter->run()
#5 {main}
CRITICAL - 2022-02-02 07:05:50 --> Undefined offset: 1
#0 /home4/projectmanagment/public_html/roshan_energy/app/Controllers/Statements.php(1258): CodeIgniter\Debug\Exceptions->errorHandler(8, 'Undefined offse...', '/home4/projectm...', 1258, Array)
#1 /home4/projectmanagment/public_html/roshan_energy/system/CodeIgniter.php(824): App\Controllers\Statements->upload_data()
#2 /home4/projectmanagment/public_html/roshan_energy/system/CodeIgniter.php(410): CodeIgniter\CodeIgniter->runController(Object(App\Controllers\Statements))
#3 /home4/projectmanagment/public_html/roshan_energy/system/CodeIgniter.php(318): CodeIgniter\CodeIgniter->handleRequest(NULL, Object(Config\Cache), false)
#4 /home4/projectmanagment/public_html/roshan_energy/public/index.php(37): CodeIgniter\CodeIgniter->run()
#5 {main}
CRITICAL - 2022-02-02 07:06:03 --> Undefined offset: 1
#0 /home4/projectmanagment/public_html/roshan_energy/app/Controllers/Statements.php(1258): CodeIgniter\Debug\Exceptions->errorHandler(8, 'Undefined offse...', '/home4/projectm...', 1258, Array)
#1 /home4/projectmanagment/public_html/roshan_energy/system/CodeIgniter.php(824): App\Controllers\Statements->upload_data()
#2 /home4/projectmanagment/public_html/roshan_energy/system/CodeIgniter.php(410): CodeIgniter\CodeIgniter->runController(Object(App\Controllers\Statements))
#3 /home4/projectmanagment/public_html/roshan_energy/system/CodeIgniter.php(318): CodeIgniter\CodeIgniter->handleRequest(NULL, Object(Config\Cache), false)
#4 /home4/projectmanagment/public_html/roshan_energy/public/index.php(37): CodeIgniter\CodeIgniter->run()
#5 {main}
CRITICAL - 2022-02-02 07:06:42 --> Cannot use isset() on the result of an expression (you can use "null !== expression" instead)
#0 [internal function]: CodeIgniter\Debug\Exceptions->shutdownHandler()
#1 {main}
CRITICAL - 2022-02-02 07:06:54 --> Undefined offset: 1
#0 /home4/projectmanagment/public_html/roshan_energy/app/Controllers/Statements.php(1258): CodeIgniter\Debug\Exceptions->errorHandler(8, 'Undefined offse...', '/home4/projectm...', 1258, Array)
#1 /home4/projectmanagment/public_html/roshan_energy/system/CodeIgniter.php(824): App\Controllers\Statements->upload_data()
#2 /home4/projectmanagment/public_html/roshan_energy/system/CodeIgniter.php(410): CodeIgniter\CodeIgniter->runController(Object(App\Controllers\Statements))
#3 /home4/projectmanagment/public_html/roshan_energy/system/CodeIgniter.php(318): CodeIgniter\CodeIgniter->handleRequest(NULL, Object(Config\Cache), false)
#4 /home4/projectmanagment/public_html/roshan_energy/public/index.php(37): CodeIgniter\CodeIgniter->run()
#5 {main}
CRITICAL - 2022-02-02 07:08:35 --> Undefined variable: extensionType
#0 /home4/projectmanagment/public_html/roshan_energy/app/Controllers/Statements.php(1265): CodeIgniter\Debug\Exceptions->errorHandler(8, 'Undefined varia...', '/home4/projectm...', 1265, Array)
#1 /home4/projectmanagment/public_html/roshan_energy/system/CodeIgniter.php(824): App\Controllers\Statements->upload_data()
#2 /home4/projectmanagment/public_html/roshan_energy/system/CodeIgniter.php(410): CodeIgniter\CodeIgniter->runController(Object(App\Controllers\Statements))
#3 /home4/projectmanagment/public_html/roshan_energy/system/CodeIgniter.php(318): CodeIgniter\CodeIgniter->handleRequest(NULL, Object(Config\Cache), false)
#4 /home4/projectmanagment/public_html/roshan_energy/public/index.php(37): CodeIgniter\CodeIgniter->run()
#5 {main}
CRITICAL - 2022-02-02 07:09:52 --> Undefined offset: 1
#0 /home4/projectmanagment/public_html/roshan_energy/app/Controllers/Statements.php(1257): CodeIgniter\Debug\Exceptions->errorHandler(8, 'Undefined offse...', '/home4/projectm...', 1257, Array)
#1 /home4/projectmanagment/public_html/roshan_energy/system/CodeIgniter.php(824): App\Controllers\Statements->upload_data()
#2 /home4/projectmanagment/public_html/roshan_energy/system/CodeIgniter.php(410): CodeIgniter\CodeIgniter->runController(Object(App\Controllers\Statements))
#3 /home4/projectmanagment/public_html/roshan_energy/system/CodeIgniter.php(318): CodeIgniter\CodeIgniter->handleRequest(NULL, Object(Config\Cache), false)
#4 /home4/projectmanagment/public_html/roshan_energy/public/index.php(37): CodeIgniter\CodeIgniter->run()
#5 {main}
CRITICAL - 2022-02-02 07:10:12 --> Undefined offset: 1
#0 /home4/projectmanagment/public_html/roshan_energy/app/Controllers/Statements.php(1257): CodeIgniter\Debug\Exceptions->errorHandler(8, 'Undefined offse...', '/home4/projectm...', 1257, Array)
#1 /home4/projectmanagment/public_html/roshan_energy/system/CodeIgniter.php(824): App\Controllers\Statements->upload_data()
#2 /home4/projectmanagment/public_html/roshan_energy/system/CodeIgniter.php(410): CodeIgniter\CodeIgniter->runController(Object(App\Controllers\Statements))
#3 /home4/projectmanagment/public_html/roshan_energy/system/CodeIgniter.php(318): CodeIgniter\CodeIgniter->handleRequest(NULL, Object(Config\Cache), false)
#4 /home4/projectmanagment/public_html/roshan_energy/public/index.php(37): CodeIgniter\CodeIgniter->run()
#5 {main}
CRITICAL - 2022-02-02 07:10:54 --> Undefined offset: 1
#0 /home4/projectmanagment/public_html/roshan_energy/app/Controllers/Statements.php(1257): CodeIgniter\Debug\Exceptions->errorHandler(8, 'Undefined offse...', '/home4/projectm...', 1257, Array)
#1 /home4/projectmanagment/public_html/roshan_energy/system/CodeIgniter.php(824): App\Controllers\Statements->upload_data()
#2 /home4/projectmanagment/public_html/roshan_energy/system/CodeIgniter.php(410): CodeIgniter\CodeIgniter->runController(Object(App\Controllers\Statements))
#3 /home4/projectmanagment/public_html/roshan_energy/system/CodeIgniter.php(318): CodeIgniter\CodeIgniter->handleRequest(NULL, Object(Config\Cache), false)
#4 /home4/projectmanagment/public_html/roshan_energy/public/index.php(37): CodeIgniter\CodeIgniter->run()
#5 {main}
CRITICAL - 2022-02-02 07:11:35 --> Undefined offset: 1
#0 /home4/projectmanagment/public_html/roshan_energy/app/Controllers/Statements.php(1257): CodeIgniter\Debug\Exceptions->errorHandler(8, 'Undefined offse...', '/home4/projectm...', 1257, Array)
#1 /home4/projectmanagment/public_html/roshan_energy/system/CodeIgniter.php(824): App\Controllers\Statements->upload_data()
#2 /home4/projectmanagment/public_html/roshan_energy/system/CodeIgniter.php(410): CodeIgniter\CodeIgniter->runController(Object(App\Controllers\Statements))
#3 /home4/projectmanagment/public_html/roshan_energy/system/CodeIgniter.php(318): CodeIgniter\CodeIgniter->handleRequest(NULL, Object(Config\Cache), false)
#4 /home4/projectmanagment/public_html/roshan_energy/public/index.php(37): CodeIgniter\CodeIgniter->run()
#5 {main}
CRITICAL - 2022-02-02 22:47:53 --> Undefined offset: 1
#0 /home4/projectmanagment/public_html/roshan_energy/app/Views/Dashboard/edit_customer.php(140): CodeIgniter\Debug\Exceptions->errorHandler(8, 'Undefined offse...', '/home4/projectm...', 140, Array)
#1 /home4/projectmanagment/public_html/roshan_energy/system/View/View.php(214): include('/home4/projectm...')
#2 /home4/projectmanagment/public_html/roshan_energy/system/View/View.php(217): CodeIgniter\View\View->CodeIgniter\View\{closure}()
#3 /home4/projectmanagment/public_html/roshan_energy/system/Common.php(1097): CodeIgniter\View\View->render('Dashboard/edit_...', Array, true)
#4 /home4/projectmanagment/public_html/roshan_energy/app/Views/template_with_header/template.php(5): view('Dashboard/edit_...')
#5 /home4/projectmanagment/public_html/roshan_energy/system/View/View.php(214): include('/home4/projectm...')
#6 /home4/projectmanagment/public_html/roshan_energy/system/View/View.php(217): CodeIgniter\View\View->CodeIgniter\View\{closure}()
#7 /home4/projectmanagment/public_html/roshan_energy/system/Common.php(1097): CodeIgniter\View\View->render('template_with_h...', Array, true)
#8 /home4/projectmanagment/public_html/roshan_energy/app/Controllers/Dashboard.php(372): view('template_with_h...', Array)
#9 /home4/projectmanagment/public_html/roshan_energy/system/CodeIgniter.php(824): App\Controllers\Dashboard->edit_customer('assets', 'admin-tools', 'admin-forms', 'custom-css', 'datepicker.css')
#10 /home4/projectmanagment/public_html/roshan_energy/system/CodeIgniter.php(410): CodeIgniter\CodeIgniter->runController(Object(App\Controllers\Dashboard))
#11 /home4/projectmanagment/public_html/roshan_energy/system/CodeIgniter.php(318): CodeIgniter\CodeIgniter->handleRequest(NULL, Object(Config\Cache), false)
#12 /home4/projectmanagment/public_html/roshan_energy/public/index.php(37): CodeIgniter\CodeIgniter->run()
#13 {main}
CRITICAL - 2022-02-02 22:48:08 --> Undefined offset: 1
#0 /home4/projectmanagment/public_html/roshan_energy/app/Views/Dashboard/edit_customer.php(140): CodeIgniter\Debug\Exceptions->errorHandler(8, 'Undefined offse...', '/home4/projectm...', 140, Array)
#1 /home4/projectmanagment/public_html/roshan_energy/system/View/View.php(214): include('/home4/projectm...')
#2 /home4/projectmanagment/public_html/roshan_energy/system/View/View.php(217): CodeIgniter\View\View->CodeIgniter\View\{closure}()
#3 /home4/projectmanagment/public_html/roshan_energy/system/Common.php(1097): CodeIgniter\View\View->render('Dashboard/edit_...', Array, true)
#4 /home4/projectmanagment/public_html/roshan_energy/app/Views/template_with_header/template.php(5): view('Dashboard/edit_...')
#5 /home4/projectmanagment/public_html/roshan_energy/system/View/View.php(214): include('/home4/projectm...')
#6 /home4/projectmanagment/public_html/roshan_energy/system/View/View.php(217): CodeIgniter\View\View->CodeIgniter\View\{closure}()
#7 /home4/projectmanagment/public_html/roshan_energy/system/Common.php(1097): CodeIgniter\View\View->render('template_with_h...', Array, true)
#8 /home4/projectmanagment/public_html/roshan_energy/app/Controllers/Dashboard.php(372): view('template_with_h...', Array)
#9 /home4/projectmanagment/public_html/roshan_energy/system/CodeIgniter.php(824): App\Controllers\Dashboard->edit_customer('assets', 'admin-tools', 'admin-forms', 'custom-css', 'datepicker.css')
#10 /home4/projectmanagment/public_html/roshan_energy/system/CodeIgniter.php(410): CodeIgniter\CodeIgniter->runController(Object(App\Controllers\Dashboard))
#11 /home4/projectmanagment/public_html/roshan_energy/system/CodeIgniter.php(318): CodeIgniter\CodeIgniter->handleRequest(NULL, Object(Config\Cache), false)
#12 /home4/projectmanagment/public_html/roshan_energy/public/index.php(37): CodeIgniter\CodeIgniter->run()
#13 {main}
CRITICAL - 2022-02-02 22:48:17 --> Undefined offset: 1
#0 /home4/projectmanagment/public_html/roshan_energy/app/Views/Dashboard/edit_customer.php(140): CodeIgniter\Debug\Exceptions->errorHandler(8, 'Undefined offse...', '/home4/projectm...', 140, Array)
#1 /home4/projectmanagment/public_html/roshan_energy/system/View/View.php(214): include('/home4/projectm...')
#2 /home4/projectmanagment/public_html/roshan_energy/system/View/View.php(217): CodeIgniter\View\View->CodeIgniter\View\{closure}()
#3 /home4/projectmanagment/public_html/roshan_energy/system/Common.php(1097): CodeIgniter\View\View->render('Dashboard/edit_...', Array, true)
#4 /home4/projectmanagment/public_html/roshan_energy/app/Views/template_with_header/template.php(5): view('Dashboard/edit_...')
#5 /home4/projectmanagment/public_html/roshan_energy/system/View/View.php(214): include('/home4/projectm...')
#6 /home4/projectmanagment/public_html/roshan_energy/system/View/View.php(217): CodeIgniter\View\View->CodeIgniter\View\{closure}()
#7 /home4/projectmanagment/public_html/roshan_energy/system/Common.php(1097): CodeIgniter\View\View->render('template_with_h...', Array, true)
#8 /home4/projectmanagment/public_html/roshan_energy/app/Controllers/Dashboard.php(372): view('template_with_h...', Array)
#9 /home4/projectmanagment/public_html/roshan_energy/system/CodeIgniter.php(824): App\Controllers\Dashboard->edit_customer('assets', 'admin-tools', 'admin-forms', 'custom-css', 'datepicker.css')
#10 /home4/projectmanagment/public_html/roshan_energy/system/CodeIgniter.php(410): CodeIgniter\CodeIgniter->runController(Object(App\Controllers\Dashboard))
#11 /home4/projectmanagment/public_html/roshan_energy/system/CodeIgniter.php(318): CodeIgniter\CodeIgniter->handleRequest(NULL, Object(Config\Cache), false)
#12 /home4/projectmanagment/public_html/roshan_energy/public/index.php(37): CodeIgniter\CodeIgniter->run()
#13 {main}
CRITICAL - 2022-02-02 22:58:06 --> Undefined variable: customer_data1
#0 /home4/projectmanagment/public_html/roshan_energy/app/Controllers/Statements.php(1046): CodeIgniter\Debug\Exceptions->errorHandler(8, 'Undefined varia...', '/home4/projectm...', 1046, Array)
#1 /home4/projectmanagment/public_html/roshan_energy/system/CodeIgniter.php(824): App\Controllers\Statements->utility_statements()
#2 /home4/projectmanagment/public_html/roshan_energy/system/CodeIgniter.php(410): CodeIgniter\CodeIgniter->runController(Object(App\Controllers\Statements))
#3 /home4/projectmanagment/public_html/roshan_energy/system/CodeIgniter.php(318): CodeIgniter\CodeIgniter->handleRequest(NULL, Object(Config\Cache), false)
#4 /home4/projectmanagment/public_html/roshan_energy/public/index.php(37): CodeIgniter\CodeIgniter->run()
#5 {main}
CRITICAL - 2022-02-02 22:59:52 --> Array to string conversion
#0 /home4/projectmanagment/public_html/roshan_energy/app/Controllers/Statements.php(1046): CodeIgniter\Debug\Exceptions->errorHandler(8, 'Array to string...', '/home4/projectm...', 1046, Array)
#1 /home4/projectmanagment/public_html/roshan_energy/system/CodeIgniter.php(824): App\Controllers\Statements->utility_statements()
#2 /home4/projectmanagment/public_html/roshan_energy/system/CodeIgniter.php(410): CodeIgniter\CodeIgniter->runController(Object(App\Controllers\Statements))
#3 /home4/projectmanagment/public_html/roshan_energy/system/CodeIgniter.php(318): CodeIgniter\CodeIgniter->handleRequest(NULL, Object(Config\Cache), false)
#4 /home4/projectmanagment/public_html/roshan_energy/public/index.php(37): CodeIgniter\CodeIgniter->run()
#5 {main}
CRITICAL - 2022-02-02 23:00:50 --> Undefined variable: current_date
#0 /home4/projectmanagment/public_html/roshan_energy/app/Controllers/Statements.php(1046): CodeIgniter\Debug\Exceptions->errorHandler(8, 'Undefined varia...', '/home4/projectm...', 1046, Array)
#1 /home4/projectmanagment/public_html/roshan_energy/system/CodeIgniter.php(824): App\Controllers\Statements->utility_statements()
#2 /home4/projectmanagment/public_html/roshan_energy/system/CodeIgniter.php(410): CodeIgniter\CodeIgniter->runController(Object(App\Controllers\Statements))
#3 /home4/projectmanagment/public_html/roshan_energy/system/CodeIgniter.php(318): CodeIgniter\CodeIgniter->handleRequest(NULL, Object(Config\Cache), false)
#4 /home4/projectmanagment/public_html/roshan_energy/public/index.php(37): CodeIgniter\CodeIgniter->run()
#5 {main}
CRITICAL - 2022-02-02 23:02:50 --> Undefined variable: customer_data1
#0 /home4/projectmanagment/public_html/roshan_energy/app/Controllers/Statements.php(1046): CodeIgniter\Debug\Exceptions->errorHandler(8, 'Undefined varia...', '/home4/projectm...', 1046, Array)
#1 /home4/projectmanagment/public_html/roshan_energy/system/CodeIgniter.php(824): App\Controllers\Statements->utility_statements()
#2 /home4/projectmanagment/public_html/roshan_energy/system/CodeIgniter.php(410): CodeIgniter\CodeIgniter->runController(Object(App\Controllers\Statements))
#3 /home4/projectmanagment/public_html/roshan_energy/system/CodeIgniter.php(318): CodeIgniter\CodeIgniter->handleRequest(NULL, Object(Config\Cache), false)
#4 /home4/projectmanagment/public_html/roshan_energy/public/index.php(37): CodeIgniter\CodeIgniter->run()
#5 {main}
CRITICAL - 2022-02-02 23:04:10 --> Undefined variable: customer_data1
#0 /home4/projectmanagment/public_html/roshan_energy/app/Controllers/Statements.php(1046): CodeIgniter\Debug\Exceptions->errorHandler(8, 'Undefined varia...', '/home4/projectm...', 1046, Array)
#1 /home4/projectmanagment/public_html/roshan_energy/system/CodeIgniter.php(824): App\Controllers\Statements->utility_statements()
#2 /home4/projectmanagment/public_html/roshan_energy/system/CodeIgniter.php(410): CodeIgniter\CodeIgniter->runController(Object(App\Controllers\Statements))
#3 /home4/projectmanagment/public_html/roshan_energy/system/CodeIgniter.php(318): CodeIgniter\CodeIgniter->handleRequest(NULL, Object(Config\Cache), false)
#4 /home4/projectmanagment/public_html/roshan_energy/public/index.php(37): CodeIgniter\CodeIgniter->run()
#5 {main}
CRITICAL - 2022-02-02 23:12:32 --> Undefined variable: customer_data1
#0 /home4/projectmanagment/public_html/roshan_energy/app/Controllers/Statements.php(970): CodeIgniter\Debug\Exceptions->errorHandler(8, 'Undefined varia...', '/home4/projectm...', 970, Array)
#1 /home4/projectmanagment/public_html/roshan_energy/system/CodeIgniter.php(824): App\Controllers\Statements->utility_statements()
#2 /home4/projectmanagment/public_html/roshan_energy/system/CodeIgniter.php(410): CodeIgniter\CodeIgniter->runController(Object(App\Controllers\Statements))
#3 /home4/projectmanagment/public_html/roshan_energy/system/CodeIgniter.php(318): CodeIgniter\CodeIgniter->handleRequest(NULL, Object(Config\Cache), false)
#4 /home4/projectmanagment/public_html/roshan_energy/public/index.php(37): CodeIgniter\CodeIgniter->run()
#5 {main}
CRITICAL - 2022-02-02 23:14:12 --> Array to string conversion
#0 /home4/projectmanagment/public_html/roshan_energy/app/Controllers/Statements.php(989): CodeIgniter\Debug\Exceptions->errorHandler(8, 'Array to string...', '/home4/projectm...', 989, Array)
#1 /home4/projectmanagment/public_html/roshan_energy/system/CodeIgniter.php(824): App\Controllers\Statements->utility_statements()
#2 /home4/projectmanagment/public_html/roshan_energy/system/CodeIgniter.php(410): CodeIgniter\CodeIgniter->runController(Object(App\Controllers\Statements))
#3 /home4/projectmanagment/public_html/roshan_energy/system/CodeIgniter.php(318): CodeIgniter\CodeIgniter->handleRequest(NULL, Object(Config\Cache), false)
#4 /home4/projectmanagment/public_html/roshan_energy/public/index.php(37): CodeIgniter\CodeIgniter->run()
#5 {main}
