CRITICAL - 2022-01-20 00:04:02 --> print_r() expects at least 1 parameter, 0 given
#0 [internal function]: CodeIgniter\Debug\Exceptions->errorHandler(2, 'print_r() expec...', '/home4/projectm...', 315, Array)
#1 /home4/projectmanagment/public_html/roshan_energy/app/Controllers/Statements.php(315): print_r()
#2 /home4/projectmanagment/public_html/roshan_energy/system/CodeIgniter.php(824): App\Controllers\Statements->generate_statements()
#3 /home4/projectmanagment/public_html/roshan_energy/system/CodeIgniter.php(410): CodeIgniter\CodeIgniter->runController(Object(App\Controllers\Statements))
#4 /home4/projectmanagment/public_html/roshan_energy/system/CodeIgniter.php(318): CodeIgniter\CodeIgniter->handleRequest(NULL, Object(Config\Cache), false)
#5 /home4/projectmanagment/public_html/roshan_energy/public/index.php(37): CodeIgniter\CodeIgniter->run()
#6 {main}
CRITICAL - 2022-01-20 01:38:11 --> Undefined variable: array_multisort
#0 /home4/projectmanagment/public_html/roshan_energy/app/Controllers/Statements.php(324): CodeIgniter\Debug\Exceptions->errorHandler(8, 'Undefined varia...', '/home4/projectm...', 324, Array)
#1 /home4/projectmanagment/public_html/roshan_energy/system/CodeIgniter.php(824): App\Controllers\Statements->generate_statements()
#2 /home4/projectmanagment/public_html/roshan_energy/system/CodeIgniter.php(410): CodeIgniter\CodeIgniter->runController(Object(App\Controllers\Statements))
#3 /home4/projectmanagment/public_html/roshan_energy/system/CodeIgniter.php(318): CodeIgniter\CodeIgniter->handleRequest(NULL, Object(Config\Cache), false)
#4 /home4/projectmanagment/public_html/roshan_energy/public/index.php(37): CodeIgniter\CodeIgniter->run()
#5 {main}
CRITICAL - 2022-01-20 01:38:26 --> Undefined variable: array_multisort
#0 /home4/projectmanagment/public_html/roshan_energy/app/Controllers/Statements.php(324): CodeIgniter\Debug\Exceptions->errorHandler(8, 'Undefined varia...', '/home4/projectm...', 324, Array)
#1 /home4/projectmanagment/public_html/roshan_energy/system/CodeIgniter.php(824): App\Controllers\Statements->generate_statements()
#2 /home4/projectmanagment/public_html/roshan_energy/system/CodeIgniter.php(410): CodeIgniter\CodeIgniter->runController(Object(App\Controllers\Statements))
#3 /home4/projectmanagment/public_html/roshan_energy/system/CodeIgniter.php(318): CodeIgniter\CodeIgniter->handleRequest(NULL, Object(Config\Cache), false)
#4 /home4/projectmanagment/public_html/roshan_energy/public/index.php(37): CodeIgniter\CodeIgniter->run()
#5 {main}
CRITICAL - 2022-01-20 03:32:56 --> There is no data to update.
#0 /home4/projectmanagment/public_html/roshan_energy/system/BaseModel.php(1574): CodeIgniter\Database\Exceptions\DataException::forEmptyDataset('update')
#1 /home4/projectmanagment/public_html/roshan_energy/system/BaseModel.php(832): CodeIgniter\BaseModel->transformDataToArray(NULL, 'update')
#2 /home4/projectmanagment/public_html/roshan_energy/system/Model.php(646): CodeIgniter\BaseModel->update(Array, NULL)
#3 /home4/projectmanagment/public_html/roshan_energy/app/Controllers/Statements.php(281): CodeIgniter\Model->update(Array)
#4 /home4/projectmanagment/public_html/roshan_energy/system/CodeIgniter.php(824): App\Controllers\Statements->generate_statements()
#5 /home4/projectmanagment/public_html/roshan_energy/system/CodeIgniter.php(410): CodeIgniter\CodeIgniter->runController(Object(App\Controllers\Statements))
#6 /home4/projectmanagment/public_html/roshan_energy/system/CodeIgniter.php(318): CodeIgniter\CodeIgniter->handleRequest(NULL, Object(Config\Cache), false)
#7 /home4/projectmanagment/public_html/roshan_energy/public/index.php(37): CodeIgniter\CodeIgniter->run()
#8 {main}
CRITICAL - 2022-01-20 04:25:52 --> syntax error, unexpected '=>' (T_DOUBLE_ARROW), expecting ']'
#0 /home4/projectmanagment/public_html/roshan_energy/system/Router/Router.php(176): CodeIgniter\Router\Router->autoRoute('Dashboard/impor...')
#1 /home4/projectmanagment/public_html/roshan_energy/system/CodeIgniter.php(718): CodeIgniter\Router\Router->handle('Dashboard/impor...')
#2 /home4/projectmanagment/public_html/roshan_energy/system/CodeIgniter.php(359): CodeIgniter\CodeIgniter->tryToRouteIt(Object(CodeIgniter\Router\RouteCollection))
#3 /home4/projectmanagment/public_html/roshan_energy/system/CodeIgniter.php(318): CodeIgniter\CodeIgniter->handleRequest(NULL, Object(Config\Cache), false)
#4 /home4/projectmanagment/public_html/roshan_energy/public/index.php(37): CodeIgniter\CodeIgniter->run()
#5 {main}
CRITICAL - 2022-01-20 04:26:04 --> syntax error, unexpected '=>' (T_DOUBLE_ARROW), expecting ']'
#0 /home4/projectmanagment/public_html/roshan_energy/system/Router/Router.php(176): CodeIgniter\Router\Router->autoRoute('Dashboard/impor...')
#1 /home4/projectmanagment/public_html/roshan_energy/system/CodeIgniter.php(718): CodeIgniter\Router\Router->handle('Dashboard/impor...')
#2 /home4/projectmanagment/public_html/roshan_energy/system/CodeIgniter.php(359): CodeIgniter\CodeIgniter->tryToRouteIt(Object(CodeIgniter\Router\RouteCollection))
#3 /home4/projectmanagment/public_html/roshan_energy/system/CodeIgniter.php(318): CodeIgniter\CodeIgniter->handleRequest(NULL, Object(Config\Cache), false)
#4 /home4/projectmanagment/public_html/roshan_energy/public/index.php(37): CodeIgniter\CodeIgniter->run()
#5 {main}
CRITICAL - 2022-01-20 04:26:11 --> syntax error, unexpected 'public' (T_PUBLIC)
#0 /home4/projectmanagment/public_html/roshan_energy/system/Router/Router.php(176): CodeIgniter\Router\Router->autoRoute('Dashboard/impor...')
#1 /home4/projectmanagment/public_html/roshan_energy/system/CodeIgniter.php(718): CodeIgniter\Router\Router->handle('Dashboard/impor...')
#2 /home4/projectmanagment/public_html/roshan_energy/system/CodeIgniter.php(359): CodeIgniter\CodeIgniter->tryToRouteIt(Object(CodeIgniter\Router\RouteCollection))
#3 /home4/projectmanagment/public_html/roshan_energy/system/CodeIgniter.php(318): CodeIgniter\CodeIgniter->handleRequest(NULL, Object(Config\Cache), false)
#4 /home4/projectmanagment/public_html/roshan_energy/public/index.php(37): CodeIgniter\CodeIgniter->run()
#5 {main}
CRITICAL - 2022-01-20 04:27:15 --> syntax error, unexpected 'public' (T_PUBLIC)
#0 /home4/projectmanagment/public_html/roshan_energy/system/Router/Router.php(176): CodeIgniter\Router\Router->autoRoute('Dashboard/impor...')
#1 /home4/projectmanagment/public_html/roshan_energy/system/CodeIgniter.php(718): CodeIgniter\Router\Router->handle('Dashboard/impor...')
#2 /home4/projectmanagment/public_html/roshan_energy/system/CodeIgniter.php(359): CodeIgniter\CodeIgniter->tryToRouteIt(Object(CodeIgniter\Router\RouteCollection))
#3 /home4/projectmanagment/public_html/roshan_energy/system/CodeIgniter.php(318): CodeIgniter\CodeIgniter->handleRequest(NULL, Object(Config\Cache), false)
#4 /home4/projectmanagment/public_html/roshan_energy/public/index.php(37): CodeIgniter\CodeIgniter->run()
#5 {main}
CRITICAL - 2022-01-20 04:27:28 --> syntax error, unexpected 'public' (T_PUBLIC)
#0 /home4/projectmanagment/public_html/roshan_energy/system/Router/Router.php(176): CodeIgniter\Router\Router->autoRoute('Dashboard/impor...')
#1 /home4/projectmanagment/public_html/roshan_energy/system/CodeIgniter.php(718): CodeIgniter\Router\Router->handle('Dashboard/impor...')
#2 /home4/projectmanagment/public_html/roshan_energy/system/CodeIgniter.php(359): CodeIgniter\CodeIgniter->tryToRouteIt(Object(CodeIgniter\Router\RouteCollection))
#3 /home4/projectmanagment/public_html/roshan_energy/system/CodeIgniter.php(318): CodeIgniter\CodeIgniter->handleRequest(NULL, Object(Config\Cache), false)
#4 /home4/projectmanagment/public_html/roshan_energy/public/index.php(37): CodeIgniter\CodeIgniter->run()
#5 {main}
CRITICAL - 2022-01-20 04:27:59 --> syntax error, unexpected 'else' (T_ELSE)
#0 /home4/projectmanagment/public_html/roshan_energy/system/Router/Router.php(176): CodeIgniter\Router\Router->autoRoute('Dashboard/impor...')
#1 /home4/projectmanagment/public_html/roshan_energy/system/CodeIgniter.php(718): CodeIgniter\Router\Router->handle('Dashboard/impor...')
#2 /home4/projectmanagment/public_html/roshan_energy/system/CodeIgniter.php(359): CodeIgniter\CodeIgniter->tryToRouteIt(Object(CodeIgniter\Router\RouteCollection))
#3 /home4/projectmanagment/public_html/roshan_energy/system/CodeIgniter.php(318): CodeIgniter\CodeIgniter->handleRequest(NULL, Object(Config\Cache), false)
#4 /home4/projectmanagment/public_html/roshan_energy/public/index.php(37): CodeIgniter\CodeIgniter->run()
#5 {main}
CRITICAL - 2022-01-20 04:29:08 --> Undefined variable: model3
#0 /home4/projectmanagment/public_html/roshan_energy/app/Controllers/Dashboard.php(997): CodeIgniter\Debug\Exceptions->errorHandler(8, 'Undefined varia...', '/home4/projectm...', 997, Array)
#1 /home4/projectmanagment/public_html/roshan_energy/system/CodeIgniter.php(824): App\Controllers\Dashboard->importCsvToDb()
#2 /home4/projectmanagment/public_html/roshan_energy/system/CodeIgniter.php(410): CodeIgniter\CodeIgniter->runController(Object(App\Controllers\Dashboard))
#3 /home4/projectmanagment/public_html/roshan_energy/system/CodeIgniter.php(318): CodeIgniter\CodeIgniter->handleRequest(NULL, Object(Config\Cache), false)
#4 /home4/projectmanagment/public_html/roshan_energy/public/index.php(37): CodeIgniter\CodeIgniter->run()
#5 {main}
CRITICAL - 2022-01-20 04:39:59 --> syntax error, unexpected 'public' (T_PUBLIC)
#0 /home4/projectmanagment/public_html/roshan_energy/system/Router/Router.php(176): CodeIgniter\Router\Router->autoRoute('Dashboard/impor...')
#1 /home4/projectmanagment/public_html/roshan_energy/system/CodeIgniter.php(718): CodeIgniter\Router\Router->handle('Dashboard/impor...')
#2 /home4/projectmanagment/public_html/roshan_energy/system/CodeIgniter.php(359): CodeIgniter\CodeIgniter->tryToRouteIt(Object(CodeIgniter\Router\RouteCollection))
#3 /home4/projectmanagment/public_html/roshan_energy/system/CodeIgniter.php(318): CodeIgniter\CodeIgniter->handleRequest(NULL, Object(Config\Cache), false)
#4 /home4/projectmanagment/public_html/roshan_energy/public/index.php(37): CodeIgniter\CodeIgniter->run()
#5 {main}
CRITICAL - 2022-01-20 05:30:30 --> Cannot use isset() on the result of an expression (you can use "null !== expression" instead)
#0 [internal function]: CodeIgniter\Debug\Exceptions->shutdownHandler()
#1 {main}
CRITICAL - 2022-01-20 05:31:52 --> Cannot use isset() on the result of an expression (you can use "null !== expression" instead)
#0 [internal function]: CodeIgniter\Debug\Exceptions->shutdownHandler()
#1 {main}
CRITICAL - 2022-01-20 05:31:59 --> syntax error, unexpected ')'
#0 /home4/projectmanagment/public_html/roshan_energy/system/Autoloader/Autoloader.php(241): CodeIgniter\Autoloader\Autoloader->includeFile('/home4/projectm...')
#1 /home4/projectmanagment/public_html/roshan_energy/system/Autoloader/Autoloader.php(219): CodeIgniter\Autoloader\Autoloader->loadInNamespace('App\\Controllers...')
#2 [internal function]: CodeIgniter\Autoloader\Autoloader->loadClass('App\\Controllers...')
#3 [internal function]: spl_autoload_call('App\\Controllers...')
#4 /home4/projectmanagment/public_html/roshan_energy/system/CodeIgniter.php(789): class_exists('\\App\\Controller...', true)
#5 /home4/projectmanagment/public_html/roshan_energy/system/CodeIgniter.php(397): CodeIgniter\CodeIgniter->startController()
#6 /home4/projectmanagment/public_html/roshan_energy/system/CodeIgniter.php(318): CodeIgniter\CodeIgniter->handleRequest(NULL, Object(Config\Cache), false)
#7 /home4/projectmanagment/public_html/roshan_energy/public/index.php(37): CodeIgniter\CodeIgniter->run()
#8 {main}
CRITICAL - 2022-01-20 05:41:40 --> syntax error, unexpected '=', expecting ']'
#0 /home4/projectmanagment/public_html/roshan_energy/system/Autoloader/Autoloader.php(241): CodeIgniter\Autoloader\Autoloader->includeFile('/home4/projectm...')
#1 /home4/projectmanagment/public_html/roshan_energy/system/Autoloader/Autoloader.php(219): CodeIgniter\Autoloader\Autoloader->loadInNamespace('App\\Controllers...')
#2 [internal function]: CodeIgniter\Autoloader\Autoloader->loadClass('App\\Controllers...')
#3 [internal function]: spl_autoload_call('App\\Controllers...')
#4 /home4/projectmanagment/public_html/roshan_energy/system/CodeIgniter.php(789): class_exists('\\App\\Controller...', true)
#5 /home4/projectmanagment/public_html/roshan_energy/system/CodeIgniter.php(397): CodeIgniter\CodeIgniter->startController()
#6 /home4/projectmanagment/public_html/roshan_energy/system/CodeIgniter.php(318): CodeIgniter\CodeIgniter->handleRequest(NULL, Object(Config\Cache), false)
#7 /home4/projectmanagment/public_html/roshan_energy/public/index.php(37): CodeIgniter\CodeIgniter->run()
#8 {main}
CRITICAL - 2022-01-20 05:42:05 --> syntax error, unexpected '=', expecting ']'
#0 /home4/projectmanagment/public_html/roshan_energy/system/Autoloader/Autoloader.php(241): CodeIgniter\Autoloader\Autoloader->includeFile('/home4/projectm...')
#1 /home4/projectmanagment/public_html/roshan_energy/system/Autoloader/Autoloader.php(219): CodeIgniter\Autoloader\Autoloader->loadInNamespace('App\\Controllers...')
#2 [internal function]: CodeIgniter\Autoloader\Autoloader->loadClass('App\\Controllers...')
#3 [internal function]: spl_autoload_call('App\\Controllers...')
#4 /home4/projectmanagment/public_html/roshan_energy/system/CodeIgniter.php(789): class_exists('\\App\\Controller...', true)
#5 /home4/projectmanagment/public_html/roshan_energy/system/CodeIgniter.php(397): CodeIgniter\CodeIgniter->startController()
#6 /home4/projectmanagment/public_html/roshan_energy/system/CodeIgniter.php(318): CodeIgniter\CodeIgniter->handleRequest(NULL, Object(Config\Cache), false)
#7 /home4/projectmanagment/public_html/roshan_energy/public/index.php(37): CodeIgniter\CodeIgniter->run()
#8 {main}
CRITICAL - 2022-01-20 05:42:07 --> syntax error, unexpected '=', expecting ']'
#0 /home4/projectmanagment/public_html/roshan_energy/system/Autoloader/Autoloader.php(241): CodeIgniter\Autoloader\Autoloader->includeFile('/home4/projectm...')
#1 /home4/projectmanagment/public_html/roshan_energy/system/Autoloader/Autoloader.php(219): CodeIgniter\Autoloader\Autoloader->loadInNamespace('App\\Controllers...')
#2 [internal function]: CodeIgniter\Autoloader\Autoloader->loadClass('App\\Controllers...')
#3 [internal function]: spl_autoload_call('App\\Controllers...')
#4 /home4/projectmanagment/public_html/roshan_energy/system/CodeIgniter.php(789): class_exists('\\App\\Controller...', true)
#5 /home4/projectmanagment/public_html/roshan_energy/system/CodeIgniter.php(397): CodeIgniter\CodeIgniter->startController()
#6 /home4/projectmanagment/public_html/roshan_energy/system/CodeIgniter.php(318): CodeIgniter\CodeIgniter->handleRequest(NULL, Object(Config\Cache), false)
#7 /home4/projectmanagment/public_html/roshan_energy/public/index.php(37): CodeIgniter\CodeIgniter->run()
#8 {main}
CRITICAL - 2022-01-20 05:42:24 --> Cannot use isset() on the result of an expression (you can use "null !== expression" instead)
#0 [internal function]: CodeIgniter\Debug\Exceptions->shutdownHandler()
#1 {main}
CRITICAL - 2022-01-20 05:42:25 --> Cannot use isset() on the result of an expression (you can use "null !== expression" instead)
#0 [internal function]: CodeIgniter\Debug\Exceptions->shutdownHandler()
#1 {main}
CRITICAL - 2022-01-20 05:42:49 --> Cannot use isset() on the result of an expression (you can use "null !== expression" instead)
#0 [internal function]: CodeIgniter\Debug\Exceptions->shutdownHandler()
#1 {main}
CRITICAL - 2022-01-20 06:01:22 --> syntax error, unexpected ')'
#0 /home4/projectmanagment/public_html/roshan_energy/system/Router/Router.php(176): CodeIgniter\Router\Router->autoRoute('Statements/gene...')
#1 /home4/projectmanagment/public_html/roshan_energy/system/CodeIgniter.php(718): CodeIgniter\Router\Router->handle('Statements/gene...')
#2 /home4/projectmanagment/public_html/roshan_energy/system/CodeIgniter.php(359): CodeIgniter\CodeIgniter->tryToRouteIt(Object(CodeIgniter\Router\RouteCollection))
#3 /home4/projectmanagment/public_html/roshan_energy/system/CodeIgniter.php(318): CodeIgniter\CodeIgniter->handleRequest(NULL, Object(Config\Cache), false)
#4 /home4/projectmanagment/public_html/roshan_energy/public/index.php(37): CodeIgniter\CodeIgniter->run()
#5 {main}
CRITICAL - 2022-01-20 06:01:54 --> Call to undefined method App\Models\GenerateStatementModel::getCustomerMonthlyData
#0 /home4/projectmanagment/public_html/roshan_energy/app/Controllers/Statements.php(286): CodeIgniter\Model->__call('getCustomerMont...', Array)
#1 /home4/projectmanagment/public_html/roshan_energy/system/CodeIgniter.php(824): App\Controllers\Statements->generate_statements()
#2 /home4/projectmanagment/public_html/roshan_energy/system/CodeIgniter.php(410): CodeIgniter\CodeIgniter->runController(Object(App\Controllers\Statements))
#3 /home4/projectmanagment/public_html/roshan_energy/system/CodeIgniter.php(318): CodeIgniter\CodeIgniter->handleRequest(NULL, Object(Config\Cache), false)
#4 /home4/projectmanagment/public_html/roshan_energy/public/index.php(37): CodeIgniter\CodeIgniter->run()
#5 {main}
CRITICAL - 2022-01-20 06:28:44 --> syntax error, unexpected ')', expecting variable (T_VARIABLE) or '{' or '$'
#0 /home4/projectmanagment/public_html/roshan_energy/system/Autoloader/Autoloader.php(241): CodeIgniter\Autoloader\Autoloader->includeFile('/home4/projectm...')
#1 /home4/projectmanagment/public_html/roshan_energy/system/Autoloader/Autoloader.php(219): CodeIgniter\Autoloader\Autoloader->loadInNamespace('App\\Controllers...')
#2 [internal function]: CodeIgniter\Autoloader\Autoloader->loadClass('App\\Controllers...')
#3 [internal function]: spl_autoload_call('App\\Controllers...')
#4 /home4/projectmanagment/public_html/roshan_energy/system/CodeIgniter.php(789): class_exists('\\App\\Controller...', true)
#5 /home4/projectmanagment/public_html/roshan_energy/system/CodeIgniter.php(397): CodeIgniter\CodeIgniter->startController()
#6 /home4/projectmanagment/public_html/roshan_energy/system/CodeIgniter.php(318): CodeIgniter\CodeIgniter->handleRequest(NULL, Object(Config\Cache), false)
#7 /home4/projectmanagment/public_html/roshan_energy/public/index.php(37): CodeIgniter\CodeIgniter->run()
#8 {main}
CRITICAL - 2022-01-20 06:29:09 --> Call to undefined method App\Models\GenerateStatementModel::getCustomerMonthlyData
#0 /home4/projectmanagment/public_html/roshan_energy/app/Controllers/Statements.php(277): CodeIgniter\Model->__call('getCustomerMont...', Array)
#1 /home4/projectmanagment/public_html/roshan_energy/system/CodeIgniter.php(824): App\Controllers\Statements->generate_statements()
#2 /home4/projectmanagment/public_html/roshan_energy/system/CodeIgniter.php(410): CodeIgniter\CodeIgniter->runController(Object(App\Controllers\Statements))
#3 /home4/projectmanagment/public_html/roshan_energy/system/CodeIgniter.php(318): CodeIgniter\CodeIgniter->handleRequest(NULL, Object(Config\Cache), false)
#4 /home4/projectmanagment/public_html/roshan_energy/public/index.php(37): CodeIgniter\CodeIgniter->run()
#5 {main}
CRITICAL - 2022-01-20 06:34:33 --> Undefined variable: customer_record
#0 /home4/projectmanagment/public_html/roshan_energy/app/Controllers/Statements.php(279): CodeIgniter\Debug\Exceptions->errorHandler(8, 'Undefined varia...', '/home4/projectm...', 279, Array)
#1 /home4/projectmanagment/public_html/roshan_energy/system/CodeIgniter.php(824): App\Controllers\Statements->generate_statements()
#2 /home4/projectmanagment/public_html/roshan_energy/system/CodeIgniter.php(410): CodeIgniter\CodeIgniter->runController(Object(App\Controllers\Statements))
#3 /home4/projectmanagment/public_html/roshan_energy/system/CodeIgniter.php(318): CodeIgniter\CodeIgniter->handleRequest(NULL, Object(Config\Cache), false)
#4 /home4/projectmanagment/public_html/roshan_energy/public/index.php(37): CodeIgniter\CodeIgniter->run()
#5 {main}
CRITICAL - 2022-01-20 06:34:55 --> Undefined variable: customer_record
#0 /home4/projectmanagment/public_html/roshan_energy/app/Controllers/Statements.php(279): CodeIgniter\Debug\Exceptions->errorHandler(8, 'Undefined varia...', '/home4/projectm...', 279, Array)
#1 /home4/projectmanagment/public_html/roshan_energy/system/CodeIgniter.php(824): App\Controllers\Statements->generate_statements()
#2 /home4/projectmanagment/public_html/roshan_energy/system/CodeIgniter.php(410): CodeIgniter\CodeIgniter->runController(Object(App\Controllers\Statements))
#3 /home4/projectmanagment/public_html/roshan_energy/system/CodeIgniter.php(318): CodeIgniter\CodeIgniter->handleRequest(NULL, Object(Config\Cache), false)
#4 /home4/projectmanagment/public_html/roshan_energy/public/index.php(37): CodeIgniter\CodeIgniter->run()
#5 {main}
CRITICAL - 2022-01-20 06:36:36 --> Call to undefined method App\Models\GenerateStatementModel::getCustomerMonthlyData
#0 /home4/projectmanagment/public_html/roshan_energy/app/Controllers/Statements.php(337): CodeIgniter\Model->__call('getCustomerMont...', Array)
#1 /home4/projectmanagment/public_html/roshan_energy/system/CodeIgniter.php(824): App\Controllers\Statements->generate_statements()
#2 /home4/projectmanagment/public_html/roshan_energy/system/CodeIgniter.php(410): CodeIgniter\CodeIgniter->runController(Object(App\Controllers\Statements))
#3 /home4/projectmanagment/public_html/roshan_energy/system/CodeIgniter.php(318): CodeIgniter\CodeIgniter->handleRequest(NULL, Object(Config\Cache), false)
#4 /home4/projectmanagment/public_html/roshan_energy/public/index.php(37): CodeIgniter\CodeIgniter->run()
#5 {main}
CRITICAL - 2022-01-20 06:48:57 --> Call to undefined method App\Models\GenerateStatementModel::getCustomerMonthlyData
#0 /home4/projectmanagment/public_html/roshan_energy/app/Controllers/Statements.php(277): CodeIgniter\Model->__call('getCustomerMont...', Array)
#1 /home4/projectmanagment/public_html/roshan_energy/system/CodeIgniter.php(824): App\Controllers\Statements->generate_statements()
#2 /home4/projectmanagment/public_html/roshan_energy/system/CodeIgniter.php(410): CodeIgniter\CodeIgniter->runController(Object(App\Controllers\Statements))
#3 /home4/projectmanagment/public_html/roshan_energy/system/CodeIgniter.php(318): CodeIgniter\CodeIgniter->handleRequest(NULL, Object(Config\Cache), false)
#4 /home4/projectmanagment/public_html/roshan_energy/public/index.php(37): CodeIgniter\CodeIgniter->run()
#5 {main}
CRITICAL - 2022-01-20 06:51:53 --> Undefined index: month_name_numeric
#0 /home4/projectmanagment/public_html/roshan_energy/app/Controllers/Statements.php(277): CodeIgniter\Debug\Exceptions->errorHandler(8, 'Undefined index...', '/home4/projectm...', 277, Array)
#1 /home4/projectmanagment/public_html/roshan_energy/system/CodeIgniter.php(824): App\Controllers\Statements->generate_statements()
#2 /home4/projectmanagment/public_html/roshan_energy/system/CodeIgniter.php(410): CodeIgniter\CodeIgniter->runController(Object(App\Controllers\Statements))
#3 /home4/projectmanagment/public_html/roshan_energy/system/CodeIgniter.php(318): CodeIgniter\CodeIgniter->handleRequest(NULL, Object(Config\Cache), false)
#4 /home4/projectmanagment/public_html/roshan_energy/public/index.php(37): CodeIgniter\CodeIgniter->run()
#5 {main}
CRITICAL - 2022-01-20 06:52:27 --> Undefined index: month_name_numeric
#0 /home4/projectmanagment/public_html/roshan_energy/app/Controllers/Statements.php(277): CodeIgniter\Debug\Exceptions->errorHandler(8, 'Undefined index...', '/home4/projectm...', 277, Array)
#1 /home4/projectmanagment/public_html/roshan_energy/system/CodeIgniter.php(824): App\Controllers\Statements->generate_statements()
#2 /home4/projectmanagment/public_html/roshan_energy/system/CodeIgniter.php(410): CodeIgniter\CodeIgniter->runController(Object(App\Controllers\Statements))
#3 /home4/projectmanagment/public_html/roshan_energy/system/CodeIgniter.php(318): CodeIgniter\CodeIgniter->handleRequest(NULL, Object(Config\Cache), false)
#4 /home4/projectmanagment/public_html/roshan_energy/public/index.php(37): CodeIgniter\CodeIgniter->run()
#5 {main}
CRITICAL - 2022-01-20 06:52:49 --> Undefined index: month_name_numeric
#0 /home4/projectmanagment/public_html/roshan_energy/app/Controllers/Statements.php(277): CodeIgniter\Debug\Exceptions->errorHandler(8, 'Undefined index...', '/home4/projectm...', 277, Array)
#1 /home4/projectmanagment/public_html/roshan_energy/system/CodeIgniter.php(824): App\Controllers\Statements->generate_statements()
#2 /home4/projectmanagment/public_html/roshan_energy/system/CodeIgniter.php(410): CodeIgniter\CodeIgniter->runController(Object(App\Controllers\Statements))
#3 /home4/projectmanagment/public_html/roshan_energy/system/CodeIgniter.php(318): CodeIgniter\CodeIgniter->handleRequest(NULL, Object(Config\Cache), false)
#4 /home4/projectmanagment/public_html/roshan_energy/public/index.php(37): CodeIgniter\CodeIgniter->run()
#5 {main}
CRITICAL - 2022-01-20 06:58:16 --> Undefined index: statement_start_date
#0 /home4/projectmanagment/public_html/roshan_energy/app/Controllers/Statements.php(274): CodeIgniter\Debug\Exceptions->errorHandler(8, 'Undefined index...', '/home4/projectm...', 274, Array)
#1 /home4/projectmanagment/public_html/roshan_energy/system/CodeIgniter.php(824): App\Controllers\Statements->generate_statements()
#2 /home4/projectmanagment/public_html/roshan_energy/system/CodeIgniter.php(410): CodeIgniter\CodeIgniter->runController(Object(App\Controllers\Statements))
#3 /home4/projectmanagment/public_html/roshan_energy/system/CodeIgniter.php(318): CodeIgniter\CodeIgniter->handleRequest(NULL, Object(Config\Cache), false)
#4 /home4/projectmanagment/public_html/roshan_energy/public/index.php(37): CodeIgniter\CodeIgniter->run()
#5 {main}
CRITICAL - 2022-01-20 06:58:59 --> Undefined index: statement_start_date
#0 /home4/projectmanagment/public_html/roshan_energy/app/Controllers/Statements.php(274): CodeIgniter\Debug\Exceptions->errorHandler(8, 'Undefined index...', '/home4/projectm...', 274, Array)
#1 /home4/projectmanagment/public_html/roshan_energy/system/CodeIgniter.php(824): App\Controllers\Statements->generate_statements()
#2 /home4/projectmanagment/public_html/roshan_energy/system/CodeIgniter.php(410): CodeIgniter\CodeIgniter->runController(Object(App\Controllers\Statements))
#3 /home4/projectmanagment/public_html/roshan_energy/system/CodeIgniter.php(318): CodeIgniter\CodeIgniter->handleRequest(NULL, Object(Config\Cache), false)
#4 /home4/projectmanagment/public_html/roshan_energy/public/index.php(37): CodeIgniter\CodeIgniter->run()
#5 {main}
CRITICAL - 2022-01-20 06:59:43 --> Undefined index: statement_start_date
#0 /home4/projectmanagment/public_html/roshan_energy/app/Controllers/Statements.php(274): CodeIgniter\Debug\Exceptions->errorHandler(8, 'Undefined index...', '/home4/projectm...', 274, Array)
#1 /home4/projectmanagment/public_html/roshan_energy/system/CodeIgniter.php(824): App\Controllers\Statements->generate_statements()
#2 /home4/projectmanagment/public_html/roshan_energy/system/CodeIgniter.php(410): CodeIgniter\CodeIgniter->runController(Object(App\Controllers\Statements))
#3 /home4/projectmanagment/public_html/roshan_energy/system/CodeIgniter.php(318): CodeIgniter\CodeIgniter->handleRequest(NULL, Object(Config\Cache), false)
#4 /home4/projectmanagment/public_html/roshan_energy/public/index.php(37): CodeIgniter\CodeIgniter->run()
#5 {main}
CRITICAL - 2022-01-20 06:59:58 --> Undefined index: statement_start_date
#0 /home4/projectmanagment/public_html/roshan_energy/app/Controllers/Statements.php(274): CodeIgniter\Debug\Exceptions->errorHandler(8, 'Undefined index...', '/home4/projectm...', 274, Array)
#1 /home4/projectmanagment/public_html/roshan_energy/system/CodeIgniter.php(824): App\Controllers\Statements->generate_statements()
#2 /home4/projectmanagment/public_html/roshan_energy/system/CodeIgniter.php(410): CodeIgniter\CodeIgniter->runController(Object(App\Controllers\Statements))
#3 /home4/projectmanagment/public_html/roshan_energy/system/CodeIgniter.php(318): CodeIgniter\CodeIgniter->handleRequest(NULL, Object(Config\Cache), false)
#4 /home4/projectmanagment/public_html/roshan_energy/public/index.php(37): CodeIgniter\CodeIgniter->run()
#5 {main}
CRITICAL - 2022-01-20 07:00:23 --> Undefined index: statement_start_date
#0 /home4/projectmanagment/public_html/roshan_energy/app/Controllers/Statements.php(274): CodeIgniter\Debug\Exceptions->errorHandler(8, 'Undefined index...', '/home4/projectm...', 274, Array)
#1 /home4/projectmanagment/public_html/roshan_energy/system/CodeIgniter.php(824): App\Controllers\Statements->generate_statements()
#2 /home4/projectmanagment/public_html/roshan_energy/system/CodeIgniter.php(410): CodeIgniter\CodeIgniter->runController(Object(App\Controllers\Statements))
#3 /home4/projectmanagment/public_html/roshan_energy/system/CodeIgniter.php(318): CodeIgniter\CodeIgniter->handleRequest(NULL, Object(Config\Cache), false)
#4 /home4/projectmanagment/public_html/roshan_energy/public/index.php(37): CodeIgniter\CodeIgniter->run()
#5 {main}
CRITICAL - 2022-01-20 07:00:27 --> Undefined index: statement_start_date
#0 /home4/projectmanagment/public_html/roshan_energy/app/Controllers/Statements.php(274): CodeIgniter\Debug\Exceptions->errorHandler(8, 'Undefined index...', '/home4/projectm...', 274, Array)
#1 /home4/projectmanagment/public_html/roshan_energy/system/CodeIgniter.php(824): App\Controllers\Statements->generate_statements()
#2 /home4/projectmanagment/public_html/roshan_energy/system/CodeIgniter.php(410): CodeIgniter\CodeIgniter->runController(Object(App\Controllers\Statements))
#3 /home4/projectmanagment/public_html/roshan_energy/system/CodeIgniter.php(318): CodeIgniter\CodeIgniter->handleRequest(NULL, Object(Config\Cache), false)
#4 /home4/projectmanagment/public_html/roshan_energy/public/index.php(37): CodeIgniter\CodeIgniter->run()
#5 {main}
CRITICAL - 2022-01-20 07:07:35 --> syntax error, unexpected '=>' (T_DOUBLE_ARROW), expecting ')'
#0 /home4/projectmanagment/public_html/roshan_energy/system/Router/Router.php(176): CodeIgniter\Router\Router->autoRoute('Statements/gene...')
#1 /home4/projectmanagment/public_html/roshan_energy/system/CodeIgniter.php(718): CodeIgniter\Router\Router->handle('Statements/gene...')
#2 /home4/projectmanagment/public_html/roshan_energy/system/CodeIgniter.php(359): CodeIgniter\CodeIgniter->tryToRouteIt(Object(CodeIgniter\Router\RouteCollection))
#3 /home4/projectmanagment/public_html/roshan_energy/system/CodeIgniter.php(318): CodeIgniter\CodeIgniter->handleRequest(NULL, Object(Config\Cache), false)
#4 /home4/projectmanagment/public_html/roshan_energy/public/index.php(37): CodeIgniter\CodeIgniter->run()
#5 {main}
CRITICAL - 2022-01-20 07:08:35 --> syntax error, unexpected ';', expecting ')'
#0 /home4/projectmanagment/public_html/roshan_energy/system/Router/Router.php(176): CodeIgniter\Router\Router->autoRoute('Statements/gene...')
#1 /home4/projectmanagment/public_html/roshan_energy/system/CodeIgniter.php(718): CodeIgniter\Router\Router->handle('Statements/gene...')
#2 /home4/projectmanagment/public_html/roshan_energy/system/CodeIgniter.php(359): CodeIgniter\CodeIgniter->tryToRouteIt(Object(CodeIgniter\Router\RouteCollection))
#3 /home4/projectmanagment/public_html/roshan_energy/system/CodeIgniter.php(318): CodeIgniter\CodeIgniter->handleRequest(NULL, Object(Config\Cache), false)
#4 /home4/projectmanagment/public_html/roshan_energy/public/index.php(37): CodeIgniter\CodeIgniter->run()
#5 {main}
CRITICAL - 2022-01-20 07:09:04 --> syntax error, unexpected ';', expecting ')'
#0 /home4/projectmanagment/public_html/roshan_energy/system/Router/Router.php(176): CodeIgniter\Router\Router->autoRoute('Statements/gene...')
#1 /home4/projectmanagment/public_html/roshan_energy/system/CodeIgniter.php(718): CodeIgniter\Router\Router->handle('Statements/gene...')
#2 /home4/projectmanagment/public_html/roshan_energy/system/CodeIgniter.php(359): CodeIgniter\CodeIgniter->tryToRouteIt(Object(CodeIgniter\Router\RouteCollection))
#3 /home4/projectmanagment/public_html/roshan_energy/system/CodeIgniter.php(318): CodeIgniter\CodeIgniter->handleRequest(NULL, Object(Config\Cache), false)
#4 /home4/projectmanagment/public_html/roshan_energy/public/index.php(37): CodeIgniter\CodeIgniter->run()
#5 {main}
CRITICAL - 2022-01-20 07:09:29 --> Undefined index: statement_start_date
#0 /home4/projectmanagment/public_html/roshan_energy/app/Controllers/Statements.php(278): CodeIgniter\Debug\Exceptions->errorHandler(8, 'Undefined index...', '/home4/projectm...', 278, Array)
#1 /home4/projectmanagment/public_html/roshan_energy/system/CodeIgniter.php(824): App\Controllers\Statements->generate_statements()
#2 /home4/projectmanagment/public_html/roshan_energy/system/CodeIgniter.php(410): CodeIgniter\CodeIgniter->runController(Object(App\Controllers\Statements))
#3 /home4/projectmanagment/public_html/roshan_energy/system/CodeIgniter.php(318): CodeIgniter\CodeIgniter->handleRequest(NULL, Object(Config\Cache), false)
#4 /home4/projectmanagment/public_html/roshan_energy/public/index.php(37): CodeIgniter\CodeIgniter->run()
#5 {main}
CRITICAL - 2022-01-20 07:10:18 --> Undefined index: statement_start_date
#0 /home4/projectmanagment/public_html/roshan_energy/app/Controllers/Statements.php(278): CodeIgniter\Debug\Exceptions->errorHandler(8, 'Undefined index...', '/home4/projectm...', 278, Array)
#1 /home4/projectmanagment/public_html/roshan_energy/system/CodeIgniter.php(824): App\Controllers\Statements->generate_statements()
#2 /home4/projectmanagment/public_html/roshan_energy/system/CodeIgniter.php(410): CodeIgniter\CodeIgniter->runController(Object(App\Controllers\Statements))
#3 /home4/projectmanagment/public_html/roshan_energy/system/CodeIgniter.php(318): CodeIgniter\CodeIgniter->handleRequest(NULL, Object(Config\Cache), false)
#4 /home4/projectmanagment/public_html/roshan_energy/public/index.php(37): CodeIgniter\CodeIgniter->run()
#5 {main}
CRITICAL - 2022-01-20 07:13:16 --> syntax error, unexpected ','
#0 /home4/projectmanagment/public_html/roshan_energy/system/Router/Router.php(176): CodeIgniter\Router\Router->autoRoute('Statements/gene...')
#1 /home4/projectmanagment/public_html/roshan_energy/system/CodeIgniter.php(718): CodeIgniter\Router\Router->handle('Statements/gene...')
#2 /home4/projectmanagment/public_html/roshan_energy/system/CodeIgniter.php(359): CodeIgniter\CodeIgniter->tryToRouteIt(Object(CodeIgniter\Router\RouteCollection))
#3 /home4/projectmanagment/public_html/roshan_energy/system/CodeIgniter.php(318): CodeIgniter\CodeIgniter->handleRequest(NULL, Object(Config\Cache), false)
#4 /home4/projectmanagment/public_html/roshan_energy/public/index.php(37): CodeIgniter\CodeIgniter->run()
#5 {main}
CRITICAL - 2022-01-20 07:15:04 --> strtotime() expects parameter 1 to be string, array given
#0 [internal function]: CodeIgniter\Debug\Exceptions->errorHandler(2, 'strtotime() exp...', '/home4/projectm...', 287, Array)
#1 /home4/projectmanagment/public_html/roshan_energy/app/Controllers/Statements.php(287): strtotime(Array)
#2 /home4/projectmanagment/public_html/roshan_energy/system/CodeIgniter.php(824): App\Controllers\Statements->generate_statements()
#3 /home4/projectmanagment/public_html/roshan_energy/system/CodeIgniter.php(410): CodeIgniter\CodeIgniter->runController(Object(App\Controllers\Statements))
#4 /home4/projectmanagment/public_html/roshan_energy/system/CodeIgniter.php(318): CodeIgniter\CodeIgniter->handleRequest(NULL, Object(Config\Cache), false)
#5 /home4/projectmanagment/public_html/roshan_energy/public/index.php(37): CodeIgniter\CodeIgniter->run()
#6 {main}
CRITICAL - 2022-01-20 07:15:27 --> strtotime() expects parameter 1 to be string, array given
#0 [internal function]: CodeIgniter\Debug\Exceptions->errorHandler(2, 'strtotime() exp...', '/home4/projectm...', 287, Array)
#1 /home4/projectmanagment/public_html/roshan_energy/app/Controllers/Statements.php(287): strtotime(Array)
#2 /home4/projectmanagment/public_html/roshan_energy/system/CodeIgniter.php(824): App\Controllers\Statements->generate_statements()
#3 /home4/projectmanagment/public_html/roshan_energy/system/CodeIgniter.php(410): CodeIgniter\CodeIgniter->runController(Object(App\Controllers\Statements))
#4 /home4/projectmanagment/public_html/roshan_energy/system/CodeIgniter.php(318): CodeIgniter\CodeIgniter->handleRequest(NULL, Object(Config\Cache), false)
#5 /home4/projectmanagment/public_html/roshan_energy/public/index.php(37): CodeIgniter\CodeIgniter->run()
#6 {main}
CRITICAL - 2022-01-20 07:22:10 --> There is no data to update.
#0 /home4/projectmanagment/public_html/roshan_energy/system/BaseModel.php(1574): CodeIgniter\Database\Exceptions\DataException::forEmptyDataset('update')
#1 /home4/projectmanagment/public_html/roshan_energy/system/BaseModel.php(832): CodeIgniter\BaseModel->transformDataToArray(NULL, 'update')
#2 /home4/projectmanagment/public_html/roshan_energy/system/Model.php(646): CodeIgniter\BaseModel->update(Array, NULL)
#3 /home4/projectmanagment/public_html/roshan_energy/app/Controllers/Statements.php(291): CodeIgniter\Model->update(Array)
#4 /home4/projectmanagment/public_html/roshan_energy/system/CodeIgniter.php(824): App\Controllers\Statements->generate_statements()
#5 /home4/projectmanagment/public_html/roshan_energy/system/CodeIgniter.php(410): CodeIgniter\CodeIgniter->runController(Object(App\Controllers\Statements))
#6 /home4/projectmanagment/public_html/roshan_energy/system/CodeIgniter.php(318): CodeIgniter\CodeIgniter->handleRequest(NULL, Object(Config\Cache), false)
#7 /home4/projectmanagment/public_html/roshan_energy/public/index.php(37): CodeIgniter\CodeIgniter->run()
#8 {main}
CRITICAL - 2022-01-20 07:22:25 --> There is no data to update.
#0 /home4/projectmanagment/public_html/roshan_energy/system/BaseModel.php(1574): CodeIgniter\Database\Exceptions\DataException::forEmptyDataset('update')
#1 /home4/projectmanagment/public_html/roshan_energy/system/BaseModel.php(832): CodeIgniter\BaseModel->transformDataToArray(NULL, 'update')
#2 /home4/projectmanagment/public_html/roshan_energy/system/Model.php(646): CodeIgniter\BaseModel->update(Array, NULL)
#3 /home4/projectmanagment/public_html/roshan_energy/app/Controllers/Statements.php(291): CodeIgniter\Model->update(Array)
#4 /home4/projectmanagment/public_html/roshan_energy/system/CodeIgniter.php(824): App\Controllers\Statements->generate_statements()
#5 /home4/projectmanagment/public_html/roshan_energy/system/CodeIgniter.php(410): CodeIgniter\CodeIgniter->runController(Object(App\Controllers\Statements))
#6 /home4/projectmanagment/public_html/roshan_energy/system/CodeIgniter.php(318): CodeIgniter\CodeIgniter->handleRequest(NULL, Object(Config\Cache), false)
#7 /home4/projectmanagment/public_html/roshan_energy/public/index.php(37): CodeIgniter\CodeIgniter->run()
#8 {main}
CRITICAL - 2022-01-20 07:24:41 --> There is no data to update.
#0 /home4/projectmanagment/public_html/roshan_energy/system/BaseModel.php(1574): CodeIgniter\Database\Exceptions\DataException::forEmptyDataset('update')
#1 /home4/projectmanagment/public_html/roshan_energy/system/BaseModel.php(832): CodeIgniter\BaseModel->transformDataToArray(NULL, 'update')
#2 /home4/projectmanagment/public_html/roshan_energy/system/Model.php(646): CodeIgniter\BaseModel->update(Array, NULL)
#3 /home4/projectmanagment/public_html/roshan_energy/app/Controllers/Statements.php(292): CodeIgniter\Model->update(Array)
#4 /home4/projectmanagment/public_html/roshan_energy/system/CodeIgniter.php(824): App\Controllers\Statements->generate_statements()
#5 /home4/projectmanagment/public_html/roshan_energy/system/CodeIgniter.php(410): CodeIgniter\CodeIgniter->runController(Object(App\Controllers\Statements))
#6 /home4/projectmanagment/public_html/roshan_energy/system/CodeIgniter.php(318): CodeIgniter\CodeIgniter->handleRequest(NULL, Object(Config\Cache), false)
#7 /home4/projectmanagment/public_html/roshan_energy/public/index.php(37): CodeIgniter\CodeIgniter->run()
#8 {main}
CRITICAL - 2022-01-20 07:26:21 --> There is no data to update.
#0 /home4/projectmanagment/public_html/roshan_energy/system/BaseModel.php(1574): CodeIgniter\Database\Exceptions\DataException::forEmptyDataset('update')
#1 /home4/projectmanagment/public_html/roshan_energy/system/BaseModel.php(832): CodeIgniter\BaseModel->transformDataToArray(NULL, 'update')
#2 /home4/projectmanagment/public_html/roshan_energy/system/Model.php(646): CodeIgniter\BaseModel->update(Array, NULL)
#3 /home4/projectmanagment/public_html/roshan_energy/app/Controllers/Statements.php(292): CodeIgniter\Model->update(Array)
#4 /home4/projectmanagment/public_html/roshan_energy/system/CodeIgniter.php(824): App\Controllers\Statements->generate_statements()
#5 /home4/projectmanagment/public_html/roshan_energy/system/CodeIgniter.php(410): CodeIgniter\CodeIgniter->runController(Object(App\Controllers\Statements))
#6 /home4/projectmanagment/public_html/roshan_energy/system/CodeIgniter.php(318): CodeIgniter\CodeIgniter->handleRequest(NULL, Object(Config\Cache), false)
#7 /home4/projectmanagment/public_html/roshan_energy/public/index.php(37): CodeIgniter\CodeIgniter->run()
#8 {main}
CRITICAL - 2022-01-20 07:26:56 --> There is no data to update.
#0 /home4/projectmanagment/public_html/roshan_energy/system/BaseModel.php(1574): CodeIgniter\Database\Exceptions\DataException::forEmptyDataset('update')
#1 /home4/projectmanagment/public_html/roshan_energy/system/BaseModel.php(832): CodeIgniter\BaseModel->transformDataToArray(NULL, 'update')
#2 /home4/projectmanagment/public_html/roshan_energy/system/Model.php(646): CodeIgniter\BaseModel->update(Array, NULL)
#3 /home4/projectmanagment/public_html/roshan_energy/app/Controllers/Statements.php(294): CodeIgniter\Model->update(Array)
#4 /home4/projectmanagment/public_html/roshan_energy/system/CodeIgniter.php(824): App\Controllers\Statements->generate_statements()
#5 /home4/projectmanagment/public_html/roshan_energy/system/CodeIgniter.php(410): CodeIgniter\CodeIgniter->runController(Object(App\Controllers\Statements))
#6 /home4/projectmanagment/public_html/roshan_energy/system/CodeIgniter.php(318): CodeIgniter\CodeIgniter->handleRequest(NULL, Object(Config\Cache), false)
#7 /home4/projectmanagment/public_html/roshan_energy/public/index.php(37): CodeIgniter\CodeIgniter->run()
#8 {main}
CRITICAL - 2022-01-20 07:27:01 --> There is no data to update.
#0 /home4/projectmanagment/public_html/roshan_energy/system/BaseModel.php(1574): CodeIgniter\Database\Exceptions\DataException::forEmptyDataset('update')
#1 /home4/projectmanagment/public_html/roshan_energy/system/BaseModel.php(832): CodeIgniter\BaseModel->transformDataToArray(NULL, 'update')
#2 /home4/projectmanagment/public_html/roshan_energy/system/Model.php(646): CodeIgniter\BaseModel->update(Array, NULL)
#3 /home4/projectmanagment/public_html/roshan_energy/app/Controllers/Statements.php(294): CodeIgniter\Model->update(Array)
#4 /home4/projectmanagment/public_html/roshan_energy/system/CodeIgniter.php(824): App\Controllers\Statements->generate_statements()
#5 /home4/projectmanagment/public_html/roshan_energy/system/CodeIgniter.php(410): CodeIgniter\CodeIgniter->runController(Object(App\Controllers\Statements))
#6 /home4/projectmanagment/public_html/roshan_energy/system/CodeIgniter.php(318): CodeIgniter\CodeIgniter->handleRequest(NULL, Object(Config\Cache), false)
#7 /home4/projectmanagment/public_html/roshan_energy/public/index.php(37): CodeIgniter\CodeIgniter->run()
#8 {main}
CRITICAL - 2022-01-20 07:31:25 --> syntax error, unexpected '(', expecting identifier (T_STRING) or variable (T_VARIABLE) or '{' or '$'
#0 /home4/projectmanagment/public_html/roshan_energy/system/Router/Router.php(176): CodeIgniter\Router\Router->autoRoute('Statements/gene...')
#1 /home4/projectmanagment/public_html/roshan_energy/system/CodeIgniter.php(718): CodeIgniter\Router\Router->handle('Statements/gene...')
#2 /home4/projectmanagment/public_html/roshan_energy/system/CodeIgniter.php(359): CodeIgniter\CodeIgniter->tryToRouteIt(Object(CodeIgniter\Router\RouteCollection))
#3 /home4/projectmanagment/public_html/roshan_energy/system/CodeIgniter.php(318): CodeIgniter\CodeIgniter->handleRequest(NULL, Object(Config\Cache), false)
#4 /home4/projectmanagment/public_html/roshan_energy/public/index.php(37): CodeIgniter\CodeIgniter->run()
#5 {main}
CRITICAL - 2022-01-20 07:32:03 --> syntax error, unexpected 'public' (T_PUBLIC)
#0 /home4/projectmanagment/public_html/roshan_energy/system/Router/Router.php(176): CodeIgniter\Router\Router->autoRoute('Statements/gene...')
#1 /home4/projectmanagment/public_html/roshan_energy/system/CodeIgniter.php(718): CodeIgniter\Router\Router->handle('Statements/gene...')
#2 /home4/projectmanagment/public_html/roshan_energy/system/CodeIgniter.php(359): CodeIgniter\CodeIgniter->tryToRouteIt(Object(CodeIgniter\Router\RouteCollection))
#3 /home4/projectmanagment/public_html/roshan_energy/system/CodeIgniter.php(318): CodeIgniter\CodeIgniter->handleRequest(NULL, Object(Config\Cache), false)
#4 /home4/projectmanagment/public_html/roshan_energy/public/index.php(37): CodeIgniter\CodeIgniter->run()
#5 {main}
CRITICAL - 2022-01-20 07:33:10 --> Call to undefined method App\Models\GenerateStatementModel::getCustomerMonthlyData
#0 /home4/projectmanagment/public_html/roshan_energy/app/Controllers/Statements.php(347): CodeIgniter\Model->__call('getCustomerMont...', Array)
#1 /home4/projectmanagment/public_html/roshan_energy/system/CodeIgniter.php(824): App\Controllers\Statements->generate_statements()
#2 /home4/projectmanagment/public_html/roshan_energy/system/CodeIgniter.php(410): CodeIgniter\CodeIgniter->runController(Object(App\Controllers\Statements))
#3 /home4/projectmanagment/public_html/roshan_energy/system/CodeIgniter.php(318): CodeIgniter\CodeIgniter->handleRequest(NULL, Object(Config\Cache), false)
#4 /home4/projectmanagment/public_html/roshan_energy/public/index.php(37): CodeIgniter\CodeIgniter->run()
#5 {main}
CRITICAL - 2022-01-20 07:33:46 --> Call to undefined method App\Models\GenerateStatementModel::getCustomerMonthlyData
#0 /home4/projectmanagment/public_html/roshan_energy/app/Controllers/Statements.php(345): CodeIgniter\Model->__call('getCustomerMont...', Array)
#1 /home4/projectmanagment/public_html/roshan_energy/system/CodeIgniter.php(824): App\Controllers\Statements->generate_statements()
#2 /home4/projectmanagment/public_html/roshan_energy/system/CodeIgniter.php(410): CodeIgniter\CodeIgniter->runController(Object(App\Controllers\Statements))
#3 /home4/projectmanagment/public_html/roshan_energy/system/CodeIgniter.php(318): CodeIgniter\CodeIgniter->handleRequest(NULL, Object(Config\Cache), false)
#4 /home4/projectmanagment/public_html/roshan_energy/public/index.php(37): CodeIgniter\CodeIgniter->run()
#5 {main}
CRITICAL - 2022-01-20 22:46:03 --> Undefined variable: data44
#0 /home4/projectmanagment/public_html/roshan_energy/app/Controllers/Statements.php(296): CodeIgniter\Debug\Exceptions->errorHandler(8, 'Undefined varia...', '/home4/projectm...', 296, Array)
#1 /home4/projectmanagment/public_html/roshan_energy/system/CodeIgniter.php(824): App\Controllers\Statements->generate_statements()
#2 /home4/projectmanagment/public_html/roshan_energy/system/CodeIgniter.php(410): CodeIgniter\CodeIgniter->runController(Object(App\Controllers\Statements))
#3 /home4/projectmanagment/public_html/roshan_energy/system/CodeIgniter.php(318): CodeIgniter\CodeIgniter->handleRequest(NULL, Object(Config\Cache), false)
#4 /home4/projectmanagment/public_html/roshan_energy/public/index.php(37): CodeIgniter\CodeIgniter->run()
#5 {main}
CRITICAL - 2022-01-20 22:52:34 --> syntax error, unexpected '=>' (T_DOUBLE_ARROW), expecting ')'
#0 /home4/projectmanagment/public_html/roshan_energy/system/Router/Router.php(176): CodeIgniter\Router\Router->autoRoute('Statements/gene...')
#1 /home4/projectmanagment/public_html/roshan_energy/system/CodeIgniter.php(718): CodeIgniter\Router\Router->handle('Statements/gene...')
#2 /home4/projectmanagment/public_html/roshan_energy/system/CodeIgniter.php(359): CodeIgniter\CodeIgniter->tryToRouteIt(Object(CodeIgniter\Router\RouteCollection))
#3 /home4/projectmanagment/public_html/roshan_energy/system/CodeIgniter.php(318): CodeIgniter\CodeIgniter->handleRequest(NULL, Object(Config\Cache), false)
#4 /home4/projectmanagment/public_html/roshan_energy/public/index.php(37): CodeIgniter\CodeIgniter->run()
#5 {main}
CRITICAL - 2022-01-20 22:52:52 --> syntax error, unexpected '=', expecting ')'
#0 /home4/projectmanagment/public_html/roshan_energy/system/Router/Router.php(176): CodeIgniter\Router\Router->autoRoute('Statements/gene...')
#1 /home4/projectmanagment/public_html/roshan_energy/system/CodeIgniter.php(718): CodeIgniter\Router\Router->handle('Statements/gene...')
#2 /home4/projectmanagment/public_html/roshan_energy/system/CodeIgniter.php(359): CodeIgniter\CodeIgniter->tryToRouteIt(Object(CodeIgniter\Router\RouteCollection))
#3 /home4/projectmanagment/public_html/roshan_energy/system/CodeIgniter.php(318): CodeIgniter\CodeIgniter->handleRequest(NULL, Object(Config\Cache), false)
#4 /home4/projectmanagment/public_html/roshan_energy/public/index.php(37): CodeIgniter\CodeIgniter->run()
#5 {main}
CRITICAL - 2022-01-20 22:53:14 --> syntax error, unexpected '=', expecting ')'
#0 /home4/projectmanagment/public_html/roshan_energy/system/Router/Router.php(176): CodeIgniter\Router\Router->autoRoute('Statements/gene...')
#1 /home4/projectmanagment/public_html/roshan_energy/system/CodeIgniter.php(718): CodeIgniter\Router\Router->handle('Statements/gene...')
#2 /home4/projectmanagment/public_html/roshan_energy/system/CodeIgniter.php(359): CodeIgniter\CodeIgniter->tryToRouteIt(Object(CodeIgniter\Router\RouteCollection))
#3 /home4/projectmanagment/public_html/roshan_energy/system/CodeIgniter.php(318): CodeIgniter\CodeIgniter->handleRequest(NULL, Object(Config\Cache), false)
#4 /home4/projectmanagment/public_html/roshan_energy/public/index.php(37): CodeIgniter\CodeIgniter->run()
#5 {main}
CRITICAL - 2022-01-20 22:53:18 --> syntax error, unexpected '=', expecting ')'
#0 /home4/projectmanagment/public_html/roshan_energy/system/Router/Router.php(176): CodeIgniter\Router\Router->autoRoute('Statements/gene...')
#1 /home4/projectmanagment/public_html/roshan_energy/system/CodeIgniter.php(718): CodeIgniter\Router\Router->handle('Statements/gene...')
#2 /home4/projectmanagment/public_html/roshan_energy/system/CodeIgniter.php(359): CodeIgniter\CodeIgniter->tryToRouteIt(Object(CodeIgniter\Router\RouteCollection))
#3 /home4/projectmanagment/public_html/roshan_energy/system/CodeIgniter.php(318): CodeIgniter\CodeIgniter->handleRequest(NULL, Object(Config\Cache), false)
#4 /home4/projectmanagment/public_html/roshan_energy/public/index.php(37): CodeIgniter\CodeIgniter->run()
#5 {main}
CRITICAL - 2022-01-20 22:55:58 --> syntax error, unexpected '=', expecting ')'
#0 /home4/projectmanagment/public_html/roshan_energy/system/Autoloader/Autoloader.php(241): CodeIgniter\Autoloader\Autoloader->includeFile('/home4/projectm...')
#1 /home4/projectmanagment/public_html/roshan_energy/system/Autoloader/Autoloader.php(219): CodeIgniter\Autoloader\Autoloader->loadInNamespace('App\\Controllers...')
#2 [internal function]: CodeIgniter\Autoloader\Autoloader->loadClass('App\\Controllers...')
#3 [internal function]: spl_autoload_call('App\\Controllers...')
#4 /home4/projectmanagment/public_html/roshan_energy/system/CodeIgniter.php(789): class_exists('\\App\\Controller...', true)
#5 /home4/projectmanagment/public_html/roshan_energy/system/CodeIgniter.php(397): CodeIgniter\CodeIgniter->startController()
#6 /home4/projectmanagment/public_html/roshan_energy/system/CodeIgniter.php(318): CodeIgniter\CodeIgniter->handleRequest(NULL, Object(Config\Cache), false)
#7 /home4/projectmanagment/public_html/roshan_energy/public/index.php(37): CodeIgniter\CodeIgniter->run()
#8 {main}
CRITICAL - 2022-01-20 22:56:43 --> There is no data to update.
#0 /home4/projectmanagment/public_html/roshan_energy/system/BaseModel.php(1574): CodeIgniter\Database\Exceptions\DataException::forEmptyDataset('update')
#1 /home4/projectmanagment/public_html/roshan_energy/system/BaseModel.php(832): CodeIgniter\BaseModel->transformDataToArray(NULL, 'update')
#2 /home4/projectmanagment/public_html/roshan_energy/system/Model.php(646): CodeIgniter\BaseModel->update(Array, NULL)
#3 /home4/projectmanagment/public_html/roshan_energy/app/Controllers/Statements.php(290): CodeIgniter\Model->update(Array)
#4 /home4/projectmanagment/public_html/roshan_energy/system/CodeIgniter.php(824): App\Controllers\Statements->generate_statements()
#5 /home4/projectmanagment/public_html/roshan_energy/system/CodeIgniter.php(410): CodeIgniter\CodeIgniter->runController(Object(App\Controllers\Statements))
#6 /home4/projectmanagment/public_html/roshan_energy/system/CodeIgniter.php(318): CodeIgniter\CodeIgniter->handleRequest(NULL, Object(Config\Cache), false)
#7 /home4/projectmanagment/public_html/roshan_energy/public/index.php(37): CodeIgniter\CodeIgniter->run()
#8 {main}
CRITICAL - 2022-01-20 22:56:54 --> There is no data to update.
#0 /home4/projectmanagment/public_html/roshan_energy/system/BaseModel.php(1574): CodeIgniter\Database\Exceptions\DataException::forEmptyDataset('update')
#1 /home4/projectmanagment/public_html/roshan_energy/system/BaseModel.php(832): CodeIgniter\BaseModel->transformDataToArray(NULL, 'update')
#2 /home4/projectmanagment/public_html/roshan_energy/system/Model.php(646): CodeIgniter\BaseModel->update(Array, NULL)
#3 /home4/projectmanagment/public_html/roshan_energy/app/Controllers/Statements.php(290): CodeIgniter\Model->update(Array)
#4 /home4/projectmanagment/public_html/roshan_energy/system/CodeIgniter.php(824): App\Controllers\Statements->generate_statements()
#5 /home4/projectmanagment/public_html/roshan_energy/system/CodeIgniter.php(410): CodeIgniter\CodeIgniter->runController(Object(App\Controllers\Statements))
#6 /home4/projectmanagment/public_html/roshan_energy/system/CodeIgniter.php(318): CodeIgniter\CodeIgniter->handleRequest(NULL, Object(Config\Cache), false)
#7 /home4/projectmanagment/public_html/roshan_energy/public/index.php(37): CodeIgniter\CodeIgniter->run()
#8 {main}
CRITICAL - 2022-01-20 22:57:28 --> There is no data to update.
#0 /home4/projectmanagment/public_html/roshan_energy/system/BaseModel.php(1574): CodeIgniter\Database\Exceptions\DataException::forEmptyDataset('update')
#1 /home4/projectmanagment/public_html/roshan_energy/system/BaseModel.php(832): CodeIgniter\BaseModel->transformDataToArray(NULL, 'update')
#2 /home4/projectmanagment/public_html/roshan_energy/system/Model.php(646): CodeIgniter\BaseModel->update(NULL, NULL)
#3 /home4/projectmanagment/public_html/roshan_energy/app/Controllers/Statements.php(290): CodeIgniter\Model->update()
#4 /home4/projectmanagment/public_html/roshan_energy/system/CodeIgniter.php(824): App\Controllers\Statements->generate_statements()
#5 /home4/projectmanagment/public_html/roshan_energy/system/CodeIgniter.php(410): CodeIgniter\CodeIgniter->runController(Object(App\Controllers\Statements))
#6 /home4/projectmanagment/public_html/roshan_energy/system/CodeIgniter.php(318): CodeIgniter\CodeIgniter->handleRequest(NULL, Object(Config\Cache), false)
#7 /home4/projectmanagment/public_html/roshan_energy/public/index.php(37): CodeIgniter\CodeIgniter->run()
#8 {main}
CRITICAL - 2022-01-20 23:00:13 --> Call to undefined function App\Controllers\int()
#0 /home4/projectmanagment/public_html/roshan_energy/system/CodeIgniter.php(824): App\Controllers\Statements->generate_statements()
#1 /home4/projectmanagment/public_html/roshan_energy/system/CodeIgniter.php(410): CodeIgniter\CodeIgniter->runController(Object(App\Controllers\Statements))
#2 /home4/projectmanagment/public_html/roshan_energy/system/CodeIgniter.php(318): CodeIgniter\CodeIgniter->handleRequest(NULL, Object(Config\Cache), false)
#3 /home4/projectmanagment/public_html/roshan_energy/public/index.php(37): CodeIgniter\CodeIgniter->run()
#4 {main}
CRITICAL - 2022-01-20 23:03:21 --> There is no data to update.
#0 /home4/projectmanagment/public_html/roshan_energy/system/BaseModel.php(1574): CodeIgniter\Database\Exceptions\DataException::forEmptyDataset('update')
#1 /home4/projectmanagment/public_html/roshan_energy/system/BaseModel.php(832): CodeIgniter\BaseModel->transformDataToArray(NULL, 'update')
#2 /home4/projectmanagment/public_html/roshan_energy/system/Model.php(646): CodeIgniter\BaseModel->update(NULL, NULL)
#3 /home4/projectmanagment/public_html/roshan_energy/app/Controllers/Statements.php(293): CodeIgniter\Model->update()
#4 /home4/projectmanagment/public_html/roshan_energy/system/CodeIgniter.php(824): App\Controllers\Statements->generate_statements()
#5 /home4/projectmanagment/public_html/roshan_energy/system/CodeIgniter.php(410): CodeIgniter\CodeIgniter->runController(Object(App\Controllers\Statements))
#6 /home4/projectmanagment/public_html/roshan_energy/system/CodeIgniter.php(318): CodeIgniter\CodeIgniter->handleRequest(NULL, Object(Config\Cache), false)
#7 /home4/projectmanagment/public_html/roshan_energy/public/index.php(37): CodeIgniter\CodeIgniter->run()
#8 {main}
CRITICAL - 2022-01-20 23:03:45 --> Undefined index: total_amount_due
#0 /home4/projectmanagment/public_html/roshan_energy/app/Controllers/Statements.php(275): CodeIgniter\Debug\Exceptions->errorHandler(8, 'Undefined index...', '/home4/projectm...', 275, Array)
#1 /home4/projectmanagment/public_html/roshan_energy/system/CodeIgniter.php(824): App\Controllers\Statements->generate_statements()
#2 /home4/projectmanagment/public_html/roshan_energy/system/CodeIgniter.php(410): CodeIgniter\CodeIgniter->runController(Object(App\Controllers\Statements))
#3 /home4/projectmanagment/public_html/roshan_energy/system/CodeIgniter.php(318): CodeIgniter\CodeIgniter->handleRequest(NULL, Object(Config\Cache), false)
#4 /home4/projectmanagment/public_html/roshan_energy/public/index.php(37): CodeIgniter\CodeIgniter->run()
#5 {main}
CRITICAL - 2022-01-20 23:06:36 --> There is no data to update.
#0 /home4/projectmanagment/public_html/roshan_energy/system/BaseModel.php(1574): CodeIgniter\Database\Exceptions\DataException::forEmptyDataset('update')
#1 /home4/projectmanagment/public_html/roshan_energy/system/BaseModel.php(832): CodeIgniter\BaseModel->transformDataToArray(NULL, 'update')
#2 /home4/projectmanagment/public_html/roshan_energy/system/Model.php(646): CodeIgniter\BaseModel->update(NULL, NULL)
#3 /home4/projectmanagment/public_html/roshan_energy/app/Controllers/Statements.php(293): CodeIgniter\Model->update()
#4 /home4/projectmanagment/public_html/roshan_energy/system/CodeIgniter.php(824): App\Controllers\Statements->generate_statements()
#5 /home4/projectmanagment/public_html/roshan_energy/system/CodeIgniter.php(410): CodeIgniter\CodeIgniter->runController(Object(App\Controllers\Statements))
#6 /home4/projectmanagment/public_html/roshan_energy/system/CodeIgniter.php(318): CodeIgniter\CodeIgniter->handleRequest(NULL, Object(Config\Cache), false)
#7 /home4/projectmanagment/public_html/roshan_energy/public/index.php(37): CodeIgniter\CodeIgniter->run()
#8 {main}
CRITICAL - 2022-01-20 23:06:59 --> There is no data to update.
#0 /home4/projectmanagment/public_html/roshan_energy/system/BaseModel.php(1574): CodeIgniter\Database\Exceptions\DataException::forEmptyDataset('update')
#1 /home4/projectmanagment/public_html/roshan_energy/system/BaseModel.php(832): CodeIgniter\BaseModel->transformDataToArray(NULL, 'update')
#2 /home4/projectmanagment/public_html/roshan_energy/system/Model.php(646): CodeIgniter\BaseModel->update(NULL, NULL)
#3 /home4/projectmanagment/public_html/roshan_energy/app/Controllers/Statements.php(293): CodeIgniter\Model->update()
#4 /home4/projectmanagment/public_html/roshan_energy/system/CodeIgniter.php(824): App\Controllers\Statements->generate_statements()
#5 /home4/projectmanagment/public_html/roshan_energy/system/CodeIgniter.php(410): CodeIgniter\CodeIgniter->runController(Object(App\Controllers\Statements))
#6 /home4/projectmanagment/public_html/roshan_energy/system/CodeIgniter.php(318): CodeIgniter\CodeIgniter->handleRequest(NULL, Object(Config\Cache), false)
#7 /home4/projectmanagment/public_html/roshan_energy/public/index.php(37): CodeIgniter\CodeIgniter->run()
#8 {main}
CRITICAL - 2022-01-20 23:07:03 --> There is no data to update.
#0 /home4/projectmanagment/public_html/roshan_energy/system/BaseModel.php(1574): CodeIgniter\Database\Exceptions\DataException::forEmptyDataset('update')
#1 /home4/projectmanagment/public_html/roshan_energy/system/BaseModel.php(832): CodeIgniter\BaseModel->transformDataToArray(NULL, 'update')
#2 /home4/projectmanagment/public_html/roshan_energy/system/Model.php(646): CodeIgniter\BaseModel->update(NULL, NULL)
#3 /home4/projectmanagment/public_html/roshan_energy/app/Controllers/Statements.php(293): CodeIgniter\Model->update()
#4 /home4/projectmanagment/public_html/roshan_energy/system/CodeIgniter.php(824): App\Controllers\Statements->generate_statements()
#5 /home4/projectmanagment/public_html/roshan_energy/system/CodeIgniter.php(410): CodeIgniter\CodeIgniter->runController(Object(App\Controllers\Statements))
#6 /home4/projectmanagment/public_html/roshan_energy/system/CodeIgniter.php(318): CodeIgniter\CodeIgniter->handleRequest(NULL, Object(Config\Cache), false)
#7 /home4/projectmanagment/public_html/roshan_energy/public/index.php(37): CodeIgniter\CodeIgniter->run()
#8 {main}
CRITICAL - 2022-01-20 23:10:11 --> There is no data to update.
#0 /home4/projectmanagment/public_html/roshan_energy/system/BaseModel.php(1574): CodeIgniter\Database\Exceptions\DataException::forEmptyDataset('update')
#1 /home4/projectmanagment/public_html/roshan_energy/system/BaseModel.php(832): CodeIgniter\BaseModel->transformDataToArray(NULL, 'update')
#2 /home4/projectmanagment/public_html/roshan_energy/system/Model.php(646): CodeIgniter\BaseModel->update(Array, NULL)
#3 /home4/projectmanagment/public_html/roshan_energy/app/Controllers/Statements.php(293): CodeIgniter\Model->update(Array)
#4 /home4/projectmanagment/public_html/roshan_energy/system/CodeIgniter.php(824): App\Controllers\Statements->generate_statements()
#5 /home4/projectmanagment/public_html/roshan_energy/system/CodeIgniter.php(410): CodeIgniter\CodeIgniter->runController(Object(App\Controllers\Statements))
#6 /home4/projectmanagment/public_html/roshan_energy/system/CodeIgniter.php(318): CodeIgniter\CodeIgniter->handleRequest(NULL, Object(Config\Cache), false)
#7 /home4/projectmanagment/public_html/roshan_energy/public/index.php(37): CodeIgniter\CodeIgniter->run()
#8 {main}
CRITICAL - 2022-01-20 23:17:29 --> There is no data to update.
#0 /home4/projectmanagment/public_html/roshan_energy/system/BaseModel.php(1574): CodeIgniter\Database\Exceptions\DataException::forEmptyDataset('update')
#1 /home4/projectmanagment/public_html/roshan_energy/system/BaseModel.php(832): CodeIgniter\BaseModel->transformDataToArray(NULL, 'update')
#2 /home4/projectmanagment/public_html/roshan_energy/system/Model.php(646): CodeIgniter\BaseModel->update(Array, NULL)
#3 /home4/projectmanagment/public_html/roshan_energy/app/Controllers/Statements.php(293): CodeIgniter\Model->update(Array)
#4 /home4/projectmanagment/public_html/roshan_energy/system/CodeIgniter.php(824): App\Controllers\Statements->generate_statements()
#5 /home4/projectmanagment/public_html/roshan_energy/system/CodeIgniter.php(410): CodeIgniter\CodeIgniter->runController(Object(App\Controllers\Statements))
#6 /home4/projectmanagment/public_html/roshan_energy/system/CodeIgniter.php(318): CodeIgniter\CodeIgniter->handleRequest(NULL, Object(Config\Cache), false)
#7 /home4/projectmanagment/public_html/roshan_energy/public/index.php(37): CodeIgniter\CodeIgniter->run()
#8 {main}
CRITICAL - 2022-01-20 23:17:44 --> Call to a member function where() on bool
#0 /home4/projectmanagment/public_html/roshan_energy/system/CodeIgniter.php(824): App\Controllers\Statements->generate_statements()
#1 /home4/projectmanagment/public_html/roshan_energy/system/CodeIgniter.php(410): CodeIgniter\CodeIgniter->runController(Object(App\Controllers\Statements))
#2 /home4/projectmanagment/public_html/roshan_energy/system/CodeIgniter.php(318): CodeIgniter\CodeIgniter->handleRequest(NULL, Object(Config\Cache), false)
#3 /home4/projectmanagment/public_html/roshan_energy/public/index.php(37): CodeIgniter\CodeIgniter->run()
#4 {main}
CRITICAL - 2022-01-20 23:18:03 --> Object of class App\Models\WaterAndElectricityModel could not be converted to string
#0 /home4/projectmanagment/public_html/roshan_energy/app/Controllers/Statements.php(293): CodeIgniter\Debug\Exceptions->errorHandler(4096, 'Object of class...', '/home4/projectm...', 293, Array)
#1 /home4/projectmanagment/public_html/roshan_energy/system/CodeIgniter.php(824): App\Controllers\Statements->generate_statements()
#2 /home4/projectmanagment/public_html/roshan_energy/system/CodeIgniter.php(410): CodeIgniter\CodeIgniter->runController(Object(App\Controllers\Statements))
#3 /home4/projectmanagment/public_html/roshan_energy/system/CodeIgniter.php(318): CodeIgniter\CodeIgniter->handleRequest(NULL, Object(Config\Cache), false)
#4 /home4/projectmanagment/public_html/roshan_energy/public/index.php(37): CodeIgniter\CodeIgniter->run()
#5 {main}
CRITICAL - 2022-01-20 23:21:12 --> syntax error, unexpected ')'
#0 /home4/projectmanagment/public_html/roshan_energy/system/Router/Router.php(176): CodeIgniter\Router\Router->autoRoute('Statements/gene...')
#1 /home4/projectmanagment/public_html/roshan_energy/system/CodeIgniter.php(718): CodeIgniter\Router\Router->handle('Statements/gene...')
#2 /home4/projectmanagment/public_html/roshan_energy/system/CodeIgniter.php(359): CodeIgniter\CodeIgniter->tryToRouteIt(Object(CodeIgniter\Router\RouteCollection))
#3 /home4/projectmanagment/public_html/roshan_energy/system/CodeIgniter.php(318): CodeIgniter\CodeIgniter->handleRequest(NULL, Object(Config\Cache), false)
#4 /home4/projectmanagment/public_html/roshan_energy/public/index.php(37): CodeIgniter\CodeIgniter->run()
#5 {main}
CRITICAL - 2022-01-20 23:21:54 --> There is no data to update.
#0 /home4/projectmanagment/public_html/roshan_energy/system/BaseModel.php(1574): CodeIgniter\Database\Exceptions\DataException::forEmptyDataset('update')
#1 /home4/projectmanagment/public_html/roshan_energy/system/BaseModel.php(832): CodeIgniter\BaseModel->transformDataToArray(NULL, 'update')
#2 /home4/projectmanagment/public_html/roshan_energy/system/Model.php(646): CodeIgniter\BaseModel->update(Array, NULL)
#3 /home4/projectmanagment/public_html/roshan_energy/app/Controllers/Statements.php(293): CodeIgniter\Model->update(Array)
#4 /home4/projectmanagment/public_html/roshan_energy/system/CodeIgniter.php(824): App\Controllers\Statements->generate_statements()
#5 /home4/projectmanagment/public_html/roshan_energy/system/CodeIgniter.php(410): CodeIgniter\CodeIgniter->runController(Object(App\Controllers\Statements))
#6 /home4/projectmanagment/public_html/roshan_energy/system/CodeIgniter.php(318): CodeIgniter\CodeIgniter->handleRequest(NULL, Object(Config\Cache), false)
#7 /home4/projectmanagment/public_html/roshan_energy/public/index.php(37): CodeIgniter\CodeIgniter->run()
#8 {main}
CRITICAL - 2022-01-20 23:22:08 --> There is no data to update.
#0 /home4/projectmanagment/public_html/roshan_energy/system/BaseModel.php(1574): CodeIgniter\Database\Exceptions\DataException::forEmptyDataset('update')
#1 /home4/projectmanagment/public_html/roshan_energy/system/BaseModel.php(832): CodeIgniter\BaseModel->transformDataToArray(NULL, 'update')
#2 /home4/projectmanagment/public_html/roshan_energy/system/Model.php(646): CodeIgniter\BaseModel->update(Array, NULL)
#3 /home4/projectmanagment/public_html/roshan_energy/app/Controllers/Statements.php(293): CodeIgniter\Model->update(Array)
#4 /home4/projectmanagment/public_html/roshan_energy/system/CodeIgniter.php(824): App\Controllers\Statements->generate_statements()
#5 /home4/projectmanagment/public_html/roshan_energy/system/CodeIgniter.php(410): CodeIgniter\CodeIgniter->runController(Object(App\Controllers\Statements))
#6 /home4/projectmanagment/public_html/roshan_energy/system/CodeIgniter.php(318): CodeIgniter\CodeIgniter->handleRequest(NULL, Object(Config\Cache), false)
#7 /home4/projectmanagment/public_html/roshan_energy/public/index.php(37): CodeIgniter\CodeIgniter->run()
#8 {main}
CRITICAL - 2022-01-20 23:22:12 --> There is no data to update.
#0 /home4/projectmanagment/public_html/roshan_energy/system/BaseModel.php(1574): CodeIgniter\Database\Exceptions\DataException::forEmptyDataset('update')
#1 /home4/projectmanagment/public_html/roshan_energy/system/BaseModel.php(832): CodeIgniter\BaseModel->transformDataToArray(NULL, 'update')
#2 /home4/projectmanagment/public_html/roshan_energy/system/Model.php(646): CodeIgniter\BaseModel->update(Array, NULL)
#3 /home4/projectmanagment/public_html/roshan_energy/app/Controllers/Statements.php(293): CodeIgniter\Model->update(Array)
#4 /home4/projectmanagment/public_html/roshan_energy/system/CodeIgniter.php(824): App\Controllers\Statements->generate_statements()
#5 /home4/projectmanagment/public_html/roshan_energy/system/CodeIgniter.php(410): CodeIgniter\CodeIgniter->runController(Object(App\Controllers\Statements))
#6 /home4/projectmanagment/public_html/roshan_energy/system/CodeIgniter.php(318): CodeIgniter\CodeIgniter->handleRequest(NULL, Object(Config\Cache), false)
#7 /home4/projectmanagment/public_html/roshan_energy/public/index.php(37): CodeIgniter\CodeIgniter->run()
#8 {main}
CRITICAL - 2022-01-20 23:24:39 --> Return value of CodeIgniter\BaseModel::transformDataToArray() must be of the type array, bool returned
#0 /home4/projectmanagment/public_html/roshan_energy/system/BaseModel.php(832): CodeIgniter\BaseModel->transformDataToArray(true, 'update')
#1 /home4/projectmanagment/public_html/roshan_energy/system/Model.php(646): CodeIgniter\BaseModel->update(Array, true)
#2 /home4/projectmanagment/public_html/roshan_energy/app/Controllers/Statements.php(293): CodeIgniter\Model->update('account_number', true, 1, Array)
#3 /home4/projectmanagment/public_html/roshan_energy/system/CodeIgniter.php(824): App\Controllers\Statements->generate_statements()
#4 /home4/projectmanagment/public_html/roshan_energy/system/CodeIgniter.php(410): CodeIgniter\CodeIgniter->runController(Object(App\Controllers\Statements))
#5 /home4/projectmanagment/public_html/roshan_energy/system/CodeIgniter.php(318): CodeIgniter\CodeIgniter->handleRequest(NULL, Object(Config\Cache), false)
#6 /home4/projectmanagment/public_html/roshan_energy/public/index.php(37): CodeIgniter\CodeIgniter->run()
#7 {main}
CRITICAL - 2022-01-20 23:24:54 --> Return value of CodeIgniter\BaseModel::transformDataToArray() must be of the type array, bool returned
#0 /home4/projectmanagment/public_html/roshan_energy/system/BaseModel.php(832): CodeIgniter\BaseModel->transformDataToArray(true, 'update')
#1 /home4/projectmanagment/public_html/roshan_energy/system/Model.php(646): CodeIgniter\BaseModel->update(Array, true)
#2 /home4/projectmanagment/public_html/roshan_energy/app/Controllers/Statements.php(293): CodeIgniter\Model->update('account_number', true, 1, Array)
#3 /home4/projectmanagment/public_html/roshan_energy/system/CodeIgniter.php(824): App\Controllers\Statements->generate_statements()
#4 /home4/projectmanagment/public_html/roshan_energy/system/CodeIgniter.php(410): CodeIgniter\CodeIgniter->runController(Object(App\Controllers\Statements))
#5 /home4/projectmanagment/public_html/roshan_energy/system/CodeIgniter.php(318): CodeIgniter\CodeIgniter->handleRequest(NULL, Object(Config\Cache), false)
#6 /home4/projectmanagment/public_html/roshan_energy/public/index.php(37): CodeIgniter\CodeIgniter->run()
#7 {main}
CRITICAL - 2022-01-20 23:25:25 --> Return value of CodeIgniter\BaseModel::transformDataToArray() must be of the type array, bool returned
#0 /home4/projectmanagment/public_html/roshan_energy/system/BaseModel.php(832): CodeIgniter\BaseModel->transformDataToArray(true, 'update')
#1 /home4/projectmanagment/public_html/roshan_energy/system/Model.php(646): CodeIgniter\BaseModel->update(Array, true)
#2 /home4/projectmanagment/public_html/roshan_energy/app/Controllers/Statements.php(293): CodeIgniter\Model->update('account_number', true, 1)
#3 /home4/projectmanagment/public_html/roshan_energy/system/CodeIgniter.php(824): App\Controllers\Statements->generate_statements()
#4 /home4/projectmanagment/public_html/roshan_energy/system/CodeIgniter.php(410): CodeIgniter\CodeIgniter->runController(Object(App\Controllers\Statements))
#5 /home4/projectmanagment/public_html/roshan_energy/system/CodeIgniter.php(318): CodeIgniter\CodeIgniter->handleRequest(NULL, Object(Config\Cache), false)
#6 /home4/projectmanagment/public_html/roshan_energy/public/index.php(37): CodeIgniter\CodeIgniter->run()
#7 {main}
CRITICAL - 2022-01-20 23:25:28 --> Return value of CodeIgniter\BaseModel::transformDataToArray() must be of the type array, bool returned
#0 /home4/projectmanagment/public_html/roshan_energy/system/BaseModel.php(832): CodeIgniter\BaseModel->transformDataToArray(true, 'update')
#1 /home4/projectmanagment/public_html/roshan_energy/system/Model.php(646): CodeIgniter\BaseModel->update(Array, true)
#2 /home4/projectmanagment/public_html/roshan_energy/app/Controllers/Statements.php(293): CodeIgniter\Model->update('account_number', true, 1)
#3 /home4/projectmanagment/public_html/roshan_energy/system/CodeIgniter.php(824): App\Controllers\Statements->generate_statements()
#4 /home4/projectmanagment/public_html/roshan_energy/system/CodeIgniter.php(410): CodeIgniter\CodeIgniter->runController(Object(App\Controllers\Statements))
#5 /home4/projectmanagment/public_html/roshan_energy/system/CodeIgniter.php(318): CodeIgniter\CodeIgniter->handleRequest(NULL, Object(Config\Cache), false)
#6 /home4/projectmanagment/public_html/roshan_energy/public/index.php(37): CodeIgniter\CodeIgniter->run()
#7 {main}
CRITICAL - 2022-01-20 23:30:40 --> Undefined property: App\Controllers\Statements::$model11
#0 /home4/projectmanagment/public_html/roshan_energy/app/Controllers/Statements.php(292): CodeIgniter\Debug\Exceptions->errorHandler(8, 'Undefined prope...', '/home4/projectm...', 292, Array)
#1 /home4/projectmanagment/public_html/roshan_energy/system/CodeIgniter.php(824): App\Controllers\Statements->generate_statements()
#2 /home4/projectmanagment/public_html/roshan_energy/system/CodeIgniter.php(410): CodeIgniter\CodeIgniter->runController(Object(App\Controllers\Statements))
#3 /home4/projectmanagment/public_html/roshan_energy/system/CodeIgniter.php(318): CodeIgniter\CodeIgniter->handleRequest(NULL, Object(Config\Cache), false)
#4 /home4/projectmanagment/public_html/roshan_energy/public/index.php(37): CodeIgniter\CodeIgniter->run()
#5 {main}
CRITICAL - 2022-01-20 23:38:40 --> There is no data to update.
#0 /home4/projectmanagment/public_html/roshan_energy/system/BaseModel.php(1574): CodeIgniter\Database\Exceptions\DataException::forEmptyDataset('update')
#1 /home4/projectmanagment/public_html/roshan_energy/system/BaseModel.php(832): CodeIgniter\BaseModel->transformDataToArray(NULL, 'update')
#2 /home4/projectmanagment/public_html/roshan_energy/system/Model.php(646): CodeIgniter\BaseModel->update(Array, NULL)
#3 /home4/projectmanagment/public_html/roshan_energy/app/Controllers/Statements.php(293): CodeIgniter\Model->update(Array)
#4 /home4/projectmanagment/public_html/roshan_energy/system/CodeIgniter.php(824): App\Controllers\Statements->generate_statements()
#5 /home4/projectmanagment/public_html/roshan_energy/system/CodeIgniter.php(410): CodeIgniter\CodeIgniter->runController(Object(App\Controllers\Statements))
#6 /home4/projectmanagment/public_html/roshan_energy/system/CodeIgniter.php(318): CodeIgniter\CodeIgniter->handleRequest(NULL, Object(Config\Cache), false)
#7 /home4/projectmanagment/public_html/roshan_energy/public/index.php(37): CodeIgniter\CodeIgniter->run()
#8 {main}
