CRITICAL - 2021-12-01 10:07:10 --> The framework needs the following extension(s) installed and loaded: intl.
#0 C:\xampp\htdocs\ci4\system\CodeIgniter.php(219): CodeIgniter\Exceptions\FrameworkException::forMissingExtension('intl')
#1 C:\xampp\htdocs\ci4\system\CodeIgniter.php(177): CodeIgniter\CodeIgniter->resolvePlatformExtensions()
#2 C:\xampp\htdocs\ci4\system\bootstrap.php(146): CodeIgniter\CodeIgniter->initialize()
#3 C:\xampp\htdocs\ci4\public\index.php(28): require('C:\\xampp\\htdocs...')
#4 {main}
CRITICAL - 2021-12-01 10:07:14 --> The framework needs the following extension(s) installed and loaded: intl.
#0 C:\xampp\htdocs\ci4\system\CodeIgniter.php(219): CodeIgniter\Exceptions\FrameworkException::forMissingExtension('intl')
#1 C:\xampp\htdocs\ci4\system\CodeIgniter.php(177): CodeIgniter\CodeIgniter->resolvePlatformExtensions()
#2 C:\xampp\htdocs\ci4\system\bootstrap.php(146): CodeIgniter\CodeIgniter->initialize()
#3 C:\xampp\htdocs\ci4\public\index.php(28): require('C:\\xampp\\htdocs...')
#4 {main}
CRITICAL - 2021-12-01 10:07:18 --> The framework needs the following extension(s) installed and loaded: intl.
#0 C:\xampp\htdocs\ci4\system\CodeIgniter.php(219): CodeIgniter\Exceptions\FrameworkException::forMissingExtension('intl')
#1 C:\xampp\htdocs\ci4\system\CodeIgniter.php(177): CodeIgniter\CodeIgniter->resolvePlatformExtensions()
#2 C:\xampp\htdocs\ci4\system\bootstrap.php(146): CodeIgniter\CodeIgniter->initialize()
#3 C:\xampp\htdocs\ci4\public\index.php(28): require('C:\\xampp\\htdocs...')
#4 {main}
CRITICAL - 2021-12-01 10:07:21 --> The framework needs the following extension(s) installed and loaded: intl.
#0 C:\xampp\htdocs\ci4\system\CodeIgniter.php(219): CodeIgniter\Exceptions\FrameworkException::forMissingExtension('intl')
#1 C:\xampp\htdocs\ci4\system\CodeIgniter.php(177): CodeIgniter\CodeIgniter->resolvePlatformExtensions()
#2 C:\xampp\htdocs\ci4\system\bootstrap.php(146): CodeIgniter\CodeIgniter->initialize()
#3 C:\xampp\htdocs\ci4\public\index.php(28): require('C:\\xampp\\htdocs...')
#4 {main}
CRITICAL - 2021-12-01 10:13:51 --> The framework needs the following extension(s) installed and loaded: intl.
#0 C:\xampp\htdocs\ci4\system\CodeIgniter.php(219): CodeIgniter\Exceptions\FrameworkException::forMissingExtension('intl')
#1 C:\xampp\htdocs\ci4\system\CodeIgniter.php(177): CodeIgniter\CodeIgniter->resolvePlatformExtensions()
#2 C:\xampp\htdocs\ci4\system\bootstrap.php(146): CodeIgniter\CodeIgniter->initialize()
#3 C:\xampp\htdocs\ci4\public\index.php(28): require('C:\\xampp\\htdocs...')
#4 {main}
CRITICAL - 2021-12-01 10:13:56 --> The framework needs the following extension(s) installed and loaded: intl.
#0 C:\xampp\htdocs\ci4\system\CodeIgniter.php(219): CodeIgniter\Exceptions\FrameworkException::forMissingExtension('intl')
#1 C:\xampp\htdocs\ci4\system\CodeIgniter.php(177): CodeIgniter\CodeIgniter->resolvePlatformExtensions()
#2 C:\xampp\htdocs\ci4\system\bootstrap.php(146): CodeIgniter\CodeIgniter->initialize()
#3 C:\xampp\htdocs\ci4\public\index.php(28): require('C:\\xampp\\htdocs...')
#4 {main}
CRITICAL - 2021-12-01 10:14:30 --> The framework needs the following extension(s) installed and loaded: intl.
#0 C:\xampp\htdocs\ci4\system\CodeIgniter.php(219): CodeIgniter\Exceptions\FrameworkException::forMissingExtension('intl')
#1 C:\xampp\htdocs\ci4\system\CodeIgniter.php(177): CodeIgniter\CodeIgniter->resolvePlatformExtensions()
#2 C:\xampp\htdocs\ci4\system\bootstrap.php(146): CodeIgniter\CodeIgniter->initialize()
#3 C:\xampp\htdocs\ci4\public\index.php(28): require('C:\\xampp\\htdocs...')
#4 {main}
CRITICAL - 2021-12-01 10:16:58 --> The framework needs the following extension(s) installed and loaded: intl.
#0 C:\xampp\htdocs\ci4\system\CodeIgniter.php(219): CodeIgniter\Exceptions\FrameworkException::forMissingExtension('intl')
#1 C:\xampp\htdocs\ci4\system\CodeIgniter.php(177): CodeIgniter\CodeIgniter->resolvePlatformExtensions()
#2 C:\xampp\htdocs\ci4\system\bootstrap.php(146): CodeIgniter\CodeIgniter->initialize()
#3 C:\xampp\htdocs\ci4\public\index.php(28): require('C:\\xampp\\htdocs...')
#4 {main}
CRITICAL - 2021-12-01 10:17:02 --> The framework needs the following extension(s) installed and loaded: intl.
#0 C:\xampp\htdocs\ci4\system\CodeIgniter.php(219): CodeIgniter\Exceptions\FrameworkException::forMissingExtension('intl')
#1 C:\xampp\htdocs\ci4\system\CodeIgniter.php(177): CodeIgniter\CodeIgniter->resolvePlatformExtensions()
#2 C:\xampp\htdocs\ci4\system\bootstrap.php(146): CodeIgniter\CodeIgniter->initialize()
#3 C:\xampp\htdocs\ci4\public\index.php(28): require('C:\\xampp\\htdocs...')
#4 {main}
CRITICAL - 2021-12-01 10:19:09 --> The framework needs the following extension(s) installed and loaded: intl.
#0 C:\xampp\htdocs\ci4\system\CodeIgniter.php(219): CodeIgniter\Exceptions\FrameworkException::forMissingExtension('intl')
#1 C:\xampp\htdocs\ci4\system\CodeIgniter.php(177): CodeIgniter\CodeIgniter->resolvePlatformExtensions()
#2 C:\xampp\htdocs\ci4\system\bootstrap.php(146): CodeIgniter\CodeIgniter->initialize()
#3 C:\xampp\htdocs\ci4\public\index.php(28): require('C:\\xampp\\htdocs...')
#4 {main}
CRITICAL - 2021-12-01 10:19:09 --> The framework needs the following extension(s) installed and loaded: intl.
#0 C:\xampp\htdocs\ci4\system\CodeIgniter.php(219): CodeIgniter\Exceptions\FrameworkException::forMissingExtension('intl')
#1 C:\xampp\htdocs\ci4\system\CodeIgniter.php(177): CodeIgniter\CodeIgniter->resolvePlatformExtensions()
#2 C:\xampp\htdocs\ci4\system\bootstrap.php(146): CodeIgniter\CodeIgniter->initialize()
#3 C:\xampp\htdocs\ci4\public\index.php(28): require('C:\\xampp\\htdocs...')
#4 {main}
CRITICAL - 2021-12-01 10:19:09 --> The framework needs the following extension(s) installed and loaded: intl.
#0 C:\xampp\htdocs\ci4\system\CodeIgniter.php(219): CodeIgniter\Exceptions\FrameworkException::forMissingExtension('intl')
#1 C:\xampp\htdocs\ci4\system\CodeIgniter.php(177): CodeIgniter\CodeIgniter->resolvePlatformExtensions()
#2 C:\xampp\htdocs\ci4\system\bootstrap.php(146): CodeIgniter\CodeIgniter->initialize()
#3 C:\xampp\htdocs\ci4\public\index.php(28): require('C:\\xampp\\htdocs...')
#4 {main}
CRITICAL - 2021-12-01 10:19:10 --> The framework needs the following extension(s) installed and loaded: intl.
#0 C:\xampp\htdocs\ci4\system\CodeIgniter.php(219): CodeIgniter\Exceptions\FrameworkException::forMissingExtension('intl')
#1 C:\xampp\htdocs\ci4\system\CodeIgniter.php(177): CodeIgniter\CodeIgniter->resolvePlatformExtensions()
#2 C:\xampp\htdocs\ci4\system\bootstrap.php(146): CodeIgniter\CodeIgniter->initialize()
#3 C:\xampp\htdocs\ci4\public\index.php(28): require('C:\\xampp\\htdocs...')
#4 {main}
CRITICAL - 2021-12-01 10:19:10 --> The framework needs the following extension(s) installed and loaded: intl.
#0 C:\xampp\htdocs\ci4\system\CodeIgniter.php(219): CodeIgniter\Exceptions\FrameworkException::forMissingExtension('intl')
#1 C:\xampp\htdocs\ci4\system\CodeIgniter.php(177): CodeIgniter\CodeIgniter->resolvePlatformExtensions()
#2 C:\xampp\htdocs\ci4\system\bootstrap.php(146): CodeIgniter\CodeIgniter->initialize()
#3 C:\xampp\htdocs\ci4\public\index.php(28): require('C:\\xampp\\htdocs...')
#4 {main}
CRITICAL - 2021-12-01 10:19:10 --> The framework needs the following extension(s) installed and loaded: intl.
#0 C:\xampp\htdocs\ci4\system\CodeIgniter.php(219): CodeIgniter\Exceptions\FrameworkException::forMissingExtension('intl')
#1 C:\xampp\htdocs\ci4\system\CodeIgniter.php(177): CodeIgniter\CodeIgniter->resolvePlatformExtensions()
#2 C:\xampp\htdocs\ci4\system\bootstrap.php(146): CodeIgniter\CodeIgniter->initialize()
#3 C:\xampp\htdocs\ci4\public\index.php(28): require('C:\\xampp\\htdocs...')
#4 {main}
CRITICAL - 2021-12-01 10:19:10 --> The framework needs the following extension(s) installed and loaded: intl.
#0 C:\xampp\htdocs\ci4\system\CodeIgniter.php(219): CodeIgniter\Exceptions\FrameworkException::forMissingExtension('intl')
#1 C:\xampp\htdocs\ci4\system\CodeIgniter.php(177): CodeIgniter\CodeIgniter->resolvePlatformExtensions()
#2 C:\xampp\htdocs\ci4\system\bootstrap.php(146): CodeIgniter\CodeIgniter->initialize()
#3 C:\xampp\htdocs\ci4\public\index.php(28): require('C:\\xampp\\htdocs...')
#4 {main}
CRITICAL - 2021-12-01 10:19:16 --> The framework needs the following extension(s) installed and loaded: intl.
#0 C:\xampp\htdocs\ci4\system\CodeIgniter.php(219): CodeIgniter\Exceptions\FrameworkException::forMissingExtension('intl')
#1 C:\xampp\htdocs\ci4\system\CodeIgniter.php(177): CodeIgniter\CodeIgniter->resolvePlatformExtensions()
#2 C:\xampp\htdocs\ci4\system\bootstrap.php(146): CodeIgniter\CodeIgniter->initialize()
#3 C:\xampp\htdocs\ci4\public\index.php(28): require('C:\\xampp\\htdocs...')
#4 {main}
CRITICAL - 2021-12-01 10:19:24 --> The framework needs the following extension(s) installed and loaded: intl.
#0 C:\xampp\htdocs\ci4\system\CodeIgniter.php(219): CodeIgniter\Exceptions\FrameworkException::forMissingExtension('intl')
#1 C:\xampp\htdocs\ci4\system\CodeIgniter.php(177): CodeIgniter\CodeIgniter->resolvePlatformExtensions()
#2 C:\xampp\htdocs\ci4\system\bootstrap.php(146): CodeIgniter\CodeIgniter->initialize()
#3 C:\xampp\htdocs\ci4\public\index.php(28): require('C:\\xampp\\htdocs...')
#4 {main}
CRITICAL - 2021-12-01 10:48:24 --> The framework needs the following extension(s) installed and loaded: intl.
#0 C:\xampp\htdocs\ci4\system\CodeIgniter.php(219): CodeIgniter\Exceptions\FrameworkException::forMissingExtension('intl')
#1 C:\xampp\htdocs\ci4\system\CodeIgniter.php(177): CodeIgniter\CodeIgniter->resolvePlatformExtensions()
#2 C:\xampp\htdocs\ci4\system\bootstrap.php(146): CodeIgniter\CodeIgniter->initialize()
#3 C:\xampp\htdocs\ci4\public\index.php(28): require('C:\\xampp\\htdocs...')
#4 {main}
CRITICAL - 2021-12-01 10:49:10 --> The framework needs the following extension(s) installed and loaded: intl.
#0 C:\xampp\htdocs\ci4\system\CodeIgniter.php(219): CodeIgniter\Exceptions\FrameworkException::forMissingExtension('intl')
#1 C:\xampp\htdocs\ci4\system\CodeIgniter.php(177): CodeIgniter\CodeIgniter->resolvePlatformExtensions()
#2 C:\xampp\htdocs\ci4\system\bootstrap.php(146): CodeIgniter\CodeIgniter->initialize()
#3 C:\xampp\htdocs\ci4\public\index.php(28): require('C:\\xampp\\htdocs...')
#4 {main}
CRITICAL - 2021-12-01 10:49:11 --> The framework needs the following extension(s) installed and loaded: intl.
#0 C:\xampp\htdocs\ci4\system\CodeIgniter.php(219): CodeIgniter\Exceptions\FrameworkException::forMissingExtension('intl')
#1 C:\xampp\htdocs\ci4\system\CodeIgniter.php(177): CodeIgniter\CodeIgniter->resolvePlatformExtensions()
#2 C:\xampp\htdocs\ci4\system\bootstrap.php(146): CodeIgniter\CodeIgniter->initialize()
#3 C:\xampp\htdocs\ci4\public\index.php(28): require('C:\\xampp\\htdocs...')
#4 {main}
CRITICAL - 2021-12-01 10:49:11 --> The framework needs the following extension(s) installed and loaded: intl.
#0 C:\xampp\htdocs\ci4\system\CodeIgniter.php(219): CodeIgniter\Exceptions\FrameworkException::forMissingExtension('intl')
#1 C:\xampp\htdocs\ci4\system\CodeIgniter.php(177): CodeIgniter\CodeIgniter->resolvePlatformExtensions()
#2 C:\xampp\htdocs\ci4\system\bootstrap.php(146): CodeIgniter\CodeIgniter->initialize()
#3 C:\xampp\htdocs\ci4\public\index.php(28): require('C:\\xampp\\htdocs...')
#4 {main}
CRITICAL - 2021-12-01 10:53:56 --> The framework needs the following extension(s) installed and loaded: intl.
#0 C:\xampp\htdocs\ci4\system\CodeIgniter.php(219): CodeIgniter\Exceptions\FrameworkException::forMissingExtension('intl')
#1 C:\xampp\htdocs\ci4\system\CodeIgniter.php(177): CodeIgniter\CodeIgniter->resolvePlatformExtensions()
#2 C:\xampp\htdocs\ci4\system\bootstrap.php(146): CodeIgniter\CodeIgniter->initialize()
#3 C:\xampp\htdocs\ci4\public\index.php(28): require('C:\\xampp\\htdocs...')
#4 {main}
CRITICAL - 2021-12-01 10:57:35 --> The framework needs the following extension(s) installed and loaded: intl.
#0 C:\xampp\htdocs\ci4\system\CodeIgniter.php(219): CodeIgniter\Exceptions\FrameworkException::forMissingExtension('intl')
#1 C:\xampp\htdocs\ci4\system\CodeIgniter.php(177): CodeIgniter\CodeIgniter->resolvePlatformExtensions()
#2 C:\xampp\htdocs\ci4\system\bootstrap.php(146): CodeIgniter\CodeIgniter->initialize()
#3 C:\xampp\htdocs\ci4\public\index.php(28): require('C:\\xampp\\htdocs...')
#4 {main}
CRITICAL - 2021-12-01 10:57:35 --> The framework needs the following extension(s) installed and loaded: intl.
#0 C:\xampp\htdocs\ci4\system\CodeIgniter.php(219): CodeIgniter\Exceptions\FrameworkException::forMissingExtension('intl')
#1 C:\xampp\htdocs\ci4\system\CodeIgniter.php(177): CodeIgniter\CodeIgniter->resolvePlatformExtensions()
#2 C:\xampp\htdocs\ci4\system\bootstrap.php(146): CodeIgniter\CodeIgniter->initialize()
#3 C:\xampp\htdocs\ci4\public\index.php(28): require('C:\\xampp\\htdocs...')
#4 {main}
CRITICAL - 2021-12-01 10:57:36 --> The framework needs the following extension(s) installed and loaded: intl.
#0 C:\xampp\htdocs\ci4\system\CodeIgniter.php(219): CodeIgniter\Exceptions\FrameworkException::forMissingExtension('intl')
#1 C:\xampp\htdocs\ci4\system\CodeIgniter.php(177): CodeIgniter\CodeIgniter->resolvePlatformExtensions()
#2 C:\xampp\htdocs\ci4\system\bootstrap.php(146): CodeIgniter\CodeIgniter->initialize()
#3 C:\xampp\htdocs\ci4\public\index.php(28): require('C:\\xampp\\htdocs...')
#4 {main}
CRITICAL - 2021-12-01 10:57:37 --> The framework needs the following extension(s) installed and loaded: intl.
#0 C:\xampp\htdocs\ci4\system\CodeIgniter.php(219): CodeIgniter\Exceptions\FrameworkException::forMissingExtension('intl')
#1 C:\xampp\htdocs\ci4\system\CodeIgniter.php(177): CodeIgniter\CodeIgniter->resolvePlatformExtensions()
#2 C:\xampp\htdocs\ci4\system\bootstrap.php(146): CodeIgniter\CodeIgniter->initialize()
#3 C:\xampp\htdocs\ci4\public\index.php(28): require('C:\\xampp\\htdocs...')
#4 {main}
CRITICAL - 2021-12-01 10:57:37 --> The framework needs the following extension(s) installed and loaded: intl.
#0 C:\xampp\htdocs\ci4\system\CodeIgniter.php(219): CodeIgniter\Exceptions\FrameworkException::forMissingExtension('intl')
#1 C:\xampp\htdocs\ci4\system\CodeIgniter.php(177): CodeIgniter\CodeIgniter->resolvePlatformExtensions()
#2 C:\xampp\htdocs\ci4\system\bootstrap.php(146): CodeIgniter\CodeIgniter->initialize()
#3 C:\xampp\htdocs\ci4\public\index.php(28): require('C:\\xampp\\htdocs...')
#4 {main}
CRITICAL - 2021-12-01 10:57:39 --> The framework needs the following extension(s) installed and loaded: intl.
#0 C:\xampp\htdocs\ci4\system\CodeIgniter.php(219): CodeIgniter\Exceptions\FrameworkException::forMissingExtension('intl')
#1 C:\xampp\htdocs\ci4\system\CodeIgniter.php(177): CodeIgniter\CodeIgniter->resolvePlatformExtensions()
#2 C:\xampp\htdocs\ci4\system\bootstrap.php(146): CodeIgniter\CodeIgniter->initialize()
#3 C:\xampp\htdocs\ci4\public\index.php(28): require('C:\\xampp\\htdocs...')
#4 {main}
CRITICAL - 2021-12-01 10:57:41 --> The framework needs the following extension(s) installed and loaded: intl.
#0 C:\xampp\htdocs\ci4\system\CodeIgniter.php(219): CodeIgniter\Exceptions\FrameworkException::forMissingExtension('intl')
#1 C:\xampp\htdocs\ci4\system\CodeIgniter.php(177): CodeIgniter\CodeIgniter->resolvePlatformExtensions()
#2 C:\xampp\htdocs\ci4\system\bootstrap.php(146): CodeIgniter\CodeIgniter->initialize()
#3 C:\xampp\htdocs\ci4\public\index.php(28): require('C:\\xampp\\htdocs...')
#4 {main}
CRITICAL - 2021-12-01 11:04:04 --> The framework needs the following extension(s) installed and loaded: intl.
#0 C:\xampp\htdocs\ci4\system\CodeIgniter.php(219): CodeIgniter\Exceptions\FrameworkException::forMissingExtension('intl')
#1 C:\xampp\htdocs\ci4\system\CodeIgniter.php(177): CodeIgniter\CodeIgniter->resolvePlatformExtensions()
#2 C:\xampp\htdocs\ci4\system\bootstrap.php(146): CodeIgniter\CodeIgniter->initialize()
#3 C:\xampp\htdocs\ci4\public\index.php(28): require('C:\\xampp\\htdocs...')
#4 {main}
CRITICAL - 2021-12-01 11:04:20 --> The framework needs the following extension(s) installed and loaded: intl.
#0 C:\xampp\htdocs\ci4\system\CodeIgniter.php(219): CodeIgniter\Exceptions\FrameworkException::forMissingExtension('intl')
#1 C:\xampp\htdocs\ci4\system\CodeIgniter.php(177): CodeIgniter\CodeIgniter->resolvePlatformExtensions()
#2 C:\xampp\htdocs\ci4\system\bootstrap.php(146): CodeIgniter\CodeIgniter->initialize()
#3 C:\xampp\htdocs\ci4\public\index.php(28): require('C:\\xampp\\htdocs...')
#4 {main}
CRITICAL - 2021-12-01 11:16:35 --> The framework needs the following extension(s) installed and loaded: intl.
#0 C:\xampp\htdocs\ci4\system\CodeIgniter.php(219): CodeIgniter\Exceptions\FrameworkException::forMissingExtension('intl')
#1 C:\xampp\htdocs\ci4\system\CodeIgniter.php(177): CodeIgniter\CodeIgniter->resolvePlatformExtensions()
#2 C:\xampp\htdocs\ci4\system\bootstrap.php(146): CodeIgniter\CodeIgniter->initialize()
#3 C:\xampp\htdocs\ci4\spark(45): require('C:\\xampp\\htdocs...')
#4 {main}
CRITICAL - 2021-12-01 11:16:51 --> The framework needs the following extension(s) installed and loaded: intl.
#0 C:\xampp\htdocs\ci4\system\CodeIgniter.php(219): CodeIgniter\Exceptions\FrameworkException::forMissingExtension('intl')
#1 C:\xampp\htdocs\ci4\system\CodeIgniter.php(177): CodeIgniter\CodeIgniter->resolvePlatformExtensions()
#2 C:\xampp\htdocs\ci4\system\bootstrap.php(146): CodeIgniter\CodeIgniter->initialize()
#3 C:\xampp\htdocs\ci4\spark(45): require('C:\\xampp\\htdocs...')
#4 {main}
CRITICAL - 2021-12-01 05:08:34 --> Invalid file: welcome Admin to codeigniter 4.php
#0 C:\xampp\htdocs\ci4\system\View\View.php(198): CodeIgniter\Exceptions\FrameworkException::forInvalidFile('welcome Admin t...')
#1 C:\xampp\htdocs\ci4\system\Common.php(1097): CodeIgniter\View\View->render('welcome Admin t...', Array, true)
#2 C:\xampp\htdocs\ci4\app\Controllers\Admin.php(9): view('welcome Admin t...')
#3 C:\xampp\htdocs\ci4\system\CodeIgniter.php(824): App\Controllers\Admin->admin()
#4 C:\xampp\htdocs\ci4\system\CodeIgniter.php(410): CodeIgniter\CodeIgniter->runController(Object(App\Controllers\Admin))
#5 C:\xampp\htdocs\ci4\system\CodeIgniter.php(318): CodeIgniter\CodeIgniter->handleRequest(NULL, Object(Config\Cache), false)
#6 C:\xampp\htdocs\ci4\public\index.php(37): CodeIgniter\CodeIgniter->run()
#7 C:\xampp\htdocs\ci4\system\Commands\Server\rewrite.php(43): require_once('C:\\xampp\\htdocs...')
#8 {main}
CRITICAL - 2021-12-01 05:08:36 --> Invalid file: welcome Admin to codeigniter 4.php
#0 C:\xampp\htdocs\ci4\system\View\View.php(198): CodeIgniter\Exceptions\FrameworkException::forInvalidFile('welcome Admin t...')
#1 C:\xampp\htdocs\ci4\system\Common.php(1097): CodeIgniter\View\View->render('welcome Admin t...', Array, true)
#2 C:\xampp\htdocs\ci4\app\Controllers\Admin.php(9): view('welcome Admin t...')
#3 C:\xampp\htdocs\ci4\system\CodeIgniter.php(824): App\Controllers\Admin->admin()
#4 C:\xampp\htdocs\ci4\system\CodeIgniter.php(410): CodeIgniter\CodeIgniter->runController(Object(App\Controllers\Admin))
#5 C:\xampp\htdocs\ci4\system\CodeIgniter.php(318): CodeIgniter\CodeIgniter->handleRequest(NULL, Object(Config\Cache), false)
#6 C:\xampp\htdocs\ci4\public\index.php(37): CodeIgniter\CodeIgniter->run()
#7 C:\xampp\htdocs\ci4\system\Commands\Server\rewrite.php(43): require_once('C:\\xampp\\htdocs...')
#8 {main}
CRITICAL - 2021-12-01 05:10:36 --> Invalid file: welcome Admin to codeigniter 4.php
#0 C:\xampp\htdocs\ci4\system\View\View.php(198): CodeIgniter\Exceptions\FrameworkException::forInvalidFile('welcome Admin t...')
#1 C:\xampp\htdocs\ci4\system\Common.php(1097): CodeIgniter\View\View->render('welcome Admin t...', Array, true)
#2 C:\xampp\htdocs\ci4\app\Controllers\Admin.php(9): view('welcome Admin t...')
#3 C:\xampp\htdocs\ci4\system\CodeIgniter.php(824): App\Controllers\Admin->admin()
#4 C:\xampp\htdocs\ci4\system\CodeIgniter.php(410): CodeIgniter\CodeIgniter->runController(Object(App\Controllers\Admin))
#5 C:\xampp\htdocs\ci4\system\CodeIgniter.php(318): CodeIgniter\CodeIgniter->handleRequest(NULL, Object(Config\Cache), false)
#6 C:\xampp\htdocs\ci4\public\index.php(37): CodeIgniter\CodeIgniter->run()
#7 C:\xampp\htdocs\ci4\system\Commands\Server\rewrite.php(43): require_once('C:\\xampp\\htdocs...')
#8 {main}
CRITICAL - 2021-12-01 05:10:38 --> Invalid file: welcome Admin to codeigniter 4.php
#0 C:\xampp\htdocs\ci4\system\View\View.php(198): CodeIgniter\Exceptions\FrameworkException::forInvalidFile('welcome Admin t...')
#1 C:\xampp\htdocs\ci4\system\Common.php(1097): CodeIgniter\View\View->render('welcome Admin t...', Array, true)
#2 C:\xampp\htdocs\ci4\app\Controllers\Admin.php(9): view('welcome Admin t...')
#3 C:\xampp\htdocs\ci4\system\CodeIgniter.php(824): App\Controllers\Admin->admin()
#4 C:\xampp\htdocs\ci4\system\CodeIgniter.php(410): CodeIgniter\CodeIgniter->runController(Object(App\Controllers\Admin))
#5 C:\xampp\htdocs\ci4\system\CodeIgniter.php(318): CodeIgniter\CodeIgniter->handleRequest(NULL, Object(Config\Cache), false)
#6 C:\xampp\htdocs\ci4\public\index.php(37): CodeIgniter\CodeIgniter->run()
#7 C:\xampp\htdocs\ci4\system\Commands\Server\rewrite.php(43): require_once('C:\\xampp\\htdocs...')
#8 {main}
CRITICAL - 2021-12-01 05:14:55 --> Invalid file: welcome Admin to codeigniter 4.php
#0 C:\xampp\htdocs\ci4\system\View\View.php(198): CodeIgniter\Exceptions\FrameworkException::forInvalidFile('welcome Admin t...')
#1 C:\xampp\htdocs\ci4\system\Common.php(1097): CodeIgniter\View\View->render('welcome Admin t...', Array, true)
#2 C:\xampp\htdocs\ci4\app\Controllers\Admin.php(9): view('welcome Admin t...')
#3 C:\xampp\htdocs\ci4\system\CodeIgniter.php(824): App\Controllers\Admin->admin()
#4 C:\xampp\htdocs\ci4\system\CodeIgniter.php(410): CodeIgniter\CodeIgniter->runController(Object(App\Controllers\Admin))
#5 C:\xampp\htdocs\ci4\system\CodeIgniter.php(318): CodeIgniter\CodeIgniter->handleRequest(NULL, Object(Config\Cache), false)
#6 C:\xampp\htdocs\ci4\public\index.php(37): CodeIgniter\CodeIgniter->run()
#7 C:\xampp\htdocs\ci4\system\Commands\Server\rewrite.php(43): require_once('C:\\xampp\\htdocs...')
#8 {main}
CRITICAL - 2021-12-01 05:16:13 --> Invalid file: welcome Admin to codeigniter 4.php
#0 C:\xampp\htdocs\ci4\system\View\View.php(198): CodeIgniter\Exceptions\FrameworkException::forInvalidFile('welcome Admin t...')
#1 C:\xampp\htdocs\ci4\system\Common.php(1097): CodeIgniter\View\View->render('welcome Admin t...', Array, true)
#2 C:\xampp\htdocs\ci4\app\Controllers\Admin.php(9): view('welcome Admin t...')
#3 C:\xampp\htdocs\ci4\system\CodeIgniter.php(824): App\Controllers\Admin->admin()
#4 C:\xampp\htdocs\ci4\system\CodeIgniter.php(410): CodeIgniter\CodeIgniter->runController(Object(App\Controllers\Admin))
#5 C:\xampp\htdocs\ci4\system\CodeIgniter.php(318): CodeIgniter\CodeIgniter->handleRequest(NULL, Object(Config\Cache), false)
#6 C:\xampp\htdocs\ci4\public\index.php(37): CodeIgniter\CodeIgniter->run()
#7 C:\xampp\htdocs\ci4\system\Commands\Server\rewrite.php(43): require_once('C:\\xampp\\htdocs...')
#8 {main}
CRITICAL - 2021-12-01 06:26:09 --> Function name must be a string
#0 C:\xampp\htdocs\utilities_bills\system\View\View.php(214): include()
#1 C:\xampp\htdocs\utilities_bills\system\View\View.php(217): CodeIgniter\View\View->CodeIgniter\View\{closure}()
#2 C:\xampp\htdocs\utilities_bills\system\Common.php(1097): CodeIgniter\View\View->render('Authentication/...', Array, true)
#3 C:\xampp\htdocs\utilities_bills\app\Controllers\Authentication.php(9): view('Authentication/...')
#4 C:\xampp\htdocs\utilities_bills\system\CodeIgniter.php(824): App\Controllers\Authentication->login()
#5 C:\xampp\htdocs\utilities_bills\system\CodeIgniter.php(410): CodeIgniter\CodeIgniter->runController(Object(App\Controllers\Authentication))
#6 C:\xampp\htdocs\utilities_bills\system\CodeIgniter.php(318): CodeIgniter\CodeIgniter->handleRequest(NULL, Object(Config\Cache), false)
#7 C:\xampp\htdocs\utilities_bills\public\index.php(37): CodeIgniter\CodeIgniter->run()
#8 C:\xampp\htdocs\utilities_bills\system\Commands\Server\rewrite.php(43): require_once('C:\\xampp\\htdocs...')
#9 {main}
CRITICAL - 2021-12-01 06:26:10 --> Function name must be a string
#0 C:\xampp\htdocs\utilities_bills\system\View\View.php(214): include()
#1 C:\xampp\htdocs\utilities_bills\system\View\View.php(217): CodeIgniter\View\View->CodeIgniter\View\{closure}()
#2 C:\xampp\htdocs\utilities_bills\system\Common.php(1097): CodeIgniter\View\View->render('Authentication/...', Array, true)
#3 C:\xampp\htdocs\utilities_bills\app\Controllers\Authentication.php(9): view('Authentication/...')
#4 C:\xampp\htdocs\utilities_bills\system\CodeIgniter.php(824): App\Controllers\Authentication->login()
#5 C:\xampp\htdocs\utilities_bills\system\CodeIgniter.php(410): CodeIgniter\CodeIgniter->runController(Object(App\Controllers\Authentication))
#6 C:\xampp\htdocs\utilities_bills\system\CodeIgniter.php(318): CodeIgniter\CodeIgniter->handleRequest(NULL, Object(Config\Cache), false)
#7 C:\xampp\htdocs\utilities_bills\public\index.php(37): CodeIgniter\CodeIgniter->run()
#8 C:\xampp\htdocs\utilities_bills\system\Commands\Server\rewrite.php(43): require_once('C:\\xampp\\htdocs...')
#9 {main}
CRITICAL - 2021-12-01 06:26:11 --> Function name must be a string
#0 C:\xampp\htdocs\utilities_bills\system\View\View.php(214): include()
#1 C:\xampp\htdocs\utilities_bills\system\View\View.php(217): CodeIgniter\View\View->CodeIgniter\View\{closure}()
#2 C:\xampp\htdocs\utilities_bills\system\Common.php(1097): CodeIgniter\View\View->render('Authentication/...', Array, true)
#3 C:\xampp\htdocs\utilities_bills\app\Controllers\Authentication.php(9): view('Authentication/...')
#4 C:\xampp\htdocs\utilities_bills\system\CodeIgniter.php(824): App\Controllers\Authentication->login()
#5 C:\xampp\htdocs\utilities_bills\system\CodeIgniter.php(410): CodeIgniter\CodeIgniter->runController(Object(App\Controllers\Authentication))
#6 C:\xampp\htdocs\utilities_bills\system\CodeIgniter.php(318): CodeIgniter\CodeIgniter->handleRequest(NULL, Object(Config\Cache), false)
#7 C:\xampp\htdocs\utilities_bills\public\index.php(37): CodeIgniter\CodeIgniter->run()
#8 C:\xampp\htdocs\utilities_bills\system\Commands\Server\rewrite.php(43): require_once('C:\\xampp\\htdocs...')
#9 {main}
CRITICAL - 2021-12-01 06:26:11 --> Function name must be a string
#0 C:\xampp\htdocs\utilities_bills\system\View\View.php(214): include()
#1 C:\xampp\htdocs\utilities_bills\system\View\View.php(217): CodeIgniter\View\View->CodeIgniter\View\{closure}()
#2 C:\xampp\htdocs\utilities_bills\system\Common.php(1097): CodeIgniter\View\View->render('Authentication/...', Array, true)
#3 C:\xampp\htdocs\utilities_bills\app\Controllers\Authentication.php(9): view('Authentication/...')
#4 C:\xampp\htdocs\utilities_bills\system\CodeIgniter.php(824): App\Controllers\Authentication->login()
#5 C:\xampp\htdocs\utilities_bills\system\CodeIgniter.php(410): CodeIgniter\CodeIgniter->runController(Object(App\Controllers\Authentication))
#6 C:\xampp\htdocs\utilities_bills\system\CodeIgniter.php(318): CodeIgniter\CodeIgniter->handleRequest(NULL, Object(Config\Cache), false)
#7 C:\xampp\htdocs\utilities_bills\public\index.php(37): CodeIgniter\CodeIgniter->run()
#8 C:\xampp\htdocs\utilities_bills\system\Commands\Server\rewrite.php(43): require_once('C:\\xampp\\htdocs...')
#9 {main}
CRITICAL - 2021-12-01 06:26:13 --> Function name must be a string
#0 C:\xampp\htdocs\utilities_bills\system\View\View.php(214): include()
#1 C:\xampp\htdocs\utilities_bills\system\View\View.php(217): CodeIgniter\View\View->CodeIgniter\View\{closure}()
#2 C:\xampp\htdocs\utilities_bills\system\Common.php(1097): CodeIgniter\View\View->render('Authentication/...', Array, true)
#3 C:\xampp\htdocs\utilities_bills\app\Controllers\Authentication.php(9): view('Authentication/...')
#4 C:\xampp\htdocs\utilities_bills\system\CodeIgniter.php(824): App\Controllers\Authentication->login()
#5 C:\xampp\htdocs\utilities_bills\system\CodeIgniter.php(410): CodeIgniter\CodeIgniter->runController(Object(App\Controllers\Authentication))
#6 C:\xampp\htdocs\utilities_bills\system\CodeIgniter.php(318): CodeIgniter\CodeIgniter->handleRequest(NULL, Object(Config\Cache), false)
#7 C:\xampp\htdocs\utilities_bills\public\index.php(37): CodeIgniter\CodeIgniter->run()
#8 C:\xampp\htdocs\utilities_bills\system\Commands\Server\rewrite.php(43): require_once('C:\\xampp\\htdocs...')
#9 {main}
CRITICAL - 2021-12-01 06:26:14 --> Function name must be a string
#0 C:\xampp\htdocs\utilities_bills\system\View\View.php(214): include()
#1 C:\xampp\htdocs\utilities_bills\system\View\View.php(217): CodeIgniter\View\View->CodeIgniter\View\{closure}()
#2 C:\xampp\htdocs\utilities_bills\system\Common.php(1097): CodeIgniter\View\View->render('Authentication/...', Array, true)
#3 C:\xampp\htdocs\utilities_bills\app\Controllers\Authentication.php(9): view('Authentication/...')
#4 C:\xampp\htdocs\utilities_bills\system\CodeIgniter.php(824): App\Controllers\Authentication->login()
#5 C:\xampp\htdocs\utilities_bills\system\CodeIgniter.php(410): CodeIgniter\CodeIgniter->runController(Object(App\Controllers\Authentication))
#6 C:\xampp\htdocs\utilities_bills\system\CodeIgniter.php(318): CodeIgniter\CodeIgniter->handleRequest(NULL, Object(Config\Cache), false)
#7 C:\xampp\htdocs\utilities_bills\public\index.php(37): CodeIgniter\CodeIgniter->run()
#8 C:\xampp\htdocs\utilities_bills\system\Commands\Server\rewrite.php(43): require_once('C:\\xampp\\htdocs...')
#9 {main}
CRITICAL - 2021-12-01 06:27:11 --> Call to undefined function baseURL()
#0 C:\xampp\htdocs\utilities_bills\system\View\View.php(214): include()
#1 C:\xampp\htdocs\utilities_bills\system\View\View.php(217): CodeIgniter\View\View->CodeIgniter\View\{closure}()
#2 C:\xampp\htdocs\utilities_bills\system\Common.php(1097): CodeIgniter\View\View->render('Authentication/...', Array, true)
#3 C:\xampp\htdocs\utilities_bills\app\Controllers\Authentication.php(9): view('Authentication/...')
#4 C:\xampp\htdocs\utilities_bills\system\CodeIgniter.php(824): App\Controllers\Authentication->login()
#5 C:\xampp\htdocs\utilities_bills\system\CodeIgniter.php(410): CodeIgniter\CodeIgniter->runController(Object(App\Controllers\Authentication))
#6 C:\xampp\htdocs\utilities_bills\system\CodeIgniter.php(318): CodeIgniter\CodeIgniter->handleRequest(NULL, Object(Config\Cache), false)
#7 C:\xampp\htdocs\utilities_bills\public\index.php(37): CodeIgniter\CodeIgniter->run()
#8 C:\xampp\htdocs\utilities_bills\system\Commands\Server\rewrite.php(43): require_once('C:\\xampp\\htdocs...')
#9 {main}
CRITICAL - 2021-12-01 06:27:15 --> Call to undefined function baseURL()
#0 C:\xampp\htdocs\utilities_bills\system\View\View.php(214): include()
#1 C:\xampp\htdocs\utilities_bills\system\View\View.php(217): CodeIgniter\View\View->CodeIgniter\View\{closure}()
#2 C:\xampp\htdocs\utilities_bills\system\Common.php(1097): CodeIgniter\View\View->render('Authentication/...', Array, true)
#3 C:\xampp\htdocs\utilities_bills\app\Controllers\Authentication.php(9): view('Authentication/...')
#4 C:\xampp\htdocs\utilities_bills\system\CodeIgniter.php(824): App\Controllers\Authentication->login()
#5 C:\xampp\htdocs\utilities_bills\system\CodeIgniter.php(410): CodeIgniter\CodeIgniter->runController(Object(App\Controllers\Authentication))
#6 C:\xampp\htdocs\utilities_bills\system\CodeIgniter.php(318): CodeIgniter\CodeIgniter->handleRequest(NULL, Object(Config\Cache), false)
#7 C:\xampp\htdocs\utilities_bills\public\index.php(37): CodeIgniter\CodeIgniter->run()
#8 C:\xampp\htdocs\utilities_bills\system\Commands\Server\rewrite.php(43): require_once('C:\\xampp\\htdocs...')
#9 {main}
CRITICAL - 2021-12-01 06:27:15 --> Call to undefined function baseURL()
#0 C:\xampp\htdocs\utilities_bills\system\View\View.php(214): include()
#1 C:\xampp\htdocs\utilities_bills\system\View\View.php(217): CodeIgniter\View\View->CodeIgniter\View\{closure}()
#2 C:\xampp\htdocs\utilities_bills\system\Common.php(1097): CodeIgniter\View\View->render('Authentication/...', Array, true)
#3 C:\xampp\htdocs\utilities_bills\app\Controllers\Authentication.php(9): view('Authentication/...')
#4 C:\xampp\htdocs\utilities_bills\system\CodeIgniter.php(824): App\Controllers\Authentication->login()
#5 C:\xampp\htdocs\utilities_bills\system\CodeIgniter.php(410): CodeIgniter\CodeIgniter->runController(Object(App\Controllers\Authentication))
#6 C:\xampp\htdocs\utilities_bills\system\CodeIgniter.php(318): CodeIgniter\CodeIgniter->handleRequest(NULL, Object(Config\Cache), false)
#7 C:\xampp\htdocs\utilities_bills\public\index.php(37): CodeIgniter\CodeIgniter->run()
#8 C:\xampp\htdocs\utilities_bills\system\Commands\Server\rewrite.php(43): require_once('C:\\xampp\\htdocs...')
#9 {main}
CRITICAL - 2021-12-01 06:27:15 --> Call to undefined function baseURL()
#0 C:\xampp\htdocs\utilities_bills\system\View\View.php(214): include()
#1 C:\xampp\htdocs\utilities_bills\system\View\View.php(217): CodeIgniter\View\View->CodeIgniter\View\{closure}()
#2 C:\xampp\htdocs\utilities_bills\system\Common.php(1097): CodeIgniter\View\View->render('Authentication/...', Array, true)
#3 C:\xampp\htdocs\utilities_bills\app\Controllers\Authentication.php(9): view('Authentication/...')
#4 C:\xampp\htdocs\utilities_bills\system\CodeIgniter.php(824): App\Controllers\Authentication->login()
#5 C:\xampp\htdocs\utilities_bills\system\CodeIgniter.php(410): CodeIgniter\CodeIgniter->runController(Object(App\Controllers\Authentication))
#6 C:\xampp\htdocs\utilities_bills\system\CodeIgniter.php(318): CodeIgniter\CodeIgniter->handleRequest(NULL, Object(Config\Cache), false)
#7 C:\xampp\htdocs\utilities_bills\public\index.php(37): CodeIgniter\CodeIgniter->run()
#8 C:\xampp\htdocs\utilities_bills\system\Commands\Server\rewrite.php(43): require_once('C:\\xampp\\htdocs...')
#9 {main}
CRITICAL - 2021-12-01 06:27:15 --> Call to undefined function baseURL()
#0 C:\xampp\htdocs\utilities_bills\system\View\View.php(214): include()
#1 C:\xampp\htdocs\utilities_bills\system\View\View.php(217): CodeIgniter\View\View->CodeIgniter\View\{closure}()
#2 C:\xampp\htdocs\utilities_bills\system\Common.php(1097): CodeIgniter\View\View->render('Authentication/...', Array, true)
#3 C:\xampp\htdocs\utilities_bills\app\Controllers\Authentication.php(9): view('Authentication/...')
#4 C:\xampp\htdocs\utilities_bills\system\CodeIgniter.php(824): App\Controllers\Authentication->login()
#5 C:\xampp\htdocs\utilities_bills\system\CodeIgniter.php(410): CodeIgniter\CodeIgniter->runController(Object(App\Controllers\Authentication))
#6 C:\xampp\htdocs\utilities_bills\system\CodeIgniter.php(318): CodeIgniter\CodeIgniter->handleRequest(NULL, Object(Config\Cache), false)
#7 C:\xampp\htdocs\utilities_bills\public\index.php(37): CodeIgniter\CodeIgniter->run()
#8 C:\xampp\htdocs\utilities_bills\system\Commands\Server\rewrite.php(43): require_once('C:\\xampp\\htdocs...')
#9 {main}
CRITICAL - 2021-12-01 06:27:15 --> Call to undefined function baseURL()
#0 C:\xampp\htdocs\utilities_bills\system\View\View.php(214): include()
#1 C:\xampp\htdocs\utilities_bills\system\View\View.php(217): CodeIgniter\View\View->CodeIgniter\View\{closure}()
#2 C:\xampp\htdocs\utilities_bills\system\Common.php(1097): CodeIgniter\View\View->render('Authentication/...', Array, true)
#3 C:\xampp\htdocs\utilities_bills\app\Controllers\Authentication.php(9): view('Authentication/...')
#4 C:\xampp\htdocs\utilities_bills\system\CodeIgniter.php(824): App\Controllers\Authentication->login()
#5 C:\xampp\htdocs\utilities_bills\system\CodeIgniter.php(410): CodeIgniter\CodeIgniter->runController(Object(App\Controllers\Authentication))
#6 C:\xampp\htdocs\utilities_bills\system\CodeIgniter.php(318): CodeIgniter\CodeIgniter->handleRequest(NULL, Object(Config\Cache), false)
#7 C:\xampp\htdocs\utilities_bills\public\index.php(37): CodeIgniter\CodeIgniter->run()
#8 C:\xampp\htdocs\utilities_bills\system\Commands\Server\rewrite.php(43): require_once('C:\\xampp\\htdocs...')
#9 {main}
CRITICAL - 2021-12-01 06:27:16 --> Call to undefined function baseURL()
#0 C:\xampp\htdocs\utilities_bills\system\View\View.php(214): include()
#1 C:\xampp\htdocs\utilities_bills\system\View\View.php(217): CodeIgniter\View\View->CodeIgniter\View\{closure}()
#2 C:\xampp\htdocs\utilities_bills\system\Common.php(1097): CodeIgniter\View\View->render('Authentication/...', Array, true)
#3 C:\xampp\htdocs\utilities_bills\app\Controllers\Authentication.php(9): view('Authentication/...')
#4 C:\xampp\htdocs\utilities_bills\system\CodeIgniter.php(824): App\Controllers\Authentication->login()
#5 C:\xampp\htdocs\utilities_bills\system\CodeIgniter.php(410): CodeIgniter\CodeIgniter->runController(Object(App\Controllers\Authentication))
#6 C:\xampp\htdocs\utilities_bills\system\CodeIgniter.php(318): CodeIgniter\CodeIgniter->handleRequest(NULL, Object(Config\Cache), false)
#7 C:\xampp\htdocs\utilities_bills\public\index.php(37): CodeIgniter\CodeIgniter->run()
#8 C:\xampp\htdocs\utilities_bills\system\Commands\Server\rewrite.php(43): require_once('C:\\xampp\\htdocs...')
#9 {main}
CRITICAL - 2021-12-01 06:27:16 --> Call to undefined function baseURL()
#0 C:\xampp\htdocs\utilities_bills\system\View\View.php(214): include()
#1 C:\xampp\htdocs\utilities_bills\system\View\View.php(217): CodeIgniter\View\View->CodeIgniter\View\{closure}()
#2 C:\xampp\htdocs\utilities_bills\system\Common.php(1097): CodeIgniter\View\View->render('Authentication/...', Array, true)
#3 C:\xampp\htdocs\utilities_bills\app\Controllers\Authentication.php(9): view('Authentication/...')
#4 C:\xampp\htdocs\utilities_bills\system\CodeIgniter.php(824): App\Controllers\Authentication->login()
#5 C:\xampp\htdocs\utilities_bills\system\CodeIgniter.php(410): CodeIgniter\CodeIgniter->runController(Object(App\Controllers\Authentication))
#6 C:\xampp\htdocs\utilities_bills\system\CodeIgniter.php(318): CodeIgniter\CodeIgniter->handleRequest(NULL, Object(Config\Cache), false)
#7 C:\xampp\htdocs\utilities_bills\public\index.php(37): CodeIgniter\CodeIgniter->run()
#8 C:\xampp\htdocs\utilities_bills\system\Commands\Server\rewrite.php(43): require_once('C:\\xampp\\htdocs...')
#9 {main}
CRITICAL - 2021-12-01 06:27:16 --> Call to undefined function baseURL()
#0 C:\xampp\htdocs\utilities_bills\system\View\View.php(214): include()
#1 C:\xampp\htdocs\utilities_bills\system\View\View.php(217): CodeIgniter\View\View->CodeIgniter\View\{closure}()
#2 C:\xampp\htdocs\utilities_bills\system\Common.php(1097): CodeIgniter\View\View->render('Authentication/...', Array, true)
#3 C:\xampp\htdocs\utilities_bills\app\Controllers\Authentication.php(9): view('Authentication/...')
#4 C:\xampp\htdocs\utilities_bills\system\CodeIgniter.php(824): App\Controllers\Authentication->login()
#5 C:\xampp\htdocs\utilities_bills\system\CodeIgniter.php(410): CodeIgniter\CodeIgniter->runController(Object(App\Controllers\Authentication))
#6 C:\xampp\htdocs\utilities_bills\system\CodeIgniter.php(318): CodeIgniter\CodeIgniter->handleRequest(NULL, Object(Config\Cache), false)
#7 C:\xampp\htdocs\utilities_bills\public\index.php(37): CodeIgniter\CodeIgniter->run()
#8 C:\xampp\htdocs\utilities_bills\system\Commands\Server\rewrite.php(43): require_once('C:\\xampp\\htdocs...')
#9 {main}
CRITICAL - 2021-12-01 06:27:32 --> Use of undefined constant baseURL - assumed 'baseURL' (this will throw an Error in a future version of PHP)
#0 C:\xampp\htdocs\utilities_bills\app\Views\Authentication\login.php(1): CodeIgniter\Debug\Exceptions->errorHandler(2, 'Use of undefine...', 'C:\\xampp\\htdocs...', 1, Array)
#1 C:\xampp\htdocs\utilities_bills\system\View\View.php(214): include('C:\\xampp\\htdocs...')
#2 C:\xampp\htdocs\utilities_bills\system\View\View.php(217): CodeIgniter\View\View->CodeIgniter\View\{closure}()
#3 C:\xampp\htdocs\utilities_bills\system\Common.php(1097): CodeIgniter\View\View->render('Authentication/...', Array, true)
#4 C:\xampp\htdocs\utilities_bills\app\Controllers\Authentication.php(9): view('Authentication/...')
#5 C:\xampp\htdocs\utilities_bills\system\CodeIgniter.php(824): App\Controllers\Authentication->login()
#6 C:\xampp\htdocs\utilities_bills\system\CodeIgniter.php(410): CodeIgniter\CodeIgniter->runController(Object(App\Controllers\Authentication))
#7 C:\xampp\htdocs\utilities_bills\system\CodeIgniter.php(318): CodeIgniter\CodeIgniter->handleRequest(NULL, Object(Config\Cache), false)
#8 C:\xampp\htdocs\utilities_bills\public\index.php(37): CodeIgniter\CodeIgniter->run()
#9 C:\xampp\htdocs\utilities_bills\system\Commands\Server\rewrite.php(43): require_once('C:\\xampp\\htdocs...')
#10 {main}
CRITICAL - 2021-12-01 06:27:33 --> Use of undefined constant baseURL - assumed 'baseURL' (this will throw an Error in a future version of PHP)
#0 C:\xampp\htdocs\utilities_bills\app\Views\Authentication\login.php(1): CodeIgniter\Debug\Exceptions->errorHandler(2, 'Use of undefine...', 'C:\\xampp\\htdocs...', 1, Array)
#1 C:\xampp\htdocs\utilities_bills\system\View\View.php(214): include('C:\\xampp\\htdocs...')
#2 C:\xampp\htdocs\utilities_bills\system\View\View.php(217): CodeIgniter\View\View->CodeIgniter\View\{closure}()
#3 C:\xampp\htdocs\utilities_bills\system\Common.php(1097): CodeIgniter\View\View->render('Authentication/...', Array, true)
#4 C:\xampp\htdocs\utilities_bills\app\Controllers\Authentication.php(9): view('Authentication/...')
#5 C:\xampp\htdocs\utilities_bills\system\CodeIgniter.php(824): App\Controllers\Authentication->login()
#6 C:\xampp\htdocs\utilities_bills\system\CodeIgniter.php(410): CodeIgniter\CodeIgniter->runController(Object(App\Controllers\Authentication))
#7 C:\xampp\htdocs\utilities_bills\system\CodeIgniter.php(318): CodeIgniter\CodeIgniter->handleRequest(NULL, Object(Config\Cache), false)
#8 C:\xampp\htdocs\utilities_bills\public\index.php(37): CodeIgniter\CodeIgniter->run()
#9 C:\xampp\htdocs\utilities_bills\system\Commands\Server\rewrite.php(43): require_once('C:\\xampp\\htdocs...')
#10 {main}
CRITICAL - 2021-12-01 06:27:33 --> Use of undefined constant baseURL - assumed 'baseURL' (this will throw an Error in a future version of PHP)
#0 C:\xampp\htdocs\utilities_bills\app\Views\Authentication\login.php(1): CodeIgniter\Debug\Exceptions->errorHandler(2, 'Use of undefine...', 'C:\\xampp\\htdocs...', 1, Array)
#1 C:\xampp\htdocs\utilities_bills\system\View\View.php(214): include('C:\\xampp\\htdocs...')
#2 C:\xampp\htdocs\utilities_bills\system\View\View.php(217): CodeIgniter\View\View->CodeIgniter\View\{closure}()
#3 C:\xampp\htdocs\utilities_bills\system\Common.php(1097): CodeIgniter\View\View->render('Authentication/...', Array, true)
#4 C:\xampp\htdocs\utilities_bills\app\Controllers\Authentication.php(9): view('Authentication/...')
#5 C:\xampp\htdocs\utilities_bills\system\CodeIgniter.php(824): App\Controllers\Authentication->login()
#6 C:\xampp\htdocs\utilities_bills\system\CodeIgniter.php(410): CodeIgniter\CodeIgniter->runController(Object(App\Controllers\Authentication))
#7 C:\xampp\htdocs\utilities_bills\system\CodeIgniter.php(318): CodeIgniter\CodeIgniter->handleRequest(NULL, Object(Config\Cache), false)
#8 C:\xampp\htdocs\utilities_bills\public\index.php(37): CodeIgniter\CodeIgniter->run()
#9 C:\xampp\htdocs\utilities_bills\system\Commands\Server\rewrite.php(43): require_once('C:\\xampp\\htdocs...')
#10 {main}
CRITICAL - 2021-12-01 06:27:33 --> Use of undefined constant baseURL - assumed 'baseURL' (this will throw an Error in a future version of PHP)
#0 C:\xampp\htdocs\utilities_bills\app\Views\Authentication\login.php(1): CodeIgniter\Debug\Exceptions->errorHandler(2, 'Use of undefine...', 'C:\\xampp\\htdocs...', 1, Array)
#1 C:\xampp\htdocs\utilities_bills\system\View\View.php(214): include('C:\\xampp\\htdocs...')
#2 C:\xampp\htdocs\utilities_bills\system\View\View.php(217): CodeIgniter\View\View->CodeIgniter\View\{closure}()
#3 C:\xampp\htdocs\utilities_bills\system\Common.php(1097): CodeIgniter\View\View->render('Authentication/...', Array, true)
#4 C:\xampp\htdocs\utilities_bills\app\Controllers\Authentication.php(9): view('Authentication/...')
#5 C:\xampp\htdocs\utilities_bills\system\CodeIgniter.php(824): App\Controllers\Authentication->login()
#6 C:\xampp\htdocs\utilities_bills\system\CodeIgniter.php(410): CodeIgniter\CodeIgniter->runController(Object(App\Controllers\Authentication))
#7 C:\xampp\htdocs\utilities_bills\system\CodeIgniter.php(318): CodeIgniter\CodeIgniter->handleRequest(NULL, Object(Config\Cache), false)
#8 C:\xampp\htdocs\utilities_bills\public\index.php(37): CodeIgniter\CodeIgniter->run()
#9 C:\xampp\htdocs\utilities_bills\system\Commands\Server\rewrite.php(43): require_once('C:\\xampp\\htdocs...')
#10 {main}
CRITICAL - 2021-12-01 06:27:35 --> Use of undefined constant baseURL - assumed 'baseURL' (this will throw an Error in a future version of PHP)
#0 C:\xampp\htdocs\utilities_bills\app\Views\Authentication\login.php(1): CodeIgniter\Debug\Exceptions->errorHandler(2, 'Use of undefine...', 'C:\\xampp\\htdocs...', 1, Array)
#1 C:\xampp\htdocs\utilities_bills\system\View\View.php(214): include('C:\\xampp\\htdocs...')
#2 C:\xampp\htdocs\utilities_bills\system\View\View.php(217): CodeIgniter\View\View->CodeIgniter\View\{closure}()
#3 C:\xampp\htdocs\utilities_bills\system\Common.php(1097): CodeIgniter\View\View->render('Authentication/...', Array, true)
#4 C:\xampp\htdocs\utilities_bills\app\Controllers\Authentication.php(9): view('Authentication/...')
#5 C:\xampp\htdocs\utilities_bills\system\CodeIgniter.php(824): App\Controllers\Authentication->login()
#6 C:\xampp\htdocs\utilities_bills\system\CodeIgniter.php(410): CodeIgniter\CodeIgniter->runController(Object(App\Controllers\Authentication))
#7 C:\xampp\htdocs\utilities_bills\system\CodeIgniter.php(318): CodeIgniter\CodeIgniter->handleRequest(NULL, Object(Config\Cache), false)
#8 C:\xampp\htdocs\utilities_bills\public\index.php(37): CodeIgniter\CodeIgniter->run()
#9 C:\xampp\htdocs\utilities_bills\system\Commands\Server\rewrite.php(43): require_once('C:\\xampp\\htdocs...')
#10 {main}
