CRITICAL - 2022-01-28 00:16:05 --> Undefined variable: generate_statements_model
#0 /home4/projectmanagment/public_html/roshan_energy/app/Controllers/Statements.php(999): CodeIgniter\Debug\Exceptions->errorHandler(8, 'Undefined varia...', '/home4/projectm...', 999, Array)
#1 /home4/projectmanagment/public_html/roshan_energy/system/CodeIgniter.php(824): App\Controllers\Statements->gen_master_sheet()
#2 /home4/projectmanagment/public_html/roshan_energy/system/CodeIgniter.php(410): CodeIgniter\CodeIgniter->runController(Object(App\Controllers\Statements))
#3 /home4/projectmanagment/public_html/roshan_energy/system/CodeIgniter.php(318): CodeIgniter\CodeIgniter->handleRequest(NULL, Object(Config\Cache), false)
#4 /home4/projectmanagment/public_html/roshan_energy/public/index.php(37): CodeIgniter\CodeIgniter->run()
#5 {main}
CRITICAL - 2022-01-28 00:24:11 --> Object of class App\Models\WaterAndElectricityModel could not be converted to string
#0 /home4/projectmanagment/public_html/roshan_energy/app/Controllers/Statements.php(1005): CodeIgniter\Debug\Exceptions->errorHandler(4096, 'Object of class...', '/home4/projectm...', 1005, Array)
#1 /home4/projectmanagment/public_html/roshan_energy/system/CodeIgniter.php(824): App\Controllers\Statements->gen_master_sheet()
#2 /home4/projectmanagment/public_html/roshan_energy/system/CodeIgniter.php(410): CodeIgniter\CodeIgniter->runController(Object(App\Controllers\Statements))
#3 /home4/projectmanagment/public_html/roshan_energy/system/CodeIgniter.php(318): CodeIgniter\CodeIgniter->handleRequest(NULL, Object(Config\Cache), false)
#4 /home4/projectmanagment/public_html/roshan_energy/public/index.php(37): CodeIgniter\CodeIgniter->run()
#5 {main}
CRITICAL - 2022-01-28 00:25:14 --> Object of class App\Models\WaterAndElectricityModel could not be converted to string
#0 /home4/projectmanagment/public_html/roshan_energy/app/Controllers/Statements.php(1005): CodeIgniter\Debug\Exceptions->errorHandler(4096, 'Object of class...', '/home4/projectm...', 1005, Array)
#1 /home4/projectmanagment/public_html/roshan_energy/system/CodeIgniter.php(824): App\Controllers\Statements->gen_master_sheet()
#2 /home4/projectmanagment/public_html/roshan_energy/system/CodeIgniter.php(410): CodeIgniter\CodeIgniter->runController(Object(App\Controllers\Statements))
#3 /home4/projectmanagment/public_html/roshan_energy/system/CodeIgniter.php(318): CodeIgniter\CodeIgniter->handleRequest(NULL, Object(Config\Cache), false)
#4 /home4/projectmanagment/public_html/roshan_energy/public/index.php(37): CodeIgniter\CodeIgniter->run()
#5 {main}
CRITICAL - 2022-01-28 00:26:09 --> Undefined variable: db
#0 /home4/projectmanagment/public_html/roshan_energy/app/Controllers/Statements.php(1005): CodeIgniter\Debug\Exceptions->errorHandler(8, 'Undefined varia...', '/home4/projectm...', 1005, Array)
#1 /home4/projectmanagment/public_html/roshan_energy/system/CodeIgniter.php(824): App\Controllers\Statements->gen_master_sheet()
#2 /home4/projectmanagment/public_html/roshan_energy/system/CodeIgniter.php(410): CodeIgniter\CodeIgniter->runController(Object(App\Controllers\Statements))
#3 /home4/projectmanagment/public_html/roshan_energy/system/CodeIgniter.php(318): CodeIgniter\CodeIgniter->handleRequest(NULL, Object(Config\Cache), false)
#4 /home4/projectmanagment/public_html/roshan_energy/public/index.php(37): CodeIgniter\CodeIgniter->run()
#5 {main}
CRITICAL - 2022-01-28 00:30:25 --> Object of class App\Models\WaterAndElectricityModel could not be converted to string
#0 /home4/projectmanagment/public_html/roshan_energy/app/Controllers/Statements.php(1005): CodeIgniter\Debug\Exceptions->errorHandler(4096, 'Object of class...', '/home4/projectm...', 1005, Array)
#1 /home4/projectmanagment/public_html/roshan_energy/system/CodeIgniter.php(824): App\Controllers\Statements->gen_master_sheet()
#2 /home4/projectmanagment/public_html/roshan_energy/system/CodeIgniter.php(410): CodeIgniter\CodeIgniter->runController(Object(App\Controllers\Statements))
#3 /home4/projectmanagment/public_html/roshan_energy/system/CodeIgniter.php(318): CodeIgniter\CodeIgniter->handleRequest(NULL, Object(Config\Cache), false)
#4 /home4/projectmanagment/public_html/roshan_energy/public/index.php(37): CodeIgniter\CodeIgniter->run()
#5 {main}
CRITICAL - 2022-01-28 00:33:35 --> Undefined property: App\Controllers\Statements::$db
#0 /home4/projectmanagment/public_html/roshan_energy/app/Controllers/Statements.php(986): CodeIgniter\Debug\Exceptions->errorHandler(8, 'Undefined prope...', '/home4/projectm...', 986, Array)
#1 /home4/projectmanagment/public_html/roshan_energy/system/CodeIgniter.php(824): App\Controllers\Statements->gen_master_sheet()
#2 /home4/projectmanagment/public_html/roshan_energy/system/CodeIgniter.php(410): CodeIgniter\CodeIgniter->runController(Object(App\Controllers\Statements))
#3 /home4/projectmanagment/public_html/roshan_energy/system/CodeIgniter.php(318): CodeIgniter\CodeIgniter->handleRequest(NULL, Object(Config\Cache), false)
#4 /home4/projectmanagment/public_html/roshan_energy/public/index.php(37): CodeIgniter\CodeIgniter->run()
#5 {main}
CRITICAL - 2022-01-28 00:35:33 --> Call to undefined method App\Controllers\Statements::query()
#0 /home4/projectmanagment/public_html/roshan_energy/system/CodeIgniter.php(824): App\Controllers\Statements->gen_master_sheet()
#1 /home4/projectmanagment/public_html/roshan_energy/system/CodeIgniter.php(410): CodeIgniter\CodeIgniter->runController(Object(App\Controllers\Statements))
#2 /home4/projectmanagment/public_html/roshan_energy/system/CodeIgniter.php(318): CodeIgniter\CodeIgniter->handleRequest(NULL, Object(Config\Cache), false)
#3 /home4/projectmanagment/public_html/roshan_energy/public/index.php(37): CodeIgniter\CodeIgniter->run()
#4 {main}
CRITICAL - 2022-01-28 00:45:02 --> Undefined property: App\Controllers\Statements::$db
#0 /home4/projectmanagment/public_html/roshan_energy/app/Controllers/Statements.php(986): CodeIgniter\Debug\Exceptions->errorHandler(8, 'Undefined prope...', '/home4/projectm...', 986, Array)
#1 /home4/projectmanagment/public_html/roshan_energy/system/CodeIgniter.php(824): App\Controllers\Statements->gen_master_sheet()
#2 /home4/projectmanagment/public_html/roshan_energy/system/CodeIgniter.php(410): CodeIgniter\CodeIgniter->runController(Object(App\Controllers\Statements))
#3 /home4/projectmanagment/public_html/roshan_energy/system/CodeIgniter.php(318): CodeIgniter\CodeIgniter->handleRequest(NULL, Object(Config\Cache), false)
#4 /home4/projectmanagment/public_html/roshan_energy/public/index.php(37): CodeIgniter\CodeIgniter->run()
#5 {main}
CRITICAL - 2022-01-28 00:46:53 --> Call to undefined method CodeIgniter\Database\MySQLi\Result::result_array()
#0 /home4/projectmanagment/public_html/roshan_energy/system/CodeIgniter.php(824): App\Controllers\Statements->gen_master_sheet()
#1 /home4/projectmanagment/public_html/roshan_energy/system/CodeIgniter.php(410): CodeIgniter\CodeIgniter->runController(Object(App\Controllers\Statements))
#2 /home4/projectmanagment/public_html/roshan_energy/system/CodeIgniter.php(318): CodeIgniter\CodeIgniter->handleRequest(NULL, Object(Config\Cache), false)
#3 /home4/projectmanagment/public_html/roshan_energy/public/index.php(37): CodeIgniter\CodeIgniter->run()
#4 {main}
CRITICAL - 2022-01-28 00:50:07 --> Call to undefined method CodeIgniter\Database\MySQLi\Result::get()
#0 /home4/projectmanagment/public_html/roshan_energy/system/CodeIgniter.php(824): App\Controllers\Statements->gen_master_sheet()
#1 /home4/projectmanagment/public_html/roshan_energy/system/CodeIgniter.php(410): CodeIgniter\CodeIgniter->runController(Object(App\Controllers\Statements))
#2 /home4/projectmanagment/public_html/roshan_energy/system/CodeIgniter.php(318): CodeIgniter\CodeIgniter->handleRequest(NULL, Object(Config\Cache), false)
#3 /home4/projectmanagment/public_html/roshan_energy/public/index.php(37): CodeIgniter\CodeIgniter->run()
#4 {main}
CRITICAL - 2022-01-28 00:50:35 --> Call to undefined method CodeIgniter\Database\MySQLi\Result::get()
#0 /home4/projectmanagment/public_html/roshan_energy/system/CodeIgniter.php(824): App\Controllers\Statements->gen_master_sheet()
#1 /home4/projectmanagment/public_html/roshan_energy/system/CodeIgniter.php(410): CodeIgniter\CodeIgniter->runController(Object(App\Controllers\Statements))
#2 /home4/projectmanagment/public_html/roshan_energy/system/CodeIgniter.php(318): CodeIgniter\CodeIgniter->handleRequest(NULL, Object(Config\Cache), false)
#3 /home4/projectmanagment/public_html/roshan_energy/public/index.php(37): CodeIgniter\CodeIgniter->run()
#4 {main}
CRITICAL - 2022-01-28 00:50:38 --> Call to undefined method CodeIgniter\Database\MySQLi\Result::get()
#0 /home4/projectmanagment/public_html/roshan_energy/system/CodeIgniter.php(824): App\Controllers\Statements->gen_master_sheet()
#1 /home4/projectmanagment/public_html/roshan_energy/system/CodeIgniter.php(410): CodeIgniter\CodeIgniter->runController(Object(App\Controllers\Statements))
#2 /home4/projectmanagment/public_html/roshan_energy/system/CodeIgniter.php(318): CodeIgniter\CodeIgniter->handleRequest(NULL, Object(Config\Cache), false)
#3 /home4/projectmanagment/public_html/roshan_energy/public/index.php(37): CodeIgniter\CodeIgniter->run()
#4 {main}
CRITICAL - 2022-01-28 00:52:58 --> Undefined property: App\Controllers\Statements::$db
#0 /home4/projectmanagment/public_html/roshan_energy/app/Controllers/Statements.php(988): CodeIgniter\Debug\Exceptions->errorHandler(8, 'Undefined prope...', '/home4/projectm...', 988, Array)
#1 /home4/projectmanagment/public_html/roshan_energy/system/CodeIgniter.php(824): App\Controllers\Statements->gen_master_sheet()
#2 /home4/projectmanagment/public_html/roshan_energy/system/CodeIgniter.php(410): CodeIgniter\CodeIgniter->runController(Object(App\Controllers\Statements))
#3 /home4/projectmanagment/public_html/roshan_energy/system/CodeIgniter.php(318): CodeIgniter\CodeIgniter->handleRequest(NULL, Object(Config\Cache), false)
#4 /home4/projectmanagment/public_html/roshan_energy/public/index.php(37): CodeIgniter\CodeIgniter->run()
#5 {main}
ERROR - 2022-01-28 01:15:41 --> You have an error in your SQL syntax; check the manual that corresponds to your MySQL server version for the right syntax to use near '. AND `month_name_numeric` = '1'' at line 1
CRITICAL - 2022-01-28 01:15:41 --> You have an error in your SQL syntax; check the manual that corresponds to your MySQL server version for the right syntax to use near '. AND `month_name_numeric` = '1'' at line 1
#0 /home4/projectmanagment/public_html/roshan_energy/system/Database/MySQLi/Connection.php(292): mysqli->query('SELECT * FROM `...', 0)
#1 /home4/projectmanagment/public_html/roshan_energy/system/Database/BaseConnection.php(670): CodeIgniter\Database\MySQLi\Connection->execute('SELECT * FROM `...')
#2 /home4/projectmanagment/public_html/roshan_energy/system/Database/BaseConnection.php(598): CodeIgniter\Database\BaseConnection->simpleQuery('SELECT * FROM `...')
#3 /home4/projectmanagment/public_html/roshan_energy/app/Controllers/Statements.php(1006): CodeIgniter\Database\BaseConnection->query('SELECT * FROM `...')
#4 /home4/projectmanagment/public_html/roshan_energy/system/CodeIgniter.php(824): App\Controllers\Statements->gen_master_sheet()
#5 /home4/projectmanagment/public_html/roshan_energy/system/CodeIgniter.php(410): CodeIgniter\CodeIgniter->runController(Object(App\Controllers\Statements))
#6 /home4/projectmanagment/public_html/roshan_energy/system/CodeIgniter.php(318): CodeIgniter\CodeIgniter->handleRequest(NULL, Object(Config\Cache), false)
#7 /home4/projectmanagment/public_html/roshan_energy/public/index.php(37): CodeIgniter\CodeIgniter->run()
#8 {main}
CRITICAL - 2022-01-28 01:27:21 --> syntax error, unexpected '$select_years' (T_VARIABLE)
#0 /home4/projectmanagment/public_html/roshan_energy/system/Router/Router.php(176): CodeIgniter\Router\Router->autoRoute('Statements/gen_...')
#1 /home4/projectmanagment/public_html/roshan_energy/system/CodeIgniter.php(718): CodeIgniter\Router\Router->handle('Statements/gen_...')
#2 /home4/projectmanagment/public_html/roshan_energy/system/CodeIgniter.php(359): CodeIgniter\CodeIgniter->tryToRouteIt(Object(CodeIgniter\Router\RouteCollection))
#3 /home4/projectmanagment/public_html/roshan_energy/system/CodeIgniter.php(318): CodeIgniter\CodeIgniter->handleRequest(NULL, Object(Config\Cache), false)
#4 /home4/projectmanagment/public_html/roshan_energy/public/index.php(37): CodeIgniter\CodeIgniter->run()
#5 {main}
CRITICAL - 2022-01-28 01:27:25 --> syntax error, unexpected '$select_years' (T_VARIABLE)
#0 /home4/projectmanagment/public_html/roshan_energy/system/Router/Router.php(176): CodeIgniter\Router\Router->autoRoute('Statements/gen_...')
#1 /home4/projectmanagment/public_html/roshan_energy/system/CodeIgniter.php(718): CodeIgniter\Router\Router->handle('Statements/gen_...')
#2 /home4/projectmanagment/public_html/roshan_energy/system/CodeIgniter.php(359): CodeIgniter\CodeIgniter->tryToRouteIt(Object(CodeIgniter\Router\RouteCollection))
#3 /home4/projectmanagment/public_html/roshan_energy/system/CodeIgniter.php(318): CodeIgniter\CodeIgniter->handleRequest(NULL, Object(Config\Cache), false)
#4 /home4/projectmanagment/public_html/roshan_energy/public/index.php(37): CodeIgniter\CodeIgniter->run()
#5 {main}
CRITICAL - 2022-01-28 01:27:28 --> syntax error, unexpected '$select_years' (T_VARIABLE)
#0 /home4/projectmanagment/public_html/roshan_energy/system/Autoloader/Autoloader.php(241): CodeIgniter\Autoloader\Autoloader->includeFile('/home4/projectm...')
#1 /home4/projectmanagment/public_html/roshan_energy/system/Autoloader/Autoloader.php(219): CodeIgniter\Autoloader\Autoloader->loadInNamespace('App\\Controllers...')
#2 [internal function]: CodeIgniter\Autoloader\Autoloader->loadClass('App\\Controllers...')
#3 [internal function]: spl_autoload_call('App\\Controllers...')
#4 /home4/projectmanagment/public_html/roshan_energy/system/CodeIgniter.php(789): class_exists('\\App\\Controller...', true)
#5 /home4/projectmanagment/public_html/roshan_energy/system/CodeIgniter.php(397): CodeIgniter\CodeIgniter->startController()
#6 /home4/projectmanagment/public_html/roshan_energy/system/CodeIgniter.php(318): CodeIgniter\CodeIgniter->handleRequest(NULL, Object(Config\Cache), false)
#7 /home4/projectmanagment/public_html/roshan_energy/public/index.php(37): CodeIgniter\CodeIgniter->run()
#8 {main}
CRITICAL - 2022-01-28 01:27:33 --> syntax error, unexpected '$select_years' (T_VARIABLE)
#0 /home4/projectmanagment/public_html/roshan_energy/system/Autoloader/Autoloader.php(241): CodeIgniter\Autoloader\Autoloader->includeFile('/home4/projectm...')
#1 /home4/projectmanagment/public_html/roshan_energy/system/Autoloader/Autoloader.php(219): CodeIgniter\Autoloader\Autoloader->loadInNamespace('App\\Controllers...')
#2 [internal function]: CodeIgniter\Autoloader\Autoloader->loadClass('App\\Controllers...')
#3 [internal function]: spl_autoload_call('App\\Controllers...')
#4 /home4/projectmanagment/public_html/roshan_energy/system/CodeIgniter.php(789): class_exists('\\App\\Controller...', true)
#5 /home4/projectmanagment/public_html/roshan_energy/system/CodeIgniter.php(397): CodeIgniter\CodeIgniter->startController()
#6 /home4/projectmanagment/public_html/roshan_energy/system/CodeIgniter.php(318): CodeIgniter\CodeIgniter->handleRequest(NULL, Object(Config\Cache), false)
#7 /home4/projectmanagment/public_html/roshan_energy/public/index.php(37): CodeIgniter\CodeIgniter->run()
#8 {main}
CRITICAL - 2022-01-28 01:27:41 --> syntax error, unexpected '$select_years' (T_VARIABLE)
#0 /home4/projectmanagment/public_html/roshan_energy/system/Autoloader/Autoloader.php(241): CodeIgniter\Autoloader\Autoloader->includeFile('/home4/projectm...')
#1 /home4/projectmanagment/public_html/roshan_energy/system/Autoloader/Autoloader.php(219): CodeIgniter\Autoloader\Autoloader->loadInNamespace('App\\Controllers...')
#2 [internal function]: CodeIgniter\Autoloader\Autoloader->loadClass('App\\Controllers...')
#3 [internal function]: spl_autoload_call('App\\Controllers...')
#4 /home4/projectmanagment/public_html/roshan_energy/system/CodeIgniter.php(789): class_exists('\\App\\Controller...', true)
#5 /home4/projectmanagment/public_html/roshan_energy/system/CodeIgniter.php(397): CodeIgniter\CodeIgniter->startController()
#6 /home4/projectmanagment/public_html/roshan_energy/system/CodeIgniter.php(318): CodeIgniter\CodeIgniter->handleRequest(NULL, Object(Config\Cache), false)
#7 /home4/projectmanagment/public_html/roshan_energy/public/index.php(37): CodeIgniter\CodeIgniter->run()
#8 {main}
CRITICAL - 2022-01-28 01:28:00 --> syntax error, unexpected '$select_years' (T_VARIABLE)
#0 /home4/projectmanagment/public_html/roshan_energy/system/Autoloader/Autoloader.php(241): CodeIgniter\Autoloader\Autoloader->includeFile('/home4/projectm...')
#1 /home4/projectmanagment/public_html/roshan_energy/system/Autoloader/Autoloader.php(219): CodeIgniter\Autoloader\Autoloader->loadInNamespace('App\\Controllers...')
#2 [internal function]: CodeIgniter\Autoloader\Autoloader->loadClass('App\\Controllers...')
#3 [internal function]: spl_autoload_call('App\\Controllers...')
#4 /home4/projectmanagment/public_html/roshan_energy/system/CodeIgniter.php(789): class_exists('\\App\\Controller...', true)
#5 /home4/projectmanagment/public_html/roshan_energy/system/CodeIgniter.php(397): CodeIgniter\CodeIgniter->startController()
#6 /home4/projectmanagment/public_html/roshan_energy/system/CodeIgniter.php(318): CodeIgniter\CodeIgniter->handleRequest(NULL, Object(Config\Cache), false)
#7 /home4/projectmanagment/public_html/roshan_energy/public/index.php(37): CodeIgniter\CodeIgniter->run()
#8 {main}
CRITICAL - 2022-01-28 01:36:32 --> Undefined variable: value2
#0 /home4/projectmanagment/public_html/roshan_energy/app/Controllers/Statements.php(958): CodeIgniter\Debug\Exceptions->errorHandler(8, 'Undefined varia...', '/home4/projectm...', 958, Array)
#1 /home4/projectmanagment/public_html/roshan_energy/system/CodeIgniter.php(824): App\Controllers\Statements->utility_statements()
#2 /home4/projectmanagment/public_html/roshan_energy/system/CodeIgniter.php(410): CodeIgniter\CodeIgniter->runController(Object(App\Controllers\Statements))
#3 /home4/projectmanagment/public_html/roshan_energy/system/CodeIgniter.php(318): CodeIgniter\CodeIgniter->handleRequest(NULL, Object(Config\Cache), false)
#4 /home4/projectmanagment/public_html/roshan_energy/public/index.php(37): CodeIgniter\CodeIgniter->run()
#5 {main}
CRITICAL - 2022-01-28 04:08:49 --> syntax error, unexpected '$this' (T_VARIABLE), expecting function (T_FUNCTION) or const (T_CONST)
#0 /home4/projectmanagment/public_html/roshan_energy/system/Autoloader/Autoloader.php(241): CodeIgniter\Autoloader\Autoloader->includeFile('/home4/projectm...')
#1 /home4/projectmanagment/public_html/roshan_energy/system/Autoloader/Autoloader.php(219): CodeIgniter\Autoloader\Autoloader->loadInNamespace('App\\Controllers...')
#2 [internal function]: CodeIgniter\Autoloader\Autoloader->loadClass('App\\Controllers...')
#3 [internal function]: spl_autoload_call('App\\Controllers...')
#4 /home4/projectmanagment/public_html/roshan_energy/system/CodeIgniter.php(789): class_exists('\\App\\Controller...', true)
#5 /home4/projectmanagment/public_html/roshan_energy/system/CodeIgniter.php(397): CodeIgniter\CodeIgniter->startController()
#6 /home4/projectmanagment/public_html/roshan_energy/system/CodeIgniter.php(318): CodeIgniter\CodeIgniter->handleRequest(NULL, Object(Config\Cache), false)
#7 /home4/projectmanagment/public_html/roshan_energy/public/index.php(37): CodeIgniter\CodeIgniter->run()
#8 {main}
CRITICAL - 2022-01-28 04:09:45 --> syntax error, unexpected 'db_call' (T_STRING), expecting function (T_FUNCTION) or const (T_CONST)
#0 /home4/projectmanagment/public_html/roshan_energy/system/Autoloader/Autoloader.php(241): CodeIgniter\Autoloader\Autoloader->includeFile('/home4/projectm...')
#1 /home4/projectmanagment/public_html/roshan_energy/system/Autoloader/Autoloader.php(219): CodeIgniter\Autoloader\Autoloader->loadInNamespace('App\\Controllers...')
#2 [internal function]: CodeIgniter\Autoloader\Autoloader->loadClass('App\\Controllers...')
#3 [internal function]: spl_autoload_call('App\\Controllers...')
#4 /home4/projectmanagment/public_html/roshan_energy/system/CodeIgniter.php(789): class_exists('\\App\\Controller...', true)
#5 /home4/projectmanagment/public_html/roshan_energy/system/CodeIgniter.php(397): CodeIgniter\CodeIgniter->startController()
#6 /home4/projectmanagment/public_html/roshan_energy/system/CodeIgniter.php(318): CodeIgniter\CodeIgniter->handleRequest(NULL, Object(Config\Cache), false)
#7 /home4/projectmanagment/public_html/roshan_energy/public/index.php(37): CodeIgniter\CodeIgniter->run()
#8 {main}
CRITICAL - 2022-01-28 04:23:10 --> Undefined index: monthNumericIntValue
#0 /home4/projectmanagment/public_html/roshan_energy/app/Controllers/Statements.php(1048): CodeIgniter\Debug\Exceptions->errorHandler(8, 'Undefined index...', '/home4/projectm...', 1048, Array)
#1 /home4/projectmanagment/public_html/roshan_energy/system/CodeIgniter.php(824): App\Controllers\Statements->gen_master_sheet()
#2 /home4/projectmanagment/public_html/roshan_energy/system/CodeIgniter.php(410): CodeIgniter\CodeIgniter->runController(Object(App\Controllers\Statements))
#3 /home4/projectmanagment/public_html/roshan_energy/system/CodeIgniter.php(318): CodeIgniter\CodeIgniter->handleRequest(NULL, Object(Config\Cache), false)
#4 /home4/projectmanagment/public_html/roshan_energy/public/index.php(37): CodeIgniter\CodeIgniter->run()
#5 {main}
CRITICAL - 2022-01-28 04:29:24 --> syntax error, unexpected 'echo' (T_ECHO)
#0 /home4/projectmanagment/public_html/roshan_energy/system/Router/Router.php(176): CodeIgniter\Router\Router->autoRoute('Statements/gen_...')
#1 /home4/projectmanagment/public_html/roshan_energy/system/CodeIgniter.php(718): CodeIgniter\Router\Router->handle('Statements/gen_...')
#2 /home4/projectmanagment/public_html/roshan_energy/system/CodeIgniter.php(359): CodeIgniter\CodeIgniter->tryToRouteIt(Object(CodeIgniter\Router\RouteCollection))
#3 /home4/projectmanagment/public_html/roshan_energy/system/CodeIgniter.php(318): CodeIgniter\CodeIgniter->handleRequest(NULL, Object(Config\Cache), false)
#4 /home4/projectmanagment/public_html/roshan_energy/public/index.php(37): CodeIgniter\CodeIgniter->run()
#5 {main}
CRITICAL - 2022-01-28 04:29:34 --> Undefined index: account_number
#0 /home4/projectmanagment/public_html/roshan_energy/app/Controllers/Statements.php(1052): CodeIgniter\Debug\Exceptions->errorHandler(8, 'Undefined index...', '/home4/projectm...', 1052, Array)
#1 /home4/projectmanagment/public_html/roshan_energy/system/CodeIgniter.php(824): App\Controllers\Statements->gen_master_sheet()
#2 /home4/projectmanagment/public_html/roshan_energy/system/CodeIgniter.php(410): CodeIgniter\CodeIgniter->runController(Object(App\Controllers\Statements))
#3 /home4/projectmanagment/public_html/roshan_energy/system/CodeIgniter.php(318): CodeIgniter\CodeIgniter->handleRequest(NULL, Object(Config\Cache), false)
#4 /home4/projectmanagment/public_html/roshan_energy/public/index.php(37): CodeIgniter\CodeIgniter->run()
#5 {main}
CRITICAL - 2022-01-28 04:31:15 --> Undefined index: statement_pdf_download
#0 /home4/projectmanagment/public_html/roshan_energy/app/Controllers/Statements.php(1064): CodeIgniter\Debug\Exceptions->errorHandler(8, 'Undefined index...', '/home4/projectm...', 1064, Array)
#1 /home4/projectmanagment/public_html/roshan_energy/system/CodeIgniter.php(824): App\Controllers\Statements->gen_master_sheet()
#2 /home4/projectmanagment/public_html/roshan_energy/system/CodeIgniter.php(410): CodeIgniter\CodeIgniter->runController(Object(App\Controllers\Statements))
#3 /home4/projectmanagment/public_html/roshan_energy/system/CodeIgniter.php(318): CodeIgniter\CodeIgniter->handleRequest(NULL, Object(Config\Cache), false)
#4 /home4/projectmanagment/public_html/roshan_energy/public/index.php(37): CodeIgniter\CodeIgniter->run()
#5 {main}
CRITICAL - 2022-01-28 05:11:12 --> Undefined variable: combinedArrayValue
#0 /home4/projectmanagment/public_html/roshan_energy/app/Views/Statements/utility_statements.php(49): CodeIgniter\Debug\Exceptions->errorHandler(8, 'Undefined varia...', '/home4/projectm...', 49, Array)
#1 /home4/projectmanagment/public_html/roshan_energy/system/View/View.php(214): include('/home4/projectm...')
#2 /home4/projectmanagment/public_html/roshan_energy/system/View/View.php(217): CodeIgniter\View\View->CodeIgniter\View\{closure}()
#3 /home4/projectmanagment/public_html/roshan_energy/system/Common.php(1097): CodeIgniter\View\View->render('Statements/util...', Array, true)
#4 /home4/projectmanagment/public_html/roshan_energy/app/Views/template_with_header/template.php(5): view('Statements/util...')
#5 /home4/projectmanagment/public_html/roshan_energy/system/View/View.php(214): include('/home4/projectm...')
#6 /home4/projectmanagment/public_html/roshan_energy/system/View/View.php(217): CodeIgniter\View\View->CodeIgniter\View\{closure}()
#7 /home4/projectmanagment/public_html/roshan_energy/system/Common.php(1097): CodeIgniter\View\View->render('template_with_h...', Array, true)
#8 /home4/projectmanagment/public_html/roshan_energy/app/Controllers/Statements.php(932): view('template_with_h...', Array)
#9 /home4/projectmanagment/public_html/roshan_energy/system/CodeIgniter.php(824): App\Controllers\Statements->utility_statements()
#10 /home4/projectmanagment/public_html/roshan_energy/system/CodeIgniter.php(410): CodeIgniter\CodeIgniter->runController(Object(App\Controllers\Statements))
#11 /home4/projectmanagment/public_html/roshan_energy/system/CodeIgniter.php(318): CodeIgniter\CodeIgniter->handleRequest(NULL, Object(Config\Cache), false)
#12 /home4/projectmanagment/public_html/roshan_energy/public/index.php(37): CodeIgniter\CodeIgniter->run()
#13 {main}
CRITICAL - 2022-01-28 05:11:45 --> Undefined variable: combinedArrayValue
#0 /home4/projectmanagment/public_html/roshan_energy/app/Views/Statements/utility_statements.php(49): CodeIgniter\Debug\Exceptions->errorHandler(8, 'Undefined varia...', '/home4/projectm...', 49, Array)
#1 /home4/projectmanagment/public_html/roshan_energy/system/View/View.php(214): include('/home4/projectm...')
#2 /home4/projectmanagment/public_html/roshan_energy/system/View/View.php(217): CodeIgniter\View\View->CodeIgniter\View\{closure}()
#3 /home4/projectmanagment/public_html/roshan_energy/system/Common.php(1097): CodeIgniter\View\View->render('Statements/util...', Array, true)
#4 /home4/projectmanagment/public_html/roshan_energy/app/Views/template_with_header/template.php(5): view('Statements/util...')
#5 /home4/projectmanagment/public_html/roshan_energy/system/View/View.php(214): include('/home4/projectm...')
#6 /home4/projectmanagment/public_html/roshan_energy/system/View/View.php(217): CodeIgniter\View\View->CodeIgniter\View\{closure}()
#7 /home4/projectmanagment/public_html/roshan_energy/system/Common.php(1097): CodeIgniter\View\View->render('template_with_h...', Array, true)
#8 /home4/projectmanagment/public_html/roshan_energy/app/Controllers/Statements.php(932): view('template_with_h...', Array)
#9 /home4/projectmanagment/public_html/roshan_energy/system/CodeIgniter.php(824): App\Controllers\Statements->utility_statements()
#10 /home4/projectmanagment/public_html/roshan_energy/system/CodeIgniter.php(410): CodeIgniter\CodeIgniter->runController(Object(App\Controllers\Statements))
#11 /home4/projectmanagment/public_html/roshan_energy/system/CodeIgniter.php(318): CodeIgniter\CodeIgniter->handleRequest(NULL, Object(Config\Cache), false)
#12 /home4/projectmanagment/public_html/roshan_energy/public/index.php(37): CodeIgniter\CodeIgniter->run()
#13 {main}
CRITICAL - 2022-01-28 05:11:47 --> Undefined variable: combinedArrayValue
#0 /home4/projectmanagment/public_html/roshan_energy/app/Views/Statements/utility_statements.php(49): CodeIgniter\Debug\Exceptions->errorHandler(8, 'Undefined varia...', '/home4/projectm...', 49, Array)
#1 /home4/projectmanagment/public_html/roshan_energy/system/View/View.php(214): include('/home4/projectm...')
#2 /home4/projectmanagment/public_html/roshan_energy/system/View/View.php(217): CodeIgniter\View\View->CodeIgniter\View\{closure}()
#3 /home4/projectmanagment/public_html/roshan_energy/system/Common.php(1097): CodeIgniter\View\View->render('Statements/util...', Array, true)
#4 /home4/projectmanagment/public_html/roshan_energy/app/Views/template_with_header/template.php(5): view('Statements/util...')
#5 /home4/projectmanagment/public_html/roshan_energy/system/View/View.php(214): include('/home4/projectm...')
#6 /home4/projectmanagment/public_html/roshan_energy/system/View/View.php(217): CodeIgniter\View\View->CodeIgniter\View\{closure}()
#7 /home4/projectmanagment/public_html/roshan_energy/system/Common.php(1097): CodeIgniter\View\View->render('template_with_h...', Array, true)
#8 /home4/projectmanagment/public_html/roshan_energy/app/Controllers/Statements.php(932): view('template_with_h...', Array)
#9 /home4/projectmanagment/public_html/roshan_energy/system/CodeIgniter.php(824): App\Controllers\Statements->utility_statements()
#10 /home4/projectmanagment/public_html/roshan_energy/system/CodeIgniter.php(410): CodeIgniter\CodeIgniter->runController(Object(App\Controllers\Statements))
#11 /home4/projectmanagment/public_html/roshan_energy/system/CodeIgniter.php(318): CodeIgniter\CodeIgniter->handleRequest(NULL, Object(Config\Cache), false)
#12 /home4/projectmanagment/public_html/roshan_energy/public/index.php(37): CodeIgniter\CodeIgniter->run()
#13 {main}
CRITICAL - 2022-01-28 05:17:54 --> Undefined variable: combinedArrayValue
#0 /home4/projectmanagment/public_html/roshan_energy/app/Views/Statements/utility_statements.php(49): CodeIgniter\Debug\Exceptions->errorHandler(8, 'Undefined varia...', '/home4/projectm...', 49, Array)
#1 /home4/projectmanagment/public_html/roshan_energy/system/View/View.php(214): include('/home4/projectm...')
#2 /home4/projectmanagment/public_html/roshan_energy/system/View/View.php(217): CodeIgniter\View\View->CodeIgniter\View\{closure}()
#3 /home4/projectmanagment/public_html/roshan_energy/system/Common.php(1097): CodeIgniter\View\View->render('Statements/util...', Array, true)
#4 /home4/projectmanagment/public_html/roshan_energy/app/Views/template_with_header/template.php(5): view('Statements/util...')
#5 /home4/projectmanagment/public_html/roshan_energy/system/View/View.php(214): include('/home4/projectm...')
#6 /home4/projectmanagment/public_html/roshan_energy/system/View/View.php(217): CodeIgniter\View\View->CodeIgniter\View\{closure}()
#7 /home4/projectmanagment/public_html/roshan_energy/system/Common.php(1097): CodeIgniter\View\View->render('template_with_h...', Array, true)
#8 /home4/projectmanagment/public_html/roshan_energy/app/Controllers/Statements.php(932): view('template_with_h...', Array)
#9 /home4/projectmanagment/public_html/roshan_energy/system/CodeIgniter.php(824): App\Controllers\Statements->utility_statements()
#10 /home4/projectmanagment/public_html/roshan_energy/system/CodeIgniter.php(410): CodeIgniter\CodeIgniter->runController(Object(App\Controllers\Statements))
#11 /home4/projectmanagment/public_html/roshan_energy/system/CodeIgniter.php(318): CodeIgniter\CodeIgniter->handleRequest(NULL, Object(Config\Cache), false)
#12 /home4/projectmanagment/public_html/roshan_energy/public/index.php(37): CodeIgniter\CodeIgniter->run()
#13 {main}
CRITICAL - 2022-01-28 05:17:59 --> Undefined variable: combinedArrayValue
#0 /home4/projectmanagment/public_html/roshan_energy/app/Views/Statements/utility_statements.php(49): CodeIgniter\Debug\Exceptions->errorHandler(8, 'Undefined varia...', '/home4/projectm...', 49, Array)
#1 /home4/projectmanagment/public_html/roshan_energy/system/View/View.php(214): include('/home4/projectm...')
#2 /home4/projectmanagment/public_html/roshan_energy/system/View/View.php(217): CodeIgniter\View\View->CodeIgniter\View\{closure}()
#3 /home4/projectmanagment/public_html/roshan_energy/system/Common.php(1097): CodeIgniter\View\View->render('Statements/util...', Array, true)
#4 /home4/projectmanagment/public_html/roshan_energy/app/Views/template_with_header/template.php(5): view('Statements/util...')
#5 /home4/projectmanagment/public_html/roshan_energy/system/View/View.php(214): include('/home4/projectm...')
#6 /home4/projectmanagment/public_html/roshan_energy/system/View/View.php(217): CodeIgniter\View\View->CodeIgniter\View\{closure}()
#7 /home4/projectmanagment/public_html/roshan_energy/system/Common.php(1097): CodeIgniter\View\View->render('template_with_h...', Array, true)
#8 /home4/projectmanagment/public_html/roshan_energy/app/Controllers/Statements.php(932): view('template_with_h...', Array)
#9 /home4/projectmanagment/public_html/roshan_energy/system/CodeIgniter.php(824): App\Controllers\Statements->utility_statements()
#10 /home4/projectmanagment/public_html/roshan_energy/system/CodeIgniter.php(410): CodeIgniter\CodeIgniter->runController(Object(App\Controllers\Statements))
#11 /home4/projectmanagment/public_html/roshan_energy/system/CodeIgniter.php(318): CodeIgniter\CodeIgniter->handleRequest(NULL, Object(Config\Cache), false)
#12 /home4/projectmanagment/public_html/roshan_energy/public/index.php(37): CodeIgniter\CodeIgniter->run()
#13 {main}
CRITICAL - 2022-01-28 05:18:31 --> Undefined variable: combinedArrayValue
#0 /home4/projectmanagment/public_html/roshan_energy/app/Views/Statements/utility_statements.php(49): CodeIgniter\Debug\Exceptions->errorHandler(8, 'Undefined varia...', '/home4/projectm...', 49, Array)
#1 /home4/projectmanagment/public_html/roshan_energy/system/View/View.php(214): include('/home4/projectm...')
#2 /home4/projectmanagment/public_html/roshan_energy/system/View/View.php(217): CodeIgniter\View\View->CodeIgniter\View\{closure}()
#3 /home4/projectmanagment/public_html/roshan_energy/system/Common.php(1097): CodeIgniter\View\View->render('Statements/util...', Array, true)
#4 /home4/projectmanagment/public_html/roshan_energy/app/Views/template_with_header/template.php(5): view('Statements/util...')
#5 /home4/projectmanagment/public_html/roshan_energy/system/View/View.php(214): include('/home4/projectm...')
#6 /home4/projectmanagment/public_html/roshan_energy/system/View/View.php(217): CodeIgniter\View\View->CodeIgniter\View\{closure}()
#7 /home4/projectmanagment/public_html/roshan_energy/system/Common.php(1097): CodeIgniter\View\View->render('template_with_h...', Array, true)
#8 /home4/projectmanagment/public_html/roshan_energy/app/Controllers/Statements.php(932): view('template_with_h...', Array)
#9 /home4/projectmanagment/public_html/roshan_energy/system/CodeIgniter.php(824): App\Controllers\Statements->utility_statements()
#10 /home4/projectmanagment/public_html/roshan_energy/system/CodeIgniter.php(410): CodeIgniter\CodeIgniter->runController(Object(App\Controllers\Statements))
#11 /home4/projectmanagment/public_html/roshan_energy/system/CodeIgniter.php(318): CodeIgniter\CodeIgniter->handleRequest(NULL, Object(Config\Cache), false)
#12 /home4/projectmanagment/public_html/roshan_energy/public/index.php(37): CodeIgniter\CodeIgniter->run()
#13 {main}
CRITICAL - 2022-01-28 05:18:58 --> Undefined variable: combinedArrayValue
#0 /home4/projectmanagment/public_html/roshan_energy/app/Views/Statements/utility_statements.php(49): CodeIgniter\Debug\Exceptions->errorHandler(8, 'Undefined varia...', '/home4/projectm...', 49, Array)
#1 /home4/projectmanagment/public_html/roshan_energy/system/View/View.php(214): include('/home4/projectm...')
#2 /home4/projectmanagment/public_html/roshan_energy/system/View/View.php(217): CodeIgniter\View\View->CodeIgniter\View\{closure}()
#3 /home4/projectmanagment/public_html/roshan_energy/system/Common.php(1097): CodeIgniter\View\View->render('Statements/util...', Array, true)
#4 /home4/projectmanagment/public_html/roshan_energy/app/Views/template_with_header/template.php(5): view('Statements/util...')
#5 /home4/projectmanagment/public_html/roshan_energy/system/View/View.php(214): include('/home4/projectm...')
#6 /home4/projectmanagment/public_html/roshan_energy/system/View/View.php(217): CodeIgniter\View\View->CodeIgniter\View\{closure}()
#7 /home4/projectmanagment/public_html/roshan_energy/system/Common.php(1097): CodeIgniter\View\View->render('template_with_h...', Array, true)
#8 /home4/projectmanagment/public_html/roshan_energy/app/Controllers/Statements.php(932): view('template_with_h...', Array)
#9 /home4/projectmanagment/public_html/roshan_energy/system/CodeIgniter.php(824): App\Controllers\Statements->utility_statements()
#10 /home4/projectmanagment/public_html/roshan_energy/system/CodeIgniter.php(410): CodeIgniter\CodeIgniter->runController(Object(App\Controllers\Statements))
#11 /home4/projectmanagment/public_html/roshan_energy/system/CodeIgniter.php(318): CodeIgniter\CodeIgniter->handleRequest(NULL, Object(Config\Cache), false)
#12 /home4/projectmanagment/public_html/roshan_energy/public/index.php(37): CodeIgniter\CodeIgniter->run()
#13 {main}
CRITICAL - 2022-01-28 05:19:51 --> Undefined variable: combinedArrayValue
#0 /home4/projectmanagment/public_html/roshan_energy/app/Views/Statements/utility_statements.php(49): CodeIgniter\Debug\Exceptions->errorHandler(8, 'Undefined varia...', '/home4/projectm...', 49, Array)
#1 /home4/projectmanagment/public_html/roshan_energy/system/View/View.php(214): include('/home4/projectm...')
#2 /home4/projectmanagment/public_html/roshan_energy/system/View/View.php(217): CodeIgniter\View\View->CodeIgniter\View\{closure}()
#3 /home4/projectmanagment/public_html/roshan_energy/system/Common.php(1097): CodeIgniter\View\View->render('Statements/util...', Array, true)
#4 /home4/projectmanagment/public_html/roshan_energy/app/Views/template_with_header/template.php(5): view('Statements/util...')
#5 /home4/projectmanagment/public_html/roshan_energy/system/View/View.php(214): include('/home4/projectm...')
#6 /home4/projectmanagment/public_html/roshan_energy/system/View/View.php(217): CodeIgniter\View\View->CodeIgniter\View\{closure}()
#7 /home4/projectmanagment/public_html/roshan_energy/system/Common.php(1097): CodeIgniter\View\View->render('template_with_h...', Array, true)
#8 /home4/projectmanagment/public_html/roshan_energy/app/Controllers/Statements.php(932): view('template_with_h...', Array)
#9 /home4/projectmanagment/public_html/roshan_energy/system/CodeIgniter.php(824): App\Controllers\Statements->utility_statements()
#10 /home4/projectmanagment/public_html/roshan_energy/system/CodeIgniter.php(410): CodeIgniter\CodeIgniter->runController(Object(App\Controllers\Statements))
#11 /home4/projectmanagment/public_html/roshan_energy/system/CodeIgniter.php(318): CodeIgniter\CodeIgniter->handleRequest(NULL, Object(Config\Cache), false)
#12 /home4/projectmanagment/public_html/roshan_energy/public/index.php(37): CodeIgniter\CodeIgniter->run()
#13 {main}
CRITICAL - 2022-01-28 05:21:08 --> Undefined variable: combinedArrayValue
#0 /home4/projectmanagment/public_html/roshan_energy/app/Views/Statements/utility_statements.php(58): CodeIgniter\Debug\Exceptions->errorHandler(8, 'Undefined varia...', '/home4/projectm...', 58, Array)
#1 /home4/projectmanagment/public_html/roshan_energy/system/View/View.php(214): include('/home4/projectm...')
#2 /home4/projectmanagment/public_html/roshan_energy/system/View/View.php(217): CodeIgniter\View\View->CodeIgniter\View\{closure}()
#3 /home4/projectmanagment/public_html/roshan_energy/system/Common.php(1097): CodeIgniter\View\View->render('Statements/util...', Array, true)
#4 /home4/projectmanagment/public_html/roshan_energy/app/Views/template_with_header/template.php(5): view('Statements/util...')
#5 /home4/projectmanagment/public_html/roshan_energy/system/View/View.php(214): include('/home4/projectm...')
#6 /home4/projectmanagment/public_html/roshan_energy/system/View/View.php(217): CodeIgniter\View\View->CodeIgniter\View\{closure}()
#7 /home4/projectmanagment/public_html/roshan_energy/system/Common.php(1097): CodeIgniter\View\View->render('template_with_h...', Array, true)
#8 /home4/projectmanagment/public_html/roshan_energy/app/Controllers/Statements.php(932): view('template_with_h...', Array)
#9 /home4/projectmanagment/public_html/roshan_energy/system/CodeIgniter.php(824): App\Controllers\Statements->utility_statements()
#10 /home4/projectmanagment/public_html/roshan_energy/system/CodeIgniter.php(410): CodeIgniter\CodeIgniter->runController(Object(App\Controllers\Statements))
#11 /home4/projectmanagment/public_html/roshan_energy/system/CodeIgniter.php(318): CodeIgniter\CodeIgniter->handleRequest(NULL, Object(Config\Cache), false)
#12 /home4/projectmanagment/public_html/roshan_energy/public/index.php(37): CodeIgniter\CodeIgniter->run()
#13 {main}
CRITICAL - 2022-01-28 05:21:21 --> Undefined variable: combinedArrayValue
#0 /home4/projectmanagment/public_html/roshan_energy/app/Views/Statements/utility_statements.php(49): CodeIgniter\Debug\Exceptions->errorHandler(8, 'Undefined varia...', '/home4/projectm...', 49, Array)
#1 /home4/projectmanagment/public_html/roshan_energy/system/View/View.php(214): include('/home4/projectm...')
#2 /home4/projectmanagment/public_html/roshan_energy/system/View/View.php(217): CodeIgniter\View\View->CodeIgniter\View\{closure}()
#3 /home4/projectmanagment/public_html/roshan_energy/system/Common.php(1097): CodeIgniter\View\View->render('Statements/util...', Array, true)
#4 /home4/projectmanagment/public_html/roshan_energy/app/Views/template_with_header/template.php(5): view('Statements/util...')
#5 /home4/projectmanagment/public_html/roshan_energy/system/View/View.php(214): include('/home4/projectm...')
#6 /home4/projectmanagment/public_html/roshan_energy/system/View/View.php(217): CodeIgniter\View\View->CodeIgniter\View\{closure}()
#7 /home4/projectmanagment/public_html/roshan_energy/system/Common.php(1097): CodeIgniter\View\View->render('template_with_h...', Array, true)
#8 /home4/projectmanagment/public_html/roshan_energy/app/Controllers/Statements.php(932): view('template_with_h...', Array)
#9 /home4/projectmanagment/public_html/roshan_energy/system/CodeIgniter.php(824): App\Controllers\Statements->utility_statements()
#10 /home4/projectmanagment/public_html/roshan_energy/system/CodeIgniter.php(410): CodeIgniter\CodeIgniter->runController(Object(App\Controllers\Statements))
#11 /home4/projectmanagment/public_html/roshan_energy/system/CodeIgniter.php(318): CodeIgniter\CodeIgniter->handleRequest(NULL, Object(Config\Cache), false)
#12 /home4/projectmanagment/public_html/roshan_energy/public/index.php(37): CodeIgniter\CodeIgniter->run()
#13 {main}
CRITICAL - 2022-01-28 05:21:23 --> Undefined variable: combinedArrayValue
#0 /home4/projectmanagment/public_html/roshan_energy/app/Views/Statements/utility_statements.php(49): CodeIgniter\Debug\Exceptions->errorHandler(8, 'Undefined varia...', '/home4/projectm...', 49, Array)
#1 /home4/projectmanagment/public_html/roshan_energy/system/View/View.php(214): include('/home4/projectm...')
#2 /home4/projectmanagment/public_html/roshan_energy/system/View/View.php(217): CodeIgniter\View\View->CodeIgniter\View\{closure}()
#3 /home4/projectmanagment/public_html/roshan_energy/system/Common.php(1097): CodeIgniter\View\View->render('Statements/util...', Array, true)
#4 /home4/projectmanagment/public_html/roshan_energy/app/Views/template_with_header/template.php(5): view('Statements/util...')
#5 /home4/projectmanagment/public_html/roshan_energy/system/View/View.php(214): include('/home4/projectm...')
#6 /home4/projectmanagment/public_html/roshan_energy/system/View/View.php(217): CodeIgniter\View\View->CodeIgniter\View\{closure}()
#7 /home4/projectmanagment/public_html/roshan_energy/system/Common.php(1097): CodeIgniter\View\View->render('template_with_h...', Array, true)
#8 /home4/projectmanagment/public_html/roshan_energy/app/Controllers/Statements.php(932): view('template_with_h...', Array)
#9 /home4/projectmanagment/public_html/roshan_energy/system/CodeIgniter.php(824): App\Controllers\Statements->utility_statements()
#10 /home4/projectmanagment/public_html/roshan_energy/system/CodeIgniter.php(410): CodeIgniter\CodeIgniter->runController(Object(App\Controllers\Statements))
#11 /home4/projectmanagment/public_html/roshan_energy/system/CodeIgniter.php(318): CodeIgniter\CodeIgniter->handleRequest(NULL, Object(Config\Cache), false)
#12 /home4/projectmanagment/public_html/roshan_energy/public/index.php(37): CodeIgniter\CodeIgniter->run()
#13 {main}
CRITICAL - 2022-01-28 05:22:37 --> Undefined variable: combinedArrayValue
#0 /home4/projectmanagment/public_html/roshan_energy/app/Views/Statements/utility_statements.php(49): CodeIgniter\Debug\Exceptions->errorHandler(8, 'Undefined varia...', '/home4/projectm...', 49, Array)
#1 /home4/projectmanagment/public_html/roshan_energy/system/View/View.php(214): include('/home4/projectm...')
#2 /home4/projectmanagment/public_html/roshan_energy/system/View/View.php(217): CodeIgniter\View\View->CodeIgniter\View\{closure}()
#3 /home4/projectmanagment/public_html/roshan_energy/system/Common.php(1097): CodeIgniter\View\View->render('Statements/util...', Array, true)
#4 /home4/projectmanagment/public_html/roshan_energy/app/Views/template_with_header/template.php(5): view('Statements/util...')
#5 /home4/projectmanagment/public_html/roshan_energy/system/View/View.php(214): include('/home4/projectm...')
#6 /home4/projectmanagment/public_html/roshan_energy/system/View/View.php(217): CodeIgniter\View\View->CodeIgniter\View\{closure}()
#7 /home4/projectmanagment/public_html/roshan_energy/system/Common.php(1097): CodeIgniter\View\View->render('template_with_h...', Array, true)
#8 /home4/projectmanagment/public_html/roshan_energy/app/Controllers/Statements.php(932): view('template_with_h...', Array)
#9 /home4/projectmanagment/public_html/roshan_energy/system/CodeIgniter.php(824): App\Controllers\Statements->utility_statements()
#10 /home4/projectmanagment/public_html/roshan_energy/system/CodeIgniter.php(410): CodeIgniter\CodeIgniter->runController(Object(App\Controllers\Statements))
#11 /home4/projectmanagment/public_html/roshan_energy/system/CodeIgniter.php(318): CodeIgniter\CodeIgniter->handleRequest(NULL, Object(Config\Cache), false)
#12 /home4/projectmanagment/public_html/roshan_energy/public/index.php(37): CodeIgniter\CodeIgniter->run()
#13 {main}
CRITICAL - 2022-01-28 05:22:47 --> Undefined variable: combinedArrayValue
#0 /home4/projectmanagment/public_html/roshan_energy/app/Views/Statements/utility_statements.php(49): CodeIgniter\Debug\Exceptions->errorHandler(8, 'Undefined varia...', '/home4/projectm...', 49, Array)
#1 /home4/projectmanagment/public_html/roshan_energy/system/View/View.php(214): include('/home4/projectm...')
#2 /home4/projectmanagment/public_html/roshan_energy/system/View/View.php(217): CodeIgniter\View\View->CodeIgniter\View\{closure}()
#3 /home4/projectmanagment/public_html/roshan_energy/system/Common.php(1097): CodeIgniter\View\View->render('Statements/util...', Array, true)
#4 /home4/projectmanagment/public_html/roshan_energy/app/Views/template_with_header/template.php(5): view('Statements/util...')
#5 /home4/projectmanagment/public_html/roshan_energy/system/View/View.php(214): include('/home4/projectm...')
#6 /home4/projectmanagment/public_html/roshan_energy/system/View/View.php(217): CodeIgniter\View\View->CodeIgniter\View\{closure}()
#7 /home4/projectmanagment/public_html/roshan_energy/system/Common.php(1097): CodeIgniter\View\View->render('template_with_h...', Array, true)
#8 /home4/projectmanagment/public_html/roshan_energy/app/Controllers/Statements.php(932): view('template_with_h...', Array)
#9 /home4/projectmanagment/public_html/roshan_energy/system/CodeIgniter.php(824): App\Controllers\Statements->utility_statements()
#10 /home4/projectmanagment/public_html/roshan_energy/system/CodeIgniter.php(410): CodeIgniter\CodeIgniter->runController(Object(App\Controllers\Statements))
#11 /home4/projectmanagment/public_html/roshan_energy/system/CodeIgniter.php(318): CodeIgniter\CodeIgniter->handleRequest(NULL, Object(Config\Cache), false)
#12 /home4/projectmanagment/public_html/roshan_energy/public/index.php(37): CodeIgniter\CodeIgniter->run()
#13 {main}
CRITICAL - 2022-01-28 05:23:29 --> Undefined variable: combinedArrayValue
#0 /home4/projectmanagment/public_html/roshan_energy/app/Views/Statements/utility_statements.php(49): CodeIgniter\Debug\Exceptions->errorHandler(8, 'Undefined varia...', '/home4/projectm...', 49, Array)
#1 /home4/projectmanagment/public_html/roshan_energy/system/View/View.php(214): include('/home4/projectm...')
#2 /home4/projectmanagment/public_html/roshan_energy/system/View/View.php(217): CodeIgniter\View\View->CodeIgniter\View\{closure}()
#3 /home4/projectmanagment/public_html/roshan_energy/system/Common.php(1097): CodeIgniter\View\View->render('Statements/util...', Array, true)
#4 /home4/projectmanagment/public_html/roshan_energy/app/Views/template_with_header/template.php(5): view('Statements/util...')
#5 /home4/projectmanagment/public_html/roshan_energy/system/View/View.php(214): include('/home4/projectm...')
#6 /home4/projectmanagment/public_html/roshan_energy/system/View/View.php(217): CodeIgniter\View\View->CodeIgniter\View\{closure}()
#7 /home4/projectmanagment/public_html/roshan_energy/system/Common.php(1097): CodeIgniter\View\View->render('template_with_h...', Array, true)
#8 /home4/projectmanagment/public_html/roshan_energy/app/Controllers/Statements.php(932): view('template_with_h...', Array)
#9 /home4/projectmanagment/public_html/roshan_energy/system/CodeIgniter.php(824): App\Controllers\Statements->utility_statements()
#10 /home4/projectmanagment/public_html/roshan_energy/system/CodeIgniter.php(410): CodeIgniter\CodeIgniter->runController(Object(App\Controllers\Statements))
#11 /home4/projectmanagment/public_html/roshan_energy/system/CodeIgniter.php(318): CodeIgniter\CodeIgniter->handleRequest(NULL, Object(Config\Cache), false)
#12 /home4/projectmanagment/public_html/roshan_energy/public/index.php(37): CodeIgniter\CodeIgniter->run()
#13 {main}
CRITICAL - 2022-01-28 05:24:52 --> Undefined variable: combinedArrayValue
#0 /home4/projectmanagment/public_html/roshan_energy/app/Views/Statements/utility_statements.php(49): CodeIgniter\Debug\Exceptions->errorHandler(8, 'Undefined varia...', '/home4/projectm...', 49, Array)
#1 /home4/projectmanagment/public_html/roshan_energy/system/View/View.php(214): include('/home4/projectm...')
#2 /home4/projectmanagment/public_html/roshan_energy/system/View/View.php(217): CodeIgniter\View\View->CodeIgniter\View\{closure}()
#3 /home4/projectmanagment/public_html/roshan_energy/system/Common.php(1097): CodeIgniter\View\View->render('Statements/util...', Array, true)
#4 /home4/projectmanagment/public_html/roshan_energy/app/Views/template_with_header/template.php(5): view('Statements/util...')
#5 /home4/projectmanagment/public_html/roshan_energy/system/View/View.php(214): include('/home4/projectm...')
#6 /home4/projectmanagment/public_html/roshan_energy/system/View/View.php(217): CodeIgniter\View\View->CodeIgniter\View\{closure}()
#7 /home4/projectmanagment/public_html/roshan_energy/system/Common.php(1097): CodeIgniter\View\View->render('template_with_h...', Array, true)
#8 /home4/projectmanagment/public_html/roshan_energy/app/Controllers/Statements.php(932): view('template_with_h...', Array)
#9 /home4/projectmanagment/public_html/roshan_energy/system/CodeIgniter.php(824): App\Controllers\Statements->utility_statements()
#10 /home4/projectmanagment/public_html/roshan_energy/system/CodeIgniter.php(410): CodeIgniter\CodeIgniter->runController(Object(App\Controllers\Statements))
#11 /home4/projectmanagment/public_html/roshan_energy/system/CodeIgniter.php(318): CodeIgniter\CodeIgniter->handleRequest(NULL, Object(Config\Cache), false)
#12 /home4/projectmanagment/public_html/roshan_energy/public/index.php(37): CodeIgniter\CodeIgniter->run()
#13 {main}
CRITICAL - 2022-01-28 05:24:54 --> Undefined variable: combinedArrayValue
#0 /home4/projectmanagment/public_html/roshan_energy/app/Views/Statements/utility_statements.php(49): CodeIgniter\Debug\Exceptions->errorHandler(8, 'Undefined varia...', '/home4/projectm...', 49, Array)
#1 /home4/projectmanagment/public_html/roshan_energy/system/View/View.php(214): include('/home4/projectm...')
#2 /home4/projectmanagment/public_html/roshan_energy/system/View/View.php(217): CodeIgniter\View\View->CodeIgniter\View\{closure}()
#3 /home4/projectmanagment/public_html/roshan_energy/system/Common.php(1097): CodeIgniter\View\View->render('Statements/util...', Array, true)
#4 /home4/projectmanagment/public_html/roshan_energy/app/Views/template_with_header/template.php(5): view('Statements/util...')
#5 /home4/projectmanagment/public_html/roshan_energy/system/View/View.php(214): include('/home4/projectm...')
#6 /home4/projectmanagment/public_html/roshan_energy/system/View/View.php(217): CodeIgniter\View\View->CodeIgniter\View\{closure}()
#7 /home4/projectmanagment/public_html/roshan_energy/system/Common.php(1097): CodeIgniter\View\View->render('template_with_h...', Array, true)
#8 /home4/projectmanagment/public_html/roshan_energy/app/Controllers/Statements.php(932): view('template_with_h...', Array)
#9 /home4/projectmanagment/public_html/roshan_energy/system/CodeIgniter.php(824): App\Controllers\Statements->utility_statements()
#10 /home4/projectmanagment/public_html/roshan_energy/system/CodeIgniter.php(410): CodeIgniter\CodeIgniter->runController(Object(App\Controllers\Statements))
#11 /home4/projectmanagment/public_html/roshan_energy/system/CodeIgniter.php(318): CodeIgniter\CodeIgniter->handleRequest(NULL, Object(Config\Cache), false)
#12 /home4/projectmanagment/public_html/roshan_energy/public/index.php(37): CodeIgniter\CodeIgniter->run()
#13 {main}
CRITICAL - 2022-01-28 05:24:57 --> Undefined variable: combinedArrayValue
#0 /home4/projectmanagment/public_html/roshan_energy/app/Views/Statements/utility_statements.php(49): CodeIgniter\Debug\Exceptions->errorHandler(8, 'Undefined varia...', '/home4/projectm...', 49, Array)
#1 /home4/projectmanagment/public_html/roshan_energy/system/View/View.php(214): include('/home4/projectm...')
#2 /home4/projectmanagment/public_html/roshan_energy/system/View/View.php(217): CodeIgniter\View\View->CodeIgniter\View\{closure}()
#3 /home4/projectmanagment/public_html/roshan_energy/system/Common.php(1097): CodeIgniter\View\View->render('Statements/util...', Array, true)
#4 /home4/projectmanagment/public_html/roshan_energy/app/Views/template_with_header/template.php(5): view('Statements/util...')
#5 /home4/projectmanagment/public_html/roshan_energy/system/View/View.php(214): include('/home4/projectm...')
#6 /home4/projectmanagment/public_html/roshan_energy/system/View/View.php(217): CodeIgniter\View\View->CodeIgniter\View\{closure}()
#7 /home4/projectmanagment/public_html/roshan_energy/system/Common.php(1097): CodeIgniter\View\View->render('template_with_h...', Array, true)
#8 /home4/projectmanagment/public_html/roshan_energy/app/Controllers/Statements.php(932): view('template_with_h...', Array)
#9 /home4/projectmanagment/public_html/roshan_energy/system/CodeIgniter.php(824): App\Controllers\Statements->utility_statements()
#10 /home4/projectmanagment/public_html/roshan_energy/system/CodeIgniter.php(410): CodeIgniter\CodeIgniter->runController(Object(App\Controllers\Statements))
#11 /home4/projectmanagment/public_html/roshan_energy/system/CodeIgniter.php(318): CodeIgniter\CodeIgniter->handleRequest(NULL, Object(Config\Cache), false)
#12 /home4/projectmanagment/public_html/roshan_energy/public/index.php(37): CodeIgniter\CodeIgniter->run()
#13 {main}
CRITICAL - 2022-01-28 05:25:13 --> Undefined variable: combinedArrayValue
#0 /home4/projectmanagment/public_html/roshan_energy/app/Views/Statements/utility_statements.php(49): CodeIgniter\Debug\Exceptions->errorHandler(8, 'Undefined varia...', '/home4/projectm...', 49, Array)
#1 /home4/projectmanagment/public_html/roshan_energy/system/View/View.php(214): include('/home4/projectm...')
#2 /home4/projectmanagment/public_html/roshan_energy/system/View/View.php(217): CodeIgniter\View\View->CodeIgniter\View\{closure}()
#3 /home4/projectmanagment/public_html/roshan_energy/system/Common.php(1097): CodeIgniter\View\View->render('Statements/util...', Array, true)
#4 /home4/projectmanagment/public_html/roshan_energy/app/Views/template_with_header/template.php(5): view('Statements/util...')
#5 /home4/projectmanagment/public_html/roshan_energy/system/View/View.php(214): include('/home4/projectm...')
#6 /home4/projectmanagment/public_html/roshan_energy/system/View/View.php(217): CodeIgniter\View\View->CodeIgniter\View\{closure}()
#7 /home4/projectmanagment/public_html/roshan_energy/system/Common.php(1097): CodeIgniter\View\View->render('template_with_h...', Array, true)
#8 /home4/projectmanagment/public_html/roshan_energy/app/Controllers/Statements.php(932): view('template_with_h...', Array)
#9 /home4/projectmanagment/public_html/roshan_energy/system/CodeIgniter.php(824): App\Controllers\Statements->utility_statements()
#10 /home4/projectmanagment/public_html/roshan_energy/system/CodeIgniter.php(410): CodeIgniter\CodeIgniter->runController(Object(App\Controllers\Statements))
#11 /home4/projectmanagment/public_html/roshan_energy/system/CodeIgniter.php(318): CodeIgniter\CodeIgniter->handleRequest(NULL, Object(Config\Cache), false)
#12 /home4/projectmanagment/public_html/roshan_energy/public/index.php(37): CodeIgniter\CodeIgniter->run()
#13 {main}
CRITICAL - 2022-01-28 05:25:15 --> Undefined variable: combinedArrayValue
#0 /home4/projectmanagment/public_html/roshan_energy/app/Views/Statements/utility_statements.php(49): CodeIgniter\Debug\Exceptions->errorHandler(8, 'Undefined varia...', '/home4/projectm...', 49, Array)
#1 /home4/projectmanagment/public_html/roshan_energy/system/View/View.php(214): include('/home4/projectm...')
#2 /home4/projectmanagment/public_html/roshan_energy/system/View/View.php(217): CodeIgniter\View\View->CodeIgniter\View\{closure}()
#3 /home4/projectmanagment/public_html/roshan_energy/system/Common.php(1097): CodeIgniter\View\View->render('Statements/util...', Array, true)
#4 /home4/projectmanagment/public_html/roshan_energy/app/Views/template_with_header/template.php(5): view('Statements/util...')
#5 /home4/projectmanagment/public_html/roshan_energy/system/View/View.php(214): include('/home4/projectm...')
#6 /home4/projectmanagment/public_html/roshan_energy/system/View/View.php(217): CodeIgniter\View\View->CodeIgniter\View\{closure}()
#7 /home4/projectmanagment/public_html/roshan_energy/system/Common.php(1097): CodeIgniter\View\View->render('template_with_h...', Array, true)
#8 /home4/projectmanagment/public_html/roshan_energy/app/Controllers/Statements.php(932): view('template_with_h...', Array)
#9 /home4/projectmanagment/public_html/roshan_energy/system/CodeIgniter.php(824): App\Controllers\Statements->utility_statements()
#10 /home4/projectmanagment/public_html/roshan_energy/system/CodeIgniter.php(410): CodeIgniter\CodeIgniter->runController(Object(App\Controllers\Statements))
#11 /home4/projectmanagment/public_html/roshan_energy/system/CodeIgniter.php(318): CodeIgniter\CodeIgniter->handleRequest(NULL, Object(Config\Cache), false)
#12 /home4/projectmanagment/public_html/roshan_energy/public/index.php(37): CodeIgniter\CodeIgniter->run()
#13 {main}
CRITICAL - 2022-01-28 05:25:22 --> Undefined variable: combinedArrayValue
#0 /home4/projectmanagment/public_html/roshan_energy/app/Views/Statements/utility_statements.php(49): CodeIgniter\Debug\Exceptions->errorHandler(8, 'Undefined varia...', '/home4/projectm...', 49, Array)
#1 /home4/projectmanagment/public_html/roshan_energy/system/View/View.php(214): include('/home4/projectm...')
#2 /home4/projectmanagment/public_html/roshan_energy/system/View/View.php(217): CodeIgniter\View\View->CodeIgniter\View\{closure}()
#3 /home4/projectmanagment/public_html/roshan_energy/system/Common.php(1097): CodeIgniter\View\View->render('Statements/util...', Array, true)
#4 /home4/projectmanagment/public_html/roshan_energy/app/Views/template_with_header/template.php(5): view('Statements/util...')
#5 /home4/projectmanagment/public_html/roshan_energy/system/View/View.php(214): include('/home4/projectm...')
#6 /home4/projectmanagment/public_html/roshan_energy/system/View/View.php(217): CodeIgniter\View\View->CodeIgniter\View\{closure}()
#7 /home4/projectmanagment/public_html/roshan_energy/system/Common.php(1097): CodeIgniter\View\View->render('template_with_h...', Array, true)
#8 /home4/projectmanagment/public_html/roshan_energy/app/Controllers/Statements.php(932): view('template_with_h...', Array)
#9 /home4/projectmanagment/public_html/roshan_energy/system/CodeIgniter.php(824): App\Controllers\Statements->utility_statements()
#10 /home4/projectmanagment/public_html/roshan_energy/system/CodeIgniter.php(410): CodeIgniter\CodeIgniter->runController(Object(App\Controllers\Statements))
#11 /home4/projectmanagment/public_html/roshan_energy/system/CodeIgniter.php(318): CodeIgniter\CodeIgniter->handleRequest(NULL, Object(Config\Cache), false)
#12 /home4/projectmanagment/public_html/roshan_energy/public/index.php(37): CodeIgniter\CodeIgniter->run()
#13 {main}
CRITICAL - 2022-01-28 05:26:10 --> Undefined variable: combinedArrayValue
#0 /home4/projectmanagment/public_html/roshan_energy/app/Views/Statements/utility_statements.php(49): CodeIgniter\Debug\Exceptions->errorHandler(8, 'Undefined varia...', '/home4/projectm...', 49, Array)
#1 /home4/projectmanagment/public_html/roshan_energy/system/View/View.php(214): include('/home4/projectm...')
#2 /home4/projectmanagment/public_html/roshan_energy/system/View/View.php(217): CodeIgniter\View\View->CodeIgniter\View\{closure}()
#3 /home4/projectmanagment/public_html/roshan_energy/system/Common.php(1097): CodeIgniter\View\View->render('Statements/util...', Array, true)
#4 /home4/projectmanagment/public_html/roshan_energy/app/Views/template_with_header/template.php(5): view('Statements/util...')
#5 /home4/projectmanagment/public_html/roshan_energy/system/View/View.php(214): include('/home4/projectm...')
#6 /home4/projectmanagment/public_html/roshan_energy/system/View/View.php(217): CodeIgniter\View\View->CodeIgniter\View\{closure}()
#7 /home4/projectmanagment/public_html/roshan_energy/system/Common.php(1097): CodeIgniter\View\View->render('template_with_h...', Array, true)
#8 /home4/projectmanagment/public_html/roshan_energy/app/Controllers/Statements.php(932): view('template_with_h...', Array)
#9 /home4/projectmanagment/public_html/roshan_energy/system/CodeIgniter.php(824): App\Controllers\Statements->utility_statements()
#10 /home4/projectmanagment/public_html/roshan_energy/system/CodeIgniter.php(410): CodeIgniter\CodeIgniter->runController(Object(App\Controllers\Statements))
#11 /home4/projectmanagment/public_html/roshan_energy/system/CodeIgniter.php(318): CodeIgniter\CodeIgniter->handleRequest(NULL, Object(Config\Cache), false)
#12 /home4/projectmanagment/public_html/roshan_energy/public/index.php(37): CodeIgniter\CodeIgniter->run()
#13 {main}
CRITICAL - 2022-01-28 05:27:50 --> Undefined variable: combinedArrayValue
#0 /home4/projectmanagment/public_html/roshan_energy/app/Views/Statements/utility_statements.php(49): CodeIgniter\Debug\Exceptions->errorHandler(8, 'Undefined varia...', '/home4/projectm...', 49, Array)
#1 /home4/projectmanagment/public_html/roshan_energy/system/View/View.php(214): include('/home4/projectm...')
#2 /home4/projectmanagment/public_html/roshan_energy/system/View/View.php(217): CodeIgniter\View\View->CodeIgniter\View\{closure}()
#3 /home4/projectmanagment/public_html/roshan_energy/system/Common.php(1097): CodeIgniter\View\View->render('Statements/util...', Array, true)
#4 /home4/projectmanagment/public_html/roshan_energy/app/Views/template_with_header/template.php(5): view('Statements/util...')
#5 /home4/projectmanagment/public_html/roshan_energy/system/View/View.php(214): include('/home4/projectm...')
#6 /home4/projectmanagment/public_html/roshan_energy/system/View/View.php(217): CodeIgniter\View\View->CodeIgniter\View\{closure}()
#7 /home4/projectmanagment/public_html/roshan_energy/system/Common.php(1097): CodeIgniter\View\View->render('template_with_h...', Array, true)
#8 /home4/projectmanagment/public_html/roshan_energy/app/Controllers/Statements.php(932): view('template_with_h...', Array)
#9 /home4/projectmanagment/public_html/roshan_energy/system/CodeIgniter.php(824): App\Controllers\Statements->utility_statements()
#10 /home4/projectmanagment/public_html/roshan_energy/system/CodeIgniter.php(410): CodeIgniter\CodeIgniter->runController(Object(App\Controllers\Statements))
#11 /home4/projectmanagment/public_html/roshan_energy/system/CodeIgniter.php(318): CodeIgniter\CodeIgniter->handleRequest(NULL, Object(Config\Cache), false)
#12 /home4/projectmanagment/public_html/roshan_energy/public/index.php(37): CodeIgniter\CodeIgniter->run()
#13 {main}
CRITICAL - 2022-01-28 05:31:55 --> syntax error, unexpected '/'
#0 /home4/projectmanagment/public_html/roshan_energy/system/Router/Router.php(176): CodeIgniter\Router\Router->autoRoute('Statements/gen_...')
#1 /home4/projectmanagment/public_html/roshan_energy/system/CodeIgniter.php(718): CodeIgniter\Router\Router->handle('Statements/gen_...')
#2 /home4/projectmanagment/public_html/roshan_energy/system/CodeIgniter.php(359): CodeIgniter\CodeIgniter->tryToRouteIt(Object(CodeIgniter\Router\RouteCollection))
#3 /home4/projectmanagment/public_html/roshan_energy/system/CodeIgniter.php(318): CodeIgniter\CodeIgniter->handleRequest(NULL, Object(Config\Cache), false)
#4 /home4/projectmanagment/public_html/roshan_energy/public/index.php(37): CodeIgniter\CodeIgniter->run()
#5 {main}
CRITICAL - 2022-01-28 05:34:18 --> Undefined variable: combinedArrayValue
#0 /home4/projectmanagment/public_html/roshan_energy/app/Views/Statements/utility_statements.php(49): CodeIgniter\Debug\Exceptions->errorHandler(8, 'Undefined varia...', '/home4/projectm...', 49, Array)
#1 /home4/projectmanagment/public_html/roshan_energy/system/View/View.php(214): include('/home4/projectm...')
#2 /home4/projectmanagment/public_html/roshan_energy/system/View/View.php(217): CodeIgniter\View\View->CodeIgniter\View\{closure}()
#3 /home4/projectmanagment/public_html/roshan_energy/system/Common.php(1097): CodeIgniter\View\View->render('Statements/util...', Array, true)
#4 /home4/projectmanagment/public_html/roshan_energy/app/Views/template_with_header/template.php(5): view('Statements/util...')
#5 /home4/projectmanagment/public_html/roshan_energy/system/View/View.php(214): include('/home4/projectm...')
#6 /home4/projectmanagment/public_html/roshan_energy/system/View/View.php(217): CodeIgniter\View\View->CodeIgniter\View\{closure}()
#7 /home4/projectmanagment/public_html/roshan_energy/system/Common.php(1097): CodeIgniter\View\View->render('template_with_h...', Array, true)
#8 /home4/projectmanagment/public_html/roshan_energy/app/Controllers/Statements.php(932): view('template_with_h...', Array)
#9 /home4/projectmanagment/public_html/roshan_energy/system/CodeIgniter.php(824): App\Controllers\Statements->utility_statements()
#10 /home4/projectmanagment/public_html/roshan_energy/system/CodeIgniter.php(410): CodeIgniter\CodeIgniter->runController(Object(App\Controllers\Statements))
#11 /home4/projectmanagment/public_html/roshan_energy/system/CodeIgniter.php(318): CodeIgniter\CodeIgniter->handleRequest(NULL, Object(Config\Cache), false)
#12 /home4/projectmanagment/public_html/roshan_energy/public/index.php(37): CodeIgniter\CodeIgniter->run()
#13 {main}
CRITICAL - 2022-01-28 05:35:45 --> Undefined variable: combinedArrayValue
#0 /home4/projectmanagment/public_html/roshan_energy/app/Views/Statements/utility_statements.php(49): CodeIgniter\Debug\Exceptions->errorHandler(8, 'Undefined varia...', '/home4/projectm...', 49, Array)
#1 /home4/projectmanagment/public_html/roshan_energy/system/View/View.php(214): include('/home4/projectm...')
#2 /home4/projectmanagment/public_html/roshan_energy/system/View/View.php(217): CodeIgniter\View\View->CodeIgniter\View\{closure}()
#3 /home4/projectmanagment/public_html/roshan_energy/system/Common.php(1097): CodeIgniter\View\View->render('Statements/util...', Array, true)
#4 /home4/projectmanagment/public_html/roshan_energy/app/Views/template_with_header/template.php(5): view('Statements/util...')
#5 /home4/projectmanagment/public_html/roshan_energy/system/View/View.php(214): include('/home4/projectm...')
#6 /home4/projectmanagment/public_html/roshan_energy/system/View/View.php(217): CodeIgniter\View\View->CodeIgniter\View\{closure}()
#7 /home4/projectmanagment/public_html/roshan_energy/system/Common.php(1097): CodeIgniter\View\View->render('template_with_h...', Array, true)
#8 /home4/projectmanagment/public_html/roshan_energy/app/Controllers/Statements.php(932): view('template_with_h...', Array)
#9 /home4/projectmanagment/public_html/roshan_energy/system/CodeIgniter.php(824): App\Controllers\Statements->utility_statements()
#10 /home4/projectmanagment/public_html/roshan_energy/system/CodeIgniter.php(410): CodeIgniter\CodeIgniter->runController(Object(App\Controllers\Statements))
#11 /home4/projectmanagment/public_html/roshan_energy/system/CodeIgniter.php(318): CodeIgniter\CodeIgniter->handleRequest(NULL, Object(Config\Cache), false)
#12 /home4/projectmanagment/public_html/roshan_energy/public/index.php(37): CodeIgniter\CodeIgniter->run()
#13 {main}
CRITICAL - 2022-01-28 05:35:51 --> Undefined variable: combinedArrayValue
#0 /home4/projectmanagment/public_html/roshan_energy/app/Views/Statements/utility_statements.php(49): CodeIgniter\Debug\Exceptions->errorHandler(8, 'Undefined varia...', '/home4/projectm...', 49, Array)
#1 /home4/projectmanagment/public_html/roshan_energy/system/View/View.php(214): include('/home4/projectm...')
#2 /home4/projectmanagment/public_html/roshan_energy/system/View/View.php(217): CodeIgniter\View\View->CodeIgniter\View\{closure}()
#3 /home4/projectmanagment/public_html/roshan_energy/system/Common.php(1097): CodeIgniter\View\View->render('Statements/util...', Array, true)
#4 /home4/projectmanagment/public_html/roshan_energy/app/Views/template_with_header/template.php(5): view('Statements/util...')
#5 /home4/projectmanagment/public_html/roshan_energy/system/View/View.php(214): include('/home4/projectm...')
#6 /home4/projectmanagment/public_html/roshan_energy/system/View/View.php(217): CodeIgniter\View\View->CodeIgniter\View\{closure}()
#7 /home4/projectmanagment/public_html/roshan_energy/system/Common.php(1097): CodeIgniter\View\View->render('template_with_h...', Array, true)
#8 /home4/projectmanagment/public_html/roshan_energy/app/Controllers/Statements.php(932): view('template_with_h...', Array)
#9 /home4/projectmanagment/public_html/roshan_energy/system/CodeIgniter.php(824): App\Controllers\Statements->utility_statements()
#10 /home4/projectmanagment/public_html/roshan_energy/system/CodeIgniter.php(410): CodeIgniter\CodeIgniter->runController(Object(App\Controllers\Statements))
#11 /home4/projectmanagment/public_html/roshan_energy/system/CodeIgniter.php(318): CodeIgniter\CodeIgniter->handleRequest(NULL, Object(Config\Cache), false)
#12 /home4/projectmanagment/public_html/roshan_energy/public/index.php(37): CodeIgniter\CodeIgniter->run()
#13 {main}
CRITICAL - 2022-01-28 05:37:02 --> Undefined variable: combinedArrayValue
#0 /home4/projectmanagment/public_html/roshan_energy/app/Views/Statements/utility_statements.php(49): CodeIgniter\Debug\Exceptions->errorHandler(8, 'Undefined varia...', '/home4/projectm...', 49, Array)
#1 /home4/projectmanagment/public_html/roshan_energy/system/View/View.php(214): include('/home4/projectm...')
#2 /home4/projectmanagment/public_html/roshan_energy/system/View/View.php(217): CodeIgniter\View\View->CodeIgniter\View\{closure}()
#3 /home4/projectmanagment/public_html/roshan_energy/system/Common.php(1097): CodeIgniter\View\View->render('Statements/util...', Array, true)
#4 /home4/projectmanagment/public_html/roshan_energy/app/Views/template_with_header/template.php(5): view('Statements/util...')
#5 /home4/projectmanagment/public_html/roshan_energy/system/View/View.php(214): include('/home4/projectm...')
#6 /home4/projectmanagment/public_html/roshan_energy/system/View/View.php(217): CodeIgniter\View\View->CodeIgniter\View\{closure}()
#7 /home4/projectmanagment/public_html/roshan_energy/system/Common.php(1097): CodeIgniter\View\View->render('template_with_h...', Array, true)
#8 /home4/projectmanagment/public_html/roshan_energy/app/Controllers/Statements.php(932): view('template_with_h...', Array)
#9 /home4/projectmanagment/public_html/roshan_energy/system/CodeIgniter.php(824): App\Controllers\Statements->utility_statements()
#10 /home4/projectmanagment/public_html/roshan_energy/system/CodeIgniter.php(410): CodeIgniter\CodeIgniter->runController(Object(App\Controllers\Statements))
#11 /home4/projectmanagment/public_html/roshan_energy/system/CodeIgniter.php(318): CodeIgniter\CodeIgniter->handleRequest(NULL, Object(Config\Cache), false)
#12 /home4/projectmanagment/public_html/roshan_energy/public/index.php(37): CodeIgniter\CodeIgniter->run()
#13 {main}
CRITICAL - 2022-01-28 05:38:16 --> Undefined variable: combinedArrayValue
#0 /home4/projectmanagment/public_html/roshan_energy/app/Views/Statements/utility_statements.php(49): CodeIgniter\Debug\Exceptions->errorHandler(8, 'Undefined varia...', '/home4/projectm...', 49, Array)
#1 /home4/projectmanagment/public_html/roshan_energy/system/View/View.php(214): include('/home4/projectm...')
#2 /home4/projectmanagment/public_html/roshan_energy/system/View/View.php(217): CodeIgniter\View\View->CodeIgniter\View\{closure}()
#3 /home4/projectmanagment/public_html/roshan_energy/system/Common.php(1097): CodeIgniter\View\View->render('Statements/util...', Array, true)
#4 /home4/projectmanagment/public_html/roshan_energy/app/Views/template_with_header/template.php(5): view('Statements/util...')
#5 /home4/projectmanagment/public_html/roshan_energy/system/View/View.php(214): include('/home4/projectm...')
#6 /home4/projectmanagment/public_html/roshan_energy/system/View/View.php(217): CodeIgniter\View\View->CodeIgniter\View\{closure}()
#7 /home4/projectmanagment/public_html/roshan_energy/system/Common.php(1097): CodeIgniter\View\View->render('template_with_h...', Array, true)
#8 /home4/projectmanagment/public_html/roshan_energy/app/Controllers/Statements.php(932): view('template_with_h...', Array)
#9 /home4/projectmanagment/public_html/roshan_energy/system/CodeIgniter.php(824): App\Controllers\Statements->utility_statements()
#10 /home4/projectmanagment/public_html/roshan_energy/system/CodeIgniter.php(410): CodeIgniter\CodeIgniter->runController(Object(App\Controllers\Statements))
#11 /home4/projectmanagment/public_html/roshan_energy/system/CodeIgniter.php(318): CodeIgniter\CodeIgniter->handleRequest(NULL, Object(Config\Cache), false)
#12 /home4/projectmanagment/public_html/roshan_energy/public/index.php(37): CodeIgniter\CodeIgniter->run()
#13 {main}
CRITICAL - 2022-01-28 05:38:18 --> Undefined variable: combinedArrayValue
#0 /home4/projectmanagment/public_html/roshan_energy/app/Views/Statements/utility_statements.php(49): CodeIgniter\Debug\Exceptions->errorHandler(8, 'Undefined varia...', '/home4/projectm...', 49, Array)
#1 /home4/projectmanagment/public_html/roshan_energy/system/View/View.php(214): include('/home4/projectm...')
#2 /home4/projectmanagment/public_html/roshan_energy/system/View/View.php(217): CodeIgniter\View\View->CodeIgniter\View\{closure}()
#3 /home4/projectmanagment/public_html/roshan_energy/system/Common.php(1097): CodeIgniter\View\View->render('Statements/util...', Array, true)
#4 /home4/projectmanagment/public_html/roshan_energy/app/Views/template_with_header/template.php(5): view('Statements/util...')
#5 /home4/projectmanagment/public_html/roshan_energy/system/View/View.php(214): include('/home4/projectm...')
#6 /home4/projectmanagment/public_html/roshan_energy/system/View/View.php(217): CodeIgniter\View\View->CodeIgniter\View\{closure}()
#7 /home4/projectmanagment/public_html/roshan_energy/system/Common.php(1097): CodeIgniter\View\View->render('template_with_h...', Array, true)
#8 /home4/projectmanagment/public_html/roshan_energy/app/Controllers/Statements.php(932): view('template_with_h...', Array)
#9 /home4/projectmanagment/public_html/roshan_energy/system/CodeIgniter.php(824): App\Controllers\Statements->utility_statements()
#10 /home4/projectmanagment/public_html/roshan_energy/system/CodeIgniter.php(410): CodeIgniter\CodeIgniter->runController(Object(App\Controllers\Statements))
#11 /home4/projectmanagment/public_html/roshan_energy/system/CodeIgniter.php(318): CodeIgniter\CodeIgniter->handleRequest(NULL, Object(Config\Cache), false)
#12 /home4/projectmanagment/public_html/roshan_energy/public/index.php(37): CodeIgniter\CodeIgniter->run()
#13 {main}
CRITICAL - 2022-01-28 05:38:40 --> Undefined variable: combinedArrayValue
#0 /home4/projectmanagment/public_html/roshan_energy/app/Views/Statements/utility_statements.php(49): CodeIgniter\Debug\Exceptions->errorHandler(8, 'Undefined varia...', '/home4/projectm...', 49, Array)
#1 /home4/projectmanagment/public_html/roshan_energy/system/View/View.php(214): include('/home4/projectm...')
#2 /home4/projectmanagment/public_html/roshan_energy/system/View/View.php(217): CodeIgniter\View\View->CodeIgniter\View\{closure}()
#3 /home4/projectmanagment/public_html/roshan_energy/system/Common.php(1097): CodeIgniter\View\View->render('Statements/util...', Array, true)
#4 /home4/projectmanagment/public_html/roshan_energy/app/Views/template_with_header/template.php(5): view('Statements/util...')
#5 /home4/projectmanagment/public_html/roshan_energy/system/View/View.php(214): include('/home4/projectm...')
#6 /home4/projectmanagment/public_html/roshan_energy/system/View/View.php(217): CodeIgniter\View\View->CodeIgniter\View\{closure}()
#7 /home4/projectmanagment/public_html/roshan_energy/system/Common.php(1097): CodeIgniter\View\View->render('template_with_h...', Array, true)
#8 /home4/projectmanagment/public_html/roshan_energy/app/Controllers/Statements.php(932): view('template_with_h...', Array)
#9 /home4/projectmanagment/public_html/roshan_energy/system/CodeIgniter.php(824): App\Controllers\Statements->utility_statements()
#10 /home4/projectmanagment/public_html/roshan_energy/system/CodeIgniter.php(410): CodeIgniter\CodeIgniter->runController(Object(App\Controllers\Statements))
#11 /home4/projectmanagment/public_html/roshan_energy/system/CodeIgniter.php(318): CodeIgniter\CodeIgniter->handleRequest(NULL, Object(Config\Cache), false)
#12 /home4/projectmanagment/public_html/roshan_energy/public/index.php(37): CodeIgniter\CodeIgniter->run()
#13 {main}
CRITICAL - 2022-01-28 05:40:03 --> Undefined variable: combinedArrayValue
#0 /home4/projectmanagment/public_html/roshan_energy/app/Controllers/Statements.php(931): CodeIgniter\Debug\Exceptions->errorHandler(8, 'Undefined varia...', '/home4/projectm...', 931, Array)
#1 /home4/projectmanagment/public_html/roshan_energy/system/CodeIgniter.php(824): App\Controllers\Statements->utility_statements()
#2 /home4/projectmanagment/public_html/roshan_energy/system/CodeIgniter.php(410): CodeIgniter\CodeIgniter->runController(Object(App\Controllers\Statements))
#3 /home4/projectmanagment/public_html/roshan_energy/system/CodeIgniter.php(318): CodeIgniter\CodeIgniter->handleRequest(NULL, Object(Config\Cache), false)
#4 /home4/projectmanagment/public_html/roshan_energy/public/index.php(37): CodeIgniter\CodeIgniter->run()
#5 {main}
CRITICAL - 2022-01-28 05:46:00 --> Undefined variable: water_electricity_data
#0 /home4/projectmanagment/public_html/roshan_energy/app/Controllers/Statements.php(931): CodeIgniter\Debug\Exceptions->errorHandler(8, 'Undefined varia...', '/home4/projectm...', 931, Array)
#1 /home4/projectmanagment/public_html/roshan_energy/system/CodeIgniter.php(824): App\Controllers\Statements->utility_statements()
#2 /home4/projectmanagment/public_html/roshan_energy/system/CodeIgniter.php(410): CodeIgniter\CodeIgniter->runController(Object(App\Controllers\Statements))
#3 /home4/projectmanagment/public_html/roshan_energy/system/CodeIgniter.php(318): CodeIgniter\CodeIgniter->handleRequest(NULL, Object(Config\Cache), false)
#4 /home4/projectmanagment/public_html/roshan_energy/public/index.php(37): CodeIgniter\CodeIgniter->run()
#5 {main}
CRITICAL - 2022-01-28 05:57:45 --> Undefined variable: combinedArrayValue
#0 /home4/projectmanagment/public_html/roshan_energy/app/Views/Statements/utility_statements.php(49): CodeIgniter\Debug\Exceptions->errorHandler(8, 'Undefined varia...', '/home4/projectm...', 49, Array)
#1 /home4/projectmanagment/public_html/roshan_energy/system/View/View.php(214): include('/home4/projectm...')
#2 /home4/projectmanagment/public_html/roshan_energy/system/View/View.php(217): CodeIgniter\View\View->CodeIgniter\View\{closure}()
#3 /home4/projectmanagment/public_html/roshan_energy/system/Common.php(1097): CodeIgniter\View\View->render('Statements/util...', Array, true)
#4 /home4/projectmanagment/public_html/roshan_energy/app/Views/template_with_header/template.php(5): view('Statements/util...')
#5 /home4/projectmanagment/public_html/roshan_energy/system/View/View.php(214): include('/home4/projectm...')
#6 /home4/projectmanagment/public_html/roshan_energy/system/View/View.php(217): CodeIgniter\View\View->CodeIgniter\View\{closure}()
#7 /home4/projectmanagment/public_html/roshan_energy/system/Common.php(1097): CodeIgniter\View\View->render('template_with_h...', Array, true)
#8 /home4/projectmanagment/public_html/roshan_energy/app/Controllers/Statements.php(1030): view('template_with_h...', Array)
#9 /home4/projectmanagment/public_html/roshan_energy/system/CodeIgniter.php(824): App\Controllers\Statements->utility_statements()
#10 /home4/projectmanagment/public_html/roshan_energy/system/CodeIgniter.php(410): CodeIgniter\CodeIgniter->runController(Object(App\Controllers\Statements))
#11 /home4/projectmanagment/public_html/roshan_energy/system/CodeIgniter.php(318): CodeIgniter\CodeIgniter->handleRequest(NULL, Object(Config\Cache), false)
#12 /home4/projectmanagment/public_html/roshan_energy/public/index.php(37): CodeIgniter\CodeIgniter->run()
#13 {main}
CRITICAL - 2022-01-28 05:58:24 --> Undefined variable: water_electricity_data
#0 /home4/projectmanagment/public_html/roshan_energy/app/Controllers/Statements.php(988): CodeIgniter\Debug\Exceptions->errorHandler(8, 'Undefined varia...', '/home4/projectm...', 988, Array)
#1 /home4/projectmanagment/public_html/roshan_energy/system/CodeIgniter.php(824): App\Controllers\Statements->utility_statements()
#2 /home4/projectmanagment/public_html/roshan_energy/system/CodeIgniter.php(410): CodeIgniter\CodeIgniter->runController(Object(App\Controllers\Statements))
#3 /home4/projectmanagment/public_html/roshan_energy/system/CodeIgniter.php(318): CodeIgniter\CodeIgniter->handleRequest(NULL, Object(Config\Cache), false)
#4 /home4/projectmanagment/public_html/roshan_energy/public/index.php(37): CodeIgniter\CodeIgniter->run()
#5 {main}
CRITICAL - 2022-01-28 05:58:47 --> Undefined variable: water_electricity_data
#0 /home4/projectmanagment/public_html/roshan_energy/app/Controllers/Statements.php(988): CodeIgniter\Debug\Exceptions->errorHandler(8, 'Undefined varia...', '/home4/projectm...', 988, Array)
#1 /home4/projectmanagment/public_html/roshan_energy/system/CodeIgniter.php(824): App\Controllers\Statements->utility_statements()
#2 /home4/projectmanagment/public_html/roshan_energy/system/CodeIgniter.php(410): CodeIgniter\CodeIgniter->runController(Object(App\Controllers\Statements))
#3 /home4/projectmanagment/public_html/roshan_energy/system/CodeIgniter.php(318): CodeIgniter\CodeIgniter->handleRequest(NULL, Object(Config\Cache), false)
#4 /home4/projectmanagment/public_html/roshan_energy/public/index.php(37): CodeIgniter\CodeIgniter->run()
#5 {main}
CRITICAL - 2022-01-28 05:59:17 --> Undefined variable: combinedArrayValue
#0 /home4/projectmanagment/public_html/roshan_energy/app/Controllers/Statements.php(931): CodeIgniter\Debug\Exceptions->errorHandler(8, 'Undefined varia...', '/home4/projectm...', 931, Array)
#1 /home4/projectmanagment/public_html/roshan_energy/system/CodeIgniter.php(824): App\Controllers\Statements->utility_statements()
#2 /home4/projectmanagment/public_html/roshan_energy/system/CodeIgniter.php(410): CodeIgniter\CodeIgniter->runController(Object(App\Controllers\Statements))
#3 /home4/projectmanagment/public_html/roshan_energy/system/CodeIgniter.php(318): CodeIgniter\CodeIgniter->handleRequest(NULL, Object(Config\Cache), false)
#4 /home4/projectmanagment/public_html/roshan_energy/public/index.php(37): CodeIgniter\CodeIgniter->run()
#5 {main}
CRITICAL - 2022-01-28 06:04:54 --> Undefined variable: water_electricity_data
#0 /home4/projectmanagment/public_html/roshan_energy/app/Controllers/Statements.php(983): CodeIgniter\Debug\Exceptions->errorHandler(8, 'Undefined varia...', '/home4/projectm...', 983, Array)
#1 /home4/projectmanagment/public_html/roshan_energy/system/CodeIgniter.php(824): App\Controllers\Statements->utility_statements()
#2 /home4/projectmanagment/public_html/roshan_energy/system/CodeIgniter.php(410): CodeIgniter\CodeIgniter->runController(Object(App\Controllers\Statements))
#3 /home4/projectmanagment/public_html/roshan_energy/system/CodeIgniter.php(318): CodeIgniter\CodeIgniter->handleRequest(NULL, Object(Config\Cache), false)
#4 /home4/projectmanagment/public_html/roshan_energy/public/index.php(37): CodeIgniter\CodeIgniter->run()
#5 {main}
CRITICAL - 2022-01-28 06:18:33 --> Undefined index: master_sheet
#0 /home4/projectmanagment/public_html/roshan_energy/app/Controllers/Statements.php(931): CodeIgniter\Debug\Exceptions->errorHandler(8, 'Undefined index...', '/home4/projectm...', 931, Array)
#1 /home4/projectmanagment/public_html/roshan_energy/system/CodeIgniter.php(824): App\Controllers\Statements->utility_statements()
#2 /home4/projectmanagment/public_html/roshan_energy/system/CodeIgniter.php(410): CodeIgniter\CodeIgniter->runController(Object(App\Controllers\Statements))
#3 /home4/projectmanagment/public_html/roshan_energy/system/CodeIgniter.php(318): CodeIgniter\CodeIgniter->handleRequest(NULL, Object(Config\Cache), false)
#4 /home4/projectmanagment/public_html/roshan_energy/public/index.php(37): CodeIgniter\CodeIgniter->run()
#5 {main}
CRITICAL - 2022-01-28 06:18:39 --> Undefined index: master_sheet
#0 /home4/projectmanagment/public_html/roshan_energy/app/Controllers/Statements.php(931): CodeIgniter\Debug\Exceptions->errorHandler(8, 'Undefined index...', '/home4/projectm...', 931, Array)
#1 /home4/projectmanagment/public_html/roshan_energy/system/CodeIgniter.php(824): App\Controllers\Statements->utility_statements()
#2 /home4/projectmanagment/public_html/roshan_energy/system/CodeIgniter.php(410): CodeIgniter\CodeIgniter->runController(Object(App\Controllers\Statements))
#3 /home4/projectmanagment/public_html/roshan_energy/system/CodeIgniter.php(318): CodeIgniter\CodeIgniter->handleRequest(NULL, Object(Config\Cache), false)
#4 /home4/projectmanagment/public_html/roshan_energy/public/index.php(37): CodeIgniter\CodeIgniter->run()
#5 {main}
CRITICAL - 2022-01-28 06:39:26 --> syntax error, unexpected end of file
#0 /home4/projectmanagment/public_html/roshan_energy/system/View/View.php(217): CodeIgniter\View\View->CodeIgniter\View\{closure}()
#1 /home4/projectmanagment/public_html/roshan_energy/system/Common.php(1097): CodeIgniter\View\View->render('Statements/util...', Array, true)
#2 /home4/projectmanagment/public_html/roshan_energy/app/Views/template_with_header/template.php(5): view('Statements/util...')
#3 /home4/projectmanagment/public_html/roshan_energy/system/View/View.php(214): include('/home4/projectm...')
#4 /home4/projectmanagment/public_html/roshan_energy/system/View/View.php(217): CodeIgniter\View\View->CodeIgniter\View\{closure}()
#5 /home4/projectmanagment/public_html/roshan_energy/system/Common.php(1097): CodeIgniter\View\View->render('template_with_h...', Array, true)
#6 /home4/projectmanagment/public_html/roshan_energy/app/Controllers/Statements.php(1110): view('template_with_h...', Array)
#7 /home4/projectmanagment/public_html/roshan_energy/system/CodeIgniter.php(824): App\Controllers\Statements->utility_statements()
#8 /home4/projectmanagment/public_html/roshan_energy/system/CodeIgniter.php(410): CodeIgniter\CodeIgniter->runController(Object(App\Controllers\Statements))
#9 /home4/projectmanagment/public_html/roshan_energy/system/CodeIgniter.php(318): CodeIgniter\CodeIgniter->handleRequest(NULL, Object(Config\Cache), false)
#10 /home4/projectmanagment/public_html/roshan_energy/public/index.php(37): CodeIgniter\CodeIgniter->run()
#11 {main}
CRITICAL - 2022-01-28 06:40:58 --> syntax error, unexpected end of file
#0 /home4/projectmanagment/public_html/roshan_energy/system/View/View.php(217): CodeIgniter\View\View->CodeIgniter\View\{closure}()
#1 /home4/projectmanagment/public_html/roshan_energy/system/Common.php(1097): CodeIgniter\View\View->render('Statements/util...', Array, true)
#2 /home4/projectmanagment/public_html/roshan_energy/app/Views/template_with_header/template.php(5): view('Statements/util...')
#3 /home4/projectmanagment/public_html/roshan_energy/system/View/View.php(214): include('/home4/projectm...')
#4 /home4/projectmanagment/public_html/roshan_energy/system/View/View.php(217): CodeIgniter\View\View->CodeIgniter\View\{closure}()
#5 /home4/projectmanagment/public_html/roshan_energy/system/Common.php(1097): CodeIgniter\View\View->render('template_with_h...', Array, true)
#6 /home4/projectmanagment/public_html/roshan_energy/app/Controllers/Statements.php(1110): view('template_with_h...', Array)
#7 /home4/projectmanagment/public_html/roshan_energy/system/CodeIgniter.php(824): App\Controllers\Statements->utility_statements()
#8 /home4/projectmanagment/public_html/roshan_energy/system/CodeIgniter.php(410): CodeIgniter\CodeIgniter->runController(Object(App\Controllers\Statements))
#9 /home4/projectmanagment/public_html/roshan_energy/system/CodeIgniter.php(318): CodeIgniter\CodeIgniter->handleRequest(NULL, Object(Config\Cache), false)
#10 /home4/projectmanagment/public_html/roshan_energy/public/index.php(37): CodeIgniter\CodeIgniter->run()
#11 {main}
CRITICAL - 2022-01-28 06:50:50 --> syntax error, unexpected ''total_reading'' (T_CONSTANT_ENCAPSED_STRING), expecting ')'
#0 /home4/projectmanagment/public_html/roshan_energy/system/Router/Router.php(176): CodeIgniter\Router\Router->autoRoute('Statements/util...')
#1 /home4/projectmanagment/public_html/roshan_energy/system/CodeIgniter.php(718): CodeIgniter\Router\Router->handle('Statements/util...')
#2 /home4/projectmanagment/public_html/roshan_energy/system/CodeIgniter.php(359): CodeIgniter\CodeIgniter->tryToRouteIt(Object(CodeIgniter\Router\RouteCollection))
#3 /home4/projectmanagment/public_html/roshan_energy/system/CodeIgniter.php(318): CodeIgniter\CodeIgniter->handleRequest(NULL, Object(Config\Cache), false)
#4 /home4/projectmanagment/public_html/roshan_energy/public/index.php(37): CodeIgniter\CodeIgniter->run()
#5 {main}
CRITICAL - 2022-01-28 07:04:24 --> syntax error, unexpected ';'
#0 /home4/projectmanagment/public_html/roshan_energy/system/Router/Router.php(176): CodeIgniter\Router\Router->autoRoute('Statements/util...')
#1 /home4/projectmanagment/public_html/roshan_energy/system/CodeIgniter.php(718): CodeIgniter\Router\Router->handle('Statements/util...')
#2 /home4/projectmanagment/public_html/roshan_energy/system/CodeIgniter.php(359): CodeIgniter\CodeIgniter->tryToRouteIt(Object(CodeIgniter\Router\RouteCollection))
#3 /home4/projectmanagment/public_html/roshan_energy/system/CodeIgniter.php(318): CodeIgniter\CodeIgniter->handleRequest(NULL, Object(Config\Cache), false)
#4 /home4/projectmanagment/public_html/roshan_energy/public/index.php(37): CodeIgniter\CodeIgniter->run()
#5 {main}
CRITICAL - 2022-01-28 07:04:46 --> syntax error, unexpected ';'
#0 /home4/projectmanagment/public_html/roshan_energy/system/Router/Router.php(176): CodeIgniter\Router\Router->autoRoute('Statements/util...')
#1 /home4/projectmanagment/public_html/roshan_energy/system/CodeIgniter.php(718): CodeIgniter\Router\Router->handle('Statements/util...')
#2 /home4/projectmanagment/public_html/roshan_energy/system/CodeIgniter.php(359): CodeIgniter\CodeIgniter->tryToRouteIt(Object(CodeIgniter\Router\RouteCollection))
#3 /home4/projectmanagment/public_html/roshan_energy/system/CodeIgniter.php(318): CodeIgniter\CodeIgniter->handleRequest(NULL, Object(Config\Cache), false)
#4 /home4/projectmanagment/public_html/roshan_energy/public/index.php(37): CodeIgniter\CodeIgniter->run()
#5 {main}
CRITICAL - 2022-01-28 07:05:03 --> Invalid cell coordinate C"12"
#0 /home4/projectmanagment/public_html/roshan_energy/app/ThirdParty/vendor/phpoffice/phpspreadsheet/src/PhpSpreadsheet/Worksheet/Worksheet.php(1301): PhpOffice\PhpSpreadsheet\Cell\Coordinate::coordinateFromString('C"12"')
#1 /home4/projectmanagment/public_html/roshan_energy/app/ThirdParty/vendor/phpoffice/phpspreadsheet/src/PhpSpreadsheet/Worksheet/Worksheet.php(1191): PhpOffice\PhpSpreadsheet\Worksheet\Worksheet->createNewCell('C"12"')
#2 /home4/projectmanagment/public_html/roshan_energy/app/ThirdParty/vendor/phpoffice/phpspreadsheet/src/PhpSpreadsheet/Worksheet/Worksheet.php(1115): PhpOffice\PhpSpreadsheet\Worksheet\Worksheet->getCell('C"12"')
#3 /home4/projectmanagment/public_html/roshan_energy/app/Controllers/Statements.php(1075): PhpOffice\PhpSpreadsheet\Worksheet\Worksheet->setCellValue('C"12"', '1')
#4 /home4/projectmanagment/public_html/roshan_energy/system/CodeIgniter.php(824): App\Controllers\Statements->utility_statements()
#5 /home4/projectmanagment/public_html/roshan_energy/system/CodeIgniter.php(410): CodeIgniter\CodeIgniter->runController(Object(App\Controllers\Statements))
#6 /home4/projectmanagment/public_html/roshan_energy/system/CodeIgniter.php(318): CodeIgniter\CodeIgniter->handleRequest(NULL, Object(Config\Cache), false)
#7 /home4/projectmanagment/public_html/roshan_energy/public/index.php(37): CodeIgniter\CodeIgniter->run()
#8 {main}
