CRITICAL - 2021-12-23 00:08:04 --> Undefined offset: 1
#0 /home1/wartiz/public_html/roshan_energy/app/Views/Dashboard/edit_customer.php(125): CodeIgniter\Debug\Exceptions->errorHandler(8, 'Undefined offse...', '/home1/wartiz/p...', 125, Array)
#1 /home1/wartiz/public_html/roshan_energy/system/View/View.php(214): include('/home1/wartiz/p...')
#2 /home1/wartiz/public_html/roshan_energy/system/View/View.php(217): CodeIgniter\View\View->CodeIgniter\View\{closure}()
#3 /home1/wartiz/public_html/roshan_energy/system/Common.php(1097): CodeIgniter\View\View->render('Dashboard/edit_...', Array, true)
#4 /home1/wartiz/public_html/roshan_energy/app/Views/template_with_header/template.php(5): view('Dashboard/edit_...')
#5 /home1/wartiz/public_html/roshan_energy/system/View/View.php(214): include('/home1/wartiz/p...')
#6 /home1/wartiz/public_html/roshan_energy/system/View/View.php(217): CodeIgniter\View\View->CodeIgniter\View\{closure}()
#7 /home1/wartiz/public_html/roshan_energy/system/Common.php(1097): CodeIgniter\View\View->render('template_with_h...', Array, true)
#8 /home1/wartiz/public_html/roshan_energy/app/Controllers/Dashboard.php(284): view('template_with_h...', Array)
#9 /home1/wartiz/public_html/roshan_energy/system/CodeIgniter.php(824): App\Controllers\Dashboard->edit_customer('assets', 'img', 'favicon.ico')
#10 /home1/wartiz/public_html/roshan_energy/system/CodeIgniter.php(410): CodeIgniter\CodeIgniter->runController(Object(App\Controllers\Dashboard))
#11 /home1/wartiz/public_html/roshan_energy/system/CodeIgniter.php(318): CodeIgniter\CodeIgniter->handleRequest(NULL, Object(Config\Cache), false)
#12 /home1/wartiz/public_html/roshan_energy/public/index.php(37): CodeIgniter\CodeIgniter->run()
#13 {main}
CRITICAL - 2021-12-23 00:33:42 --> Undefined offset: 1
#0 /home1/wartiz/public_html/roshan_energy/app/Views/Dashboard/edit_customer.php(125): CodeIgniter\Debug\Exceptions->errorHandler(8, 'Undefined offse...', '/home1/wartiz/p...', 125, Array)
#1 /home1/wartiz/public_html/roshan_energy/system/View/View.php(214): include('/home1/wartiz/p...')
#2 /home1/wartiz/public_html/roshan_energy/system/View/View.php(217): CodeIgniter\View\View->CodeIgniter\View\{closure}()
#3 /home1/wartiz/public_html/roshan_energy/system/Common.php(1097): CodeIgniter\View\View->render('Dashboard/edit_...', Array, true)
#4 /home1/wartiz/public_html/roshan_energy/app/Views/template_with_header/template.php(5): view('Dashboard/edit_...')
#5 /home1/wartiz/public_html/roshan_energy/system/View/View.php(214): include('/home1/wartiz/p...')
#6 /home1/wartiz/public_html/roshan_energy/system/View/View.php(217): CodeIgniter\View\View->CodeIgniter\View\{closure}()
#7 /home1/wartiz/public_html/roshan_energy/system/Common.php(1097): CodeIgniter\View\View->render('template_with_h...', Array, true)
#8 /home1/wartiz/public_html/roshan_energy/app/Controllers/Dashboard.php(284): view('template_with_h...', Array)
#9 /home1/wartiz/public_html/roshan_energy/system/CodeIgniter.php(824): App\Controllers\Dashboard->edit_customer('assets', 'img', 'favicon.ico')
#10 /home1/wartiz/public_html/roshan_energy/system/CodeIgniter.php(410): CodeIgniter\CodeIgniter->runController(Object(App\Controllers\Dashboard))
#11 /home1/wartiz/public_html/roshan_energy/system/CodeIgniter.php(318): CodeIgniter\CodeIgniter->handleRequest(NULL, Object(Config\Cache), false)
#12 /home1/wartiz/public_html/roshan_energy/public/index.php(37): CodeIgniter\CodeIgniter->run()
#13 {main}
CRITICAL - 2021-12-23 03:36:34 --> syntax error, unexpected 'print_r' (T_STRING), expecting ',' or ';'
#0 /home1/wartiz/public_html/roshan_energy/system/Autoloader/Autoloader.php(241): CodeIgniter\Autoloader\Autoloader->includeFile('/home1/wartiz/p...')
#1 /home1/wartiz/public_html/roshan_energy/system/Autoloader/Autoloader.php(219): CodeIgniter\Autoloader\Autoloader->loadInNamespace('App\\Controllers...')
#2 [internal function]: CodeIgniter\Autoloader\Autoloader->loadClass('App\\Controllers...')
#3 [internal function]: spl_autoload_call('App\\Controllers...')
#4 /home1/wartiz/public_html/roshan_energy/system/CodeIgniter.php(789): class_exists('\\App\\Controller...', true)
#5 /home1/wartiz/public_html/roshan_energy/system/CodeIgniter.php(397): CodeIgniter\CodeIgniter->startController()
#6 /home1/wartiz/public_html/roshan_energy/system/CodeIgniter.php(318): CodeIgniter\CodeIgniter->handleRequest(NULL, Object(Config\Cache), false)
#7 /home1/wartiz/public_html/roshan_energy/public/index.php(37): CodeIgniter\CodeIgniter->run()
#8 {main}
CRITICAL - 2021-12-23 03:47:09 --> Call to undefined function site_utl()
#0 /home1/wartiz/public_html/roshan_energy/system/View/View.php(214): include()
#1 /home1/wartiz/public_html/roshan_energy/system/View/View.php(217): CodeIgniter\View\View->CodeIgniter\View\{closure}()
#2 /home1/wartiz/public_html/roshan_energy/system/Common.php(1097): CodeIgniter\View\View->render('Dashboard/impor...', Array, true)
#3 /home1/wartiz/public_html/roshan_energy/app/Views/template_with_header/template.php(5): view('Dashboard/impor...')
#4 /home1/wartiz/public_html/roshan_energy/system/View/View.php(214): include('/home1/wartiz/p...')
#5 /home1/wartiz/public_html/roshan_energy/system/View/View.php(217): CodeIgniter\View\View->CodeIgniter\View\{closure}()
#6 /home1/wartiz/public_html/roshan_energy/system/Common.php(1097): CodeIgniter\View\View->render('template_with_h...', Array, true)
#7 /home1/wartiz/public_html/roshan_energy/app/Controllers/Dashboard.php(888): view('template_with_h...', Array)
#8 /home1/wartiz/public_html/roshan_energy/system/CodeIgniter.php(824): App\Controllers\Dashboard->import_customer()
#9 /home1/wartiz/public_html/roshan_energy/system/CodeIgniter.php(410): CodeIgniter\CodeIgniter->runController(Object(App\Controllers\Dashboard))
#10 /home1/wartiz/public_html/roshan_energy/system/CodeIgniter.php(318): CodeIgniter\CodeIgniter->handleRequest(NULL, Object(Config\Cache), false)
#11 /home1/wartiz/public_html/roshan_energy/public/index.php(37): CodeIgniter\CodeIgniter->run()
#12 {main}
CRITICAL - 2021-12-23 22:26:03 --> Undefined offset: 1
#0 /home1/wartiz/public_html/roshan_energy/app/Views/Dashboard/edit_customer.php(125): CodeIgniter\Debug\Exceptions->errorHandler(8, 'Undefined offse...', '/home1/wartiz/p...', 125, Array)
#1 /home1/wartiz/public_html/roshan_energy/system/View/View.php(214): include('/home1/wartiz/p...')
#2 /home1/wartiz/public_html/roshan_energy/system/View/View.php(217): CodeIgniter\View\View->CodeIgniter\View\{closure}()
#3 /home1/wartiz/public_html/roshan_energy/system/Common.php(1097): CodeIgniter\View\View->render('Dashboard/edit_...', Array, true)
#4 /home1/wartiz/public_html/roshan_energy/app/Views/template_with_header/template.php(5): view('Dashboard/edit_...')
#5 /home1/wartiz/public_html/roshan_energy/system/View/View.php(214): include('/home1/wartiz/p...')
#6 /home1/wartiz/public_html/roshan_energy/system/View/View.php(217): CodeIgniter\View\View->CodeIgniter\View\{closure}()
#7 /home1/wartiz/public_html/roshan_energy/system/Common.php(1097): CodeIgniter\View\View->render('template_with_h...', Array, true)
#8 /home1/wartiz/public_html/roshan_energy/app/Controllers/Dashboard.php(284): view('template_with_h...', Array)
#9 /home1/wartiz/public_html/roshan_energy/system/CodeIgniter.php(824): App\Controllers\Dashboard->edit_customer('assets', 'img', 'favicon.ico')
#10 /home1/wartiz/public_html/roshan_energy/system/CodeIgniter.php(410): CodeIgniter\CodeIgniter->runController(Object(App\Controllers\Dashboard))
#11 /home1/wartiz/public_html/roshan_energy/system/CodeIgniter.php(318): CodeIgniter\CodeIgniter->handleRequest(NULL, Object(Config\Cache), false)
#12 /home1/wartiz/public_html/roshan_energy/public/index.php(37): CodeIgniter\CodeIgniter->run()
#13 {main}
CRITICAL - 2021-12-23 23:29:55 --> syntax error, unexpected '}'
#0 /home1/wartiz/public_html/roshan_energy/system/Router/Router.php(176): CodeIgniter\Router\Router->autoRoute('Dashboard/impor...')
#1 /home1/wartiz/public_html/roshan_energy/system/CodeIgniter.php(718): CodeIgniter\Router\Router->handle('Dashboard/impor...')
#2 /home1/wartiz/public_html/roshan_energy/system/CodeIgniter.php(359): CodeIgniter\CodeIgniter->tryToRouteIt(Object(CodeIgniter\Router\RouteCollection))
#3 /home1/wartiz/public_html/roshan_energy/system/CodeIgniter.php(318): CodeIgniter\CodeIgniter->handleRequest(NULL, Object(Config\Cache), false)
#4 /home1/wartiz/public_html/roshan_energy/public/index.php(37): CodeIgniter\CodeIgniter->run()
#5 {main}
CRITICAL - 2021-12-23 23:36:29 --> syntax error, unexpected '=', expecting variable (T_VARIABLE) or '{' or '$'
#0 /home1/wartiz/public_html/roshan_energy/system/Router/Router.php(176): CodeIgniter\Router\Router->autoRoute('Dashboard/impor...')
#1 /home1/wartiz/public_html/roshan_energy/system/CodeIgniter.php(718): CodeIgniter\Router\Router->handle('Dashboard/impor...')
#2 /home1/wartiz/public_html/roshan_energy/system/CodeIgniter.php(359): CodeIgniter\CodeIgniter->tryToRouteIt(Object(CodeIgniter\Router\RouteCollection))
#3 /home1/wartiz/public_html/roshan_energy/system/CodeIgniter.php(318): CodeIgniter\CodeIgniter->handleRequest(NULL, Object(Config\Cache), false)
#4 /home1/wartiz/public_html/roshan_energy/public/index.php(37): CodeIgniter\CodeIgniter->run()
#5 {main}
CRITICAL - 2021-12-23 23:36:45 --> syntax error, unexpected 'print_r' (T_STRING), expecting ',' or ';'
#0 /home1/wartiz/public_html/roshan_energy/system/Router/Router.php(176): CodeIgniter\Router\Router->autoRoute('Dashboard/impor...')
#1 /home1/wartiz/public_html/roshan_energy/system/CodeIgniter.php(718): CodeIgniter\Router\Router->handle('Dashboard/impor...')
#2 /home1/wartiz/public_html/roshan_energy/system/CodeIgniter.php(359): CodeIgniter\CodeIgniter->tryToRouteIt(Object(CodeIgniter\Router\RouteCollection))
#3 /home1/wartiz/public_html/roshan_energy/system/CodeIgniter.php(318): CodeIgniter\CodeIgniter->handleRequest(NULL, Object(Config\Cache), false)
#4 /home1/wartiz/public_html/roshan_energy/public/index.php(37): CodeIgniter\CodeIgniter->run()
#5 {main}
CRITICAL - 2021-12-23 23:37:20 --> syntax error, unexpected 'print_r' (T_STRING), expecting ',' or ';'
#0 /home1/wartiz/public_html/roshan_energy/system/Router/Router.php(176): CodeIgniter\Router\Router->autoRoute('Dashboard/impor...')
#1 /home1/wartiz/public_html/roshan_energy/system/CodeIgniter.php(718): CodeIgniter\Router\Router->handle('Dashboard/impor...')
#2 /home1/wartiz/public_html/roshan_energy/system/CodeIgniter.php(359): CodeIgniter\CodeIgniter->tryToRouteIt(Object(CodeIgniter\Router\RouteCollection))
#3 /home1/wartiz/public_html/roshan_energy/system/CodeIgniter.php(318): CodeIgniter\CodeIgniter->handleRequest(NULL, Object(Config\Cache), false)
#4 /home1/wartiz/public_html/roshan_energy/public/index.php(37): CodeIgniter\CodeIgniter->run()
#5 {main}
CRITICAL - 2021-12-23 23:37:53 --> syntax error, unexpected 'print_r' (T_STRING), expecting ',' or ';'
#0 /home1/wartiz/public_html/roshan_energy/system/Router/Router.php(176): CodeIgniter\Router\Router->autoRoute('Dashboard/impor...')
#1 /home1/wartiz/public_html/roshan_energy/system/CodeIgniter.php(718): CodeIgniter\Router\Router->handle('Dashboard/impor...')
#2 /home1/wartiz/public_html/roshan_energy/system/CodeIgniter.php(359): CodeIgniter\CodeIgniter->tryToRouteIt(Object(CodeIgniter\Router\RouteCollection))
#3 /home1/wartiz/public_html/roshan_energy/system/CodeIgniter.php(318): CodeIgniter\CodeIgniter->handleRequest(NULL, Object(Config\Cache), false)
#4 /home1/wartiz/public_html/roshan_energy/public/index.php(37): CodeIgniter\CodeIgniter->run()
#5 {main}
CRITICAL - 2021-12-23 23:38:28 --> syntax error, unexpected end of file, expecting function (T_FUNCTION) or const (T_CONST)
#0 /home1/wartiz/public_html/roshan_energy/system/Router/Router.php(176): CodeIgniter\Router\Router->autoRoute('Dashboard/impor...')
#1 /home1/wartiz/public_html/roshan_energy/system/CodeIgniter.php(718): CodeIgniter\Router\Router->handle('Dashboard/impor...')
#2 /home1/wartiz/public_html/roshan_energy/system/CodeIgniter.php(359): CodeIgniter\CodeIgniter->tryToRouteIt(Object(CodeIgniter\Router\RouteCollection))
#3 /home1/wartiz/public_html/roshan_energy/system/CodeIgniter.php(318): CodeIgniter\CodeIgniter->handleRequest(NULL, Object(Config\Cache), false)
#4 /home1/wartiz/public_html/roshan_energy/public/index.php(37): CodeIgniter\CodeIgniter->run()
#5 {main}
CRITICAL - 2021-12-23 23:38:49 --> syntax error, unexpected end of file, expecting function (T_FUNCTION) or const (T_CONST)
#0 /home1/wartiz/public_html/roshan_energy/system/Router/Router.php(176): CodeIgniter\Router\Router->autoRoute('Dashboard/impor...')
#1 /home1/wartiz/public_html/roshan_energy/system/CodeIgniter.php(718): CodeIgniter\Router\Router->handle('Dashboard/impor...')
#2 /home1/wartiz/public_html/roshan_energy/system/CodeIgniter.php(359): CodeIgniter\CodeIgniter->tryToRouteIt(Object(CodeIgniter\Router\RouteCollection))
#3 /home1/wartiz/public_html/roshan_energy/system/CodeIgniter.php(318): CodeIgniter\CodeIgniter->handleRequest(NULL, Object(Config\Cache), false)
#4 /home1/wartiz/public_html/roshan_energy/public/index.php(37): CodeIgniter\CodeIgniter->run()
#5 {main}
CRITICAL - 2021-12-23 23:39:08 --> syntax error, unexpected end of file, expecting function (T_FUNCTION) or const (T_CONST)
#0 /home1/wartiz/public_html/roshan_energy/system/Router/Router.php(176): CodeIgniter\Router\Router->autoRoute('Dashboard/impor...')
#1 /home1/wartiz/public_html/roshan_energy/system/CodeIgniter.php(718): CodeIgniter\Router\Router->handle('Dashboard/impor...')
#2 /home1/wartiz/public_html/roshan_energy/system/CodeIgniter.php(359): CodeIgniter\CodeIgniter->tryToRouteIt(Object(CodeIgniter\Router\RouteCollection))
#3 /home1/wartiz/public_html/roshan_energy/system/CodeIgniter.php(318): CodeIgniter\CodeIgniter->handleRequest(NULL, Object(Config\Cache), false)
#4 /home1/wartiz/public_html/roshan_energy/public/index.php(37): CodeIgniter\CodeIgniter->run()
#5 {main}
CRITICAL - 2021-12-23 23:39:40 --> syntax error, unexpected end of file, expecting function (T_FUNCTION) or const (T_CONST)
#0 /home1/wartiz/public_html/roshan_energy/system/Router/Router.php(176): CodeIgniter\Router\Router->autoRoute('Dashboard/impor...')
#1 /home1/wartiz/public_html/roshan_energy/system/CodeIgniter.php(718): CodeIgniter\Router\Router->handle('Dashboard/impor...')
#2 /home1/wartiz/public_html/roshan_energy/system/CodeIgniter.php(359): CodeIgniter\CodeIgniter->tryToRouteIt(Object(CodeIgniter\Router\RouteCollection))
#3 /home1/wartiz/public_html/roshan_energy/system/CodeIgniter.php(318): CodeIgniter\CodeIgniter->handleRequest(NULL, Object(Config\Cache), false)
#4 /home1/wartiz/public_html/roshan_energy/public/index.php(37): CodeIgniter\CodeIgniter->run()
#5 {main}
CRITICAL - 2021-12-23 23:47:49 --> Undefined index: file
#0 /home1/wartiz/public_html/roshan_energy/app/Controllers/Dashboard.php(897): CodeIgniter\Debug\Exceptions->errorHandler(8, 'Undefined index...', '/home1/wartiz/p...', 897, Array)
#1 /home1/wartiz/public_html/roshan_energy/system/CodeIgniter.php(824): App\Controllers\Dashboard->importCsvToDb()
#2 /home1/wartiz/public_html/roshan_energy/system/CodeIgniter.php(410): CodeIgniter\CodeIgniter->runController(Object(App\Controllers\Dashboard))
#3 /home1/wartiz/public_html/roshan_energy/system/CodeIgniter.php(318): CodeIgniter\CodeIgniter->handleRequest(NULL, Object(Config\Cache), false)
#4 /home1/wartiz/public_html/roshan_energy/public/index.php(37): CodeIgniter\CodeIgniter->run()
#5 {main}
CRITICAL - 2021-12-23 23:48:13 --> syntax error, unexpected '}', expecting end of file
#0 /home1/wartiz/public_html/roshan_energy/system/Router/Router.php(176): CodeIgniter\Router\Router->autoRoute('Dashboard/impor...')
#1 /home1/wartiz/public_html/roshan_energy/system/CodeIgniter.php(718): CodeIgniter\Router\Router->handle('Dashboard/impor...')
#2 /home1/wartiz/public_html/roshan_energy/system/CodeIgniter.php(359): CodeIgniter\CodeIgniter->tryToRouteIt(Object(CodeIgniter\Router\RouteCollection))
#3 /home1/wartiz/public_html/roshan_energy/system/CodeIgniter.php(318): CodeIgniter\CodeIgniter->handleRequest(NULL, Object(Config\Cache), false)
#4 /home1/wartiz/public_html/roshan_energy/public/index.php(37): CodeIgniter\CodeIgniter->run()
#5 {main}
CRITICAL - 2021-12-23 23:48:28 --> mysqli_real_escape_string() expects exactly 2 parameters, 1 given
#0 [internal function]: CodeIgniter\Debug\Exceptions->errorHandler(2, 'mysqli_real_esc...', '/home1/wartiz/p...', 905, Array)
#1 /home1/wartiz/public_html/roshan_energy/app/Controllers/Dashboard.php(905): mysqli_real_escape_string('Account number\t...')
#2 /home1/wartiz/public_html/roshan_energy/system/CodeIgniter.php(824): App\Controllers\Dashboard->importCsvToDb()
#3 /home1/wartiz/public_html/roshan_energy/system/CodeIgniter.php(410): CodeIgniter\CodeIgniter->runController(Object(App\Controllers\Dashboard))
#4 /home1/wartiz/public_html/roshan_energy/system/CodeIgniter.php(318): CodeIgniter\CodeIgniter->handleRequest(NULL, Object(Config\Cache), false)
#5 /home1/wartiz/public_html/roshan_energy/public/index.php(37): CodeIgniter\CodeIgniter->run()
#6 {main}
CRITICAL - 2021-12-23 23:49:29 --> mysqli_real_escape_string() expects exactly 2 parameters, 1 given
#0 [internal function]: CodeIgniter\Debug\Exceptions->errorHandler(2, 'mysqli_real_esc...', '/home1/wartiz/p...', 905, Array)
#1 /home1/wartiz/public_html/roshan_energy/app/Controllers/Dashboard.php(905): mysqli_real_escape_string('Account number\t...')
#2 /home1/wartiz/public_html/roshan_energy/system/CodeIgniter.php(824): App\Controllers\Dashboard->importCsvToDb()
#3 /home1/wartiz/public_html/roshan_energy/system/CodeIgniter.php(410): CodeIgniter\CodeIgniter->runController(Object(App\Controllers\Dashboard))
#4 /home1/wartiz/public_html/roshan_energy/system/CodeIgniter.php(318): CodeIgniter\CodeIgniter->handleRequest(NULL, Object(Config\Cache), false)
#5 /home1/wartiz/public_html/roshan_energy/public/index.php(37): CodeIgniter\CodeIgniter->run()
#6 {main}
CRITICAL - 2021-12-23 23:51:12 --> Undefined offset: 2
#0 /home1/wartiz/public_html/roshan_energy/app/Controllers/Dashboard.php(925): CodeIgniter\Debug\Exceptions->errorHandler(8, 'Undefined offse...', '/home1/wartiz/p...', 925, Array)
#1 /home1/wartiz/public_html/roshan_energy/system/CodeIgniter.php(824): App\Controllers\Dashboard->importCsvToDb()
#2 /home1/wartiz/public_html/roshan_energy/system/CodeIgniter.php(410): CodeIgniter\CodeIgniter->runController(Object(App\Controllers\Dashboard))
#3 /home1/wartiz/public_html/roshan_energy/system/CodeIgniter.php(318): CodeIgniter\CodeIgniter->handleRequest(NULL, Object(Config\Cache), false)
#4 /home1/wartiz/public_html/roshan_energy/public/index.php(37): CodeIgniter\CodeIgniter->run()
#5 {main}
