CRITICAL - 2022-01-03 00:46:21 --> Undefined offset: 1
#0 /home1/wartiz/public_html/roshan_energy/app/Views/Dashboard/edit_customer.php(125): CodeIgniter\Debug\Exceptions->errorHandler(8, 'Undefined offse...', '/home1/wartiz/p...', 125, Array)
#1 /home1/wartiz/public_html/roshan_energy/system/View/View.php(214): include('/home1/wartiz/p...')
#2 /home1/wartiz/public_html/roshan_energy/system/View/View.php(217): CodeIgniter\View\View->CodeIgniter\View\{closure}()
#3 /home1/wartiz/public_html/roshan_energy/system/Common.php(1097): CodeIgniter\View\View->render('Dashboard/edit_...', Array, true)
#4 /home1/wartiz/public_html/roshan_energy/app/Views/template_with_header/template.php(5): view('Dashboard/edit_...')
#5 /home1/wartiz/public_html/roshan_energy/system/View/View.php(214): include('/home1/wartiz/p...')
#6 /home1/wartiz/public_html/roshan_energy/system/View/View.php(217): CodeIgniter\View\View->CodeIgniter\View\{closure}()
#7 /home1/wartiz/public_html/roshan_energy/system/Common.php(1097): CodeIgniter\View\View->render('template_with_h...', Array, true)
#8 /home1/wartiz/public_html/roshan_energy/app/Controllers/Dashboard.php(278): view('template_with_h...', Array)
#9 /home1/wartiz/public_html/roshan_energy/system/CodeIgniter.php(824): App\Controllers\Dashboard->edit_customer('assets', 'admin-tools', 'admin-forms', 'custom-css', 'datepicker.css')
#10 /home1/wartiz/public_html/roshan_energy/system/CodeIgniter.php(410): CodeIgniter\CodeIgniter->runController(Object(App\Controllers\Dashboard))
#11 /home1/wartiz/public_html/roshan_energy/system/CodeIgniter.php(318): CodeIgniter\CodeIgniter->handleRequest(NULL, Object(Config\Cache), false)
#12 /home1/wartiz/public_html/roshan_energy/public/index.php(37): CodeIgniter\CodeIgniter->run()
#13 {main}
CRITICAL - 2022-01-03 00:46:23 --> Undefined offset: 1
#0 /home1/wartiz/public_html/roshan_energy/app/Views/Dashboard/edit_customer.php(125): CodeIgniter\Debug\Exceptions->errorHandler(8, 'Undefined offse...', '/home1/wartiz/p...', 125, Array)
#1 /home1/wartiz/public_html/roshan_energy/system/View/View.php(214): include('/home1/wartiz/p...')
#2 /home1/wartiz/public_html/roshan_energy/system/View/View.php(217): CodeIgniter\View\View->CodeIgniter\View\{closure}()
#3 /home1/wartiz/public_html/roshan_energy/system/Common.php(1097): CodeIgniter\View\View->render('Dashboard/edit_...', Array, true)
#4 /home1/wartiz/public_html/roshan_energy/app/Views/template_with_header/template.php(5): view('Dashboard/edit_...')
#5 /home1/wartiz/public_html/roshan_energy/system/View/View.php(214): include('/home1/wartiz/p...')
#6 /home1/wartiz/public_html/roshan_energy/system/View/View.php(217): CodeIgniter\View\View->CodeIgniter\View\{closure}()
#7 /home1/wartiz/public_html/roshan_energy/system/Common.php(1097): CodeIgniter\View\View->render('template_with_h...', Array, true)
#8 /home1/wartiz/public_html/roshan_energy/app/Controllers/Dashboard.php(278): view('template_with_h...', Array)
#9 /home1/wartiz/public_html/roshan_energy/system/CodeIgniter.php(824): App\Controllers\Dashboard->edit_customer('assets', 'img', 'favicon.ico')
#10 /home1/wartiz/public_html/roshan_energy/system/CodeIgniter.php(410): CodeIgniter\CodeIgniter->runController(Object(App\Controllers\Dashboard))
#11 /home1/wartiz/public_html/roshan_energy/system/CodeIgniter.php(318): CodeIgniter\CodeIgniter->handleRequest(NULL, Object(Config\Cache), false)
#12 /home1/wartiz/public_html/roshan_energy/public/index.php(37): CodeIgniter\CodeIgniter->run()
#13 {main}
CRITICAL - 2022-01-03 00:51:24 --> Class 'App\Libraries\Pdf' not found
#0 /home1/wartiz/public_html/roshan_energy/system/CodeIgniter.php(824): App\Controllers\Statements->generate_statements()
#1 /home1/wartiz/public_html/roshan_energy/system/CodeIgniter.php(410): CodeIgniter\CodeIgniter->runController(Object(App\Controllers\Statements))
#2 /home1/wartiz/public_html/roshan_energy/system/CodeIgniter.php(318): CodeIgniter\CodeIgniter->handleRequest(NULL, Object(Config\Cache), false)
#3 /home1/wartiz/public_html/roshan_energy/public/index.php(37): CodeIgniter\CodeIgniter->run()
#4 {main}
CRITICAL - 2022-01-03 00:54:38 --> Class 'App\Controllers\TCPDF' not found
#0 /home1/wartiz/public_html/roshan_energy/system/CodeIgniter.php(824): App\Controllers\Statements->generate_statements()
#1 /home1/wartiz/public_html/roshan_energy/system/CodeIgniter.php(410): CodeIgniter\CodeIgniter->runController(Object(App\Controllers\Statements))
#2 /home1/wartiz/public_html/roshan_energy/system/CodeIgniter.php(318): CodeIgniter\CodeIgniter->handleRequest(NULL, Object(Config\Cache), false)
#3 /home1/wartiz/public_html/roshan_energy/public/index.php(37): CodeIgniter\CodeIgniter->run()
#4 {main}
CRITICAL - 2022-01-03 00:55:04 --> Class 'TCPDF' not found
#0 /home1/wartiz/public_html/roshan_energy/system/CodeIgniter.php(824): App\Controllers\Statements->generate_statements()
#1 /home1/wartiz/public_html/roshan_energy/system/CodeIgniter.php(410): CodeIgniter\CodeIgniter->runController(Object(App\Controllers\Statements))
#2 /home1/wartiz/public_html/roshan_energy/system/CodeIgniter.php(318): CodeIgniter\CodeIgniter->handleRequest(NULL, Object(Config\Cache), false)
#3 /home1/wartiz/public_html/roshan_energy/public/index.php(37): CodeIgniter\CodeIgniter->run()
#4 {main}
CRITICAL - 2022-01-03 00:55:22 --> Class 'tcpdf' not found
#0 /home1/wartiz/public_html/roshan_energy/system/CodeIgniter.php(824): App\Controllers\Statements->generate_statements()
#1 /home1/wartiz/public_html/roshan_energy/system/CodeIgniter.php(410): CodeIgniter\CodeIgniter->runController(Object(App\Controllers\Statements))
#2 /home1/wartiz/public_html/roshan_energy/system/CodeIgniter.php(318): CodeIgniter\CodeIgniter->handleRequest(NULL, Object(Config\Cache), false)
#3 /home1/wartiz/public_html/roshan_energy/public/index.php(37): CodeIgniter\CodeIgniter->run()
#4 {main}
CRITICAL - 2022-01-03 00:55:24 --> Class 'tcpdf' not found
#0 /home1/wartiz/public_html/roshan_energy/system/CodeIgniter.php(824): App\Controllers\Statements->generate_statements()
#1 /home1/wartiz/public_html/roshan_energy/system/CodeIgniter.php(410): CodeIgniter\CodeIgniter->runController(Object(App\Controllers\Statements))
#2 /home1/wartiz/public_html/roshan_energy/system/CodeIgniter.php(318): CodeIgniter\CodeIgniter->handleRequest(NULL, Object(Config\Cache), false)
#3 /home1/wartiz/public_html/roshan_energy/public/index.php(37): CodeIgniter\CodeIgniter->run()
#4 {main}
CRITICAL - 2022-01-03 01:02:43 --> Class 'App\Libraries\Pdf' not found
#0 /home1/wartiz/public_html/roshan_energy/system/CodeIgniter.php(824): App\Controllers\Statements->generate_statements()
#1 /home1/wartiz/public_html/roshan_energy/system/CodeIgniter.php(410): CodeIgniter\CodeIgniter->runController(Object(App\Controllers\Statements))
#2 /home1/wartiz/public_html/roshan_energy/system/CodeIgniter.php(318): CodeIgniter\CodeIgniter->handleRequest(NULL, Object(Config\Cache), false)
#3 /home1/wartiz/public_html/roshan_energy/public/index.php(37): CodeIgniter\CodeIgniter->run()
#4 {main}
CRITICAL - 2022-01-03 01:08:45 --> Class 'App\Libraries\Pdf' not found
#0 /home1/wartiz/public_html/roshan_energy/system/CodeIgniter.php(824): App\Controllers\Statements->generate_statements()
#1 /home1/wartiz/public_html/roshan_energy/system/CodeIgniter.php(410): CodeIgniter\CodeIgniter->runController(Object(App\Controllers\Statements))
#2 /home1/wartiz/public_html/roshan_energy/system/CodeIgniter.php(318): CodeIgniter\CodeIgniter->handleRequest(NULL, Object(Config\Cache), false)
#3 /home1/wartiz/public_html/roshan_energy/public/index.php(37): CodeIgniter\CodeIgniter->run()
#4 {main}
CRITICAL - 2022-01-03 01:12:11 --> Class 'App\Libraries\Pdf' not found
#0 /home1/wartiz/public_html/roshan_energy/system/CodeIgniter.php(824): App\Controllers\Statements->generate_statements()
#1 /home1/wartiz/public_html/roshan_energy/system/CodeIgniter.php(410): CodeIgniter\CodeIgniter->runController(Object(App\Controllers\Statements))
#2 /home1/wartiz/public_html/roshan_energy/system/CodeIgniter.php(318): CodeIgniter\CodeIgniter->handleRequest(NULL, Object(Config\Cache), false)
#3 /home1/wartiz/public_html/roshan_energy/public/index.php(37): CodeIgniter\CodeIgniter->run()
#4 {main}
CRITICAL - 2022-01-03 01:12:18 --> Class 'App\Controllers\TCPDF' not found
#0 /home1/wartiz/public_html/roshan_energy/system/CodeIgniter.php(824): App\Controllers\Statements->generate_statements()
#1 /home1/wartiz/public_html/roshan_energy/system/CodeIgniter.php(410): CodeIgniter\CodeIgniter->runController(Object(App\Controllers\Statements))
#2 /home1/wartiz/public_html/roshan_energy/system/CodeIgniter.php(318): CodeIgniter\CodeIgniter->handleRequest(NULL, Object(Config\Cache), false)
#3 /home1/wartiz/public_html/roshan_energy/public/index.php(37): CodeIgniter\CodeIgniter->run()
#4 {main}
CRITICAL - 2022-01-03 01:14:07 --> Class 'App\Controllers\TCPDF' not found
#0 /home1/wartiz/public_html/roshan_energy/system/CodeIgniter.php(824): App\Controllers\Statements->generate_statements()
#1 /home1/wartiz/public_html/roshan_energy/system/CodeIgniter.php(410): CodeIgniter\CodeIgniter->runController(Object(App\Controllers\Statements))
#2 /home1/wartiz/public_html/roshan_energy/system/CodeIgniter.php(318): CodeIgniter\CodeIgniter->handleRequest(NULL, Object(Config\Cache), false)
#3 /home1/wartiz/public_html/roshan_energy/public/index.php(37): CodeIgniter\CodeIgniter->run()
#4 {main}
CRITICAL - 2022-01-03 01:14:15 --> App\Controllers\Statements::generate_statements(): Failed opening required 'tcpdf_include.php' (include_path='.:/opt/cpanel/ea-php73/root/usr/share/pear')
#0 [internal function]: CodeIgniter\Debug\Exceptions->shutdownHandler()
#1 {main}
CRITICAL - 2022-01-03 01:14:46 --> Class 'App\Controllers\TCPDF' not found
#0 /home1/wartiz/public_html/roshan_energy/system/CodeIgniter.php(824): App\Controllers\Statements->generate_statements()
#1 /home1/wartiz/public_html/roshan_energy/system/CodeIgniter.php(410): CodeIgniter\CodeIgniter->runController(Object(App\Controllers\Statements))
#2 /home1/wartiz/public_html/roshan_energy/system/CodeIgniter.php(318): CodeIgniter\CodeIgniter->handleRequest(NULL, Object(Config\Cache), false)
#3 /home1/wartiz/public_html/roshan_energy/public/index.php(37): CodeIgniter\CodeIgniter->run()
#4 {main}
CRITICAL - 2022-01-03 01:16:14 --> Class 'App\Libraries\BaseController' not found
#0 /home1/wartiz/public_html/roshan_energy/system/Autoloader/Autoloader.php(264): include_once()
#1 /home1/wartiz/public_html/roshan_energy/system/Autoloader/Autoloader.php(241): CodeIgniter\Autoloader\Autoloader->includeFile('/home1/wartiz/p...')
#2 /home1/wartiz/public_html/roshan_energy/system/Autoloader/Autoloader.php(219): CodeIgniter\Autoloader\Autoloader->loadInNamespace('App\\Controllers...')
#3 [internal function]: CodeIgniter\Autoloader\Autoloader->loadClass('App\\Controllers...')
#4 [internal function]: spl_autoload_call('App\\Controllers...')
#5 /home1/wartiz/public_html/roshan_energy/system/CodeIgniter.php(789): class_exists('\\App\\Controller...', true)
#6 /home1/wartiz/public_html/roshan_energy/system/CodeIgniter.php(397): CodeIgniter\CodeIgniter->startController()
#7 /home1/wartiz/public_html/roshan_energy/system/CodeIgniter.php(318): CodeIgniter\CodeIgniter->handleRequest(NULL, Object(Config\Cache), false)
#8 /home1/wartiz/public_html/roshan_energy/public/index.php(37): CodeIgniter\CodeIgniter->run()
#9 {main}
CRITICAL - 2022-01-03 01:17:24 --> Class 'App\Libraries\BaseController' not found
#0 /home1/wartiz/public_html/roshan_energy/system/Autoloader/Autoloader.php(264): include_once()
#1 /home1/wartiz/public_html/roshan_energy/system/Autoloader/Autoloader.php(241): CodeIgniter\Autoloader\Autoloader->includeFile('/home1/wartiz/p...')
#2 /home1/wartiz/public_html/roshan_energy/system/Autoloader/Autoloader.php(219): CodeIgniter\Autoloader\Autoloader->loadInNamespace('App\\Controllers...')
#3 [internal function]: CodeIgniter\Autoloader\Autoloader->loadClass('App\\Controllers...')
#4 [internal function]: spl_autoload_call('App\\Controllers...')
#5 /home1/wartiz/public_html/roshan_energy/system/CodeIgniter.php(789): class_exists('\\App\\Controller...', true)
#6 /home1/wartiz/public_html/roshan_energy/system/CodeIgniter.php(397): CodeIgniter\CodeIgniter->startController()
#7 /home1/wartiz/public_html/roshan_energy/system/CodeIgniter.php(318): CodeIgniter\CodeIgniter->handleRequest(NULL, Object(Config\Cache), false)
#8 /home1/wartiz/public_html/roshan_energy/public/index.php(37): CodeIgniter\CodeIgniter->run()
#9 {main}
CRITICAL - 2022-01-03 01:18:08 --> Class 'App\Libraries\BaseController' not found
#0 /home1/wartiz/public_html/roshan_energy/system/Autoloader/Autoloader.php(264): include_once()
#1 /home1/wartiz/public_html/roshan_energy/system/Autoloader/Autoloader.php(241): CodeIgniter\Autoloader\Autoloader->includeFile('/home1/wartiz/p...')
#2 /home1/wartiz/public_html/roshan_energy/system/Autoloader/Autoloader.php(219): CodeIgniter\Autoloader\Autoloader->loadInNamespace('App\\Controllers...')
#3 [internal function]: CodeIgniter\Autoloader\Autoloader->loadClass('App\\Controllers...')
#4 [internal function]: spl_autoload_call('App\\Controllers...')
#5 /home1/wartiz/public_html/roshan_energy/system/CodeIgniter.php(789): class_exists('\\App\\Controller...', true)
#6 /home1/wartiz/public_html/roshan_energy/system/CodeIgniter.php(397): CodeIgniter\CodeIgniter->startController()
#7 /home1/wartiz/public_html/roshan_energy/system/CodeIgniter.php(318): CodeIgniter\CodeIgniter->handleRequest(NULL, Object(Config\Cache), false)
#8 /home1/wartiz/public_html/roshan_energy/public/index.php(37): CodeIgniter\CodeIgniter->run()
#9 {main}
CRITICAL - 2022-01-03 01:18:13 --> Class 'App\Libraries\BaseController' not found
#0 /home1/wartiz/public_html/roshan_energy/system/Autoloader/Autoloader.php(264): include_once()
#1 /home1/wartiz/public_html/roshan_energy/system/Autoloader/Autoloader.php(241): CodeIgniter\Autoloader\Autoloader->includeFile('/home1/wartiz/p...')
#2 /home1/wartiz/public_html/roshan_energy/system/Autoloader/Autoloader.php(219): CodeIgniter\Autoloader\Autoloader->loadInNamespace('App\\Controllers...')
#3 [internal function]: CodeIgniter\Autoloader\Autoloader->loadClass('App\\Controllers...')
#4 [internal function]: spl_autoload_call('App\\Controllers...')
#5 /home1/wartiz/public_html/roshan_energy/system/CodeIgniter.php(789): class_exists('\\App\\Controller...', true)
#6 /home1/wartiz/public_html/roshan_energy/system/CodeIgniter.php(397): CodeIgniter\CodeIgniter->startController()
#7 /home1/wartiz/public_html/roshan_energy/system/CodeIgniter.php(318): CodeIgniter\CodeIgniter->handleRequest(NULL, Object(Config\Cache), false)
#8 /home1/wartiz/public_html/roshan_energy/public/index.php(37): CodeIgniter\CodeIgniter->run()
#9 {main}
CRITICAL - 2022-01-03 01:22:06 --> Class 'App\Libraries\BaseController' not found
#0 /home1/wartiz/public_html/roshan_energy/system/Autoloader/Autoloader.php(264): include_once()
#1 /home1/wartiz/public_html/roshan_energy/system/Autoloader/Autoloader.php(241): CodeIgniter\Autoloader\Autoloader->includeFile('/home1/wartiz/p...')
#2 /home1/wartiz/public_html/roshan_energy/system/Autoloader/Autoloader.php(219): CodeIgniter\Autoloader\Autoloader->loadInNamespace('App\\Controllers...')
#3 [internal function]: CodeIgniter\Autoloader\Autoloader->loadClass('App\\Controllers...')
#4 [internal function]: spl_autoload_call('App\\Controllers...')
#5 /home1/wartiz/public_html/roshan_energy/system/CodeIgniter.php(789): class_exists('\\App\\Controller...', true)
#6 /home1/wartiz/public_html/roshan_energy/system/CodeIgniter.php(397): CodeIgniter\CodeIgniter->startController()
#7 /home1/wartiz/public_html/roshan_energy/system/CodeIgniter.php(318): CodeIgniter\CodeIgniter->handleRequest(NULL, Object(Config\Cache), false)
#8 /home1/wartiz/public_html/roshan_energy/public/index.php(37): CodeIgniter\CodeIgniter->run()
#9 {main}
CRITICAL - 2022-01-03 01:22:10 --> Class 'App\Libraries\BaseController' not found
#0 /home1/wartiz/public_html/roshan_energy/system/Autoloader/Autoloader.php(264): include_once()
#1 /home1/wartiz/public_html/roshan_energy/system/Autoloader/Autoloader.php(241): CodeIgniter\Autoloader\Autoloader->includeFile('/home1/wartiz/p...')
#2 /home1/wartiz/public_html/roshan_energy/system/Autoloader/Autoloader.php(219): CodeIgniter\Autoloader\Autoloader->loadInNamespace('App\\Controllers...')
#3 [internal function]: CodeIgniter\Autoloader\Autoloader->loadClass('App\\Controllers...')
#4 [internal function]: spl_autoload_call('App\\Controllers...')
#5 /home1/wartiz/public_html/roshan_energy/system/CodeIgniter.php(789): class_exists('\\App\\Controller...', true)
#6 /home1/wartiz/public_html/roshan_energy/system/CodeIgniter.php(397): CodeIgniter\CodeIgniter->startController()
#7 /home1/wartiz/public_html/roshan_energy/system/CodeIgniter.php(318): CodeIgniter\CodeIgniter->handleRequest(NULL, Object(Config\Cache), false)
#8 /home1/wartiz/public_html/roshan_energy/public/index.php(37): CodeIgniter\CodeIgniter->run()
#9 {main}
CRITICAL - 2022-01-03 01:23:14 --> Class 'App\Libraries\BaseController' not found
#0 /home1/wartiz/public_html/roshan_energy/system/Autoloader/Autoloader.php(264): include_once()
#1 /home1/wartiz/public_html/roshan_energy/system/Autoloader/Autoloader.php(241): CodeIgniter\Autoloader\Autoloader->includeFile('/home1/wartiz/p...')
#2 /home1/wartiz/public_html/roshan_energy/system/Autoloader/Autoloader.php(219): CodeIgniter\Autoloader\Autoloader->loadInNamespace('App\\Controllers...')
#3 [internal function]: CodeIgniter\Autoloader\Autoloader->loadClass('App\\Controllers...')
#4 [internal function]: spl_autoload_call('App\\Controllers...')
#5 /home1/wartiz/public_html/roshan_energy/system/CodeIgniter.php(789): class_exists('\\App\\Controller...', true)
#6 /home1/wartiz/public_html/roshan_energy/system/CodeIgniter.php(397): CodeIgniter\CodeIgniter->startController()
#7 /home1/wartiz/public_html/roshan_energy/system/CodeIgniter.php(318): CodeIgniter\CodeIgniter->handleRequest(NULL, Object(Config\Cache), false)
#8 /home1/wartiz/public_html/roshan_energy/public/index.php(37): CodeIgniter\CodeIgniter->run()
#9 {main}
CRITICAL - 2022-01-03 01:36:19 --> Cannot use isset() on the result of an expression (you can use "null !== expression" instead)
#0 [internal function]: CodeIgniter\Debug\Exceptions->shutdownHandler()
#1 {main}
CRITICAL - 2022-01-03 01:48:22 --> syntax error, unexpected '{', expecting '('
#0 /home1/wartiz/public_html/roshan_energy/system/Autoloader/Autoloader.php(241): CodeIgniter\Autoloader\Autoloader->includeFile('/home1/wartiz/p...')
#1 /home1/wartiz/public_html/roshan_energy/system/Autoloader/Autoloader.php(219): CodeIgniter\Autoloader\Autoloader->loadInNamespace('App\\Controllers...')
#2 [internal function]: CodeIgniter\Autoloader\Autoloader->loadClass('App\\Controllers...')
#3 [internal function]: spl_autoload_call('App\\Controllers...')
#4 /home1/wartiz/public_html/roshan_energy/system/CodeIgniter.php(789): class_exists('\\App\\Controller...', true)
#5 /home1/wartiz/public_html/roshan_energy/system/CodeIgniter.php(397): CodeIgniter\CodeIgniter->startController()
#6 /home1/wartiz/public_html/roshan_energy/system/CodeIgniter.php(318): CodeIgniter\CodeIgniter->handleRequest(NULL, Object(Config\Cache), false)
#7 /home1/wartiz/public_html/roshan_energy/public/index.php(37): CodeIgniter\CodeIgniter->run()
#8 {main}
CRITICAL - 2022-01-03 03:21:07 --> syntax error, unexpected 'else' (T_ELSE)
#0 /home1/wartiz/public_html/roshan_energy/system/Router/Router.php(176): CodeIgniter\Router\Router->autoRoute('Statements/gene...')
#1 /home1/wartiz/public_html/roshan_energy/system/CodeIgniter.php(718): CodeIgniter\Router\Router->handle('Statements/gene...')
#2 /home1/wartiz/public_html/roshan_energy/system/CodeIgniter.php(359): CodeIgniter\CodeIgniter->tryToRouteIt(Object(CodeIgniter\Router\RouteCollection))
#3 /home1/wartiz/public_html/roshan_energy/system/CodeIgniter.php(318): CodeIgniter\CodeIgniter->handleRequest(NULL, Object(Config\Cache), false)
#4 /home1/wartiz/public_html/roshan_energy/public/index.php(37): CodeIgniter\CodeIgniter->run()
#5 {main}
CRITICAL - 2022-01-03 03:32:00 --> syntax error, unexpected 'else' (T_ELSE)
#0 /home1/wartiz/public_html/roshan_energy/system/Autoloader/Autoloader.php(241): CodeIgniter\Autoloader\Autoloader->includeFile('/home1/wartiz/p...')
#1 /home1/wartiz/public_html/roshan_energy/system/Autoloader/Autoloader.php(219): CodeIgniter\Autoloader\Autoloader->loadInNamespace('App\\Controllers...')
#2 [internal function]: CodeIgniter\Autoloader\Autoloader->loadClass('App\\Controllers...')
#3 [internal function]: spl_autoload_call('App\\Controllers...')
#4 /home1/wartiz/public_html/roshan_energy/system/CodeIgniter.php(789): class_exists('\\App\\Controller...', true)
#5 /home1/wartiz/public_html/roshan_energy/system/CodeIgniter.php(397): CodeIgniter\CodeIgniter->startController()
#6 /home1/wartiz/public_html/roshan_energy/system/CodeIgniter.php(318): CodeIgniter\CodeIgniter->handleRequest(NULL, Object(Config\Cache), false)
#7 /home1/wartiz/public_html/roshan_energy/public/index.php(37): CodeIgniter\CodeIgniter->run()
#8 {main}
CRITICAL - 2022-01-03 04:06:57 --> syntax error, unexpected 'else' (T_ELSE), expecting function (T_FUNCTION) or const (T_CONST)
#0 /home1/wartiz/public_html/roshan_energy/system/Router/Router.php(176): CodeIgniter\Router\Router->autoRoute('Statements/gene...')
#1 /home1/wartiz/public_html/roshan_energy/system/CodeIgniter.php(718): CodeIgniter\Router\Router->handle('Statements/gene...')
#2 /home1/wartiz/public_html/roshan_energy/system/CodeIgniter.php(359): CodeIgniter\CodeIgniter->tryToRouteIt(Object(CodeIgniter\Router\RouteCollection))
#3 /home1/wartiz/public_html/roshan_energy/system/CodeIgniter.php(318): CodeIgniter\CodeIgniter->handleRequest(NULL, Object(Config\Cache), false)
#4 /home1/wartiz/public_html/roshan_energy/public/index.php(37): CodeIgniter\CodeIgniter->run()
#5 {main}
CRITICAL - 2022-01-03 04:07:18 --> Undefined variable: from_date
#0 /home1/wartiz/public_html/roshan_energy/app/Controllers/Statements.php(136): CodeIgniter\Debug\Exceptions->errorHandler(8, 'Undefined varia...', '/home1/wartiz/p...', 136, Array)
#1 /home1/wartiz/public_html/roshan_energy/system/CodeIgniter.php(824): App\Controllers\Statements->generate_statements()
#2 /home1/wartiz/public_html/roshan_energy/system/CodeIgniter.php(410): CodeIgniter\CodeIgniter->runController(Object(App\Controllers\Statements))
#3 /home1/wartiz/public_html/roshan_energy/system/CodeIgniter.php(318): CodeIgniter\CodeIgniter->handleRequest(NULL, Object(Config\Cache), false)
#4 /home1/wartiz/public_html/roshan_energy/public/index.php(37): CodeIgniter\CodeIgniter->run()
#5 {main}
CRITICAL - 2022-01-03 04:08:40 --> syntax error, unexpected '.'
#0 /home1/wartiz/public_html/roshan_energy/system/Router/Router.php(176): CodeIgniter\Router\Router->autoRoute('Statements/gene...')
#1 /home1/wartiz/public_html/roshan_energy/system/CodeIgniter.php(718): CodeIgniter\Router\Router->handle('Statements/gene...')
#2 /home1/wartiz/public_html/roshan_energy/system/CodeIgniter.php(359): CodeIgniter\CodeIgniter->tryToRouteIt(Object(CodeIgniter\Router\RouteCollection))
#3 /home1/wartiz/public_html/roshan_energy/system/CodeIgniter.php(318): CodeIgniter\CodeIgniter->handleRequest(NULL, Object(Config\Cache), false)
#4 /home1/wartiz/public_html/roshan_energy/public/index.php(37): CodeIgniter\CodeIgniter->run()
#5 {main}
CRITICAL - 2022-01-03 04:09:02 --> syntax error, unexpected ''</h3> </td><td></td><td></td>' (T_CONSTANT_ENCAPSED_STRING)
#0 /home1/wartiz/public_html/roshan_energy/system/Router/Router.php(176): CodeIgniter\Router\Router->autoRoute('Statements/gene...')
#1 /home1/wartiz/public_html/roshan_energy/system/CodeIgniter.php(718): CodeIgniter\Router\Router->handle('Statements/gene...')
#2 /home1/wartiz/public_html/roshan_energy/system/CodeIgniter.php(359): CodeIgniter\CodeIgniter->tryToRouteIt(Object(CodeIgniter\Router\RouteCollection))
#3 /home1/wartiz/public_html/roshan_energy/system/CodeIgniter.php(318): CodeIgniter\CodeIgniter->handleRequest(NULL, Object(Config\Cache), false)
#4 /home1/wartiz/public_html/roshan_energy/public/index.php(37): CodeIgniter\CodeIgniter->run()
#5 {main}
CRITICAL - 2022-01-03 04:09:43 --> Undefined variable: fetch_transactions
#0 /home1/wartiz/public_html/roshan_energy/app/Controllers/Statements.php(159): CodeIgniter\Debug\Exceptions->errorHandler(8, 'Undefined varia...', '/home1/wartiz/p...', 159, Array)
#1 /home1/wartiz/public_html/roshan_energy/system/CodeIgniter.php(824): App\Controllers\Statements->generate_statements()
#2 /home1/wartiz/public_html/roshan_energy/system/CodeIgniter.php(410): CodeIgniter\CodeIgniter->runController(Object(App\Controllers\Statements))
#3 /home1/wartiz/public_html/roshan_energy/system/CodeIgniter.php(318): CodeIgniter\CodeIgniter->handleRequest(NULL, Object(Config\Cache), false)
#4 /home1/wartiz/public_html/roshan_energy/public/index.php(37): CodeIgniter\CodeIgniter->run()
#5 {main}
CRITICAL - 2022-01-03 04:10:13 --> Undefined variable: fetch_transactions
#0 /home1/wartiz/public_html/roshan_energy/app/Controllers/Statements.php(159): CodeIgniter\Debug\Exceptions->errorHandler(8, 'Undefined varia...', '/home1/wartiz/p...', 159, Array)
#1 /home1/wartiz/public_html/roshan_energy/system/CodeIgniter.php(824): App\Controllers\Statements->generate_statements()
#2 /home1/wartiz/public_html/roshan_energy/system/CodeIgniter.php(410): CodeIgniter\CodeIgniter->runController(Object(App\Controllers\Statements))
#3 /home1/wartiz/public_html/roshan_energy/system/CodeIgniter.php(318): CodeIgniter\CodeIgniter->handleRequest(NULL, Object(Config\Cache), false)
#4 /home1/wartiz/public_html/roshan_energy/public/index.php(37): CodeIgniter\CodeIgniter->run()
#5 {main}
CRITICAL - 2022-01-03 04:11:41 --> syntax error, unexpected 'new' (T_NEW)
#0 /home1/wartiz/public_html/roshan_energy/system/Router/Router.php(176): CodeIgniter\Router\Router->autoRoute('Statements/gene...')
#1 /home1/wartiz/public_html/roshan_energy/system/CodeIgniter.php(718): CodeIgniter\Router\Router->handle('Statements/gene...')
#2 /home1/wartiz/public_html/roshan_energy/system/CodeIgniter.php(359): CodeIgniter\CodeIgniter->tryToRouteIt(Object(CodeIgniter\Router\RouteCollection))
#3 /home1/wartiz/public_html/roshan_energy/system/CodeIgniter.php(318): CodeIgniter\CodeIgniter->handleRequest(NULL, Object(Config\Cache), false)
#4 /home1/wartiz/public_html/roshan_energy/public/index.php(37): CodeIgniter\CodeIgniter->run()
#5 {main}
CRITICAL - 2022-01-03 04:19:45 --> Undefined variable: html
#0 /home1/wartiz/public_html/roshan_energy/app/Controllers/Statements.php(98): CodeIgniter\Debug\Exceptions->errorHandler(8, 'Undefined varia...', '/home1/wartiz/p...', 98, Array)
#1 /home1/wartiz/public_html/roshan_energy/system/CodeIgniter.php(824): App\Controllers\Statements->generate_statements()
#2 /home1/wartiz/public_html/roshan_energy/system/CodeIgniter.php(410): CodeIgniter\CodeIgniter->runController(Object(App\Controllers\Statements))
#3 /home1/wartiz/public_html/roshan_energy/system/CodeIgniter.php(318): CodeIgniter\CodeIgniter->handleRequest(NULL, Object(Config\Cache), false)
#4 /home1/wartiz/public_html/roshan_energy/public/index.php(37): CodeIgniter\CodeIgniter->run()
#5 {main}
CRITICAL - 2022-01-03 04:34:25 --> syntax error, unexpected 'var' (T_VAR)
#0 /home1/wartiz/public_html/roshan_energy/system/Router/Router.php(176): CodeIgniter\Router\Router->autoRoute('Statements/gene...')
#1 /home1/wartiz/public_html/roshan_energy/system/CodeIgniter.php(718): CodeIgniter\Router\Router->handle('Statements/gene...')
#2 /home1/wartiz/public_html/roshan_energy/system/CodeIgniter.php(359): CodeIgniter\CodeIgniter->tryToRouteIt(Object(CodeIgniter\Router\RouteCollection))
#3 /home1/wartiz/public_html/roshan_energy/system/CodeIgniter.php(318): CodeIgniter\CodeIgniter->handleRequest(NULL, Object(Config\Cache), false)
#4 /home1/wartiz/public_html/roshan_energy/public/index.php(37): CodeIgniter\CodeIgniter->run()
#5 {main}
CRITICAL - 2022-01-03 04:34:50 --> syntax error, unexpected 'var' (T_VAR)
#0 /home1/wartiz/public_html/roshan_energy/system/Router/Router.php(176): CodeIgniter\Router\Router->autoRoute('Statements/gene...')
#1 /home1/wartiz/public_html/roshan_energy/system/CodeIgniter.php(718): CodeIgniter\Router\Router->handle('Statements/gene...')
#2 /home1/wartiz/public_html/roshan_energy/system/CodeIgniter.php(359): CodeIgniter\CodeIgniter->tryToRouteIt(Object(CodeIgniter\Router\RouteCollection))
#3 /home1/wartiz/public_html/roshan_energy/system/CodeIgniter.php(318): CodeIgniter\CodeIgniter->handleRequest(NULL, Object(Config\Cache), false)
#4 /home1/wartiz/public_html/roshan_energy/public/index.php(37): CodeIgniter\CodeIgniter->run()
#5 {main}
CRITICAL - 2022-01-03 04:47:47 --> App\Controllers\Statements::generate_statements(): Failed opening required 'tcpdf.php' (include_path='.:/opt/cpanel/ea-php73/root/usr/share/pear')
#0 [internal function]: CodeIgniter\Debug\Exceptions->shutdownHandler()
#1 {main}
CRITICAL - 2022-01-03 04:48:06 --> App\Controllers\Statements::generate_statements(): Failed opening required 'tcpdf_include.php' (include_path='.:/opt/cpanel/ea-php73/root/usr/share/pear')
#0 [internal function]: CodeIgniter\Debug\Exceptions->shutdownHandler()
#1 {main}
CRITICAL - 2022-01-03 04:48:12 --> App\Controllers\Statements::generate_statements(): Failed opening required 'tcpdf_include.php' (include_path='.:/opt/cpanel/ea-php73/root/usr/share/pear')
#0 [internal function]: CodeIgniter\Debug\Exceptions->shutdownHandler()
#1 {main}
CRITICAL - 2022-01-03 04:52:54 --> Undefined variable: html
#0 /home1/wartiz/public_html/roshan_energy/app/Controllers/Statements.php(80): CodeIgniter\Debug\Exceptions->errorHandler(8, 'Undefined varia...', '/home1/wartiz/p...', 80, Array)
#1 /home1/wartiz/public_html/roshan_energy/system/CodeIgniter.php(824): App\Controllers\Statements->generate_statements()
#2 /home1/wartiz/public_html/roshan_energy/system/CodeIgniter.php(410): CodeIgniter\CodeIgniter->runController(Object(App\Controllers\Statements))
#3 /home1/wartiz/public_html/roshan_energy/system/CodeIgniter.php(318): CodeIgniter\CodeIgniter->handleRequest(NULL, Object(Config\Cache), false)
#4 /home1/wartiz/public_html/roshan_energy/public/index.php(37): CodeIgniter\CodeIgniter->run()
#5 {main}
CRITICAL - 2022-01-03 04:54:34 --> Undefined variable: html
#0 /home1/wartiz/public_html/roshan_energy/app/Controllers/Statements.php(131): CodeIgniter\Debug\Exceptions->errorHandler(8, 'Undefined varia...', '/home1/wartiz/p...', 131, Array)
#1 /home1/wartiz/public_html/roshan_energy/system/CodeIgniter.php(824): App\Controllers\Statements->generate_statements()
#2 /home1/wartiz/public_html/roshan_energy/system/CodeIgniter.php(410): CodeIgniter\CodeIgniter->runController(Object(App\Controllers\Statements))
#3 /home1/wartiz/public_html/roshan_energy/system/CodeIgniter.php(318): CodeIgniter\CodeIgniter->handleRequest(NULL, Object(Config\Cache), false)
#4 /home1/wartiz/public_html/roshan_energy/public/index.php(37): CodeIgniter\CodeIgniter->run()
#5 {main}
CRITICAL - 2022-01-03 05:03:16 --> Undefined variable: html
#0 /home1/wartiz/public_html/roshan_energy/app/Controllers/Statements.php(134): CodeIgniter\Debug\Exceptions->errorHandler(8, 'Undefined varia...', '/home1/wartiz/p...', 134, Array)
#1 /home1/wartiz/public_html/roshan_energy/system/CodeIgniter.php(824): App\Controllers\Statements->generate_statements()
#2 /home1/wartiz/public_html/roshan_energy/system/CodeIgniter.php(410): CodeIgniter\CodeIgniter->runController(Object(App\Controllers\Statements))
#3 /home1/wartiz/public_html/roshan_energy/system/CodeIgniter.php(318): CodeIgniter\CodeIgniter->handleRequest(NULL, Object(Config\Cache), false)
#4 /home1/wartiz/public_html/roshan_energy/public/index.php(37): CodeIgniter\CodeIgniter->run()
#5 {main}
CRITICAL - 2022-01-03 05:24:18 --> syntax error, unexpected end of file, expecting function (T_FUNCTION) or const (T_CONST)
#0 /home1/wartiz/public_html/roshan_energy/system/Router/Router.php(176): CodeIgniter\Router\Router->autoRoute('Statements/gene...')
#1 /home1/wartiz/public_html/roshan_energy/system/CodeIgniter.php(718): CodeIgniter\Router\Router->handle('Statements/gene...')
#2 /home1/wartiz/public_html/roshan_energy/system/CodeIgniter.php(359): CodeIgniter\CodeIgniter->tryToRouteIt(Object(CodeIgniter\Router\RouteCollection))
#3 /home1/wartiz/public_html/roshan_energy/system/CodeIgniter.php(318): CodeIgniter\CodeIgniter->handleRequest(NULL, Object(Config\Cache), false)
#4 /home1/wartiz/public_html/roshan_energy/public/index.php(37): CodeIgniter\CodeIgniter->run()
#5 {main}
CRITICAL - 2022-01-03 23:13:32 --> Undefined index: thead
#0 /home1/wartiz/public_html/roshan_energy/app/ThirdParty/tcpdf/tcpdf.php(16631): CodeIgniter\Debug\Exceptions->errorHandler(8, 'Undefined index...', '/home1/wartiz/p...', 16631, Array)
#1 /home1/wartiz/public_html/roshan_energy/app/ThirdParty/tcpdf/tcpdf.php(17343): TCPDF->getHtmlDomArray('<table><tr><td>...')
#2 /home1/wartiz/public_html/roshan_energy/app/Controllers/Statements.php(77): TCPDF->writeHTML('<table><tr><td>...')
#3 /home1/wartiz/public_html/roshan_energy/system/CodeIgniter.php(824): App\Controllers\Statements->generate_statements()
#4 /home1/wartiz/public_html/roshan_energy/system/CodeIgniter.php(410): CodeIgniter\CodeIgniter->runController(Object(App\Controllers\Statements))
#5 /home1/wartiz/public_html/roshan_energy/system/CodeIgniter.php(318): CodeIgniter\CodeIgniter->handleRequest(NULL, Object(Config\Cache), false)
#6 /home1/wartiz/public_html/roshan_energy/public/index.php(37): CodeIgniter\CodeIgniter->run()
#7 {main}
CRITICAL - 2022-01-03 23:13:38 --> Undefined index: thead
#0 /home1/wartiz/public_html/roshan_energy/app/ThirdParty/tcpdf/tcpdf.php(16631): CodeIgniter\Debug\Exceptions->errorHandler(8, 'Undefined index...', '/home1/wartiz/p...', 16631, Array)
#1 /home1/wartiz/public_html/roshan_energy/app/ThirdParty/tcpdf/tcpdf.php(17343): TCPDF->getHtmlDomArray('<table><tr><td>...')
#2 /home1/wartiz/public_html/roshan_energy/app/Controllers/Statements.php(77): TCPDF->writeHTML('<table><tr><td>...')
#3 /home1/wartiz/public_html/roshan_energy/system/CodeIgniter.php(824): App\Controllers\Statements->generate_statements()
#4 /home1/wartiz/public_html/roshan_energy/system/CodeIgniter.php(410): CodeIgniter\CodeIgniter->runController(Object(App\Controllers\Statements))
#5 /home1/wartiz/public_html/roshan_energy/system/CodeIgniter.php(318): CodeIgniter\CodeIgniter->handleRequest(NULL, Object(Config\Cache), false)
#6 /home1/wartiz/public_html/roshan_energy/public/index.php(37): CodeIgniter\CodeIgniter->run()
#7 {main}
CRITICAL - 2022-01-03 23:22:10 --> Undefined variable: customerData
#0 /home1/wartiz/public_html/roshan_energy/app/Controllers/Statements.php(72): CodeIgniter\Debug\Exceptions->errorHandler(8, 'Undefined varia...', '/home1/wartiz/p...', 72, Array)
#1 /home1/wartiz/public_html/roshan_energy/system/CodeIgniter.php(824): App\Controllers\Statements->generate_statements()
#2 /home1/wartiz/public_html/roshan_energy/system/CodeIgniter.php(410): CodeIgniter\CodeIgniter->runController(Object(App\Controllers\Statements))
#3 /home1/wartiz/public_html/roshan_energy/system/CodeIgniter.php(318): CodeIgniter\CodeIgniter->handleRequest(NULL, Object(Config\Cache), false)
#4 /home1/wartiz/public_html/roshan_energy/public/index.php(37): CodeIgniter\CodeIgniter->run()
#5 {main}
CRITICAL - 2022-01-03 23:22:46 --> Undefined index: account_number
#0 /home1/wartiz/public_html/roshan_energy/app/Controllers/Statements.php(79): CodeIgniter\Debug\Exceptions->errorHandler(8, 'Undefined index...', '/home1/wartiz/p...', 79, Array)
#1 /home1/wartiz/public_html/roshan_energy/system/CodeIgniter.php(824): App\Controllers\Statements->generate_statements()
#2 /home1/wartiz/public_html/roshan_energy/system/CodeIgniter.php(410): CodeIgniter\CodeIgniter->runController(Object(App\Controllers\Statements))
#3 /home1/wartiz/public_html/roshan_energy/system/CodeIgniter.php(318): CodeIgniter\CodeIgniter->handleRequest(NULL, Object(Config\Cache), false)
#4 /home1/wartiz/public_html/roshan_energy/public/index.php(37): CodeIgniter\CodeIgniter->run()
#5 {main}
CRITICAL - 2022-01-03 23:23:26 --> Undefined index: name
#0 /home1/wartiz/public_html/roshan_energy/app/Controllers/Statements.php(80): CodeIgniter\Debug\Exceptions->errorHandler(8, 'Undefined index...', '/home1/wartiz/p...', 80, Array)
#1 /home1/wartiz/public_html/roshan_energy/system/CodeIgniter.php(824): App\Controllers\Statements->generate_statements()
#2 /home1/wartiz/public_html/roshan_energy/system/CodeIgniter.php(410): CodeIgniter\CodeIgniter->runController(Object(App\Controllers\Statements))
#3 /home1/wartiz/public_html/roshan_energy/system/CodeIgniter.php(318): CodeIgniter\CodeIgniter->handleRequest(NULL, Object(Config\Cache), false)
#4 /home1/wartiz/public_html/roshan_energy/public/index.php(37): CodeIgniter\CodeIgniter->run()
#5 {main}
CRITICAL - 2022-01-03 23:26:29 --> Array to string conversion
#0 /home1/wartiz/public_html/roshan_energy/app/Controllers/Statements.php(86): CodeIgniter\Debug\Exceptions->errorHandler(8, 'Array to string...', '/home1/wartiz/p...', 86, Array)
#1 /home1/wartiz/public_html/roshan_energy/system/CodeIgniter.php(824): App\Controllers\Statements->generate_statements()
#2 /home1/wartiz/public_html/roshan_energy/system/CodeIgniter.php(410): CodeIgniter\CodeIgniter->runController(Object(App\Controllers\Statements))
#3 /home1/wartiz/public_html/roshan_energy/system/CodeIgniter.php(318): CodeIgniter\CodeIgniter->handleRequest(NULL, Object(Config\Cache), false)
#4 /home1/wartiz/public_html/roshan_energy/public/index.php(37): CodeIgniter\CodeIgniter->run()
#5 {main}
CRITICAL - 2022-01-03 23:27:01 --> Array to string conversion
#0 /home1/wartiz/public_html/roshan_energy/app/Controllers/Statements.php(86): CodeIgniter\Debug\Exceptions->errorHandler(8, 'Array to string...', '/home1/wartiz/p...', 86, Array)
#1 /home1/wartiz/public_html/roshan_energy/system/CodeIgniter.php(824): App\Controllers\Statements->generate_statements()
#2 /home1/wartiz/public_html/roshan_energy/system/CodeIgniter.php(410): CodeIgniter\CodeIgniter->runController(Object(App\Controllers\Statements))
#3 /home1/wartiz/public_html/roshan_energy/system/CodeIgniter.php(318): CodeIgniter\CodeIgniter->handleRequest(NULL, Object(Config\Cache), false)
#4 /home1/wartiz/public_html/roshan_energy/public/index.php(37): CodeIgniter\CodeIgniter->run()
#5 {main}
CRITICAL - 2022-01-03 23:33:18 --> Undefined index: account_number
#0 /home1/wartiz/public_html/roshan_energy/app/Controllers/Statements.php(86): CodeIgniter\Debug\Exceptions->errorHandler(8, 'Undefined index...', '/home1/wartiz/p...', 86, Array)
#1 /home1/wartiz/public_html/roshan_energy/system/CodeIgniter.php(824): App\Controllers\Statements->generate_statements()
#2 /home1/wartiz/public_html/roshan_energy/system/CodeIgniter.php(410): CodeIgniter\CodeIgniter->runController(Object(App\Controllers\Statements))
#3 /home1/wartiz/public_html/roshan_energy/system/CodeIgniter.php(318): CodeIgniter\CodeIgniter->handleRequest(NULL, Object(Config\Cache), false)
#4 /home1/wartiz/public_html/roshan_energy/public/index.php(37): CodeIgniter\CodeIgniter->run()
#5 {main}
CRITICAL - 2022-01-03 23:33:22 --> Undefined index: account_number
#0 /home1/wartiz/public_html/roshan_energy/app/Controllers/Statements.php(86): CodeIgniter\Debug\Exceptions->errorHandler(8, 'Undefined index...', '/home1/wartiz/p...', 86, Array)
#1 /home1/wartiz/public_html/roshan_energy/system/CodeIgniter.php(824): App\Controllers\Statements->generate_statements()
#2 /home1/wartiz/public_html/roshan_energy/system/CodeIgniter.php(410): CodeIgniter\CodeIgniter->runController(Object(App\Controllers\Statements))
#3 /home1/wartiz/public_html/roshan_energy/system/CodeIgniter.php(318): CodeIgniter\CodeIgniter->handleRequest(NULL, Object(Config\Cache), false)
#4 /home1/wartiz/public_html/roshan_energy/public/index.php(37): CodeIgniter\CodeIgniter->run()
#5 {main}
CRITICAL - 2022-01-03 23:34:05 --> Undefined index: account_number
#0 /home1/wartiz/public_html/roshan_energy/app/Controllers/Statements.php(86): CodeIgniter\Debug\Exceptions->errorHandler(8, 'Undefined index...', '/home1/wartiz/p...', 86, Array)
#1 /home1/wartiz/public_html/roshan_energy/system/CodeIgniter.php(824): App\Controllers\Statements->generate_statements()
#2 /home1/wartiz/public_html/roshan_energy/system/CodeIgniter.php(410): CodeIgniter\CodeIgniter->runController(Object(App\Controllers\Statements))
#3 /home1/wartiz/public_html/roshan_energy/system/CodeIgniter.php(318): CodeIgniter\CodeIgniter->handleRequest(NULL, Object(Config\Cache), false)
#4 /home1/wartiz/public_html/roshan_energy/public/index.php(37): CodeIgniter\CodeIgniter->run()
#5 {main}
CRITICAL - 2022-01-03 23:34:33 --> Array to string conversion
#0 /home1/wartiz/public_html/roshan_energy/app/Controllers/Statements.php(86): CodeIgniter\Debug\Exceptions->errorHandler(8, 'Array to string...', '/home1/wartiz/p...', 86, Array)
#1 /home1/wartiz/public_html/roshan_energy/system/CodeIgniter.php(824): App\Controllers\Statements->generate_statements()
#2 /home1/wartiz/public_html/roshan_energy/system/CodeIgniter.php(410): CodeIgniter\CodeIgniter->runController(Object(App\Controllers\Statements))
#3 /home1/wartiz/public_html/roshan_energy/system/CodeIgniter.php(318): CodeIgniter\CodeIgniter->handleRequest(NULL, Object(Config\Cache), false)
#4 /home1/wartiz/public_html/roshan_energy/public/index.php(37): CodeIgniter\CodeIgniter->run()
#5 {main}
CRITICAL - 2022-01-03 23:34:37 --> Array to string conversion
#0 /home1/wartiz/public_html/roshan_energy/app/Controllers/Statements.php(86): CodeIgniter\Debug\Exceptions->errorHandler(8, 'Array to string...', '/home1/wartiz/p...', 86, Array)
#1 /home1/wartiz/public_html/roshan_energy/system/CodeIgniter.php(824): App\Controllers\Statements->generate_statements()
#2 /home1/wartiz/public_html/roshan_energy/system/CodeIgniter.php(410): CodeIgniter\CodeIgniter->runController(Object(App\Controllers\Statements))
#3 /home1/wartiz/public_html/roshan_energy/system/CodeIgniter.php(318): CodeIgniter\CodeIgniter->handleRequest(NULL, Object(Config\Cache), false)
#4 /home1/wartiz/public_html/roshan_energy/public/index.php(37): CodeIgniter\CodeIgniter->run()
#5 {main}
CRITICAL - 2022-01-03 23:35:12 --> Array to string conversion
#0 /home1/wartiz/public_html/roshan_energy/app/Controllers/Statements.php(86): CodeIgniter\Debug\Exceptions->errorHandler(8, 'Array to string...', '/home1/wartiz/p...', 86, Array)
#1 /home1/wartiz/public_html/roshan_energy/system/CodeIgniter.php(824): App\Controllers\Statements->generate_statements()
#2 /home1/wartiz/public_html/roshan_energy/system/CodeIgniter.php(410): CodeIgniter\CodeIgniter->runController(Object(App\Controllers\Statements))
#3 /home1/wartiz/public_html/roshan_energy/system/CodeIgniter.php(318): CodeIgniter\CodeIgniter->handleRequest(NULL, Object(Config\Cache), false)
#4 /home1/wartiz/public_html/roshan_energy/public/index.php(37): CodeIgniter\CodeIgniter->run()
#5 {main}
CRITICAL - 2022-01-03 23:38:50 --> Undefined index: cols
#0 /home1/wartiz/public_html/roshan_energy/app/ThirdParty/tcpdf/tcpdf.php(17071): CodeIgniter\Debug\Exceptions->errorHandler(8, 'Undefined index...', '/home1/wartiz/p...', 17071, Array)
#1 /home1/wartiz/public_html/roshan_energy/app/ThirdParty/tcpdf/tcpdf.php(17343): TCPDF->getHtmlDomArray('<table><tr><td>...')
#2 /home1/wartiz/public_html/roshan_energy/app/Controllers/Statements.php(103): TCPDF->writeHTML('<table><tr><td>...')
#3 /home1/wartiz/public_html/roshan_energy/system/CodeIgniter.php(824): App\Controllers\Statements->generate_statements()
#4 /home1/wartiz/public_html/roshan_energy/system/CodeIgniter.php(410): CodeIgniter\CodeIgniter->runController(Object(App\Controllers\Statements))
#5 /home1/wartiz/public_html/roshan_energy/system/CodeIgniter.php(318): CodeIgniter\CodeIgniter->handleRequest(NULL, Object(Config\Cache), false)
#6 /home1/wartiz/public_html/roshan_energy/public/index.php(37): CodeIgniter\CodeIgniter->run()
#7 {main}
CRITICAL - 2022-01-03 23:39:41 --> array_push() expects parameter 1 to be array, null given
#0 [internal function]: CodeIgniter\Debug\Exceptions->errorHandler(2, 'array_push() ex...', '/home1/wartiz/p...', 18332, Array)
#1 /home1/wartiz/public_html/roshan_energy/app/ThirdParty/tcpdf/tcpdf.php(18332): array_push(NULL, Array)
#2 /home1/wartiz/public_html/roshan_energy/app/Controllers/Statements.php(103): TCPDF->writeHTML('<table><tr><td>...')
#3 /home1/wartiz/public_html/roshan_energy/system/CodeIgniter.php(824): App\Controllers\Statements->generate_statements()
#4 /home1/wartiz/public_html/roshan_energy/system/CodeIgniter.php(410): CodeIgniter\CodeIgniter->runController(Object(App\Controllers\Statements))
#5 /home1/wartiz/public_html/roshan_energy/system/CodeIgniter.php(318): CodeIgniter\CodeIgniter->handleRequest(NULL, Object(Config\Cache), false)
#6 /home1/wartiz/public_html/roshan_energy/public/index.php(37): CodeIgniter\CodeIgniter->run()
#7 {main}
CRITICAL - 2022-01-03 23:42:29 --> Undefined index: cols
#0 /home1/wartiz/public_html/roshan_energy/app/ThirdParty/tcpdf/tcpdf.php(17071): CodeIgniter\Debug\Exceptions->errorHandler(8, 'Undefined index...', '/home1/wartiz/p...', 17071, Array)
#1 /home1/wartiz/public_html/roshan_energy/app/ThirdParty/tcpdf/tcpdf.php(17343): TCPDF->getHtmlDomArray('<table><tr><td>...')
#2 /home1/wartiz/public_html/roshan_energy/app/Controllers/Statements.php(105): TCPDF->writeHTML('<table><tr><td>...')
#3 /home1/wartiz/public_html/roshan_energy/system/CodeIgniter.php(824): App\Controllers\Statements->generate_statements()
#4 /home1/wartiz/public_html/roshan_energy/system/CodeIgniter.php(410): CodeIgniter\CodeIgniter->runController(Object(App\Controllers\Statements))
#5 /home1/wartiz/public_html/roshan_energy/system/CodeIgniter.php(318): CodeIgniter\CodeIgniter->handleRequest(NULL, Object(Config\Cache), false)
#6 /home1/wartiz/public_html/roshan_energy/public/index.php(37): CodeIgniter\CodeIgniter->run()
#7 {main}
CRITICAL - 2022-01-03 23:43:28 --> Undefined variable: cellspacingx
#0 /home1/wartiz/public_html/roshan_energy/app/ThirdParty/tcpdf/tcpdf.php(18258): CodeIgniter\Debug\Exceptions->errorHandler(8, 'Undefined varia...', '/home1/wartiz/p...', 18258, Array)
#1 /home1/wartiz/public_html/roshan_energy/app/Controllers/Statements.php(104): TCPDF->writeHTML('<table><tr><td>...')
#2 /home1/wartiz/public_html/roshan_energy/system/CodeIgniter.php(824): App\Controllers\Statements->generate_statements()
#3 /home1/wartiz/public_html/roshan_energy/system/CodeIgniter.php(410): CodeIgniter\CodeIgniter->runController(Object(App\Controllers\Statements))
#4 /home1/wartiz/public_html/roshan_energy/system/CodeIgniter.php(318): CodeIgniter\CodeIgniter->handleRequest(NULL, Object(Config\Cache), false)
#5 /home1/wartiz/public_html/roshan_energy/public/index.php(37): CodeIgniter\CodeIgniter->run()
#6 {main}
CRITICAL - 2022-01-03 23:43:46 --> Undefined variable: cellspacingx
#0 /home1/wartiz/public_html/roshan_energy/app/ThirdParty/tcpdf/tcpdf.php(18258): CodeIgniter\Debug\Exceptions->errorHandler(8, 'Undefined varia...', '/home1/wartiz/p...', 18258, Array)
#1 /home1/wartiz/public_html/roshan_energy/app/Controllers/Statements.php(104): TCPDF->writeHTML('<table><tr><td>...')
#2 /home1/wartiz/public_html/roshan_energy/system/CodeIgniter.php(824): App\Controllers\Statements->generate_statements()
#3 /home1/wartiz/public_html/roshan_energy/system/CodeIgniter.php(410): CodeIgniter\CodeIgniter->runController(Object(App\Controllers\Statements))
#4 /home1/wartiz/public_html/roshan_energy/system/CodeIgniter.php(318): CodeIgniter\CodeIgniter->handleRequest(NULL, Object(Config\Cache), false)
#5 /home1/wartiz/public_html/roshan_energy/public/index.php(37): CodeIgniter\CodeIgniter->run()
#6 {main}
CRITICAL - 2022-01-03 23:45:09 --> Undefined index: cols
#0 /home1/wartiz/public_html/roshan_energy/app/ThirdParty/tcpdf/tcpdf.php(17071): CodeIgniter\Debug\Exceptions->errorHandler(8, 'Undefined index...', '/home1/wartiz/p...', 17071, Array)
#1 /home1/wartiz/public_html/roshan_energy/app/ThirdParty/tcpdf/tcpdf.php(17343): TCPDF->getHtmlDomArray('<table><tr><td>...')
#2 /home1/wartiz/public_html/roshan_energy/app/Controllers/Statements.php(104): TCPDF->writeHTML('<table><tr><td>...')
#3 /home1/wartiz/public_html/roshan_energy/system/CodeIgniter.php(824): App\Controllers\Statements->generate_statements()
#4 /home1/wartiz/public_html/roshan_energy/system/CodeIgniter.php(410): CodeIgniter\CodeIgniter->runController(Object(App\Controllers\Statements))
#5 /home1/wartiz/public_html/roshan_energy/system/CodeIgniter.php(318): CodeIgniter\CodeIgniter->handleRequest(NULL, Object(Config\Cache), false)
#6 /home1/wartiz/public_html/roshan_energy/public/index.php(37): CodeIgniter\CodeIgniter->run()
#7 {main}
CRITICAL - 2022-01-03 23:50:26 --> array_push() expects parameter 1 to be array, null given
#0 [internal function]: CodeIgniter\Debug\Exceptions->errorHandler(2, 'array_push() ex...', '/home1/wartiz/p...', 18332, Array)
#1 /home1/wartiz/public_html/roshan_energy/app/ThirdParty/tcpdf/tcpdf.php(18332): array_push(NULL, Array)
#2 /home1/wartiz/public_html/roshan_energy/app/Controllers/Statements.php(103): TCPDF->writeHTML('<table><tr><td>...')
#3 /home1/wartiz/public_html/roshan_energy/system/CodeIgniter.php(824): App\Controllers\Statements->generate_statements()
#4 /home1/wartiz/public_html/roshan_energy/system/CodeIgniter.php(410): CodeIgniter\CodeIgniter->runController(Object(App\Controllers\Statements))
#5 /home1/wartiz/public_html/roshan_energy/system/CodeIgniter.php(318): CodeIgniter\CodeIgniter->handleRequest(NULL, Object(Config\Cache), false)
#6 /home1/wartiz/public_html/roshan_energy/public/index.php(37): CodeIgniter\CodeIgniter->run()
#7 {main}
CRITICAL - 2022-01-03 23:58:04 --> syntax error, unexpected '' </h3></td><td></td><td></td>' (T_CONSTANT_ENCAPSED_STRING)
#0 /home1/wartiz/public_html/roshan_energy/system/Router/Router.php(176): CodeIgniter\Router\Router->autoRoute('Statements/gene...')
#1 /home1/wartiz/public_html/roshan_energy/system/CodeIgniter.php(718): CodeIgniter\Router\Router->handle('Statements/gene...')
#2 /home1/wartiz/public_html/roshan_energy/system/CodeIgniter.php(359): CodeIgniter\CodeIgniter->tryToRouteIt(Object(CodeIgniter\Router\RouteCollection))
#3 /home1/wartiz/public_html/roshan_energy/system/CodeIgniter.php(318): CodeIgniter\CodeIgniter->handleRequest(NULL, Object(Config\Cache), false)
#4 /home1/wartiz/public_html/roshan_energy/public/index.php(37): CodeIgniter\CodeIgniter->run()
#5 {main}
