CRITICAL - 2022-02-20 22:47:42 --> Undefined offset: 0
#0 /home4/projectmanagment/public_html/roshan_energy/app/Controllers/Payments.php(109): CodeIgniter\Debug\Exceptions->errorHandler(8, 'Undefined offse...', '/home4/projectm...', 109, Array)
#1 /home4/projectmanagment/public_html/roshan_energy/system/CodeIgniter.php(824): App\Controllers\Payments->get_payment_details()
#2 /home4/projectmanagment/public_html/roshan_energy/system/CodeIgniter.php(410): CodeIgniter\CodeIgniter->runController(Object(App\Controllers\Payments))
#3 /home4/projectmanagment/public_html/roshan_energy/system/CodeIgniter.php(318): CodeIgniter\CodeIgniter->handleRequest(NULL, Object(Config\Cache), false)
#4 /home4/projectmanagment/public_html/roshan_energy/public/index.php(37): CodeIgniter\CodeIgniter->run()
#5 {main}
CRITICAL - 2022-02-20 22:49:02 --> Undefined offset: 0
#0 /home4/projectmanagment/public_html/roshan_energy/app/Controllers/Payments.php(109): CodeIgniter\Debug\Exceptions->errorHandler(8, 'Undefined offse...', '/home4/projectm...', 109, Array)
#1 /home4/projectmanagment/public_html/roshan_energy/system/CodeIgniter.php(824): App\Controllers\Payments->get_payment_details()
#2 /home4/projectmanagment/public_html/roshan_energy/system/CodeIgniter.php(410): CodeIgniter\CodeIgniter->runController(Object(App\Controllers\Payments))
#3 /home4/projectmanagment/public_html/roshan_energy/system/CodeIgniter.php(318): CodeIgniter\CodeIgniter->handleRequest(NULL, Object(Config\Cache), false)
#4 /home4/projectmanagment/public_html/roshan_energy/public/index.php(37): CodeIgniter\CodeIgniter->run()
#5 {main}
CRITICAL - 2022-02-20 22:56:36 --> Undefined offset: 0
#0 /home4/projectmanagment/public_html/roshan_energy/app/Controllers/Payments.php(109): CodeIgniter\Debug\Exceptions->errorHandler(8, 'Undefined offse...', '/home4/projectm...', 109, Array)
#1 /home4/projectmanagment/public_html/roshan_energy/system/CodeIgniter.php(824): App\Controllers\Payments->get_payment_details()
#2 /home4/projectmanagment/public_html/roshan_energy/system/CodeIgniter.php(410): CodeIgniter\CodeIgniter->runController(Object(App\Controllers\Payments))
#3 /home4/projectmanagment/public_html/roshan_energy/system/CodeIgniter.php(318): CodeIgniter\CodeIgniter->handleRequest(NULL, Object(Config\Cache), false)
#4 /home4/projectmanagment/public_html/roshan_energy/public/index.php(37): CodeIgniter\CodeIgniter->run()
#5 {main}
CRITICAL - 2022-02-20 23:30:03 --> Undefined offset: 0
#0 /home4/projectmanagment/public_html/roshan_energy/app/Controllers/Payments.php(167): CodeIgniter\Debug\Exceptions->errorHandler(8, 'Undefined offse...', '/home4/projectm...', 167, Array)
#1 /home4/projectmanagment/public_html/roshan_energy/system/CodeIgniter.php(824): App\Controllers\Payments->insert_payment_data()
#2 /home4/projectmanagment/public_html/roshan_energy/system/CodeIgniter.php(410): CodeIgniter\CodeIgniter->runController(Object(App\Controllers\Payments))
#3 /home4/projectmanagment/public_html/roshan_energy/system/CodeIgniter.php(318): CodeIgniter\CodeIgniter->handleRequest(NULL, Object(Config\Cache), false)
#4 /home4/projectmanagment/public_html/roshan_energy/public/index.php(37): CodeIgniter\CodeIgniter->run()
#5 {main}
CRITICAL - 2022-02-20 23:30:05 --> Undefined offset: 0
#0 /home4/projectmanagment/public_html/roshan_energy/app/Controllers/Payments.php(167): CodeIgniter\Debug\Exceptions->errorHandler(8, 'Undefined offse...', '/home4/projectm...', 167, Array)
#1 /home4/projectmanagment/public_html/roshan_energy/system/CodeIgniter.php(824): App\Controllers\Payments->insert_payment_data()
#2 /home4/projectmanagment/public_html/roshan_energy/system/CodeIgniter.php(410): CodeIgniter\CodeIgniter->runController(Object(App\Controllers\Payments))
#3 /home4/projectmanagment/public_html/roshan_energy/system/CodeIgniter.php(318): CodeIgniter\CodeIgniter->handleRequest(NULL, Object(Config\Cache), false)
#4 /home4/projectmanagment/public_html/roshan_energy/public/index.php(37): CodeIgniter\CodeIgniter->run()
#5 {main}
CRITICAL - 2022-02-20 23:30:07 --> Undefined offset: 0
#0 /home4/projectmanagment/public_html/roshan_energy/app/Controllers/Payments.php(167): CodeIgniter\Debug\Exceptions->errorHandler(8, 'Undefined offse...', '/home4/projectm...', 167, Array)
#1 /home4/projectmanagment/public_html/roshan_energy/system/CodeIgniter.php(824): App\Controllers\Payments->insert_payment_data()
#2 /home4/projectmanagment/public_html/roshan_energy/system/CodeIgniter.php(410): CodeIgniter\CodeIgniter->runController(Object(App\Controllers\Payments))
#3 /home4/projectmanagment/public_html/roshan_energy/system/CodeIgniter.php(318): CodeIgniter\CodeIgniter->handleRequest(NULL, Object(Config\Cache), false)
#4 /home4/projectmanagment/public_html/roshan_energy/public/index.php(37): CodeIgniter\CodeIgniter->run()
#5 {main}
CRITICAL - 2022-02-20 23:30:08 --> Undefined offset: 0
#0 /home4/projectmanagment/public_html/roshan_energy/app/Controllers/Payments.php(167): CodeIgniter\Debug\Exceptions->errorHandler(8, 'Undefined offse...', '/home4/projectm...', 167, Array)
#1 /home4/projectmanagment/public_html/roshan_energy/system/CodeIgniter.php(824): App\Controllers\Payments->insert_payment_data()
#2 /home4/projectmanagment/public_html/roshan_energy/system/CodeIgniter.php(410): CodeIgniter\CodeIgniter->runController(Object(App\Controllers\Payments))
#3 /home4/projectmanagment/public_html/roshan_energy/system/CodeIgniter.php(318): CodeIgniter\CodeIgniter->handleRequest(NULL, Object(Config\Cache), false)
#4 /home4/projectmanagment/public_html/roshan_energy/public/index.php(37): CodeIgniter\CodeIgniter->run()
#5 {main}
CRITICAL - 2022-02-20 23:30:08 --> Undefined offset: 0
#0 /home4/projectmanagment/public_html/roshan_energy/app/Controllers/Payments.php(167): CodeIgniter\Debug\Exceptions->errorHandler(8, 'Undefined offse...', '/home4/projectm...', 167, Array)
#1 /home4/projectmanagment/public_html/roshan_energy/system/CodeIgniter.php(824): App\Controllers\Payments->insert_payment_data()
#2 /home4/projectmanagment/public_html/roshan_energy/system/CodeIgniter.php(410): CodeIgniter\CodeIgniter->runController(Object(App\Controllers\Payments))
#3 /home4/projectmanagment/public_html/roshan_energy/system/CodeIgniter.php(318): CodeIgniter\CodeIgniter->handleRequest(NULL, Object(Config\Cache), false)
#4 /home4/projectmanagment/public_html/roshan_energy/public/index.php(37): CodeIgniter\CodeIgniter->run()
#5 {main}
CRITICAL - 2022-02-20 23:30:09 --> Undefined offset: 0
#0 /home4/projectmanagment/public_html/roshan_energy/app/Controllers/Payments.php(167): CodeIgniter\Debug\Exceptions->errorHandler(8, 'Undefined offse...', '/home4/projectm...', 167, Array)
#1 /home4/projectmanagment/public_html/roshan_energy/system/CodeIgniter.php(824): App\Controllers\Payments->insert_payment_data()
#2 /home4/projectmanagment/public_html/roshan_energy/system/CodeIgniter.php(410): CodeIgniter\CodeIgniter->runController(Object(App\Controllers\Payments))
#3 /home4/projectmanagment/public_html/roshan_energy/system/CodeIgniter.php(318): CodeIgniter\CodeIgniter->handleRequest(NULL, Object(Config\Cache), false)
#4 /home4/projectmanagment/public_html/roshan_energy/public/index.php(37): CodeIgniter\CodeIgniter->run()
#5 {main}
CRITICAL - 2022-02-20 23:30:09 --> Undefined offset: 0
#0 /home4/projectmanagment/public_html/roshan_energy/app/Controllers/Payments.php(167): CodeIgniter\Debug\Exceptions->errorHandler(8, 'Undefined offse...', '/home4/projectm...', 167, Array)
#1 /home4/projectmanagment/public_html/roshan_energy/system/CodeIgniter.php(824): App\Controllers\Payments->insert_payment_data()
#2 /home4/projectmanagment/public_html/roshan_energy/system/CodeIgniter.php(410): CodeIgniter\CodeIgniter->runController(Object(App\Controllers\Payments))
#3 /home4/projectmanagment/public_html/roshan_energy/system/CodeIgniter.php(318): CodeIgniter\CodeIgniter->handleRequest(NULL, Object(Config\Cache), false)
#4 /home4/projectmanagment/public_html/roshan_energy/public/index.php(37): CodeIgniter\CodeIgniter->run()
#5 {main}
CRITICAL - 2022-02-20 23:32:29 --> Undefined offset: 0
#0 /home4/projectmanagment/public_html/roshan_energy/app/Controllers/Payments.php(109): CodeIgniter\Debug\Exceptions->errorHandler(8, 'Undefined offse...', '/home4/projectm...', 109, Array)
#1 /home4/projectmanagment/public_html/roshan_energy/system/CodeIgniter.php(824): App\Controllers\Payments->get_payment_details()
#2 /home4/projectmanagment/public_html/roshan_energy/system/CodeIgniter.php(410): CodeIgniter\CodeIgniter->runController(Object(App\Controllers\Payments))
#3 /home4/projectmanagment/public_html/roshan_energy/system/CodeIgniter.php(318): CodeIgniter\CodeIgniter->handleRequest(NULL, Object(Config\Cache), false)
#4 /home4/projectmanagment/public_html/roshan_energy/public/index.php(37): CodeIgniter\CodeIgniter->run()
#5 {main}
CRITICAL - 2022-02-20 23:32:39 --> Undefined property: stdClass::$payment
#0 /home4/projectmanagment/public_html/roshan_energy/app/Controllers/Payments.php(233): CodeIgniter\Debug\Exceptions->errorHandler(8, 'Undefined prope...', '/home4/projectm...', 233, Array)
#1 /home4/projectmanagment/public_html/roshan_energy/system/CodeIgniter.php(824): App\Controllers\Payments->insert_payment_data()
#2 /home4/projectmanagment/public_html/roshan_energy/system/CodeIgniter.php(410): CodeIgniter\CodeIgniter->runController(Object(App\Controllers\Payments))
#3 /home4/projectmanagment/public_html/roshan_energy/system/CodeIgniter.php(318): CodeIgniter\CodeIgniter->handleRequest(NULL, Object(Config\Cache), false)
#4 /home4/projectmanagment/public_html/roshan_energy/public/index.php(37): CodeIgniter\CodeIgniter->run()
#5 {main}
CRITICAL - 2022-02-20 23:32:39 --> Uncaught CodeIgniter\Format\Exceptions\FormatException: Failed to parse json string, error: "Type is not supported". in /home4/projectmanagment/public_html/roshan_energy/system/Format/JSONFormatter.php:41
Stack trace:
#0 /home4/projectmanagment/public_html/roshan_energy/system/Format/JSONFormatter.php(41): CodeIgniter\Format\Exceptions\FormatException::forInvalidJSON('Type is not sup...')
#1 /home4/projectmanagment/public_html/roshan_energy/system/API/ResponseTrait.php(341): CodeIgniter\Format\JSONFormatter->format(Array)
#2 /home4/projectmanagment/public_html/roshan_energy/system/API/ResponseTrait.php(99): CodeIgniter\Debug\Exceptions->format(Array)
#3 /home4/projectmanagment/public_html/roshan_energy/system/Debug/Exceptions.php(110): CodeIgniter\Debug\Exceptions->respond(Array, 500)
#4 [internal function]: CodeIgniter\Debug\Exceptions->exceptionHandler(Object(ErrorException))
#5 {main}
  thrown
#0 [internal function]: CodeIgniter\Debug\Exceptions->shutdownHandler()
#1 {main}
CRITICAL - 2022-02-20 23:32:47 --> Undefined property: stdClass::$payment
#0 /home4/projectmanagment/public_html/roshan_energy/app/Controllers/Payments.php(233): CodeIgniter\Debug\Exceptions->errorHandler(8, 'Undefined prope...', '/home4/projectm...', 233, Array)
#1 /home4/projectmanagment/public_html/roshan_energy/system/CodeIgniter.php(824): App\Controllers\Payments->insert_payment_data()
#2 /home4/projectmanagment/public_html/roshan_energy/system/CodeIgniter.php(410): CodeIgniter\CodeIgniter->runController(Object(App\Controllers\Payments))
#3 /home4/projectmanagment/public_html/roshan_energy/system/CodeIgniter.php(318): CodeIgniter\CodeIgniter->handleRequest(NULL, Object(Config\Cache), false)
#4 /home4/projectmanagment/public_html/roshan_energy/public/index.php(37): CodeIgniter\CodeIgniter->run()
#5 {main}
CRITICAL - 2022-02-20 23:32:47 --> Uncaught CodeIgniter\Format\Exceptions\FormatException: Failed to parse json string, error: "Type is not supported". in /home4/projectmanagment/public_html/roshan_energy/system/Format/JSONFormatter.php:41
Stack trace:
#0 /home4/projectmanagment/public_html/roshan_energy/system/Format/JSONFormatter.php(41): CodeIgniter\Format\Exceptions\FormatException::forInvalidJSON('Type is not sup...')
#1 /home4/projectmanagment/public_html/roshan_energy/system/API/ResponseTrait.php(341): CodeIgniter\Format\JSONFormatter->format(Array)
#2 /home4/projectmanagment/public_html/roshan_energy/system/API/ResponseTrait.php(99): CodeIgniter\Debug\Exceptions->format(Array)
#3 /home4/projectmanagment/public_html/roshan_energy/system/Debug/Exceptions.php(110): CodeIgniter\Debug\Exceptions->respond(Array, 500)
#4 [internal function]: CodeIgniter\Debug\Exceptions->exceptionHandler(Object(ErrorException))
#5 {main}
  thrown
#0 [internal function]: CodeIgniter\Debug\Exceptions->shutdownHandler()
#1 {main}
CRITICAL - 2022-02-20 23:40:04 --> Undefined offset: 0
#0 /home4/projectmanagment/public_html/roshan_energy/app/Controllers/Payments.php(109): CodeIgniter\Debug\Exceptions->errorHandler(8, 'Undefined offse...', '/home4/projectm...', 109, Array)
#1 /home4/projectmanagment/public_html/roshan_energy/system/CodeIgniter.php(824): App\Controllers\Payments->get_payment_details()
#2 /home4/projectmanagment/public_html/roshan_energy/system/CodeIgniter.php(410): CodeIgniter\CodeIgniter->runController(Object(App\Controllers\Payments))
#3 /home4/projectmanagment/public_html/roshan_energy/system/CodeIgniter.php(318): CodeIgniter\CodeIgniter->handleRequest(NULL, Object(Config\Cache), false)
#4 /home4/projectmanagment/public_html/roshan_energy/public/index.php(37): CodeIgniter\CodeIgniter->run()
#5 {main}
CRITICAL - 2022-02-20 23:47:57 --> Invalid file: Payments/card_detail.php
#0 /home4/projectmanagment/public_html/roshan_energy/system/View/View.php(198): CodeIgniter\Exceptions\FrameworkException::forInvalidFile('Payments/card_d...')
#1 /home4/projectmanagment/public_html/roshan_energy/system/Common.php(1097): CodeIgniter\View\View->render('Payments/card_d...', Array, true)
#2 /home4/projectmanagment/public_html/roshan_energy/app/Views/template_with_header/template.php(5): view('Payments/card_d...')
#3 /home4/projectmanagment/public_html/roshan_energy/system/View/View.php(214): include('/home4/projectm...')
#4 /home4/projectmanagment/public_html/roshan_energy/system/View/View.php(217): CodeIgniter\View\View->CodeIgniter\View\{closure}()
#5 /home4/projectmanagment/public_html/roshan_energy/system/Common.php(1097): CodeIgniter\View\View->render('template_with_h...', Array, true)
#6 /home4/projectmanagment/public_html/roshan_energy/app/Controllers/Payments.php(377): view('template_with_h...', Array)
#7 /home4/projectmanagment/public_html/roshan_energy/system/CodeIgniter.php(824): App\Controllers\Payments->card_details()
#8 /home4/projectmanagment/public_html/roshan_energy/system/CodeIgniter.php(410): CodeIgniter\CodeIgniter->runController(Object(App\Controllers\Payments))
#9 /home4/projectmanagment/public_html/roshan_energy/system/CodeIgniter.php(318): CodeIgniter\CodeIgniter->handleRequest(NULL, Object(Config\Cache), false)
#10 /home4/projectmanagment/public_html/roshan_energy/public/index.php(37): CodeIgniter\CodeIgniter->run()
#11 {main}
CRITICAL - 2022-02-20 23:56:36 --> syntax error, unexpected '}'
#0 /home4/projectmanagment/public_html/roshan_energy/system/Autoloader/Autoloader.php(241): CodeIgniter\Autoloader\Autoloader->includeFile('/home4/projectm...')
#1 /home4/projectmanagment/public_html/roshan_energy/system/Autoloader/Autoloader.php(219): CodeIgniter\Autoloader\Autoloader->loadInNamespace('App\\Controllers...')
#2 [internal function]: CodeIgniter\Autoloader\Autoloader->loadClass('App\\Controllers...')
#3 [internal function]: spl_autoload_call('App\\Controllers...')
#4 /home4/projectmanagment/public_html/roshan_energy/system/CodeIgniter.php(789): class_exists('\\App\\Controller...', true)
#5 /home4/projectmanagment/public_html/roshan_energy/system/CodeIgniter.php(397): CodeIgniter\CodeIgniter->startController()
#6 /home4/projectmanagment/public_html/roshan_energy/system/CodeIgniter.php(318): CodeIgniter\CodeIgniter->handleRequest(NULL, Object(Config\Cache), false)
#7 /home4/projectmanagment/public_html/roshan_energy/public/index.php(37): CodeIgniter\CodeIgniter->run()
#8 {main}
