CRITICAL - 2021-12-10 00:09:42 --> Invalid file: Dashboard/create_customer_biller.php
#0 C:\xampp\htdocs\roshan_energy\system\View\View.php(198): CodeIgniter\Exceptions\FrameworkException::forInvalidFile('Dashboard/creat...')
#1 C:\xampp\htdocs\roshan_energy\system\Common.php(1097): CodeIgniter\View\View->render('Dashboard/creat...', Array, true)
#2 C:\xampp\htdocs\roshan_energy\app\Views\template\template.php(5): view('Dashboard/creat...')
#3 C:\xampp\htdocs\roshan_energy\system\View\View.php(214): include('C:\\xampp\\htdocs...')
#4 C:\xampp\htdocs\roshan_energy\system\View\View.php(217): CodeIgniter\View\View->CodeIgniter\View\{closure}()
#5 C:\xampp\htdocs\roshan_energy\system\Common.php(1097): CodeIgniter\View\View->render('template/templa...', Array, true)
#6 C:\xampp\htdocs\roshan_energy\app\Controllers\Dashboard.php(112): view('template/templa...', Array)
#7 C:\xampp\htdocs\roshan_energy\system\CodeIgniter.php(824): App\Controllers\Dashboard->manage_customer_biller()
#8 C:\xampp\htdocs\roshan_energy\system\CodeIgniter.php(410): CodeIgniter\CodeIgniter->runController(Object(App\Controllers\Dashboard))
#9 C:\xampp\htdocs\roshan_energy\system\CodeIgniter.php(318): CodeIgniter\CodeIgniter->handleRequest(NULL, Object(Config\Cache), false)
#10 C:\xampp\htdocs\roshan_energy\public\index.php(37): CodeIgniter\CodeIgniter->run()
#11 {main}
CRITICAL - 2021-12-10 01:01:25 --> syntax error, unexpected '}', expecting ';'
#0 C:\xampp\htdocs\roshan_energy\system\Autoloader\Autoloader.php(241): CodeIgniter\Autoloader\Autoloader->includeFile('C:\\xampp\\htdocs...')
#1 C:\xampp\htdocs\roshan_energy\system\Autoloader\Autoloader.php(219): CodeIgniter\Autoloader\Autoloader->loadInNamespace('App\\Controllers...')
#2 [internal function]: CodeIgniter\Autoloader\Autoloader->loadClass('App\\Controllers...')
#3 [internal function]: spl_autoload_call('App\\Controllers...')
#4 C:\xampp\htdocs\roshan_energy\system\CodeIgniter.php(789): class_exists('\\App\\Controller...', true)
#5 C:\xampp\htdocs\roshan_energy\system\CodeIgniter.php(397): CodeIgniter\CodeIgniter->startController()
#6 C:\xampp\htdocs\roshan_energy\system\CodeIgniter.php(318): CodeIgniter\CodeIgniter->handleRequest(NULL, Object(Config\Cache), false)
#7 C:\xampp\htdocs\roshan_energy\public\index.php(37): CodeIgniter\CodeIgniter->run()
#8 {main}
CRITICAL - 2021-12-10 01:01:30 --> syntax error, unexpected '}', expecting ';'
#0 C:\xampp\htdocs\roshan_energy\system\Autoloader\Autoloader.php(241): CodeIgniter\Autoloader\Autoloader->includeFile('C:\\xampp\\htdocs...')
#1 C:\xampp\htdocs\roshan_energy\system\Autoloader\Autoloader.php(219): CodeIgniter\Autoloader\Autoloader->loadInNamespace('App\\Controllers...')
#2 [internal function]: CodeIgniter\Autoloader\Autoloader->loadClass('App\\Controllers...')
#3 [internal function]: spl_autoload_call('App\\Controllers...')
#4 C:\xampp\htdocs\roshan_energy\system\CodeIgniter.php(789): class_exists('\\App\\Controller...', true)
#5 C:\xampp\htdocs\roshan_energy\system\CodeIgniter.php(397): CodeIgniter\CodeIgniter->startController()
#6 C:\xampp\htdocs\roshan_energy\system\CodeIgniter.php(318): CodeIgniter\CodeIgniter->handleRequest(NULL, Object(Config\Cache), false)
#7 C:\xampp\htdocs\roshan_energy\public\index.php(37): CodeIgniter\CodeIgniter->run()
#8 {main}
CRITICAL - 2021-12-10 01:10:56 --> Undefined variable: table
#0 C:\xampp\htdocs\roshan_energy\app\Views\Dashboard\manage_customer.php(25): CodeIgniter\Debug\Exceptions->errorHandler(8, 'Undefined varia...', 'C:\\xampp\\htdocs...', 25, Array)
#1 C:\xampp\htdocs\roshan_energy\system\View\View.php(214): include('C:\\xampp\\htdocs...')
#2 C:\xampp\htdocs\roshan_energy\system\View\View.php(217): CodeIgniter\View\View->CodeIgniter\View\{closure}()
#3 C:\xampp\htdocs\roshan_energy\system\Common.php(1097): CodeIgniter\View\View->render('Dashboard/manag...', Array, true)
#4 C:\xampp\htdocs\roshan_energy\app\Views\template_with_header\template.php(5): view('Dashboard/manag...')
#5 C:\xampp\htdocs\roshan_energy\system\View\View.php(214): include('C:\\xampp\\htdocs...')
#6 C:\xampp\htdocs\roshan_energy\system\View\View.php(217): CodeIgniter\View\View->CodeIgniter\View\{closure}()
#7 C:\xampp\htdocs\roshan_energy\system\Common.php(1097): CodeIgniter\View\View->render('template_with_h...', Array, true)
#8 C:\xampp\htdocs\roshan_energy\app\Controllers\Dashboard.php(132): view('template_with_h...', Array)
#9 C:\xampp\htdocs\roshan_energy\system\CodeIgniter.php(824): App\Controllers\Dashboard->manage_customer()
#10 C:\xampp\htdocs\roshan_energy\system\CodeIgniter.php(410): CodeIgniter\CodeIgniter->runController(Object(App\Controllers\Dashboard))
#11 C:\xampp\htdocs\roshan_energy\system\CodeIgniter.php(318): CodeIgniter\CodeIgniter->handleRequest(NULL, Object(Config\Cache), false)
#12 C:\xampp\htdocs\roshan_energy\public\index.php(37): CodeIgniter\CodeIgniter->run()
#13 {main}
CRITICAL - 2021-12-10 01:11:47 --> Undefined variable: mytable
#0 C:\xampp\htdocs\roshan_energy\app\Views\Dashboard\manage_customer.php(25): CodeIgniter\Debug\Exceptions->errorHandler(8, 'Undefined varia...', 'C:\\xampp\\htdocs...', 25, Array)
#1 C:\xampp\htdocs\roshan_energy\system\View\View.php(214): include('C:\\xampp\\htdocs...')
#2 C:\xampp\htdocs\roshan_energy\system\View\View.php(217): CodeIgniter\View\View->CodeIgniter\View\{closure}()
#3 C:\xampp\htdocs\roshan_energy\system\Common.php(1097): CodeIgniter\View\View->render('Dashboard/manag...', Array, true)
#4 C:\xampp\htdocs\roshan_energy\app\Views\template_with_header\template.php(5): view('Dashboard/manag...')
#5 C:\xampp\htdocs\roshan_energy\system\View\View.php(214): include('C:\\xampp\\htdocs...')
#6 C:\xampp\htdocs\roshan_energy\system\View\View.php(217): CodeIgniter\View\View->CodeIgniter\View\{closure}()
#7 C:\xampp\htdocs\roshan_energy\system\Common.php(1097): CodeIgniter\View\View->render('template_with_h...', Array, true)
#8 C:\xampp\htdocs\roshan_energy\app\Controllers\Dashboard.php(132): view('template_with_h...', Array)
#9 C:\xampp\htdocs\roshan_energy\system\CodeIgniter.php(824): App\Controllers\Dashboard->manage_customer()
#10 C:\xampp\htdocs\roshan_energy\system\CodeIgniter.php(410): CodeIgniter\CodeIgniter->runController(Object(App\Controllers\Dashboard))
#11 C:\xampp\htdocs\roshan_energy\system\CodeIgniter.php(318): CodeIgniter\CodeIgniter->handleRequest(NULL, Object(Config\Cache), false)
#12 C:\xampp\htdocs\roshan_energy\public\index.php(37): CodeIgniter\CodeIgniter->run()
#13 {main}
CRITICAL - 2021-12-10 01:11:48 --> Undefined variable: mytable
#0 C:\xampp\htdocs\roshan_energy\app\Views\Dashboard\manage_customer.php(25): CodeIgniter\Debug\Exceptions->errorHandler(8, 'Undefined varia...', 'C:\\xampp\\htdocs...', 25, Array)
#1 C:\xampp\htdocs\roshan_energy\system\View\View.php(214): include('C:\\xampp\\htdocs...')
#2 C:\xampp\htdocs\roshan_energy\system\View\View.php(217): CodeIgniter\View\View->CodeIgniter\View\{closure}()
#3 C:\xampp\htdocs\roshan_energy\system\Common.php(1097): CodeIgniter\View\View->render('Dashboard/manag...', Array, true)
#4 C:\xampp\htdocs\roshan_energy\app\Views\template_with_header\template.php(5): view('Dashboard/manag...')
#5 C:\xampp\htdocs\roshan_energy\system\View\View.php(214): include('C:\\xampp\\htdocs...')
#6 C:\xampp\htdocs\roshan_energy\system\View\View.php(217): CodeIgniter\View\View->CodeIgniter\View\{closure}()
#7 C:\xampp\htdocs\roshan_energy\system\Common.php(1097): CodeIgniter\View\View->render('template_with_h...', Array, true)
#8 C:\xampp\htdocs\roshan_energy\app\Controllers\Dashboard.php(132): view('template_with_h...', Array)
#9 C:\xampp\htdocs\roshan_energy\system\CodeIgniter.php(824): App\Controllers\Dashboard->manage_customer()
#10 C:\xampp\htdocs\roshan_energy\system\CodeIgniter.php(410): CodeIgniter\CodeIgniter->runController(Object(App\Controllers\Dashboard))
#11 C:\xampp\htdocs\roshan_energy\system\CodeIgniter.php(318): CodeIgniter\CodeIgniter->handleRequest(NULL, Object(Config\Cache), false)
#12 C:\xampp\htdocs\roshan_energy\public\index.php(37): CodeIgniter\CodeIgniter->run()
#13 {main}
CRITICAL - 2021-12-10 01:11:48 --> Undefined variable: mytable
#0 C:\xampp\htdocs\roshan_energy\app\Views\Dashboard\manage_customer.php(25): CodeIgniter\Debug\Exceptions->errorHandler(8, 'Undefined varia...', 'C:\\xampp\\htdocs...', 25, Array)
#1 C:\xampp\htdocs\roshan_energy\system\View\View.php(214): include('C:\\xampp\\htdocs...')
#2 C:\xampp\htdocs\roshan_energy\system\View\View.php(217): CodeIgniter\View\View->CodeIgniter\View\{closure}()
#3 C:\xampp\htdocs\roshan_energy\system\Common.php(1097): CodeIgniter\View\View->render('Dashboard/manag...', Array, true)
#4 C:\xampp\htdocs\roshan_energy\app\Views\template_with_header\template.php(5): view('Dashboard/manag...')
#5 C:\xampp\htdocs\roshan_energy\system\View\View.php(214): include('C:\\xampp\\htdocs...')
#6 C:\xampp\htdocs\roshan_energy\system\View\View.php(217): CodeIgniter\View\View->CodeIgniter\View\{closure}()
#7 C:\xampp\htdocs\roshan_energy\system\Common.php(1097): CodeIgniter\View\View->render('template_with_h...', Array, true)
#8 C:\xampp\htdocs\roshan_energy\app\Controllers\Dashboard.php(132): view('template_with_h...', Array)
#9 C:\xampp\htdocs\roshan_energy\system\CodeIgniter.php(824): App\Controllers\Dashboard->manage_customer()
#10 C:\xampp\htdocs\roshan_energy\system\CodeIgniter.php(410): CodeIgniter\CodeIgniter->runController(Object(App\Controllers\Dashboard))
#11 C:\xampp\htdocs\roshan_energy\system\CodeIgniter.php(318): CodeIgniter\CodeIgniter->handleRequest(NULL, Object(Config\Cache), false)
#12 C:\xampp\htdocs\roshan_energy\public\index.php(37): CodeIgniter\CodeIgniter->run()
#13 {main}
CRITICAL - 2021-12-10 01:12:01 --> Undefined variable: table
#0 C:\xampp\htdocs\roshan_energy\app\Views\Dashboard\manage_customer.php(25): CodeIgniter\Debug\Exceptions->errorHandler(8, 'Undefined varia...', 'C:\\xampp\\htdocs...', 25, Array)
#1 C:\xampp\htdocs\roshan_energy\system\View\View.php(214): include('C:\\xampp\\htdocs...')
#2 C:\xampp\htdocs\roshan_energy\system\View\View.php(217): CodeIgniter\View\View->CodeIgniter\View\{closure}()
#3 C:\xampp\htdocs\roshan_energy\system\Common.php(1097): CodeIgniter\View\View->render('Dashboard/manag...', Array, true)
#4 C:\xampp\htdocs\roshan_energy\app\Views\template_with_header\template.php(5): view('Dashboard/manag...')
#5 C:\xampp\htdocs\roshan_energy\system\View\View.php(214): include('C:\\xampp\\htdocs...')
#6 C:\xampp\htdocs\roshan_energy\system\View\View.php(217): CodeIgniter\View\View->CodeIgniter\View\{closure}()
#7 C:\xampp\htdocs\roshan_energy\system\Common.php(1097): CodeIgniter\View\View->render('template_with_h...', Array, true)
#8 C:\xampp\htdocs\roshan_energy\app\Controllers\Dashboard.php(132): view('template_with_h...', Array)
#9 C:\xampp\htdocs\roshan_energy\system\CodeIgniter.php(824): App\Controllers\Dashboard->manage_customer()
#10 C:\xampp\htdocs\roshan_energy\system\CodeIgniter.php(410): CodeIgniter\CodeIgniter->runController(Object(App\Controllers\Dashboard))
#11 C:\xampp\htdocs\roshan_energy\system\CodeIgniter.php(318): CodeIgniter\CodeIgniter->handleRequest(NULL, Object(Config\Cache), false)
#12 C:\xampp\htdocs\roshan_energy\public\index.php(37): CodeIgniter\CodeIgniter->run()
#13 {main}
CRITICAL - 2021-12-10 01:15:13 --> Undefined variable: table
#0 C:\xampp\htdocs\roshan_energy\app\Views\Dashboard\manage_customer.php(25): CodeIgniter\Debug\Exceptions->errorHandler(8, 'Undefined varia...', 'C:\\xampp\\htdocs...', 25, Array)
#1 C:\xampp\htdocs\roshan_energy\system\View\View.php(214): include('C:\\xampp\\htdocs...')
#2 C:\xampp\htdocs\roshan_energy\system\View\View.php(217): CodeIgniter\View\View->CodeIgniter\View\{closure}()
#3 C:\xampp\htdocs\roshan_energy\system\Common.php(1097): CodeIgniter\View\View->render('Dashboard/manag...', Array, true)
#4 C:\xampp\htdocs\roshan_energy\app\Views\template_with_header\template.php(5): view('Dashboard/manag...')
#5 C:\xampp\htdocs\roshan_energy\system\View\View.php(214): include('C:\\xampp\\htdocs...')
#6 C:\xampp\htdocs\roshan_energy\system\View\View.php(217): CodeIgniter\View\View->CodeIgniter\View\{closure}()
#7 C:\xampp\htdocs\roshan_energy\system\Common.php(1097): CodeIgniter\View\View->render('template_with_h...', Array, true)
#8 C:\xampp\htdocs\roshan_energy\app\Controllers\Dashboard.php(132): view('template_with_h...', Array)
#9 C:\xampp\htdocs\roshan_energy\system\CodeIgniter.php(824): App\Controllers\Dashboard->manage_customer()
#10 C:\xampp\htdocs\roshan_energy\system\CodeIgniter.php(410): CodeIgniter\CodeIgniter->runController(Object(App\Controllers\Dashboard))
#11 C:\xampp\htdocs\roshan_energy\system\CodeIgniter.php(318): CodeIgniter\CodeIgniter->handleRequest(NULL, Object(Config\Cache), false)
#12 C:\xampp\htdocs\roshan_energy\public\index.php(37): CodeIgniter\CodeIgniter->run()
#13 {main}
CRITICAL - 2021-12-10 01:15:14 --> Undefined variable: table
#0 C:\xampp\htdocs\roshan_energy\app\Views\Dashboard\manage_customer.php(25): CodeIgniter\Debug\Exceptions->errorHandler(8, 'Undefined varia...', 'C:\\xampp\\htdocs...', 25, Array)
#1 C:\xampp\htdocs\roshan_energy\system\View\View.php(214): include('C:\\xampp\\htdocs...')
#2 C:\xampp\htdocs\roshan_energy\system\View\View.php(217): CodeIgniter\View\View->CodeIgniter\View\{closure}()
#3 C:\xampp\htdocs\roshan_energy\system\Common.php(1097): CodeIgniter\View\View->render('Dashboard/manag...', Array, true)
#4 C:\xampp\htdocs\roshan_energy\app\Views\template_with_header\template.php(5): view('Dashboard/manag...')
#5 C:\xampp\htdocs\roshan_energy\system\View\View.php(214): include('C:\\xampp\\htdocs...')
#6 C:\xampp\htdocs\roshan_energy\system\View\View.php(217): CodeIgniter\View\View->CodeIgniter\View\{closure}()
#7 C:\xampp\htdocs\roshan_energy\system\Common.php(1097): CodeIgniter\View\View->render('template_with_h...', Array, true)
#8 C:\xampp\htdocs\roshan_energy\app\Controllers\Dashboard.php(132): view('template_with_h...', Array)
#9 C:\xampp\htdocs\roshan_energy\system\CodeIgniter.php(824): App\Controllers\Dashboard->manage_customer()
#10 C:\xampp\htdocs\roshan_energy\system\CodeIgniter.php(410): CodeIgniter\CodeIgniter->runController(Object(App\Controllers\Dashboard))
#11 C:\xampp\htdocs\roshan_energy\system\CodeIgniter.php(318): CodeIgniter\CodeIgniter->handleRequest(NULL, Object(Config\Cache), false)
#12 C:\xampp\htdocs\roshan_energy\public\index.php(37): CodeIgniter\CodeIgniter->run()
#13 {main}
CRITICAL - 2021-12-10 01:15:17 --> Undefined variable: i
#0 C:\xampp\htdocs\roshan_energy\app\Views\Dashboard\manage_customer.php(29): CodeIgniter\Debug\Exceptions->errorHandler(8, 'Undefined varia...', 'C:\\xampp\\htdocs...', 29, Array)
#1 C:\xampp\htdocs\roshan_energy\system\View\View.php(214): include('C:\\xampp\\htdocs...')
#2 C:\xampp\htdocs\roshan_energy\system\View\View.php(217): CodeIgniter\View\View->CodeIgniter\View\{closure}()
#3 C:\xampp\htdocs\roshan_energy\system\Common.php(1097): CodeIgniter\View\View->render('Dashboard/manag...', Array, true)
#4 C:\xampp\htdocs\roshan_energy\app\Controllers\Dashboard.php(150): view('Dashboard/manag...', Array)
#5 C:\xampp\htdocs\roshan_energy\system\CodeIgniter.php(824): App\Controllers\Dashboard->show()
#6 C:\xampp\htdocs\roshan_energy\system\CodeIgniter.php(410): CodeIgniter\CodeIgniter->runController(Object(App\Controllers\Dashboard))
#7 C:\xampp\htdocs\roshan_energy\system\CodeIgniter.php(318): CodeIgniter\CodeIgniter->handleRequest(NULL, Object(Config\Cache), false)
#8 C:\xampp\htdocs\roshan_energy\public\index.php(37): CodeIgniter\CodeIgniter->run()
#9 {main}
CRITICAL - 2021-12-10 01:16:06 --> Undefined index: address
#0 C:\xampp\htdocs\roshan_energy\app\Views\Dashboard\manage_customer.php(34): CodeIgniter\Debug\Exceptions->errorHandler(8, 'Undefined index...', 'C:\\xampp\\htdocs...', 34, Array)
#1 C:\xampp\htdocs\roshan_energy\system\View\View.php(214): include('C:\\xampp\\htdocs...')
#2 C:\xampp\htdocs\roshan_energy\system\View\View.php(217): CodeIgniter\View\View->CodeIgniter\View\{closure}()
#3 C:\xampp\htdocs\roshan_energy\system\Common.php(1097): CodeIgniter\View\View->render('Dashboard/manag...', Array, true)
#4 C:\xampp\htdocs\roshan_energy\app\Controllers\Dashboard.php(150): view('Dashboard/manag...', Array)
#5 C:\xampp\htdocs\roshan_energy\system\CodeIgniter.php(824): App\Controllers\Dashboard->show()
#6 C:\xampp\htdocs\roshan_energy\system\CodeIgniter.php(410): CodeIgniter\CodeIgniter->runController(Object(App\Controllers\Dashboard))
#7 C:\xampp\htdocs\roshan_energy\system\CodeIgniter.php(318): CodeIgniter\CodeIgniter->handleRequest(NULL, Object(Config\Cache), false)
#8 C:\xampp\htdocs\roshan_energy\public\index.php(37): CodeIgniter\CodeIgniter->run()
#9 {main}
CRITICAL - 2021-12-10 01:16:29 --> Undefined index: 
#0 C:\xampp\htdocs\roshan_energy\app\Views\Dashboard\manage_customer.php(40): CodeIgniter\Debug\Exceptions->errorHandler(8, 'Undefined index...', 'C:\\xampp\\htdocs...', 40, Array)
#1 C:\xampp\htdocs\roshan_energy\system\View\View.php(214): include('C:\\xampp\\htdocs...')
#2 C:\xampp\htdocs\roshan_energy\system\View\View.php(217): CodeIgniter\View\View->CodeIgniter\View\{closure}()
#3 C:\xampp\htdocs\roshan_energy\system\Common.php(1097): CodeIgniter\View\View->render('Dashboard/manag...', Array, true)
#4 C:\xampp\htdocs\roshan_energy\app\Controllers\Dashboard.php(150): view('Dashboard/manag...', Array)
#5 C:\xampp\htdocs\roshan_energy\system\CodeIgniter.php(824): App\Controllers\Dashboard->show()
#6 C:\xampp\htdocs\roshan_energy\system\CodeIgniter.php(410): CodeIgniter\CodeIgniter->runController(Object(App\Controllers\Dashboard))
#7 C:\xampp\htdocs\roshan_energy\system\CodeIgniter.php(318): CodeIgniter\CodeIgniter->handleRequest(NULL, Object(Config\Cache), false)
#8 C:\xampp\htdocs\roshan_energy\public\index.php(37): CodeIgniter\CodeIgniter->run()
#9 {main}
CRITICAL - 2021-12-10 01:16:50 --> Undefined variable: table
#0 C:\xampp\htdocs\roshan_energy\app\Views\Dashboard\manage_customer.php(25): CodeIgniter\Debug\Exceptions->errorHandler(8, 'Undefined varia...', 'C:\\xampp\\htdocs...', 25, Array)
#1 C:\xampp\htdocs\roshan_energy\system\View\View.php(214): include('C:\\xampp\\htdocs...')
#2 C:\xampp\htdocs\roshan_energy\system\View\View.php(217): CodeIgniter\View\View->CodeIgniter\View\{closure}()
#3 C:\xampp\htdocs\roshan_energy\system\Common.php(1097): CodeIgniter\View\View->render('Dashboard/manag...', Array, true)
#4 C:\xampp\htdocs\roshan_energy\app\Views\template_with_header\template.php(5): view('Dashboard/manag...')
#5 C:\xampp\htdocs\roshan_energy\system\View\View.php(214): include('C:\\xampp\\htdocs...')
#6 C:\xampp\htdocs\roshan_energy\system\View\View.php(217): CodeIgniter\View\View->CodeIgniter\View\{closure}()
#7 C:\xampp\htdocs\roshan_energy\system\Common.php(1097): CodeIgniter\View\View->render('template_with_h...', Array, true)
#8 C:\xampp\htdocs\roshan_energy\app\Controllers\Dashboard.php(132): view('template_with_h...', Array)
#9 C:\xampp\htdocs\roshan_energy\system\CodeIgniter.php(824): App\Controllers\Dashboard->manage_customer()
#10 C:\xampp\htdocs\roshan_energy\system\CodeIgniter.php(410): CodeIgniter\CodeIgniter->runController(Object(App\Controllers\Dashboard))
#11 C:\xampp\htdocs\roshan_energy\system\CodeIgniter.php(318): CodeIgniter\CodeIgniter->handleRequest(NULL, Object(Config\Cache), false)
#12 C:\xampp\htdocs\roshan_energy\public\index.php(37): CodeIgniter\CodeIgniter->run()
#13 {main}
CRITICAL - 2021-12-10 01:17:20 --> Undefined variable: table
#0 C:\xampp\htdocs\roshan_energy\app\Views\Dashboard\manage_customer.php(25): CodeIgniter\Debug\Exceptions->errorHandler(8, 'Undefined varia...', 'C:\\xampp\\htdocs...', 25, Array)
#1 C:\xampp\htdocs\roshan_energy\system\View\View.php(214): include('C:\\xampp\\htdocs...')
#2 C:\xampp\htdocs\roshan_energy\system\View\View.php(217): CodeIgniter\View\View->CodeIgniter\View\{closure}()
#3 C:\xampp\htdocs\roshan_energy\system\Common.php(1097): CodeIgniter\View\View->render('Dashboard/manag...', Array, true)
#4 C:\xampp\htdocs\roshan_energy\app\Views\template_with_header\template.php(5): view('Dashboard/manag...')
#5 C:\xampp\htdocs\roshan_energy\system\View\View.php(214): include('C:\\xampp\\htdocs...')
#6 C:\xampp\htdocs\roshan_energy\system\View\View.php(217): CodeIgniter\View\View->CodeIgniter\View\{closure}()
#7 C:\xampp\htdocs\roshan_energy\system\Common.php(1097): CodeIgniter\View\View->render('template_with_h...', Array, true)
#8 C:\xampp\htdocs\roshan_energy\app\Controllers\Dashboard.php(132): view('template_with_h...', Array)
#9 C:\xampp\htdocs\roshan_energy\system\CodeIgniter.php(824): App\Controllers\Dashboard->manage_customer()
#10 C:\xampp\htdocs\roshan_energy\system\CodeIgniter.php(410): CodeIgniter\CodeIgniter->runController(Object(App\Controllers\Dashboard))
#11 C:\xampp\htdocs\roshan_energy\system\CodeIgniter.php(318): CodeIgniter\CodeIgniter->handleRequest(NULL, Object(Config\Cache), false)
#12 C:\xampp\htdocs\roshan_energy\public\index.php(37): CodeIgniter\CodeIgniter->run()
#13 {main}
CRITICAL - 2021-12-10 01:17:21 --> Undefined variable: table
#0 C:\xampp\htdocs\roshan_energy\app\Views\Dashboard\manage_customer.php(25): CodeIgniter\Debug\Exceptions->errorHandler(8, 'Undefined varia...', 'C:\\xampp\\htdocs...', 25, Array)
#1 C:\xampp\htdocs\roshan_energy\system\View\View.php(214): include('C:\\xampp\\htdocs...')
#2 C:\xampp\htdocs\roshan_energy\system\View\View.php(217): CodeIgniter\View\View->CodeIgniter\View\{closure}()
#3 C:\xampp\htdocs\roshan_energy\system\Common.php(1097): CodeIgniter\View\View->render('Dashboard/manag...', Array, true)
#4 C:\xampp\htdocs\roshan_energy\app\Views\template_with_header\template.php(5): view('Dashboard/manag...')
#5 C:\xampp\htdocs\roshan_energy\system\View\View.php(214): include('C:\\xampp\\htdocs...')
#6 C:\xampp\htdocs\roshan_energy\system\View\View.php(217): CodeIgniter\View\View->CodeIgniter\View\{closure}()
#7 C:\xampp\htdocs\roshan_energy\system\Common.php(1097): CodeIgniter\View\View->render('template_with_h...', Array, true)
#8 C:\xampp\htdocs\roshan_energy\app\Controllers\Dashboard.php(132): view('template_with_h...', Array)
#9 C:\xampp\htdocs\roshan_energy\system\CodeIgniter.php(824): App\Controllers\Dashboard->manage_customer()
#10 C:\xampp\htdocs\roshan_energy\system\CodeIgniter.php(410): CodeIgniter\CodeIgniter->runController(Object(App\Controllers\Dashboard))
#11 C:\xampp\htdocs\roshan_energy\system\CodeIgniter.php(318): CodeIgniter\CodeIgniter->handleRequest(NULL, Object(Config\Cache), false)
#12 C:\xampp\htdocs\roshan_energy\public\index.php(37): CodeIgniter\CodeIgniter->run()
#13 {main}
CRITICAL - 2021-12-10 01:17:21 --> Undefined variable: table
#0 C:\xampp\htdocs\roshan_energy\app\Views\Dashboard\manage_customer.php(25): CodeIgniter\Debug\Exceptions->errorHandler(8, 'Undefined varia...', 'C:\\xampp\\htdocs...', 25, Array)
#1 C:\xampp\htdocs\roshan_energy\system\View\View.php(214): include('C:\\xampp\\htdocs...')
#2 C:\xampp\htdocs\roshan_energy\system\View\View.php(217): CodeIgniter\View\View->CodeIgniter\View\{closure}()
#3 C:\xampp\htdocs\roshan_energy\system\Common.php(1097): CodeIgniter\View\View->render('Dashboard/manag...', Array, true)
#4 C:\xampp\htdocs\roshan_energy\app\Views\template_with_header\template.php(5): view('Dashboard/manag...')
#5 C:\xampp\htdocs\roshan_energy\system\View\View.php(214): include('C:\\xampp\\htdocs...')
#6 C:\xampp\htdocs\roshan_energy\system\View\View.php(217): CodeIgniter\View\View->CodeIgniter\View\{closure}()
#7 C:\xampp\htdocs\roshan_energy\system\Common.php(1097): CodeIgniter\View\View->render('template_with_h...', Array, true)
#8 C:\xampp\htdocs\roshan_energy\app\Controllers\Dashboard.php(132): view('template_with_h...', Array)
#9 C:\xampp\htdocs\roshan_energy\system\CodeIgniter.php(824): App\Controllers\Dashboard->manage_customer()
#10 C:\xampp\htdocs\roshan_energy\system\CodeIgniter.php(410): CodeIgniter\CodeIgniter->runController(Object(App\Controllers\Dashboard))
#11 C:\xampp\htdocs\roshan_energy\system\CodeIgniter.php(318): CodeIgniter\CodeIgniter->handleRequest(NULL, Object(Config\Cache), false)
#12 C:\xampp\htdocs\roshan_energy\public\index.php(37): CodeIgniter\CodeIgniter->run()
#13 {main}
CRITICAL - 2021-12-10 01:17:21 --> Undefined variable: table
#0 C:\xampp\htdocs\roshan_energy\app\Views\Dashboard\manage_customer.php(25): CodeIgniter\Debug\Exceptions->errorHandler(8, 'Undefined varia...', 'C:\\xampp\\htdocs...', 25, Array)
#1 C:\xampp\htdocs\roshan_energy\system\View\View.php(214): include('C:\\xampp\\htdocs...')
#2 C:\xampp\htdocs\roshan_energy\system\View\View.php(217): CodeIgniter\View\View->CodeIgniter\View\{closure}()
#3 C:\xampp\htdocs\roshan_energy\system\Common.php(1097): CodeIgniter\View\View->render('Dashboard/manag...', Array, true)
#4 C:\xampp\htdocs\roshan_energy\app\Views\template_with_header\template.php(5): view('Dashboard/manag...')
#5 C:\xampp\htdocs\roshan_energy\system\View\View.php(214): include('C:\\xampp\\htdocs...')
#6 C:\xampp\htdocs\roshan_energy\system\View\View.php(217): CodeIgniter\View\View->CodeIgniter\View\{closure}()
#7 C:\xampp\htdocs\roshan_energy\system\Common.php(1097): CodeIgniter\View\View->render('template_with_h...', Array, true)
#8 C:\xampp\htdocs\roshan_energy\app\Controllers\Dashboard.php(132): view('template_with_h...', Array)
#9 C:\xampp\htdocs\roshan_energy\system\CodeIgniter.php(824): App\Controllers\Dashboard->manage_customer()
#10 C:\xampp\htdocs\roshan_energy\system\CodeIgniter.php(410): CodeIgniter\CodeIgniter->runController(Object(App\Controllers\Dashboard))
#11 C:\xampp\htdocs\roshan_energy\system\CodeIgniter.php(318): CodeIgniter\CodeIgniter->handleRequest(NULL, Object(Config\Cache), false)
#12 C:\xampp\htdocs\roshan_energy\public\index.php(37): CodeIgniter\CodeIgniter->run()
#13 {main}
CRITICAL - 2021-12-10 01:17:22 --> Undefined variable: table
#0 C:\xampp\htdocs\roshan_energy\app\Views\Dashboard\manage_customer.php(25): CodeIgniter\Debug\Exceptions->errorHandler(8, 'Undefined varia...', 'C:\\xampp\\htdocs...', 25, Array)
#1 C:\xampp\htdocs\roshan_energy\system\View\View.php(214): include('C:\\xampp\\htdocs...')
#2 C:\xampp\htdocs\roshan_energy\system\View\View.php(217): CodeIgniter\View\View->CodeIgniter\View\{closure}()
#3 C:\xampp\htdocs\roshan_energy\system\Common.php(1097): CodeIgniter\View\View->render('Dashboard/manag...', Array, true)
#4 C:\xampp\htdocs\roshan_energy\app\Views\template_with_header\template.php(5): view('Dashboard/manag...')
#5 C:\xampp\htdocs\roshan_energy\system\View\View.php(214): include('C:\\xampp\\htdocs...')
#6 C:\xampp\htdocs\roshan_energy\system\View\View.php(217): CodeIgniter\View\View->CodeIgniter\View\{closure}()
#7 C:\xampp\htdocs\roshan_energy\system\Common.php(1097): CodeIgniter\View\View->render('template_with_h...', Array, true)
#8 C:\xampp\htdocs\roshan_energy\app\Controllers\Dashboard.php(132): view('template_with_h...', Array)
#9 C:\xampp\htdocs\roshan_energy\system\CodeIgniter.php(824): App\Controllers\Dashboard->manage_customer()
#10 C:\xampp\htdocs\roshan_energy\system\CodeIgniter.php(410): CodeIgniter\CodeIgniter->runController(Object(App\Controllers\Dashboard))
#11 C:\xampp\htdocs\roshan_energy\system\CodeIgniter.php(318): CodeIgniter\CodeIgniter->handleRequest(NULL, Object(Config\Cache), false)
#12 C:\xampp\htdocs\roshan_energy\public\index.php(37): CodeIgniter\CodeIgniter->run()
#13 {main}
CRITICAL - 2021-12-10 01:17:22 --> Undefined variable: table
#0 C:\xampp\htdocs\roshan_energy\app\Views\Dashboard\manage_customer.php(25): CodeIgniter\Debug\Exceptions->errorHandler(8, 'Undefined varia...', 'C:\\xampp\\htdocs...', 25, Array)
#1 C:\xampp\htdocs\roshan_energy\system\View\View.php(214): include('C:\\xampp\\htdocs...')
#2 C:\xampp\htdocs\roshan_energy\system\View\View.php(217): CodeIgniter\View\View->CodeIgniter\View\{closure}()
#3 C:\xampp\htdocs\roshan_energy\system\Common.php(1097): CodeIgniter\View\View->render('Dashboard/manag...', Array, true)
#4 C:\xampp\htdocs\roshan_energy\app\Views\template_with_header\template.php(5): view('Dashboard/manag...')
#5 C:\xampp\htdocs\roshan_energy\system\View\View.php(214): include('C:\\xampp\\htdocs...')
#6 C:\xampp\htdocs\roshan_energy\system\View\View.php(217): CodeIgniter\View\View->CodeIgniter\View\{closure}()
#7 C:\xampp\htdocs\roshan_energy\system\Common.php(1097): CodeIgniter\View\View->render('template_with_h...', Array, true)
#8 C:\xampp\htdocs\roshan_energy\app\Controllers\Dashboard.php(132): view('template_with_h...', Array)
#9 C:\xampp\htdocs\roshan_energy\system\CodeIgniter.php(824): App\Controllers\Dashboard->manage_customer()
#10 C:\xampp\htdocs\roshan_energy\system\CodeIgniter.php(410): CodeIgniter\CodeIgniter->runController(Object(App\Controllers\Dashboard))
#11 C:\xampp\htdocs\roshan_energy\system\CodeIgniter.php(318): CodeIgniter\CodeIgniter->handleRequest(NULL, Object(Config\Cache), false)
#12 C:\xampp\htdocs\roshan_energy\public\index.php(37): CodeIgniter\CodeIgniter->run()
#13 {main}
CRITICAL - 2021-12-10 01:17:22 --> Undefined variable: table
#0 C:\xampp\htdocs\roshan_energy\app\Views\Dashboard\manage_customer.php(25): CodeIgniter\Debug\Exceptions->errorHandler(8, 'Undefined varia...', 'C:\\xampp\\htdocs...', 25, Array)
#1 C:\xampp\htdocs\roshan_energy\system\View\View.php(214): include('C:\\xampp\\htdocs...')
#2 C:\xampp\htdocs\roshan_energy\system\View\View.php(217): CodeIgniter\View\View->CodeIgniter\View\{closure}()
#3 C:\xampp\htdocs\roshan_energy\system\Common.php(1097): CodeIgniter\View\View->render('Dashboard/manag...', Array, true)
#4 C:\xampp\htdocs\roshan_energy\app\Views\template_with_header\template.php(5): view('Dashboard/manag...')
#5 C:\xampp\htdocs\roshan_energy\system\View\View.php(214): include('C:\\xampp\\htdocs...')
#6 C:\xampp\htdocs\roshan_energy\system\View\View.php(217): CodeIgniter\View\View->CodeIgniter\View\{closure}()
#7 C:\xampp\htdocs\roshan_energy\system\Common.php(1097): CodeIgniter\View\View->render('template_with_h...', Array, true)
#8 C:\xampp\htdocs\roshan_energy\app\Controllers\Dashboard.php(132): view('template_with_h...', Array)
#9 C:\xampp\htdocs\roshan_energy\system\CodeIgniter.php(824): App\Controllers\Dashboard->manage_customer()
#10 C:\xampp\htdocs\roshan_energy\system\CodeIgniter.php(410): CodeIgniter\CodeIgniter->runController(Object(App\Controllers\Dashboard))
#11 C:\xampp\htdocs\roshan_energy\system\CodeIgniter.php(318): CodeIgniter\CodeIgniter->handleRequest(NULL, Object(Config\Cache), false)
#12 C:\xampp\htdocs\roshan_energy\public\index.php(37): CodeIgniter\CodeIgniter->run()
#13 {main}
CRITICAL - 2021-12-10 01:17:23 --> Undefined variable: table
#0 C:\xampp\htdocs\roshan_energy\app\Views\Dashboard\manage_customer.php(25): CodeIgniter\Debug\Exceptions->errorHandler(8, 'Undefined varia...', 'C:\\xampp\\htdocs...', 25, Array)
#1 C:\xampp\htdocs\roshan_energy\system\View\View.php(214): include('C:\\xampp\\htdocs...')
#2 C:\xampp\htdocs\roshan_energy\system\View\View.php(217): CodeIgniter\View\View->CodeIgniter\View\{closure}()
#3 C:\xampp\htdocs\roshan_energy\system\Common.php(1097): CodeIgniter\View\View->render('Dashboard/manag...', Array, true)
#4 C:\xampp\htdocs\roshan_energy\app\Views\template_with_header\template.php(5): view('Dashboard/manag...')
#5 C:\xampp\htdocs\roshan_energy\system\View\View.php(214): include('C:\\xampp\\htdocs...')
#6 C:\xampp\htdocs\roshan_energy\system\View\View.php(217): CodeIgniter\View\View->CodeIgniter\View\{closure}()
#7 C:\xampp\htdocs\roshan_energy\system\Common.php(1097): CodeIgniter\View\View->render('template_with_h...', Array, true)
#8 C:\xampp\htdocs\roshan_energy\app\Controllers\Dashboard.php(132): view('template_with_h...', Array)
#9 C:\xampp\htdocs\roshan_energy\system\CodeIgniter.php(824): App\Controllers\Dashboard->manage_customer()
#10 C:\xampp\htdocs\roshan_energy\system\CodeIgniter.php(410): CodeIgniter\CodeIgniter->runController(Object(App\Controllers\Dashboard))
#11 C:\xampp\htdocs\roshan_energy\system\CodeIgniter.php(318): CodeIgniter\CodeIgniter->handleRequest(NULL, Object(Config\Cache), false)
#12 C:\xampp\htdocs\roshan_energy\public\index.php(37): CodeIgniter\CodeIgniter->run()
#13 {main}
CRITICAL - 2021-12-10 01:17:24 --> Undefined variable: table
#0 C:\xampp\htdocs\roshan_energy\app\Views\Dashboard\manage_customer.php(25): CodeIgniter\Debug\Exceptions->errorHandler(8, 'Undefined varia...', 'C:\\xampp\\htdocs...', 25, Array)
#1 C:\xampp\htdocs\roshan_energy\system\View\View.php(214): include('C:\\xampp\\htdocs...')
#2 C:\xampp\htdocs\roshan_energy\system\View\View.php(217): CodeIgniter\View\View->CodeIgniter\View\{closure}()
#3 C:\xampp\htdocs\roshan_energy\system\Common.php(1097): CodeIgniter\View\View->render('Dashboard/manag...', Array, true)
#4 C:\xampp\htdocs\roshan_energy\app\Views\template_with_header\template.php(5): view('Dashboard/manag...')
#5 C:\xampp\htdocs\roshan_energy\system\View\View.php(214): include('C:\\xampp\\htdocs...')
#6 C:\xampp\htdocs\roshan_energy\system\View\View.php(217): CodeIgniter\View\View->CodeIgniter\View\{closure}()
#7 C:\xampp\htdocs\roshan_energy\system\Common.php(1097): CodeIgniter\View\View->render('template_with_h...', Array, true)
#8 C:\xampp\htdocs\roshan_energy\app\Controllers\Dashboard.php(132): view('template_with_h...', Array)
#9 C:\xampp\htdocs\roshan_energy\system\CodeIgniter.php(824): App\Controllers\Dashboard->manage_customer()
#10 C:\xampp\htdocs\roshan_energy\system\CodeIgniter.php(410): CodeIgniter\CodeIgniter->runController(Object(App\Controllers\Dashboard))
#11 C:\xampp\htdocs\roshan_energy\system\CodeIgniter.php(318): CodeIgniter\CodeIgniter->handleRequest(NULL, Object(Config\Cache), false)
#12 C:\xampp\htdocs\roshan_energy\public\index.php(37): CodeIgniter\CodeIgniter->run()
#13 {main}
CRITICAL - 2021-12-10 01:17:24 --> Undefined variable: table
#0 C:\xampp\htdocs\roshan_energy\app\Views\Dashboard\manage_customer.php(25): CodeIgniter\Debug\Exceptions->errorHandler(8, 'Undefined varia...', 'C:\\xampp\\htdocs...', 25, Array)
#1 C:\xampp\htdocs\roshan_energy\system\View\View.php(214): include('C:\\xampp\\htdocs...')
#2 C:\xampp\htdocs\roshan_energy\system\View\View.php(217): CodeIgniter\View\View->CodeIgniter\View\{closure}()
#3 C:\xampp\htdocs\roshan_energy\system\Common.php(1097): CodeIgniter\View\View->render('Dashboard/manag...', Array, true)
#4 C:\xampp\htdocs\roshan_energy\app\Views\template_with_header\template.php(5): view('Dashboard/manag...')
#5 C:\xampp\htdocs\roshan_energy\system\View\View.php(214): include('C:\\xampp\\htdocs...')
#6 C:\xampp\htdocs\roshan_energy\system\View\View.php(217): CodeIgniter\View\View->CodeIgniter\View\{closure}()
#7 C:\xampp\htdocs\roshan_energy\system\Common.php(1097): CodeIgniter\View\View->render('template_with_h...', Array, true)
#8 C:\xampp\htdocs\roshan_energy\app\Controllers\Dashboard.php(132): view('template_with_h...', Array)
#9 C:\xampp\htdocs\roshan_energy\system\CodeIgniter.php(824): App\Controllers\Dashboard->manage_customer()
#10 C:\xampp\htdocs\roshan_energy\system\CodeIgniter.php(410): CodeIgniter\CodeIgniter->runController(Object(App\Controllers\Dashboard))
#11 C:\xampp\htdocs\roshan_energy\system\CodeIgniter.php(318): CodeIgniter\CodeIgniter->handleRequest(NULL, Object(Config\Cache), false)
#12 C:\xampp\htdocs\roshan_energy\public\index.php(37): CodeIgniter\CodeIgniter->run()
#13 {main}
CRITICAL - 2021-12-10 01:17:36 --> Undefined variable: table
#0 C:\xampp\htdocs\roshan_energy\app\Views\Dashboard\manage_customer.php(25): CodeIgniter\Debug\Exceptions->errorHandler(8, 'Undefined varia...', 'C:\\xampp\\htdocs...', 25, Array)
#1 C:\xampp\htdocs\roshan_energy\system\View\View.php(214): include('C:\\xampp\\htdocs...')
#2 C:\xampp\htdocs\roshan_energy\system\View\View.php(217): CodeIgniter\View\View->CodeIgniter\View\{closure}()
#3 C:\xampp\htdocs\roshan_energy\system\Common.php(1097): CodeIgniter\View\View->render('Dashboard/manag...', Array, true)
#4 C:\xampp\htdocs\roshan_energy\app\Views\template_with_header\template.php(5): view('Dashboard/manag...')
#5 C:\xampp\htdocs\roshan_energy\system\View\View.php(214): include('C:\\xampp\\htdocs...')
#6 C:\xampp\htdocs\roshan_energy\system\View\View.php(217): CodeIgniter\View\View->CodeIgniter\View\{closure}()
#7 C:\xampp\htdocs\roshan_energy\system\Common.php(1097): CodeIgniter\View\View->render('template_with_h...', Array, true)
#8 C:\xampp\htdocs\roshan_energy\app\Controllers\Dashboard.php(132): view('template_with_h...', Array)
#9 C:\xampp\htdocs\roshan_energy\system\CodeIgniter.php(824): App\Controllers\Dashboard->manage_customer()
#10 C:\xampp\htdocs\roshan_energy\system\CodeIgniter.php(410): CodeIgniter\CodeIgniter->runController(Object(App\Controllers\Dashboard))
#11 C:\xampp\htdocs\roshan_energy\system\CodeIgniter.php(318): CodeIgniter\CodeIgniter->handleRequest(NULL, Object(Config\Cache), false)
#12 C:\xampp\htdocs\roshan_energy\public\index.php(37): CodeIgniter\CodeIgniter->run()
#13 {main}
CRITICAL - 2021-12-10 01:19:15 --> Undefined variable: table
#0 C:\xampp\htdocs\roshan_energy\app\Views\Dashboard\manage_customer.php(25): CodeIgniter\Debug\Exceptions->errorHandler(8, 'Undefined varia...', 'C:\\xampp\\htdocs...', 25, Array)
#1 C:\xampp\htdocs\roshan_energy\system\View\View.php(214): include('C:\\xampp\\htdocs...')
#2 C:\xampp\htdocs\roshan_energy\system\View\View.php(217): CodeIgniter\View\View->CodeIgniter\View\{closure}()
#3 C:\xampp\htdocs\roshan_energy\system\Common.php(1097): CodeIgniter\View\View->render('Dashboard/manag...', Array, true)
#4 C:\xampp\htdocs\roshan_energy\app\Views\template_with_header\template.php(5): view('Dashboard/manag...')
#5 C:\xampp\htdocs\roshan_energy\system\View\View.php(214): include('C:\\xampp\\htdocs...')
#6 C:\xampp\htdocs\roshan_energy\system\View\View.php(217): CodeIgniter\View\View->CodeIgniter\View\{closure}()
#7 C:\xampp\htdocs\roshan_energy\system\Common.php(1097): CodeIgniter\View\View->render('template_with_h...', Array, true)
#8 C:\xampp\htdocs\roshan_energy\app\Controllers\Dashboard.php(132): view('template_with_h...', Array)
#9 C:\xampp\htdocs\roshan_energy\system\CodeIgniter.php(824): App\Controllers\Dashboard->manage_customer()
#10 C:\xampp\htdocs\roshan_energy\system\CodeIgniter.php(410): CodeIgniter\CodeIgniter->runController(Object(App\Controllers\Dashboard))
#11 C:\xampp\htdocs\roshan_energy\system\CodeIgniter.php(318): CodeIgniter\CodeIgniter->handleRequest(NULL, Object(Config\Cache), false)
#12 C:\xampp\htdocs\roshan_energy\public\index.php(37): CodeIgniter\CodeIgniter->run()
#13 {main}
CRITICAL - 2021-12-10 01:20:12 --> Undefined variable: table
#0 C:\xampp\htdocs\roshan_energy\app\Views\Dashboard\manage_customer.php(26): CodeIgniter\Debug\Exceptions->errorHandler(8, 'Undefined varia...', 'C:\\xampp\\htdocs...', 26, Array)
#1 C:\xampp\htdocs\roshan_energy\system\View\View.php(214): include('C:\\xampp\\htdocs...')
#2 C:\xampp\htdocs\roshan_energy\system\View\View.php(217): CodeIgniter\View\View->CodeIgniter\View\{closure}()
#3 C:\xampp\htdocs\roshan_energy\system\Common.php(1097): CodeIgniter\View\View->render('Dashboard/manag...', Array, true)
#4 C:\xampp\htdocs\roshan_energy\app\Views\template_with_header\template.php(5): view('Dashboard/manag...')
#5 C:\xampp\htdocs\roshan_energy\system\View\View.php(214): include('C:\\xampp\\htdocs...')
#6 C:\xampp\htdocs\roshan_energy\system\View\View.php(217): CodeIgniter\View\View->CodeIgniter\View\{closure}()
#7 C:\xampp\htdocs\roshan_energy\system\Common.php(1097): CodeIgniter\View\View->render('template_with_h...', Array, true)
#8 C:\xampp\htdocs\roshan_energy\app\Controllers\Dashboard.php(132): view('template_with_h...', Array)
#9 C:\xampp\htdocs\roshan_energy\system\CodeIgniter.php(824): App\Controllers\Dashboard->manage_customer()
#10 C:\xampp\htdocs\roshan_energy\system\CodeIgniter.php(410): CodeIgniter\CodeIgniter->runController(Object(App\Controllers\Dashboard))
#11 C:\xampp\htdocs\roshan_energy\system\CodeIgniter.php(318): CodeIgniter\CodeIgniter->handleRequest(NULL, Object(Config\Cache), false)
#12 C:\xampp\htdocs\roshan_energy\public\index.php(37): CodeIgniter\CodeIgniter->run()
#13 {main}
CRITICAL - 2021-12-10 01:20:13 --> Undefined variable: table
#0 C:\xampp\htdocs\roshan_energy\app\Views\Dashboard\manage_customer.php(26): CodeIgniter\Debug\Exceptions->errorHandler(8, 'Undefined varia...', 'C:\\xampp\\htdocs...', 26, Array)
#1 C:\xampp\htdocs\roshan_energy\system\View\View.php(214): include('C:\\xampp\\htdocs...')
#2 C:\xampp\htdocs\roshan_energy\system\View\View.php(217): CodeIgniter\View\View->CodeIgniter\View\{closure}()
#3 C:\xampp\htdocs\roshan_energy\system\Common.php(1097): CodeIgniter\View\View->render('Dashboard/manag...', Array, true)
#4 C:\xampp\htdocs\roshan_energy\app\Views\template_with_header\template.php(5): view('Dashboard/manag...')
#5 C:\xampp\htdocs\roshan_energy\system\View\View.php(214): include('C:\\xampp\\htdocs...')
#6 C:\xampp\htdocs\roshan_energy\system\View\View.php(217): CodeIgniter\View\View->CodeIgniter\View\{closure}()
#7 C:\xampp\htdocs\roshan_energy\system\Common.php(1097): CodeIgniter\View\View->render('template_with_h...', Array, true)
#8 C:\xampp\htdocs\roshan_energy\app\Controllers\Dashboard.php(132): view('template_with_h...', Array)
#9 C:\xampp\htdocs\roshan_energy\system\CodeIgniter.php(824): App\Controllers\Dashboard->manage_customer()
#10 C:\xampp\htdocs\roshan_energy\system\CodeIgniter.php(410): CodeIgniter\CodeIgniter->runController(Object(App\Controllers\Dashboard))
#11 C:\xampp\htdocs\roshan_energy\system\CodeIgniter.php(318): CodeIgniter\CodeIgniter->handleRequest(NULL, Object(Config\Cache), false)
#12 C:\xampp\htdocs\roshan_energy\public\index.php(37): CodeIgniter\CodeIgniter->run()
#13 {main}
CRITICAL - 2021-12-10 01:20:13 --> Undefined variable: table
#0 C:\xampp\htdocs\roshan_energy\app\Views\Dashboard\manage_customer.php(26): CodeIgniter\Debug\Exceptions->errorHandler(8, 'Undefined varia...', 'C:\\xampp\\htdocs...', 26, Array)
#1 C:\xampp\htdocs\roshan_energy\system\View\View.php(214): include('C:\\xampp\\htdocs...')
#2 C:\xampp\htdocs\roshan_energy\system\View\View.php(217): CodeIgniter\View\View->CodeIgniter\View\{closure}()
#3 C:\xampp\htdocs\roshan_energy\system\Common.php(1097): CodeIgniter\View\View->render('Dashboard/manag...', Array, true)
#4 C:\xampp\htdocs\roshan_energy\app\Views\template_with_header\template.php(5): view('Dashboard/manag...')
#5 C:\xampp\htdocs\roshan_energy\system\View\View.php(214): include('C:\\xampp\\htdocs...')
#6 C:\xampp\htdocs\roshan_energy\system\View\View.php(217): CodeIgniter\View\View->CodeIgniter\View\{closure}()
#7 C:\xampp\htdocs\roshan_energy\system\Common.php(1097): CodeIgniter\View\View->render('template_with_h...', Array, true)
#8 C:\xampp\htdocs\roshan_energy\app\Controllers\Dashboard.php(132): view('template_with_h...', Array)
#9 C:\xampp\htdocs\roshan_energy\system\CodeIgniter.php(824): App\Controllers\Dashboard->manage_customer()
#10 C:\xampp\htdocs\roshan_energy\system\CodeIgniter.php(410): CodeIgniter\CodeIgniter->runController(Object(App\Controllers\Dashboard))
#11 C:\xampp\htdocs\roshan_energy\system\CodeIgniter.php(318): CodeIgniter\CodeIgniter->handleRequest(NULL, Object(Config\Cache), false)
#12 C:\xampp\htdocs\roshan_energy\public\index.php(37): CodeIgniter\CodeIgniter->run()
#13 {main}
CRITICAL - 2021-12-10 01:23:00 --> Undefined variable: table
#0 C:\xampp\htdocs\roshan_energy\app\Views\Dashboard\manage_customer.php(27): CodeIgniter\Debug\Exceptions->errorHandler(8, 'Undefined varia...', 'C:\\xampp\\htdocs...', 27, Array)
#1 C:\xampp\htdocs\roshan_energy\system\View\View.php(214): include('C:\\xampp\\htdocs...')
#2 C:\xampp\htdocs\roshan_energy\system\View\View.php(217): CodeIgniter\View\View->CodeIgniter\View\{closure}()
#3 C:\xampp\htdocs\roshan_energy\system\Common.php(1097): CodeIgniter\View\View->render('Dashboard/manag...', Array, true)
#4 C:\xampp\htdocs\roshan_energy\app\Views\template_with_header\template.php(5): view('Dashboard/manag...')
#5 C:\xampp\htdocs\roshan_energy\system\View\View.php(214): include('C:\\xampp\\htdocs...')
#6 C:\xampp\htdocs\roshan_energy\system\View\View.php(217): CodeIgniter\View\View->CodeIgniter\View\{closure}()
#7 C:\xampp\htdocs\roshan_energy\system\Common.php(1097): CodeIgniter\View\View->render('template_with_h...', Array, true)
#8 C:\xampp\htdocs\roshan_energy\app\Controllers\Dashboard.php(136): view('template_with_h...', Array)
#9 C:\xampp\htdocs\roshan_energy\system\CodeIgniter.php(824): App\Controllers\Dashboard->manage_customer()
#10 C:\xampp\htdocs\roshan_energy\system\CodeIgniter.php(410): CodeIgniter\CodeIgniter->runController(Object(App\Controllers\Dashboard))
#11 C:\xampp\htdocs\roshan_energy\system\CodeIgniter.php(318): CodeIgniter\CodeIgniter->handleRequest(NULL, Object(Config\Cache), false)
#12 C:\xampp\htdocs\roshan_energy\public\index.php(37): CodeIgniter\CodeIgniter->run()
#13 {main}
ERROR - 2021-12-10 01:34:31 --> Column 'account_number' cannot be null
CRITICAL - 2021-12-10 01:34:31 --> Column 'account_number' cannot be null
#0 C:\xampp\htdocs\roshan_energy\system\Database\MySQLi\Connection.php(292): mysqli->query('INSERT INTO `cu...', 0)
#1 C:\xampp\htdocs\roshan_energy\system\Database\BaseConnection.php(670): CodeIgniter\Database\MySQLi\Connection->execute('INSERT INTO `cu...')
#2 C:\xampp\htdocs\roshan_energy\system\Database\BaseConnection.php(598): CodeIgniter\Database\BaseConnection->simpleQuery('INSERT INTO `cu...')
#3 C:\xampp\htdocs\roshan_energy\system\Database\BaseBuilder.php(1759): CodeIgniter\Database\BaseConnection->query('INSERT INTO `cu...', Array, false)
#4 C:\xampp\htdocs\roshan_energy\system\Model.php(239): CodeIgniter\Database\BaseBuilder->insert()
#5 C:\xampp\htdocs\roshan_energy\system\BaseModel.php(738): CodeIgniter\Model->doInsert(Array)
#6 C:\xampp\htdocs\roshan_energy\system\Model.php(620): CodeIgniter\BaseModel->insert(Array, true)
#7 C:\xampp\htdocs\roshan_energy\app\Controllers\Dashboard.php(71): CodeIgniter\Model->insert(Array)
#8 C:\xampp\htdocs\roshan_energy\system\CodeIgniter.php(824): App\Controllers\Dashboard->insert()
#9 C:\xampp\htdocs\roshan_energy\system\CodeIgniter.php(410): CodeIgniter\CodeIgniter->runController(Object(App\Controllers\Dashboard))
#10 C:\xampp\htdocs\roshan_energy\system\CodeIgniter.php(318): CodeIgniter\CodeIgniter->handleRequest(NULL, Object(Config\Cache), false)
#11 C:\xampp\htdocs\roshan_energy\public\index.php(37): CodeIgniter\CodeIgniter->run()
#12 {main}
CRITICAL - 2021-12-10 02:00:42 --> syntax error, unexpected '}', expecting end of file
#0 C:\xampp\htdocs\roshan_energy\system\View\View.php(217): CodeIgniter\View\View->CodeIgniter\View\{closure}()
#1 C:\xampp\htdocs\roshan_energy\system\Common.php(1097): CodeIgniter\View\View->render('Dashboard/manag...', Array, true)
#2 C:\xampp\htdocs\roshan_energy\app\Views\template_with_header\template.php(5): view('Dashboard/manag...')
#3 C:\xampp\htdocs\roshan_energy\system\View\View.php(214): include('C:\\xampp\\htdocs...')
#4 C:\xampp\htdocs\roshan_energy\system\View\View.php(217): CodeIgniter\View\View->CodeIgniter\View\{closure}()
#5 C:\xampp\htdocs\roshan_energy\system\Common.php(1097): CodeIgniter\View\View->render('template_with_h...', Array, true)
#6 C:\xampp\htdocs\roshan_energy\app\Controllers\Dashboard.php(136): view('template_with_h...', Array)
#7 C:\xampp\htdocs\roshan_energy\system\CodeIgniter.php(824): App\Controllers\Dashboard->manage_customer()
#8 C:\xampp\htdocs\roshan_energy\system\CodeIgniter.php(410): CodeIgniter\CodeIgniter->runController(Object(App\Controllers\Dashboard))
#9 C:\xampp\htdocs\roshan_energy\system\CodeIgniter.php(318): CodeIgniter\CodeIgniter->handleRequest(NULL, Object(Config\Cache), false)
#10 C:\xampp\htdocs\roshan_energy\public\index.php(37): CodeIgniter\CodeIgniter->run()
#11 {main}
ERROR - 2021-12-10 03:10:07 --> Column 'account_number' cannot be null
CRITICAL - 2021-12-10 03:10:07 --> Column 'account_number' cannot be null
#0 C:\xampp\htdocs\roshan_energy\system\Database\MySQLi\Connection.php(292): mysqli->query('INSERT INTO `cu...', 0)
#1 C:\xampp\htdocs\roshan_energy\system\Database\BaseConnection.php(670): CodeIgniter\Database\MySQLi\Connection->execute('INSERT INTO `cu...')
#2 C:\xampp\htdocs\roshan_energy\system\Database\BaseConnection.php(598): CodeIgniter\Database\BaseConnection->simpleQuery('INSERT INTO `cu...')
#3 C:\xampp\htdocs\roshan_energy\system\Database\BaseBuilder.php(1759): CodeIgniter\Database\BaseConnection->query('INSERT INTO `cu...', Array, false)
#4 C:\xampp\htdocs\roshan_energy\system\Model.php(239): CodeIgniter\Database\BaseBuilder->insert()
#5 C:\xampp\htdocs\roshan_energy\system\BaseModel.php(738): CodeIgniter\Model->doInsert(Array)
#6 C:\xampp\htdocs\roshan_energy\system\Model.php(620): CodeIgniter\BaseModel->insert(Array, true)
#7 C:\xampp\htdocs\roshan_energy\app\Controllers\Dashboard.php(71): CodeIgniter\Model->insert(Array)
#8 C:\xampp\htdocs\roshan_energy\system\CodeIgniter.php(824): App\Controllers\Dashboard->insert()
#9 C:\xampp\htdocs\roshan_energy\system\CodeIgniter.php(410): CodeIgniter\CodeIgniter->runController(Object(App\Controllers\Dashboard))
#10 C:\xampp\htdocs\roshan_energy\system\CodeIgniter.php(318): CodeIgniter\CodeIgniter->handleRequest(NULL, Object(Config\Cache), false)
#11 C:\xampp\htdocs\roshan_energy\public\index.php(37): CodeIgniter\CodeIgniter->run()
#12 {main}
ERROR - 2021-12-10 03:10:09 --> Column 'account_number' cannot be null
CRITICAL - 2021-12-10 03:10:09 --> Column 'account_number' cannot be null
#0 C:\xampp\htdocs\roshan_energy\system\Database\MySQLi\Connection.php(292): mysqli->query('INSERT INTO `cu...', 0)
#1 C:\xampp\htdocs\roshan_energy\system\Database\BaseConnection.php(670): CodeIgniter\Database\MySQLi\Connection->execute('INSERT INTO `cu...')
#2 C:\xampp\htdocs\roshan_energy\system\Database\BaseConnection.php(598): CodeIgniter\Database\BaseConnection->simpleQuery('INSERT INTO `cu...')
#3 C:\xampp\htdocs\roshan_energy\system\Database\BaseBuilder.php(1759): CodeIgniter\Database\BaseConnection->query('INSERT INTO `cu...', Array, false)
#4 C:\xampp\htdocs\roshan_energy\system\Model.php(239): CodeIgniter\Database\BaseBuilder->insert()
#5 C:\xampp\htdocs\roshan_energy\system\BaseModel.php(738): CodeIgniter\Model->doInsert(Array)
#6 C:\xampp\htdocs\roshan_energy\system\Model.php(620): CodeIgniter\BaseModel->insert(Array, true)
#7 C:\xampp\htdocs\roshan_energy\app\Controllers\Dashboard.php(71): CodeIgniter\Model->insert(Array)
#8 C:\xampp\htdocs\roshan_energy\system\CodeIgniter.php(824): App\Controllers\Dashboard->insert()
#9 C:\xampp\htdocs\roshan_energy\system\CodeIgniter.php(410): CodeIgniter\CodeIgniter->runController(Object(App\Controllers\Dashboard))
#10 C:\xampp\htdocs\roshan_energy\system\CodeIgniter.php(318): CodeIgniter\CodeIgniter->handleRequest(NULL, Object(Config\Cache), false)
#11 C:\xampp\htdocs\roshan_energy\public\index.php(37): CodeIgniter\CodeIgniter->run()
#12 {main}
