CRITICAL - 2021-12-06 00:07:46 --> Undefined property: App\Controllers\Authentication::$login
#0 C:\xampp\htdocs\roshan_energy\app\Controllers\Authentication.php(20): CodeIgniter\Debug\Exceptions->errorHandler(8, 'Undefined prope...', 'C:\\xampp\\htdocs...', 20, Array)
#1 C:\xampp\htdocs\roshan_energy\system\CodeIgniter.php(824): App\Controllers\Authentication->login()
#2 C:\xampp\htdocs\roshan_energy\system\CodeIgniter.php(410): CodeIgniter\CodeIgniter->runController(Object(App\Controllers\Authentication))
#3 C:\xampp\htdocs\roshan_energy\system\CodeIgniter.php(318): CodeIgniter\CodeIgniter->handleRequest(NULL, Object(Config\Cache), false)
#4 C:\xampp\htdocs\roshan_energy\public\index.php(37): CodeIgniter\CodeIgniter->run()
#5 {main}
CRITICAL - 2021-12-06 00:39:39 --> Invalid file: Authentication/dashboard.php
#0 C:\xampp\htdocs\roshan_energy\system\View\View.php(198): CodeIgniter\Exceptions\FrameworkException::forInvalidFile('Authentication/...')
#1 C:\xampp\htdocs\roshan_energy\system\Common.php(1097): CodeIgniter\View\View->render('Authentication/...', Array, true)
#2 C:\xampp\htdocs\roshan_energy\app\Controllers\Authentication.php(43): view('Authentication/...')
#3 C:\xampp\htdocs\roshan_energy\system\CodeIgniter.php(824): App\Controllers\Authentication->login()
#4 C:\xampp\htdocs\roshan_energy\system\CodeIgniter.php(410): CodeIgniter\CodeIgniter->runController(Object(App\Controllers\Authentication))
#5 C:\xampp\htdocs\roshan_energy\system\CodeIgniter.php(318): CodeIgniter\CodeIgniter->handleRequest(NULL, Object(Config\Cache), false)
#6 C:\xampp\htdocs\roshan_energy\public\index.php(37): CodeIgniter\CodeIgniter->run()
#7 {main}
CRITICAL - 2021-12-06 00:40:27 --> Invalid file: Authentication/dashboard.php
#0 C:\xampp\htdocs\roshan_energy\system\View\View.php(198): CodeIgniter\Exceptions\FrameworkException::forInvalidFile('Authentication/...')
#1 C:\xampp\htdocs\roshan_energy\system\Common.php(1097): CodeIgniter\View\View->render('Authentication/...', Array, true)
#2 C:\xampp\htdocs\roshan_energy\app\Controllers\Authentication.php(43): view('Authentication/...')
#3 C:\xampp\htdocs\roshan_energy\system\CodeIgniter.php(824): App\Controllers\Authentication->login()
#4 C:\xampp\htdocs\roshan_energy\system\CodeIgniter.php(410): CodeIgniter\CodeIgniter->runController(Object(App\Controllers\Authentication))
#5 C:\xampp\htdocs\roshan_energy\system\CodeIgniter.php(318): CodeIgniter\CodeIgniter->handleRequest(NULL, Object(Config\Cache), false)
#6 C:\xampp\htdocs\roshan_energy\public\index.php(37): CodeIgniter\CodeIgniter->run()
#7 {main}
CRITICAL - 2021-12-06 00:44:07 --> Invalid file: Authentication/dashboard.php
#0 C:\xampp\htdocs\roshan_energy\system\View\View.php(198): CodeIgniter\Exceptions\FrameworkException::forInvalidFile('Authentication/...')
#1 C:\xampp\htdocs\roshan_energy\system\Common.php(1097): CodeIgniter\View\View->render('Authentication/...', Array, true)
#2 C:\xampp\htdocs\roshan_energy\app\Controllers\Authentication.php(43): view('Authentication/...')
#3 C:\xampp\htdocs\roshan_energy\system\CodeIgniter.php(824): App\Controllers\Authentication->login()
#4 C:\xampp\htdocs\roshan_energy\system\CodeIgniter.php(410): CodeIgniter\CodeIgniter->runController(Object(App\Controllers\Authentication))
#5 C:\xampp\htdocs\roshan_energy\system\CodeIgniter.php(318): CodeIgniter\CodeIgniter->handleRequest(NULL, Object(Config\Cache), false)
#6 C:\xampp\htdocs\roshan_energy\public\index.php(37): CodeIgniter\CodeIgniter->run()
#7 {main}
CRITICAL - 2021-12-06 00:45:54 --> Invalid file: Authentication/dashboard.php
#0 C:\xampp\htdocs\roshan_energy\system\View\View.php(198): CodeIgniter\Exceptions\FrameworkException::forInvalidFile('Authentication/...')
#1 C:\xampp\htdocs\roshan_energy\system\Common.php(1097): CodeIgniter\View\View->render('Authentication/...', Array, true)
#2 C:\xampp\htdocs\roshan_energy\app\Controllers\Authentication.php(43): view('Authentication/...')
#3 C:\xampp\htdocs\roshan_energy\system\CodeIgniter.php(824): App\Controllers\Authentication->login()
#4 C:\xampp\htdocs\roshan_energy\system\CodeIgniter.php(410): CodeIgniter\CodeIgniter->runController(Object(App\Controllers\Authentication))
#5 C:\xampp\htdocs\roshan_energy\system\CodeIgniter.php(318): CodeIgniter\CodeIgniter->handleRequest(NULL, Object(Config\Cache), false)
#6 C:\xampp\htdocs\roshan_energy\public\index.php(37): CodeIgniter\CodeIgniter->run()
#7 {main}
CRITICAL - 2021-12-06 00:46:33 --> Invalid file: Authentication/dashboard.php
#0 C:\xampp\htdocs\roshan_energy\system\View\View.php(198): CodeIgniter\Exceptions\FrameworkException::forInvalidFile('Authentication/...')
#1 C:\xampp\htdocs\roshan_energy\system\Common.php(1097): CodeIgniter\View\View->render('Authentication/...', Array, true)
#2 C:\xampp\htdocs\roshan_energy\app\Controllers\Authentication.php(43): view('Authentication/...')
#3 C:\xampp\htdocs\roshan_energy\system\CodeIgniter.php(824): App\Controllers\Authentication->login()
#4 C:\xampp\htdocs\roshan_energy\system\CodeIgniter.php(410): CodeIgniter\CodeIgniter->runController(Object(App\Controllers\Authentication))
#5 C:\xampp\htdocs\roshan_energy\system\CodeIgniter.php(318): CodeIgniter\CodeIgniter->handleRequest(NULL, Object(Config\Cache), false)
#6 C:\xampp\htdocs\roshan_energy\public\index.php(37): CodeIgniter\CodeIgniter->run()
#7 {main}
CRITICAL - 2021-12-06 00:50:47 --> syntax error, unexpected ''Authentication::dashboard'' (T_CONSTANT_ENCAPSED_STRING), expecting ')'
#0 C:\xampp\htdocs\roshan_energy\system\CodeIgniter.php(359): CodeIgniter\CodeIgniter->tryToRouteIt(NULL)
#1 C:\xampp\htdocs\roshan_energy\system\CodeIgniter.php(318): CodeIgniter\CodeIgniter->handleRequest(NULL, Object(Config\Cache), false)
#2 C:\xampp\htdocs\roshan_energy\public\index.php(37): CodeIgniter\CodeIgniter->run()
#3 {main}
CRITICAL - 2021-12-06 00:51:04 --> syntax error, unexpected 'public' (T_PUBLIC), expecting end of file
#0 C:\xampp\htdocs\roshan_energy\system\Router\Router.php(176): CodeIgniter\Router\Router->autoRoute('/')
#1 C:\xampp\htdocs\roshan_energy\system\CodeIgniter.php(718): CodeIgniter\Router\Router->handle('/')
#2 C:\xampp\htdocs\roshan_energy\system\CodeIgniter.php(359): CodeIgniter\CodeIgniter->tryToRouteIt(Object(CodeIgniter\Router\RouteCollection))
#3 C:\xampp\htdocs\roshan_energy\system\CodeIgniter.php(318): CodeIgniter\CodeIgniter->handleRequest(NULL, Object(Config\Cache), false)
#4 C:\xampp\htdocs\roshan_energy\public\index.php(37): CodeIgniter\CodeIgniter->run()
#5 {main}
CRITICAL - 2021-12-06 00:52:11 --> syntax error, unexpected 'public' (T_PUBLIC), expecting end of file
#0 C:\xampp\htdocs\roshan_energy\system\Router\Router.php(176): CodeIgniter\Router\Router->autoRoute('/')
#1 C:\xampp\htdocs\roshan_energy\system\CodeIgniter.php(718): CodeIgniter\Router\Router->handle('/')
#2 C:\xampp\htdocs\roshan_energy\system\CodeIgniter.php(359): CodeIgniter\CodeIgniter->tryToRouteIt(Object(CodeIgniter\Router\RouteCollection))
#3 C:\xampp\htdocs\roshan_energy\system\CodeIgniter.php(318): CodeIgniter\CodeIgniter->handleRequest(NULL, Object(Config\Cache), false)
#4 C:\xampp\htdocs\roshan_energy\public\index.php(37): CodeIgniter\CodeIgniter->run()
#5 {main}
CRITICAL - 2021-12-06 00:52:14 --> syntax error, unexpected 'public' (T_PUBLIC), expecting end of file
#0 C:\xampp\htdocs\roshan_energy\system\Autoloader\Autoloader.php(241): CodeIgniter\Autoloader\Autoloader->includeFile('C:\\xampp\\htdocs...')
#1 C:\xampp\htdocs\roshan_energy\system\Autoloader\Autoloader.php(219): CodeIgniter\Autoloader\Autoloader->loadInNamespace('App\\Controllers...')
#2 [internal function]: CodeIgniter\Autoloader\Autoloader->loadClass('App\\Controllers...')
#3 [internal function]: spl_autoload_call('App\\Controllers...')
#4 C:\xampp\htdocs\roshan_energy\system\CodeIgniter.php(789): class_exists('\\App\\Controller...', true)
#5 C:\xampp\htdocs\roshan_energy\system\CodeIgniter.php(397): CodeIgniter\CodeIgniter->startController()
#6 C:\xampp\htdocs\roshan_energy\system\CodeIgniter.php(318): CodeIgniter\CodeIgniter->handleRequest(NULL, Object(Config\Cache), false)
#7 C:\xampp\htdocs\roshan_energy\public\index.php(37): CodeIgniter\CodeIgniter->run()
#8 {main}
CRITICAL - 2021-12-06 00:52:16 --> syntax error, unexpected 'public' (T_PUBLIC), expecting end of file
#0 C:\xampp\htdocs\roshan_energy\system\Autoloader\Autoloader.php(241): CodeIgniter\Autoloader\Autoloader->includeFile('C:\\xampp\\htdocs...')
#1 C:\xampp\htdocs\roshan_energy\system\Autoloader\Autoloader.php(219): CodeIgniter\Autoloader\Autoloader->loadInNamespace('App\\Controllers...')
#2 [internal function]: CodeIgniter\Autoloader\Autoloader->loadClass('App\\Controllers...')
#3 [internal function]: spl_autoload_call('App\\Controllers...')
#4 C:\xampp\htdocs\roshan_energy\system\CodeIgniter.php(789): class_exists('\\App\\Controller...', true)
#5 C:\xampp\htdocs\roshan_energy\system\CodeIgniter.php(397): CodeIgniter\CodeIgniter->startController()
#6 C:\xampp\htdocs\roshan_energy\system\CodeIgniter.php(318): CodeIgniter\CodeIgniter->handleRequest(NULL, Object(Config\Cache), false)
#7 C:\xampp\htdocs\roshan_energy\public\index.php(37): CodeIgniter\CodeIgniter->run()
#8 {main}
CRITICAL - 2021-12-06 00:52:26 --> syntax error, unexpected 'public' (T_PUBLIC), expecting end of file
#0 C:\xampp\htdocs\roshan_energy\system\Autoloader\Autoloader.php(241): CodeIgniter\Autoloader\Autoloader->includeFile('C:\\xampp\\htdocs...')
#1 C:\xampp\htdocs\roshan_energy\system\Autoloader\Autoloader.php(219): CodeIgniter\Autoloader\Autoloader->loadInNamespace('App\\Controllers...')
#2 [internal function]: CodeIgniter\Autoloader\Autoloader->loadClass('App\\Controllers...')
#3 [internal function]: spl_autoload_call('App\\Controllers...')
#4 C:\xampp\htdocs\roshan_energy\system\CodeIgniter.php(789): class_exists('\\App\\Controller...', true)
#5 C:\xampp\htdocs\roshan_energy\system\CodeIgniter.php(397): CodeIgniter\CodeIgniter->startController()
#6 C:\xampp\htdocs\roshan_energy\system\CodeIgniter.php(318): CodeIgniter\CodeIgniter->handleRequest(NULL, Object(Config\Cache), false)
#7 C:\xampp\htdocs\roshan_energy\public\index.php(37): CodeIgniter\CodeIgniter->run()
#8 {main}
CRITICAL - 2021-12-06 00:52:30 --> syntax error, unexpected 'public' (T_PUBLIC), expecting end of file
#0 C:\xampp\htdocs\roshan_energy\system\Router\Router.php(176): CodeIgniter\Router\Router->autoRoute('/')
#1 C:\xampp\htdocs\roshan_energy\system\CodeIgniter.php(718): CodeIgniter\Router\Router->handle('/')
#2 C:\xampp\htdocs\roshan_energy\system\CodeIgniter.php(359): CodeIgniter\CodeIgniter->tryToRouteIt(Object(CodeIgniter\Router\RouteCollection))
#3 C:\xampp\htdocs\roshan_energy\system\CodeIgniter.php(318): CodeIgniter\CodeIgniter->handleRequest(NULL, Object(Config\Cache), false)
#4 C:\xampp\htdocs\roshan_energy\public\index.php(37): CodeIgniter\CodeIgniter->run()
#5 {main}
CRITICAL - 2021-12-06 04:22:29 --> Undefined variable: session
#0 C:\xampp\htdocs\roshan_energy\app\Controllers\Authentication.php(40): CodeIgniter\Debug\Exceptions->errorHandler(8, 'Undefined varia...', 'C:\\xampp\\htdocs...', 40, Array)
#1 C:\xampp\htdocs\roshan_energy\system\CodeIgniter.php(824): App\Controllers\Authentication->login()
#2 C:\xampp\htdocs\roshan_energy\system\CodeIgniter.php(410): CodeIgniter\CodeIgniter->runController(Object(App\Controllers\Authentication))
#3 C:\xampp\htdocs\roshan_energy\system\CodeIgniter.php(318): CodeIgniter\CodeIgniter->handleRequest(NULL, Object(Config\Cache), false)
#4 C:\xampp\htdocs\roshan_energy\public\index.php(37): CodeIgniter\CodeIgniter->run()
#5 {main}
CRITICAL - 2021-12-06 04:22:33 --> Undefined variable: session
#0 C:\xampp\htdocs\roshan_energy\app\Controllers\Authentication.php(40): CodeIgniter\Debug\Exceptions->errorHandler(8, 'Undefined varia...', 'C:\\xampp\\htdocs...', 40, Array)
#1 C:\xampp\htdocs\roshan_energy\system\CodeIgniter.php(824): App\Controllers\Authentication->login()
#2 C:\xampp\htdocs\roshan_energy\system\CodeIgniter.php(410): CodeIgniter\CodeIgniter->runController(Object(App\Controllers\Authentication))
#3 C:\xampp\htdocs\roshan_energy\system\CodeIgniter.php(318): CodeIgniter\CodeIgniter->handleRequest(NULL, Object(Config\Cache), false)
#4 C:\xampp\htdocs\roshan_energy\public\index.php(37): CodeIgniter\CodeIgniter->run()
#5 {main}
CRITICAL - 2021-12-06 04:44:47 --> Invalid file: http://localhost/roshan_energy/Authentication/login.php
#0 C:\xampp\htdocs\roshan_energy\system\View\View.php(198): CodeIgniter\Exceptions\FrameworkException::forInvalidFile('http://localhos...')
#1 C:\xampp\htdocs\roshan_energy\system\Common.php(1097): CodeIgniter\View\View->render('http://localhos...', Array, true)
#2 C:\xampp\htdocs\roshan_energy\app\Controllers\Authentication.php(51): view('http://localhos...')
#3 C:\xampp\htdocs\roshan_energy\system\CodeIgniter.php(824): App\Controllers\Authentication->login_form()
#4 C:\xampp\htdocs\roshan_energy\system\CodeIgniter.php(410): CodeIgniter\CodeIgniter->runController(Object(App\Controllers\Authentication))
#5 C:\xampp\htdocs\roshan_energy\system\CodeIgniter.php(318): CodeIgniter\CodeIgniter->handleRequest(NULL, Object(Config\Cache), false)
#6 C:\xampp\htdocs\roshan_energy\public\index.php(37): CodeIgniter\CodeIgniter->run()
#7 {main}
CRITICAL - 2021-12-06 04:45:12 --> Invalid file: http://localhost/roshan_energy/Authentication/login.php
#0 C:\xampp\htdocs\roshan_energy\system\View\View.php(198): CodeIgniter\Exceptions\FrameworkException::forInvalidFile('http://localhos...')
#1 C:\xampp\htdocs\roshan_energy\system\Common.php(1097): CodeIgniter\View\View->render('http://localhos...', Array, true)
#2 C:\xampp\htdocs\roshan_energy\app\Controllers\Authentication.php(51): view('http://localhos...')
#3 C:\xampp\htdocs\roshan_energy\system\CodeIgniter.php(824): App\Controllers\Authentication->login_form()
#4 C:\xampp\htdocs\roshan_energy\system\CodeIgniter.php(410): CodeIgniter\CodeIgniter->runController(Object(App\Controllers\Authentication))
#5 C:\xampp\htdocs\roshan_energy\system\CodeIgniter.php(318): CodeIgniter\CodeIgniter->handleRequest(NULL, Object(Config\Cache), false)
#6 C:\xampp\htdocs\roshan_energy\public\index.php(37): CodeIgniter\CodeIgniter->run()
#7 {main}
CRITICAL - 2021-12-06 04:47:20 --> Invalid file: Authentication.php
#0 C:\xampp\htdocs\roshan_energy\system\View\View.php(198): CodeIgniter\Exceptions\FrameworkException::forInvalidFile('Authentication....')
#1 C:\xampp\htdocs\roshan_energy\system\Common.php(1097): CodeIgniter\View\View->render('Authentication', Array, true)
#2 C:\xampp\htdocs\roshan_energy\app\Controllers\Authentication.php(45): view('Authentication')
#3 C:\xampp\htdocs\roshan_energy\system\CodeIgniter.php(824): App\Controllers\Authentication->login_form()
#4 C:\xampp\htdocs\roshan_energy\system\CodeIgniter.php(410): CodeIgniter\CodeIgniter->runController(Object(App\Controllers\Authentication))
#5 C:\xampp\htdocs\roshan_energy\system\CodeIgniter.php(318): CodeIgniter\CodeIgniter->handleRequest(NULL, Object(Config\Cache), false)
#6 C:\xampp\htdocs\roshan_energy\public\index.php(37): CodeIgniter\CodeIgniter->run()
#7 {main}
CRITICAL - 2021-12-06 05:04:27 --> Invalid file: Authentication.php
#0 C:\xampp\htdocs\roshan_energy\system\View\View.php(198): CodeIgniter\Exceptions\FrameworkException::forInvalidFile('Authentication....')
#1 C:\xampp\htdocs\roshan_energy\system\Common.php(1097): CodeIgniter\View\View->render('Authentication', Array, true)
#2 C:\xampp\htdocs\roshan_energy\app\Controllers\Authentication.php(45): view('Authentication')
#3 C:\xampp\htdocs\roshan_energy\system\CodeIgniter.php(824): App\Controllers\Authentication->login_form()
#4 C:\xampp\htdocs\roshan_energy\system\CodeIgniter.php(410): CodeIgniter\CodeIgniter->runController(Object(App\Controllers\Authentication))
#5 C:\xampp\htdocs\roshan_energy\system\CodeIgniter.php(318): CodeIgniter\CodeIgniter->handleRequest(NULL, Object(Config\Cache), false)
#6 C:\xampp\htdocs\roshan_energy\public\index.php(37): CodeIgniter\CodeIgniter->run()
#7 {main}
CRITICAL - 2021-12-06 05:36:48 --> syntax error, unexpected 'if' (T_IF), expecting function (T_FUNCTION) or const (T_CONST)
#0 C:\xampp\htdocs\roshan_energy\system\Router\Router.php(176): CodeIgniter\Router\Router->autoRoute('Authentication')
#1 C:\xampp\htdocs\roshan_energy\system\CodeIgniter.php(718): CodeIgniter\Router\Router->handle('Authentication')
#2 C:\xampp\htdocs\roshan_energy\system\CodeIgniter.php(359): CodeIgniter\CodeIgniter->tryToRouteIt(Object(CodeIgniter\Router\RouteCollection))
#3 C:\xampp\htdocs\roshan_energy\system\CodeIgniter.php(318): CodeIgniter\CodeIgniter->handleRequest(NULL, Object(Config\Cache), false)
#4 C:\xampp\htdocs\roshan_energy\public\index.php(37): CodeIgniter\CodeIgniter->run()
#5 {main}
CRITICAL - 2021-12-06 05:49:46 --> Undefined variable: session
#0 C:\xampp\htdocs\roshan_energy\app\Controllers\Authentication.php(35): CodeIgniter\Debug\Exceptions->errorHandler(8, 'Undefined varia...', 'C:\\xampp\\htdocs...', 35, Array)
#1 C:\xampp\htdocs\roshan_energy\system\CodeIgniter.php(824): App\Controllers\Authentication->login_form()
#2 C:\xampp\htdocs\roshan_energy\system\CodeIgniter.php(410): CodeIgniter\CodeIgniter->runController(Object(App\Controllers\Authentication))
#3 C:\xampp\htdocs\roshan_energy\system\CodeIgniter.php(318): CodeIgniter\CodeIgniter->handleRequest(NULL, Object(Config\Cache), false)
#4 C:\xampp\htdocs\roshan_energy\public\index.php(37): CodeIgniter\CodeIgniter->run()
#5 {main}
CRITICAL - 2021-12-06 05:50:02 --> Undefined variable: session
#0 C:\xampp\htdocs\roshan_energy\app\Controllers\Authentication.php(35): CodeIgniter\Debug\Exceptions->errorHandler(8, 'Undefined varia...', 'C:\\xampp\\htdocs...', 35, Array)
#1 C:\xampp\htdocs\roshan_energy\system\CodeIgniter.php(824): App\Controllers\Authentication->login_form()
#2 C:\xampp\htdocs\roshan_energy\system\CodeIgniter.php(410): CodeIgniter\CodeIgniter->runController(Object(App\Controllers\Authentication))
#3 C:\xampp\htdocs\roshan_energy\system\CodeIgniter.php(318): CodeIgniter\CodeIgniter->handleRequest(NULL, Object(Config\Cache), false)
#4 C:\xampp\htdocs\roshan_energy\public\index.php(37): CodeIgniter\CodeIgniter->run()
#5 {main}
CRITICAL - 2021-12-06 05:50:04 --> Undefined variable: session
#0 C:\xampp\htdocs\roshan_energy\app\Controllers\Authentication.php(35): CodeIgniter\Debug\Exceptions->errorHandler(8, 'Undefined varia...', 'C:\\xampp\\htdocs...', 35, Array)
#1 C:\xampp\htdocs\roshan_energy\system\CodeIgniter.php(824): App\Controllers\Authentication->login_form()
#2 C:\xampp\htdocs\roshan_energy\system\CodeIgniter.php(410): CodeIgniter\CodeIgniter->runController(Object(App\Controllers\Authentication))
#3 C:\xampp\htdocs\roshan_energy\system\CodeIgniter.php(318): CodeIgniter\CodeIgniter->handleRequest(NULL, Object(Config\Cache), false)
#4 C:\xampp\htdocs\roshan_energy\public\index.php(37): CodeIgniter\CodeIgniter->run()
#5 {main}
CRITICAL - 2021-12-06 06:13:51 --> Undefined variable: _SESSION
#0 C:\xampp\htdocs\roshan_energy\app\Views\Authentication\dashboard.php(3): CodeIgniter\Debug\Exceptions->errorHandler(8, 'Undefined varia...', 'C:\\xampp\\htdocs...', 3, Array)
#1 C:\xampp\htdocs\roshan_energy\system\View\View.php(214): include('C:\\xampp\\htdocs...')
#2 C:\xampp\htdocs\roshan_energy\system\View\View.php(217): CodeIgniter\View\View->CodeIgniter\View\{closure}()
#3 C:\xampp\htdocs\roshan_energy\system\Common.php(1097): CodeIgniter\View\View->render('Authentication/...', Array, true)
#4 C:\xampp\htdocs\roshan_energy\app\Controllers\Authentication.php(71): view('Authentication/...')
#5 C:\xampp\htdocs\roshan_energy\system\CodeIgniter.php(824): App\Controllers\Authentication->dashboard()
#6 C:\xampp\htdocs\roshan_energy\system\CodeIgniter.php(410): CodeIgniter\CodeIgniter->runController(Object(App\Controllers\Authentication))
#7 C:\xampp\htdocs\roshan_energy\system\CodeIgniter.php(318): CodeIgniter\CodeIgniter->handleRequest(NULL, Object(Config\Cache), false)
#8 C:\xampp\htdocs\roshan_energy\public\index.php(37): CodeIgniter\CodeIgniter->run()
#9 {main}
CRITICAL - 2021-12-06 06:14:01 --> Undefined variable: _SESSION
#0 C:\xampp\htdocs\roshan_energy\app\Views\Authentication\dashboard.php(3): CodeIgniter\Debug\Exceptions->errorHandler(8, 'Undefined varia...', 'C:\\xampp\\htdocs...', 3, Array)
#1 C:\xampp\htdocs\roshan_energy\system\View\View.php(214): include('C:\\xampp\\htdocs...')
#2 C:\xampp\htdocs\roshan_energy\system\View\View.php(217): CodeIgniter\View\View->CodeIgniter\View\{closure}()
#3 C:\xampp\htdocs\roshan_energy\system\Common.php(1097): CodeIgniter\View\View->render('Authentication/...', Array, true)
#4 C:\xampp\htdocs\roshan_energy\app\Controllers\Authentication.php(71): view('Authentication/...')
#5 C:\xampp\htdocs\roshan_energy\system\CodeIgniter.php(824): App\Controllers\Authentication->dashboard()
#6 C:\xampp\htdocs\roshan_energy\system\CodeIgniter.php(410): CodeIgniter\CodeIgniter->runController(Object(App\Controllers\Authentication))
#7 C:\xampp\htdocs\roshan_energy\system\CodeIgniter.php(318): CodeIgniter\CodeIgniter->handleRequest(NULL, Object(Config\Cache), false)
#8 C:\xampp\htdocs\roshan_energy\public\index.php(37): CodeIgniter\CodeIgniter->run()
#9 {main}
CRITICAL - 2021-12-06 06:14:28 --> Undefined variable: _SESSION
#0 C:\xampp\htdocs\roshan_energy\app\Views\Authentication\dashboard.php(3): CodeIgniter\Debug\Exceptions->errorHandler(8, 'Undefined varia...', 'C:\\xampp\\htdocs...', 3, Array)
#1 C:\xampp\htdocs\roshan_energy\system\View\View.php(214): include('C:\\xampp\\htdocs...')
#2 C:\xampp\htdocs\roshan_energy\system\View\View.php(217): CodeIgniter\View\View->CodeIgniter\View\{closure}()
#3 C:\xampp\htdocs\roshan_energy\system\Common.php(1097): CodeIgniter\View\View->render('Authentication/...', Array, true)
#4 C:\xampp\htdocs\roshan_energy\app\Controllers\Authentication.php(71): view('Authentication/...')
#5 C:\xampp\htdocs\roshan_energy\system\CodeIgniter.php(824): App\Controllers\Authentication->dashboard()
#6 C:\xampp\htdocs\roshan_energy\system\CodeIgniter.php(410): CodeIgniter\CodeIgniter->runController(Object(App\Controllers\Authentication))
#7 C:\xampp\htdocs\roshan_energy\system\CodeIgniter.php(318): CodeIgniter\CodeIgniter->handleRequest(NULL, Object(Config\Cache), false)
#8 C:\xampp\htdocs\roshan_energy\public\index.php(37): CodeIgniter\CodeIgniter->run()
#9 {main}
CRITICAL - 2021-12-06 06:14:29 --> Undefined variable: _SESSION
#0 C:\xampp\htdocs\roshan_energy\app\Views\Authentication\dashboard.php(3): CodeIgniter\Debug\Exceptions->errorHandler(8, 'Undefined varia...', 'C:\\xampp\\htdocs...', 3, Array)
#1 C:\xampp\htdocs\roshan_energy\system\View\View.php(214): include('C:\\xampp\\htdocs...')
#2 C:\xampp\htdocs\roshan_energy\system\View\View.php(217): CodeIgniter\View\View->CodeIgniter\View\{closure}()
#3 C:\xampp\htdocs\roshan_energy\system\Common.php(1097): CodeIgniter\View\View->render('Authentication/...', Array, true)
#4 C:\xampp\htdocs\roshan_energy\app\Controllers\Authentication.php(71): view('Authentication/...')
#5 C:\xampp\htdocs\roshan_energy\system\CodeIgniter.php(824): App\Controllers\Authentication->dashboard()
#6 C:\xampp\htdocs\roshan_energy\system\CodeIgniter.php(410): CodeIgniter\CodeIgniter->runController(Object(App\Controllers\Authentication))
#7 C:\xampp\htdocs\roshan_energy\system\CodeIgniter.php(318): CodeIgniter\CodeIgniter->handleRequest(NULL, Object(Config\Cache), false)
#8 C:\xampp\htdocs\roshan_energy\public\index.php(37): CodeIgniter\CodeIgniter->run()
#9 {main}
CRITICAL - 2021-12-06 06:14:30 --> Undefined variable: _SESSION
#0 C:\xampp\htdocs\roshan_energy\app\Views\Authentication\dashboard.php(3): CodeIgniter\Debug\Exceptions->errorHandler(8, 'Undefined varia...', 'C:\\xampp\\htdocs...', 3, Array)
#1 C:\xampp\htdocs\roshan_energy\system\View\View.php(214): include('C:\\xampp\\htdocs...')
#2 C:\xampp\htdocs\roshan_energy\system\View\View.php(217): CodeIgniter\View\View->CodeIgniter\View\{closure}()
#3 C:\xampp\htdocs\roshan_energy\system\Common.php(1097): CodeIgniter\View\View->render('Authentication/...', Array, true)
#4 C:\xampp\htdocs\roshan_energy\app\Controllers\Authentication.php(71): view('Authentication/...')
#5 C:\xampp\htdocs\roshan_energy\system\CodeIgniter.php(824): App\Controllers\Authentication->dashboard()
#6 C:\xampp\htdocs\roshan_energy\system\CodeIgniter.php(410): CodeIgniter\CodeIgniter->runController(Object(App\Controllers\Authentication))
#7 C:\xampp\htdocs\roshan_energy\system\CodeIgniter.php(318): CodeIgniter\CodeIgniter->handleRequest(NULL, Object(Config\Cache), false)
#8 C:\xampp\htdocs\roshan_energy\public\index.php(37): CodeIgniter\CodeIgniter->run()
#9 {main}
CRITICAL - 2021-12-06 06:14:32 --> Undefined variable: _SESSION
#0 C:\xampp\htdocs\roshan_energy\app\Views\Authentication\dashboard.php(3): CodeIgniter\Debug\Exceptions->errorHandler(8, 'Undefined varia...', 'C:\\xampp\\htdocs...', 3, Array)
#1 C:\xampp\htdocs\roshan_energy\system\View\View.php(214): include('C:\\xampp\\htdocs...')
#2 C:\xampp\htdocs\roshan_energy\system\View\View.php(217): CodeIgniter\View\View->CodeIgniter\View\{closure}()
#3 C:\xampp\htdocs\roshan_energy\system\Common.php(1097): CodeIgniter\View\View->render('Authentication/...', Array, true)
#4 C:\xampp\htdocs\roshan_energy\app\Controllers\Authentication.php(71): view('Authentication/...')
#5 C:\xampp\htdocs\roshan_energy\system\CodeIgniter.php(824): App\Controllers\Authentication->dashboard()
#6 C:\xampp\htdocs\roshan_energy\system\CodeIgniter.php(410): CodeIgniter\CodeIgniter->runController(Object(App\Controllers\Authentication))
#7 C:\xampp\htdocs\roshan_energy\system\CodeIgniter.php(318): CodeIgniter\CodeIgniter->handleRequest(NULL, Object(Config\Cache), false)
#8 C:\xampp\htdocs\roshan_energy\public\index.php(37): CodeIgniter\CodeIgniter->run()
#9 {main}
CRITICAL - 2021-12-06 06:14:57 --> Undefined variable: _SESSION
#0 C:\xampp\htdocs\roshan_energy\app\Views\Authentication\dashboard.php(3): CodeIgniter\Debug\Exceptions->errorHandler(8, 'Undefined varia...', 'C:\\xampp\\htdocs...', 3, Array)
#1 C:\xampp\htdocs\roshan_energy\system\View\View.php(214): include('C:\\xampp\\htdocs...')
#2 C:\xampp\htdocs\roshan_energy\system\View\View.php(217): CodeIgniter\View\View->CodeIgniter\View\{closure}()
#3 C:\xampp\htdocs\roshan_energy\system\Common.php(1097): CodeIgniter\View\View->render('Authentication/...', Array, true)
#4 C:\xampp\htdocs\roshan_energy\app\Controllers\Authentication.php(71): view('Authentication/...')
#5 C:\xampp\htdocs\roshan_energy\system\CodeIgniter.php(824): App\Controllers\Authentication->dashboard()
#6 C:\xampp\htdocs\roshan_energy\system\CodeIgniter.php(410): CodeIgniter\CodeIgniter->runController(Object(App\Controllers\Authentication))
#7 C:\xampp\htdocs\roshan_energy\system\CodeIgniter.php(318): CodeIgniter\CodeIgniter->handleRequest(NULL, Object(Config\Cache), false)
#8 C:\xampp\htdocs\roshan_energy\public\index.php(37): CodeIgniter\CodeIgniter->run()
#9 {main}
CRITICAL - 2021-12-06 06:14:58 --> Undefined variable: _SESSION
#0 C:\xampp\htdocs\roshan_energy\app\Views\Authentication\dashboard.php(3): CodeIgniter\Debug\Exceptions->errorHandler(8, 'Undefined varia...', 'C:\\xampp\\htdocs...', 3, Array)
#1 C:\xampp\htdocs\roshan_energy\system\View\View.php(214): include('C:\\xampp\\htdocs...')
#2 C:\xampp\htdocs\roshan_energy\system\View\View.php(217): CodeIgniter\View\View->CodeIgniter\View\{closure}()
#3 C:\xampp\htdocs\roshan_energy\system\Common.php(1097): CodeIgniter\View\View->render('Authentication/...', Array, true)
#4 C:\xampp\htdocs\roshan_energy\app\Controllers\Authentication.php(71): view('Authentication/...')
#5 C:\xampp\htdocs\roshan_energy\system\CodeIgniter.php(824): App\Controllers\Authentication->dashboard()
#6 C:\xampp\htdocs\roshan_energy\system\CodeIgniter.php(410): CodeIgniter\CodeIgniter->runController(Object(App\Controllers\Authentication))
#7 C:\xampp\htdocs\roshan_energy\system\CodeIgniter.php(318): CodeIgniter\CodeIgniter->handleRequest(NULL, Object(Config\Cache), false)
#8 C:\xampp\htdocs\roshan_energy\public\index.php(37): CodeIgniter\CodeIgniter->run()
#9 {main}
CRITICAL - 2021-12-06 06:14:58 --> Undefined variable: _SESSION
#0 C:\xampp\htdocs\roshan_energy\app\Views\Authentication\dashboard.php(3): CodeIgniter\Debug\Exceptions->errorHandler(8, 'Undefined varia...', 'C:\\xampp\\htdocs...', 3, Array)
#1 C:\xampp\htdocs\roshan_energy\system\View\View.php(214): include('C:\\xampp\\htdocs...')
#2 C:\xampp\htdocs\roshan_energy\system\View\View.php(217): CodeIgniter\View\View->CodeIgniter\View\{closure}()
#3 C:\xampp\htdocs\roshan_energy\system\Common.php(1097): CodeIgniter\View\View->render('Authentication/...', Array, true)
#4 C:\xampp\htdocs\roshan_energy\app\Controllers\Authentication.php(71): view('Authentication/...')
#5 C:\xampp\htdocs\roshan_energy\system\CodeIgniter.php(824): App\Controllers\Authentication->dashboard()
#6 C:\xampp\htdocs\roshan_energy\system\CodeIgniter.php(410): CodeIgniter\CodeIgniter->runController(Object(App\Controllers\Authentication))
#7 C:\xampp\htdocs\roshan_energy\system\CodeIgniter.php(318): CodeIgniter\CodeIgniter->handleRequest(NULL, Object(Config\Cache), false)
#8 C:\xampp\htdocs\roshan_energy\public\index.php(37): CodeIgniter\CodeIgniter->run()
#9 {main}
CRITICAL - 2021-12-06 06:14:58 --> Undefined variable: _SESSION
#0 C:\xampp\htdocs\roshan_energy\app\Views\Authentication\dashboard.php(3): CodeIgniter\Debug\Exceptions->errorHandler(8, 'Undefined varia...', 'C:\\xampp\\htdocs...', 3, Array)
#1 C:\xampp\htdocs\roshan_energy\system\View\View.php(214): include('C:\\xampp\\htdocs...')
#2 C:\xampp\htdocs\roshan_energy\system\View\View.php(217): CodeIgniter\View\View->CodeIgniter\View\{closure}()
#3 C:\xampp\htdocs\roshan_energy\system\Common.php(1097): CodeIgniter\View\View->render('Authentication/...', Array, true)
#4 C:\xampp\htdocs\roshan_energy\app\Controllers\Authentication.php(71): view('Authentication/...')
#5 C:\xampp\htdocs\roshan_energy\system\CodeIgniter.php(824): App\Controllers\Authentication->dashboard()
#6 C:\xampp\htdocs\roshan_energy\system\CodeIgniter.php(410): CodeIgniter\CodeIgniter->runController(Object(App\Controllers\Authentication))
#7 C:\xampp\htdocs\roshan_energy\system\CodeIgniter.php(318): CodeIgniter\CodeIgniter->handleRequest(NULL, Object(Config\Cache), false)
#8 C:\xampp\htdocs\roshan_energy\public\index.php(37): CodeIgniter\CodeIgniter->run()
#9 {main}
CRITICAL - 2021-12-06 06:15:20 --> Undefined variable: _SESSION
#0 C:\xampp\htdocs\roshan_energy\app\Controllers\Authentication.php(73): CodeIgniter\Debug\Exceptions->errorHandler(8, 'Undefined varia...', 'C:\\xampp\\htdocs...', 73, Array)
#1 C:\xampp\htdocs\roshan_energy\system\CodeIgniter.php(824): App\Controllers\Authentication->dashboard()
#2 C:\xampp\htdocs\roshan_energy\system\CodeIgniter.php(410): CodeIgniter\CodeIgniter->runController(Object(App\Controllers\Authentication))
#3 C:\xampp\htdocs\roshan_energy\system\CodeIgniter.php(318): CodeIgniter\CodeIgniter->handleRequest(NULL, Object(Config\Cache), false)
#4 C:\xampp\htdocs\roshan_energy\public\index.php(37): CodeIgniter\CodeIgniter->run()
#5 {main}
CRITICAL - 2021-12-06 06:21:38 --> Undefined property: App\Controllers\Authentication::$db
#0 C:\xampp\htdocs\roshan_energy\app\Controllers\Authentication.php(43): CodeIgniter\Debug\Exceptions->errorHandler(8, 'Undefined prope...', 'C:\\xampp\\htdocs...', 43, Array)
#1 C:\xampp\htdocs\roshan_energy\system\CodeIgniter.php(824): App\Controllers\Authentication->login_form()
#2 C:\xampp\htdocs\roshan_energy\system\CodeIgniter.php(410): CodeIgniter\CodeIgniter->runController(Object(App\Controllers\Authentication))
#3 C:\xampp\htdocs\roshan_energy\system\CodeIgniter.php(318): CodeIgniter\CodeIgniter->handleRequest(NULL, Object(Config\Cache), false)
#4 C:\xampp\htdocs\roshan_energy\public\index.php(37): CodeIgniter\CodeIgniter->run()
#5 {main}
CRITICAL - 2021-12-06 06:23:52 --> Undefined property: App\Controllers\Authentication::$db
#0 C:\xampp\htdocs\roshan_energy\app\Controllers\Authentication.php(44): CodeIgniter\Debug\Exceptions->errorHandler(8, 'Undefined prope...', 'C:\\xampp\\htdocs...', 44, Array)
#1 C:\xampp\htdocs\roshan_energy\system\CodeIgniter.php(824): App\Controllers\Authentication->login_form()
#2 C:\xampp\htdocs\roshan_energy\system\CodeIgniter.php(410): CodeIgniter\CodeIgniter->runController(Object(App\Controllers\Authentication))
#3 C:\xampp\htdocs\roshan_energy\system\CodeIgniter.php(318): CodeIgniter\CodeIgniter->handleRequest(NULL, Object(Config\Cache), false)
#4 C:\xampp\htdocs\roshan_energy\public\index.php(37): CodeIgniter\CodeIgniter->run()
#5 {main}
CRITICAL - 2021-12-06 06:24:10 --> Undefined property: App\Controllers\Authentication::$db
#0 C:\xampp\htdocs\roshan_energy\app\Controllers\Authentication.php(44): CodeIgniter\Debug\Exceptions->errorHandler(8, 'Undefined prope...', 'C:\\xampp\\htdocs...', 44, Array)
#1 C:\xampp\htdocs\roshan_energy\system\CodeIgniter.php(824): App\Controllers\Authentication->login_form()
#2 C:\xampp\htdocs\roshan_energy\system\CodeIgniter.php(410): CodeIgniter\CodeIgniter->runController(Object(App\Controllers\Authentication))
#3 C:\xampp\htdocs\roshan_energy\system\CodeIgniter.php(318): CodeIgniter\CodeIgniter->handleRequest(NULL, Object(Config\Cache), false)
#4 C:\xampp\htdocs\roshan_energy\public\index.php(37): CodeIgniter\CodeIgniter->run()
#5 {main}
CRITICAL - 2021-12-06 06:24:24 --> Undefined property: App\Controllers\Authentication::$db
#0 C:\xampp\htdocs\roshan_energy\app\Controllers\Authentication.php(44): CodeIgniter\Debug\Exceptions->errorHandler(8, 'Undefined prope...', 'C:\\xampp\\htdocs...', 44, Array)
#1 C:\xampp\htdocs\roshan_energy\system\CodeIgniter.php(824): App\Controllers\Authentication->login_form()
#2 C:\xampp\htdocs\roshan_energy\system\CodeIgniter.php(410): CodeIgniter\CodeIgniter->runController(Object(App\Controllers\Authentication))
#3 C:\xampp\htdocs\roshan_energy\system\CodeIgniter.php(318): CodeIgniter\CodeIgniter->handleRequest(NULL, Object(Config\Cache), false)
#4 C:\xampp\htdocs\roshan_energy\public\index.php(37): CodeIgniter\CodeIgniter->run()
#5 {main}
CRITICAL - 2021-12-06 06:25:32 --> Undefined property: App\Controllers\Authentication::$db
#0 C:\xampp\htdocs\roshan_energy\app\Controllers\Authentication.php(44): CodeIgniter\Debug\Exceptions->errorHandler(8, 'Undefined prope...', 'C:\\xampp\\htdocs...', 44, Array)
#1 C:\xampp\htdocs\roshan_energy\system\CodeIgniter.php(824): App\Controllers\Authentication->login_form()
#2 C:\xampp\htdocs\roshan_energy\system\CodeIgniter.php(410): CodeIgniter\CodeIgniter->runController(Object(App\Controllers\Authentication))
#3 C:\xampp\htdocs\roshan_energy\system\CodeIgniter.php(318): CodeIgniter\CodeIgniter->handleRequest(NULL, Object(Config\Cache), false)
#4 C:\xampp\htdocs\roshan_energy\public\index.php(37): CodeIgniter\CodeIgniter->run()
#5 {main}
CRITICAL - 2021-12-06 06:25:35 --> Undefined property: App\Controllers\Authentication::$db
#0 C:\xampp\htdocs\roshan_energy\app\Controllers\Authentication.php(44): CodeIgniter\Debug\Exceptions->errorHandler(8, 'Undefined prope...', 'C:\\xampp\\htdocs...', 44, Array)
#1 C:\xampp\htdocs\roshan_energy\system\CodeIgniter.php(824): App\Controllers\Authentication->login_form()
#2 C:\xampp\htdocs\roshan_energy\system\CodeIgniter.php(410): CodeIgniter\CodeIgniter->runController(Object(App\Controllers\Authentication))
#3 C:\xampp\htdocs\roshan_energy\system\CodeIgniter.php(318): CodeIgniter\CodeIgniter->handleRequest(NULL, Object(Config\Cache), false)
#4 C:\xampp\htdocs\roshan_energy\public\index.php(37): CodeIgniter\CodeIgniter->run()
#5 {main}
CRITICAL - 2021-12-06 06:25:47 --> Undefined property: App\Controllers\Authentication::$db
#0 C:\xampp\htdocs\roshan_energy\app\Controllers\Authentication.php(44): CodeIgniter\Debug\Exceptions->errorHandler(8, 'Undefined prope...', 'C:\\xampp\\htdocs...', 44, Array)
#1 C:\xampp\htdocs\roshan_energy\system\CodeIgniter.php(824): App\Controllers\Authentication->login_form()
#2 C:\xampp\htdocs\roshan_energy\system\CodeIgniter.php(410): CodeIgniter\CodeIgniter->runController(Object(App\Controllers\Authentication))
#3 C:\xampp\htdocs\roshan_energy\system\CodeIgniter.php(318): CodeIgniter\CodeIgniter->handleRequest(NULL, Object(Config\Cache), false)
#4 C:\xampp\htdocs\roshan_energy\public\index.php(37): CodeIgniter\CodeIgniter->run()
#5 {main}
CRITICAL - 2021-12-06 06:33:19 --> syntax error, unexpected 'echo' (T_ECHO), expecting function (T_FUNCTION) or const (T_CONST)
#0 C:\xampp\htdocs\roshan_energy\system\Autoloader\Autoloader.php(241): CodeIgniter\Autoloader\Autoloader->includeFile('C:\\xampp\\htdocs...')
#1 C:\xampp\htdocs\roshan_energy\system\Autoloader\Autoloader.php(219): CodeIgniter\Autoloader\Autoloader->loadInNamespace('App\\Models\\User...')
#2 [internal function]: CodeIgniter\Autoloader\Autoloader->loadClass('App\\Models\\User...')
#3 C:\xampp\htdocs\roshan_energy\app\Controllers\Authentication.php(12): spl_autoload_call('App\\Models\\User...')
#4 C:\xampp\htdocs\roshan_energy\system\CodeIgniter.php(801): App\Controllers\Authentication->__construct()
#5 C:\xampp\htdocs\roshan_energy\system\CodeIgniter.php(401): CodeIgniter\CodeIgniter->createController()
#6 C:\xampp\htdocs\roshan_energy\system\CodeIgniter.php(318): CodeIgniter\CodeIgniter->handleRequest(NULL, Object(Config\Cache), false)
#7 C:\xampp\htdocs\roshan_energy\public\index.php(37): CodeIgniter\CodeIgniter->run()
#8 {main}
CRITICAL - 2021-12-06 06:33:25 --> syntax error, unexpected 'echo' (T_ECHO), expecting function (T_FUNCTION) or const (T_CONST)
#0 C:\xampp\htdocs\roshan_energy\system\Autoloader\Autoloader.php(241): CodeIgniter\Autoloader\Autoloader->includeFile('C:\\xampp\\htdocs...')
#1 C:\xampp\htdocs\roshan_energy\system\Autoloader\Autoloader.php(219): CodeIgniter\Autoloader\Autoloader->loadInNamespace('App\\Models\\User...')
#2 [internal function]: CodeIgniter\Autoloader\Autoloader->loadClass('App\\Models\\User...')
#3 C:\xampp\htdocs\roshan_energy\app\Controllers\Authentication.php(12): spl_autoload_call('App\\Models\\User...')
#4 C:\xampp\htdocs\roshan_energy\system\CodeIgniter.php(801): App\Controllers\Authentication->__construct()
#5 C:\xampp\htdocs\roshan_energy\system\CodeIgniter.php(401): CodeIgniter\CodeIgniter->createController()
#6 C:\xampp\htdocs\roshan_energy\system\CodeIgniter.php(318): CodeIgniter\CodeIgniter->handleRequest(NULL, Object(Config\Cache), false)
#7 C:\xampp\htdocs\roshan_energy\public\index.php(37): CodeIgniter\CodeIgniter->run()
#8 {main}
CRITICAL - 2021-12-06 06:44:31 --> Undefined property: App\Controllers\Authentication::$db
#0 C:\xampp\htdocs\roshan_energy\app\Controllers\Authentication.php(42): CodeIgniter\Debug\Exceptions->errorHandler(8, 'Undefined prope...', 'C:\\xampp\\htdocs...', 42, Array)
#1 C:\xampp\htdocs\roshan_energy\system\CodeIgniter.php(824): App\Controllers\Authentication->login_form()
#2 C:\xampp\htdocs\roshan_energy\system\CodeIgniter.php(410): CodeIgniter\CodeIgniter->runController(Object(App\Controllers\Authentication))
#3 C:\xampp\htdocs\roshan_energy\system\CodeIgniter.php(318): CodeIgniter\CodeIgniter->handleRequest(NULL, Object(Config\Cache), false)
#4 C:\xampp\htdocs\roshan_energy\public\index.php(37): CodeIgniter\CodeIgniter->run()
#5 {main}
CRITICAL - 2021-12-06 06:47:17 --> Undefined property: App\Controllers\Authentication::$db
#0 C:\xampp\htdocs\roshan_energy\app\Controllers\Authentication.php(42): CodeIgniter\Debug\Exceptions->errorHandler(8, 'Undefined prope...', 'C:\\xampp\\htdocs...', 42, Array)
#1 C:\xampp\htdocs\roshan_energy\system\CodeIgniter.php(824): App\Controllers\Authentication->login_form()
#2 C:\xampp\htdocs\roshan_energy\system\CodeIgniter.php(410): CodeIgniter\CodeIgniter->runController(Object(App\Controllers\Authentication))
#3 C:\xampp\htdocs\roshan_energy\system\CodeIgniter.php(318): CodeIgniter\CodeIgniter->handleRequest(NULL, Object(Config\Cache), false)
#4 C:\xampp\htdocs\roshan_energy\public\index.php(37): CodeIgniter\CodeIgniter->run()
#5 {main}
CRITICAL - 2021-12-06 06:50:17 --> Undefined variable: model
#0 C:\xampp\htdocs\roshan_energy\app\Controllers\Authentication.php(43): CodeIgniter\Debug\Exceptions->errorHandler(8, 'Undefined varia...', 'C:\\xampp\\htdocs...', 43, Array)
#1 C:\xampp\htdocs\roshan_energy\system\CodeIgniter.php(824): App\Controllers\Authentication->login_form()
#2 C:\xampp\htdocs\roshan_energy\system\CodeIgniter.php(410): CodeIgniter\CodeIgniter->runController(Object(App\Controllers\Authentication))
#3 C:\xampp\htdocs\roshan_energy\system\CodeIgniter.php(318): CodeIgniter\CodeIgniter->handleRequest(NULL, Object(Config\Cache), false)
#4 C:\xampp\htdocs\roshan_energy\public\index.php(37): CodeIgniter\CodeIgniter->run()
#5 {main}
CRITICAL - 2021-12-06 06:50:40 --> Undefined variable: model
#0 C:\xampp\htdocs\roshan_energy\app\Controllers\Authentication.php(43): CodeIgniter\Debug\Exceptions->errorHandler(8, 'Undefined varia...', 'C:\\xampp\\htdocs...', 43, Array)
#1 C:\xampp\htdocs\roshan_energy\system\CodeIgniter.php(824): App\Controllers\Authentication->login_form()
#2 C:\xampp\htdocs\roshan_energy\system\CodeIgniter.php(410): CodeIgniter\CodeIgniter->runController(Object(App\Controllers\Authentication))
#3 C:\xampp\htdocs\roshan_energy\system\CodeIgniter.php(318): CodeIgniter\CodeIgniter->handleRequest(NULL, Object(Config\Cache), false)
#4 C:\xampp\htdocs\roshan_energy\public\index.php(37): CodeIgniter\CodeIgniter->run()
#5 {main}
CRITICAL - 2021-12-06 06:50:54 --> Undefined variable: model
#0 C:\xampp\htdocs\roshan_energy\app\Controllers\Authentication.php(43): CodeIgniter\Debug\Exceptions->errorHandler(8, 'Undefined varia...', 'C:\\xampp\\htdocs...', 43, Array)
#1 C:\xampp\htdocs\roshan_energy\system\CodeIgniter.php(824): App\Controllers\Authentication->login_form()
#2 C:\xampp\htdocs\roshan_energy\system\CodeIgniter.php(410): CodeIgniter\CodeIgniter->runController(Object(App\Controllers\Authentication))
#3 C:\xampp\htdocs\roshan_energy\system\CodeIgniter.php(318): CodeIgniter\CodeIgniter->handleRequest(NULL, Object(Config\Cache), false)
#4 C:\xampp\htdocs\roshan_energy\public\index.php(37): CodeIgniter\CodeIgniter->run()
#5 {main}
CRITICAL - 2021-12-06 06:51:07 --> Undefined variable: model
#0 C:\xampp\htdocs\roshan_energy\app\Controllers\Authentication.php(43): CodeIgniter\Debug\Exceptions->errorHandler(8, 'Undefined varia...', 'C:\\xampp\\htdocs...', 43, Array)
#1 C:\xampp\htdocs\roshan_energy\system\CodeIgniter.php(824): App\Controllers\Authentication->login_form()
#2 C:\xampp\htdocs\roshan_energy\system\CodeIgniter.php(410): CodeIgniter\CodeIgniter->runController(Object(App\Controllers\Authentication))
#3 C:\xampp\htdocs\roshan_energy\system\CodeIgniter.php(318): CodeIgniter\CodeIgniter->handleRequest(NULL, Object(Config\Cache), false)
#4 C:\xampp\htdocs\roshan_energy\public\index.php(37): CodeIgniter\CodeIgniter->run()
#5 {main}
CRITICAL - 2021-12-06 06:55:53 --> Undefined index: id
#0 C:\xampp\htdocs\roshan_energy\app\Controllers\Authentication.php(49): CodeIgniter\Debug\Exceptions->errorHandler(8, 'Undefined index...', 'C:\\xampp\\htdocs...', 49, Array)
#1 C:\xampp\htdocs\roshan_energy\system\CodeIgniter.php(824): App\Controllers\Authentication->login_form()
#2 C:\xampp\htdocs\roshan_energy\system\CodeIgniter.php(410): CodeIgniter\CodeIgniter->runController(Object(App\Controllers\Authentication))
#3 C:\xampp\htdocs\roshan_energy\system\CodeIgniter.php(318): CodeIgniter\CodeIgniter->handleRequest(NULL, Object(Config\Cache), false)
#4 C:\xampp\htdocs\roshan_energy\public\index.php(37): CodeIgniter\CodeIgniter->run()
#5 {main}
CRITICAL - 2021-12-06 06:57:42 --> Undefined index: id
#0 C:\xampp\htdocs\roshan_energy\app\Controllers\Authentication.php(49): CodeIgniter\Debug\Exceptions->errorHandler(8, 'Undefined index...', 'C:\\xampp\\htdocs...', 49, Array)
#1 C:\xampp\htdocs\roshan_energy\system\CodeIgniter.php(824): App\Controllers\Authentication->login_form()
#2 C:\xampp\htdocs\roshan_energy\system\CodeIgniter.php(410): CodeIgniter\CodeIgniter->runController(Object(App\Controllers\Authentication))
#3 C:\xampp\htdocs\roshan_energy\system\CodeIgniter.php(318): CodeIgniter\CodeIgniter->handleRequest(NULL, Object(Config\Cache), false)
#4 C:\xampp\htdocs\roshan_energy\public\index.php(37): CodeIgniter\CodeIgniter->run()
#5 {main}
CRITICAL - 2021-12-06 06:57:53 --> Undefined index: id
#0 C:\xampp\htdocs\roshan_energy\app\Controllers\Authentication.php(49): CodeIgniter\Debug\Exceptions->errorHandler(8, 'Undefined index...', 'C:\\xampp\\htdocs...', 49, Array)
#1 C:\xampp\htdocs\roshan_energy\system\CodeIgniter.php(824): App\Controllers\Authentication->login_form()
#2 C:\xampp\htdocs\roshan_energy\system\CodeIgniter.php(410): CodeIgniter\CodeIgniter->runController(Object(App\Controllers\Authentication))
#3 C:\xampp\htdocs\roshan_energy\system\CodeIgniter.php(318): CodeIgniter\CodeIgniter->handleRequest(NULL, Object(Config\Cache), false)
#4 C:\xampp\htdocs\roshan_energy\public\index.php(37): CodeIgniter\CodeIgniter->run()
#5 {main}
CRITICAL - 2021-12-06 07:11:40 --> Undefined index: id
#0 C:\xampp\htdocs\roshan_energy\app\Controllers\Authentication.php(49): CodeIgniter\Debug\Exceptions->errorHandler(8, 'Undefined index...', 'C:\\xampp\\htdocs...', 49, Array)
#1 C:\xampp\htdocs\roshan_energy\system\CodeIgniter.php(824): App\Controllers\Authentication->login_form()
#2 C:\xampp\htdocs\roshan_energy\system\CodeIgniter.php(410): CodeIgniter\CodeIgniter->runController(Object(App\Controllers\Authentication))
#3 C:\xampp\htdocs\roshan_energy\system\CodeIgniter.php(318): CodeIgniter\CodeIgniter->handleRequest(NULL, Object(Config\Cache), false)
#4 C:\xampp\htdocs\roshan_energy\public\index.php(37): CodeIgniter\CodeIgniter->run()
#5 {main}
CRITICAL - 2021-12-06 07:13:07 --> Undefined index: id
#0 C:\xampp\htdocs\roshan_energy\app\Controllers\Authentication.php(49): CodeIgniter\Debug\Exceptions->errorHandler(8, 'Undefined index...', 'C:\\xampp\\htdocs...', 49, Array)
#1 C:\xampp\htdocs\roshan_energy\system\CodeIgniter.php(824): App\Controllers\Authentication->login_form()
#2 C:\xampp\htdocs\roshan_energy\system\CodeIgniter.php(410): CodeIgniter\CodeIgniter->runController(Object(App\Controllers\Authentication))
#3 C:\xampp\htdocs\roshan_energy\system\CodeIgniter.php(318): CodeIgniter\CodeIgniter->handleRequest(NULL, Object(Config\Cache), false)
#4 C:\xampp\htdocs\roshan_energy\public\index.php(37): CodeIgniter\CodeIgniter->run()
#5 {main}
CRITICAL - 2021-12-06 07:13:20 --> Undefined index: id
#0 C:\xampp\htdocs\roshan_energy\app\Controllers\Authentication.php(49): CodeIgniter\Debug\Exceptions->errorHandler(8, 'Undefined index...', 'C:\\xampp\\htdocs...', 49, Array)
#1 C:\xampp\htdocs\roshan_energy\system\CodeIgniter.php(824): App\Controllers\Authentication->login_form()
#2 C:\xampp\htdocs\roshan_energy\system\CodeIgniter.php(410): CodeIgniter\CodeIgniter->runController(Object(App\Controllers\Authentication))
#3 C:\xampp\htdocs\roshan_energy\system\CodeIgniter.php(318): CodeIgniter\CodeIgniter->handleRequest(NULL, Object(Config\Cache), false)
#4 C:\xampp\htdocs\roshan_energy\public\index.php(37): CodeIgniter\CodeIgniter->run()
#5 {main}
CRITICAL - 2021-12-06 07:13:32 --> Undefined index: id
#0 C:\xampp\htdocs\roshan_energy\app\Controllers\Authentication.php(49): CodeIgniter\Debug\Exceptions->errorHandler(8, 'Undefined index...', 'C:\\xampp\\htdocs...', 49, Array)
#1 C:\xampp\htdocs\roshan_energy\system\CodeIgniter.php(824): App\Controllers\Authentication->login_form()
#2 C:\xampp\htdocs\roshan_energy\system\CodeIgniter.php(410): CodeIgniter\CodeIgniter->runController(Object(App\Controllers\Authentication))
#3 C:\xampp\htdocs\roshan_energy\system\CodeIgniter.php(318): CodeIgniter\CodeIgniter->handleRequest(NULL, Object(Config\Cache), false)
#4 C:\xampp\htdocs\roshan_energy\public\index.php(37): CodeIgniter\CodeIgniter->run()
#5 {main}
CRITICAL - 2021-12-06 07:14:47 --> Call to undefined method App\Models\UserModel::getVar
#0 C:\xampp\htdocs\roshan_energy\app\Controllers\Authentication.php(41): CodeIgniter\Model->__call('getVar', Array)
#1 C:\xampp\htdocs\roshan_energy\system\CodeIgniter.php(824): App\Controllers\Authentication->login_form()
#2 C:\xampp\htdocs\roshan_energy\system\CodeIgniter.php(410): CodeIgniter\CodeIgniter->runController(Object(App\Controllers\Authentication))
#3 C:\xampp\htdocs\roshan_energy\system\CodeIgniter.php(318): CodeIgniter\CodeIgniter->handleRequest(NULL, Object(Config\Cache), false)
#4 C:\xampp\htdocs\roshan_energy\public\index.php(37): CodeIgniter\CodeIgniter->run()
#5 {main}
CRITICAL - 2021-12-06 07:15:02 --> Call to undefined method App\Models\UserModel::getVar
#0 C:\xampp\htdocs\roshan_energy\app\Controllers\Authentication.php(41): CodeIgniter\Model->__call('getVar', Array)
#1 C:\xampp\htdocs\roshan_energy\system\CodeIgniter.php(824): App\Controllers\Authentication->login_form()
#2 C:\xampp\htdocs\roshan_energy\system\CodeIgniter.php(410): CodeIgniter\CodeIgniter->runController(Object(App\Controllers\Authentication))
#3 C:\xampp\htdocs\roshan_energy\system\CodeIgniter.php(318): CodeIgniter\CodeIgniter->handleRequest(NULL, Object(Config\Cache), false)
#4 C:\xampp\htdocs\roshan_energy\public\index.php(37): CodeIgniter\CodeIgniter->run()
#5 {main}
CRITICAL - 2021-12-06 07:15:13 --> Call to undefined method App\Models\UserModel::getVar
#0 C:\xampp\htdocs\roshan_energy\app\Controllers\Authentication.php(41): CodeIgniter\Model->__call('getVar', Array)
#1 C:\xampp\htdocs\roshan_energy\system\CodeIgniter.php(824): App\Controllers\Authentication->login_form()
#2 C:\xampp\htdocs\roshan_energy\system\CodeIgniter.php(410): CodeIgniter\CodeIgniter->runController(Object(App\Controllers\Authentication))
#3 C:\xampp\htdocs\roshan_energy\system\CodeIgniter.php(318): CodeIgniter\CodeIgniter->handleRequest(NULL, Object(Config\Cache), false)
#4 C:\xampp\htdocs\roshan_energy\public\index.php(37): CodeIgniter\CodeIgniter->run()
#5 {main}
CRITICAL - 2021-12-06 07:16:48 --> Undefined index: id
#0 C:\xampp\htdocs\roshan_energy\app\Controllers\Authentication.php(42): CodeIgniter\Debug\Exceptions->errorHandler(8, 'Undefined index...', 'C:\\xampp\\htdocs...', 42, Array)
#1 C:\xampp\htdocs\roshan_energy\system\CodeIgniter.php(824): App\Controllers\Authentication->login_form()
#2 C:\xampp\htdocs\roshan_energy\system\CodeIgniter.php(410): CodeIgniter\CodeIgniter->runController(Object(App\Controllers\Authentication))
#3 C:\xampp\htdocs\roshan_energy\system\CodeIgniter.php(318): CodeIgniter\CodeIgniter->handleRequest(NULL, Object(Config\Cache), false)
#4 C:\xampp\htdocs\roshan_energy\public\index.php(37): CodeIgniter\CodeIgniter->run()
#5 {main}
CRITICAL - 2021-12-06 07:19:02 --> Undefined index: id
#0 C:\xampp\htdocs\roshan_energy\app\Controllers\Authentication.php(49): CodeIgniter\Debug\Exceptions->errorHandler(8, 'Undefined index...', 'C:\\xampp\\htdocs...', 49, Array)
#1 C:\xampp\htdocs\roshan_energy\system\CodeIgniter.php(824): App\Controllers\Authentication->login_form()
#2 C:\xampp\htdocs\roshan_energy\system\CodeIgniter.php(410): CodeIgniter\CodeIgniter->runController(Object(App\Controllers\Authentication))
#3 C:\xampp\htdocs\roshan_energy\system\CodeIgniter.php(318): CodeIgniter\CodeIgniter->handleRequest(NULL, Object(Config\Cache), false)
#4 C:\xampp\htdocs\roshan_energy\public\index.php(37): CodeIgniter\CodeIgniter->run()
#5 {main}
CRITICAL - 2021-12-06 07:32:53 --> Undefined index: id
#0 C:\xampp\htdocs\roshan_energy\app\Controllers\Authentication.php(86): CodeIgniter\Debug\Exceptions->errorHandler(8, 'Undefined index...', 'C:\\xampp\\htdocs...', 86, Array)
#1 C:\xampp\htdocs\roshan_energy\system\CodeIgniter.php(824): App\Controllers\Authentication->dashboard()
#2 C:\xampp\htdocs\roshan_energy\system\CodeIgniter.php(410): CodeIgniter\CodeIgniter->runController(Object(App\Controllers\Authentication))
#3 C:\xampp\htdocs\roshan_energy\system\CodeIgniter.php(318): CodeIgniter\CodeIgniter->handleRequest(NULL, Object(Config\Cache), false)
#4 C:\xampp\htdocs\roshan_energy\public\index.php(37): CodeIgniter\CodeIgniter->run()
#5 {main}
CRITICAL - 2021-12-06 07:33:28 --> Undefined index: id
#0 C:\xampp\htdocs\roshan_energy\app\Controllers\Authentication.php(83): CodeIgniter\Debug\Exceptions->errorHandler(8, 'Undefined index...', 'C:\\xampp\\htdocs...', 83, Array)
#1 C:\xampp\htdocs\roshan_energy\system\CodeIgniter.php(824): App\Controllers\Authentication->dashboard()
#2 C:\xampp\htdocs\roshan_energy\system\CodeIgniter.php(410): CodeIgniter\CodeIgniter->runController(Object(App\Controllers\Authentication))
#3 C:\xampp\htdocs\roshan_energy\system\CodeIgniter.php(318): CodeIgniter\CodeIgniter->handleRequest(NULL, Object(Config\Cache), false)
#4 C:\xampp\htdocs\roshan_energy\public\index.php(37): CodeIgniter\CodeIgniter->run()
#5 {main}
CRITICAL - 2021-12-06 07:33:36 --> Undefined index: id
#0 C:\xampp\htdocs\roshan_energy\app\Controllers\Authentication.php(83): CodeIgniter\Debug\Exceptions->errorHandler(8, 'Undefined index...', 'C:\\xampp\\htdocs...', 83, Array)
#1 C:\xampp\htdocs\roshan_energy\system\CodeIgniter.php(824): App\Controllers\Authentication->dashboard()
#2 C:\xampp\htdocs\roshan_energy\system\CodeIgniter.php(410): CodeIgniter\CodeIgniter->runController(Object(App\Controllers\Authentication))
#3 C:\xampp\htdocs\roshan_energy\system\CodeIgniter.php(318): CodeIgniter\CodeIgniter->handleRequest(NULL, Object(Config\Cache), false)
#4 C:\xampp\htdocs\roshan_energy\public\index.php(37): CodeIgniter\CodeIgniter->run()
#5 {main}
