CRITICAL - 2021-12-17 00:40:21 --> syntax error, unexpected 'else' (T_ELSE)
#0 /home1/wartiz/public_html/roshan_energy/system/View/View.php(217): CodeIgniter\View\View->CodeIgniter\View\{closure}()
#1 /home1/wartiz/public_html/roshan_energy/system/Common.php(1097): CodeIgniter\View\View->render('Dashboard/edit_...', Array, true)
#2 /home1/wartiz/public_html/roshan_energy/app/Views/template_with_header/template.php(5): view('Dashboard/edit_...')
#3 /home1/wartiz/public_html/roshan_energy/system/View/View.php(214): include('/home1/wartiz/p...')
#4 /home1/wartiz/public_html/roshan_energy/system/View/View.php(217): CodeIgniter\View\View->CodeIgniter\View\{closure}()
#5 /home1/wartiz/public_html/roshan_energy/system/Common.php(1097): CodeIgniter\View\View->render('template_with_h...', Array, true)
#6 /home1/wartiz/public_html/roshan_energy/app/Controllers/Dashboard.php(291): view('template_with_h...', Array)
#7 /home1/wartiz/public_html/roshan_energy/system/CodeIgniter.php(824): App\Controllers\Dashboard->edit_customer('OGJmMjNXZ1RxSEI...')
#8 /home1/wartiz/public_html/roshan_energy/system/CodeIgniter.php(410): CodeIgniter\CodeIgniter->runController(Object(App\Controllers\Dashboard))
#9 /home1/wartiz/public_html/roshan_energy/system/CodeIgniter.php(318): CodeIgniter\CodeIgniter->handleRequest(NULL, Object(Config\Cache), false)
#10 /home1/wartiz/public_html/roshan_energy/public/index.php(37): CodeIgniter\CodeIgniter->run()
#11 {main}
CRITICAL - 2021-12-17 00:40:21 --> syntax error, unexpected 'else' (T_ELSE)
#0 /home1/wartiz/public_html/roshan_energy/system/View/View.php(217): CodeIgniter\View\View->CodeIgniter\View\{closure}()
#1 /home1/wartiz/public_html/roshan_energy/system/Common.php(1097): CodeIgniter\View\View->render('Dashboard/edit_...', Array, true)
#2 /home1/wartiz/public_html/roshan_energy/app/Views/template_with_header/template.php(5): view('Dashboard/edit_...')
#3 /home1/wartiz/public_html/roshan_energy/system/View/View.php(214): include('/home1/wartiz/p...')
#4 /home1/wartiz/public_html/roshan_energy/system/View/View.php(217): CodeIgniter\View\View->CodeIgniter\View\{closure}()
#5 /home1/wartiz/public_html/roshan_energy/system/Common.php(1097): CodeIgniter\View\View->render('template_with_h...', Array, true)
#6 /home1/wartiz/public_html/roshan_energy/app/Controllers/Dashboard.php(291): view('template_with_h...', Array)
#7 /home1/wartiz/public_html/roshan_energy/system/CodeIgniter.php(824): App\Controllers\Dashboard->edit_customer('assets', 'img', 'logos', 'logo.jpeg')
#8 /home1/wartiz/public_html/roshan_energy/system/CodeIgniter.php(410): CodeIgniter\CodeIgniter->runController(Object(App\Controllers\Dashboard))
#9 /home1/wartiz/public_html/roshan_energy/system/CodeIgniter.php(318): CodeIgniter\CodeIgniter->handleRequest(NULL, Object(Config\Cache), false)
#10 /home1/wartiz/public_html/roshan_energy/public/index.php(37): CodeIgniter\CodeIgniter->run()
#11 {main}
CRITICAL - 2021-12-17 00:40:21 --> syntax error, unexpected 'else' (T_ELSE)
#0 /home1/wartiz/public_html/roshan_energy/system/View/View.php(217): CodeIgniter\View\View->CodeIgniter\View\{closure}()
#1 /home1/wartiz/public_html/roshan_energy/system/Common.php(1097): CodeIgniter\View\View->render('Dashboard/edit_...', Array, true)
#2 /home1/wartiz/public_html/roshan_energy/app/Views/template_with_header/template.php(5): view('Dashboard/edit_...')
#3 /home1/wartiz/public_html/roshan_energy/system/View/View.php(214): include('/home1/wartiz/p...')
#4 /home1/wartiz/public_html/roshan_energy/system/View/View.php(217): CodeIgniter\View\View->CodeIgniter\View\{closure}()
#5 /home1/wartiz/public_html/roshan_energy/system/Common.php(1097): CodeIgniter\View\View->render('template_with_h...', Array, true)
#6 /home1/wartiz/public_html/roshan_energy/app/Controllers/Dashboard.php(291): view('template_with_h...', Array)
#7 /home1/wartiz/public_html/roshan_energy/system/CodeIgniter.php(824): App\Controllers\Dashboard->edit_customer('assets', 'img', 'avatars', '2.jpg')
#8 /home1/wartiz/public_html/roshan_energy/system/CodeIgniter.php(410): CodeIgniter\CodeIgniter->runController(Object(App\Controllers\Dashboard))
#9 /home1/wartiz/public_html/roshan_energy/system/CodeIgniter.php(318): CodeIgniter\CodeIgniter->handleRequest(NULL, Object(Config\Cache), false)
#10 /home1/wartiz/public_html/roshan_energy/public/index.php(37): CodeIgniter\CodeIgniter->run()
#11 {main}
CRITICAL - 2021-12-17 00:40:21 --> syntax error, unexpected 'else' (T_ELSE)
#0 /home1/wartiz/public_html/roshan_energy/system/View/View.php(217): CodeIgniter\View\View->CodeIgniter\View\{closure}()
#1 /home1/wartiz/public_html/roshan_energy/system/Common.php(1097): CodeIgniter\View\View->render('Dashboard/edit_...', Array, true)
#2 /home1/wartiz/public_html/roshan_energy/app/Views/template_with_header/template.php(5): view('Dashboard/edit_...')
#3 /home1/wartiz/public_html/roshan_energy/system/View/View.php(214): include('/home1/wartiz/p...')
#4 /home1/wartiz/public_html/roshan_energy/system/View/View.php(217): CodeIgniter\View\View->CodeIgniter\View\{closure}()
#5 /home1/wartiz/public_html/roshan_energy/system/Common.php(1097): CodeIgniter\View\View->render('template_with_h...', Array, true)
#6 /home1/wartiz/public_html/roshan_energy/app/Controllers/Dashboard.php(291): view('template_with_h...', Array)
#7 /home1/wartiz/public_html/roshan_energy/system/CodeIgniter.php(824): App\Controllers\Dashboard->edit_customer('assets', 'img', 'avatars', '8.jpg')
#8 /home1/wartiz/public_html/roshan_energy/system/CodeIgniter.php(410): CodeIgniter\CodeIgniter->runController(Object(App\Controllers\Dashboard))
#9 /home1/wartiz/public_html/roshan_energy/system/CodeIgniter.php(318): CodeIgniter\CodeIgniter->handleRequest(NULL, Object(Config\Cache), false)
#10 /home1/wartiz/public_html/roshan_energy/public/index.php(37): CodeIgniter\CodeIgniter->run()
#11 {main}
CRITICAL - 2021-12-17 00:40:21 --> syntax error, unexpected 'else' (T_ELSE)
#0 /home1/wartiz/public_html/roshan_energy/system/View/View.php(217): CodeIgniter\View\View->CodeIgniter\View\{closure}()
#1 /home1/wartiz/public_html/roshan_energy/system/Common.php(1097): CodeIgniter\View\View->render('Dashboard/edit_...', Array, true)
#2 /home1/wartiz/public_html/roshan_energy/app/Views/template_with_header/template.php(5): view('Dashboard/edit_...')
#3 /home1/wartiz/public_html/roshan_energy/system/View/View.php(214): include('/home1/wartiz/p...')
#4 /home1/wartiz/public_html/roshan_energy/system/View/View.php(217): CodeIgniter\View\View->CodeIgniter\View\{closure}()
#5 /home1/wartiz/public_html/roshan_energy/system/Common.php(1097): CodeIgniter\View\View->render('template_with_h...', Array, true)
#6 /home1/wartiz/public_html/roshan_energy/app/Controllers/Dashboard.php(291): view('template_with_h...', Array)
#7 /home1/wartiz/public_html/roshan_energy/system/CodeIgniter.php(824): App\Controllers\Dashboard->edit_customer('assets', 'img', 'avatars', '6.jpg')
#8 /home1/wartiz/public_html/roshan_energy/system/CodeIgniter.php(410): CodeIgniter\CodeIgniter->runController(Object(App\Controllers\Dashboard))
#9 /home1/wartiz/public_html/roshan_energy/system/CodeIgniter.php(318): CodeIgniter\CodeIgniter->handleRequest(NULL, Object(Config\Cache), false)
#10 /home1/wartiz/public_html/roshan_energy/public/index.php(37): CodeIgniter\CodeIgniter->run()
#11 {main}
CRITICAL - 2021-12-17 00:40:22 --> syntax error, unexpected 'else' (T_ELSE)
#0 /home1/wartiz/public_html/roshan_energy/system/View/View.php(217): CodeIgniter\View\View->CodeIgniter\View\{closure}()
#1 /home1/wartiz/public_html/roshan_energy/system/Common.php(1097): CodeIgniter\View\View->render('Dashboard/edit_...', Array, true)
#2 /home1/wartiz/public_html/roshan_energy/app/Views/template_with_header/template.php(5): view('Dashboard/edit_...')
#3 /home1/wartiz/public_html/roshan_energy/system/View/View.php(214): include('/home1/wartiz/p...')
#4 /home1/wartiz/public_html/roshan_energy/system/View/View.php(217): CodeIgniter\View\View->CodeIgniter\View\{closure}()
#5 /home1/wartiz/public_html/roshan_energy/system/Common.php(1097): CodeIgniter\View\View->render('template_with_h...', Array, true)
#6 /home1/wartiz/public_html/roshan_energy/app/Controllers/Dashboard.php(291): view('template_with_h...', Array)
#7 /home1/wartiz/public_html/roshan_energy/system/CodeIgniter.php(824): App\Controllers\Dashboard->edit_customer('assets', 'img', 'favicon.ico')
#8 /home1/wartiz/public_html/roshan_energy/system/CodeIgniter.php(410): CodeIgniter\CodeIgniter->runController(Object(App\Controllers\Dashboard))
#9 /home1/wartiz/public_html/roshan_energy/system/CodeIgniter.php(318): CodeIgniter\CodeIgniter->handleRequest(NULL, Object(Config\Cache), false)
#10 /home1/wartiz/public_html/roshan_energy/public/index.php(37): CodeIgniter\CodeIgniter->run()
#11 {main}
CRITICAL - 2021-12-17 00:41:28 --> syntax error, unexpected 'else' (T_ELSE)
#0 /home1/wartiz/public_html/roshan_energy/system/View/View.php(217): CodeIgniter\View\View->CodeIgniter\View\{closure}()
#1 /home1/wartiz/public_html/roshan_energy/system/Common.php(1097): CodeIgniter\View\View->render('Dashboard/edit_...', Array, true)
#2 /home1/wartiz/public_html/roshan_energy/app/Views/template_with_header/template.php(5): view('Dashboard/edit_...')
#3 /home1/wartiz/public_html/roshan_energy/system/View/View.php(214): include('/home1/wartiz/p...')
#4 /home1/wartiz/public_html/roshan_energy/system/View/View.php(217): CodeIgniter\View\View->CodeIgniter\View\{closure}()
#5 /home1/wartiz/public_html/roshan_energy/system/Common.php(1097): CodeIgniter\View\View->render('template_with_h...', Array, true)
#6 /home1/wartiz/public_html/roshan_energy/app/Controllers/Dashboard.php(291): view('template_with_h...', Array)
#7 /home1/wartiz/public_html/roshan_energy/system/CodeIgniter.php(824): App\Controllers\Dashboard->edit_customer('OGJmMjNXZ1RxSEI...')
#8 /home1/wartiz/public_html/roshan_energy/system/CodeIgniter.php(410): CodeIgniter\CodeIgniter->runController(Object(App\Controllers\Dashboard))
#9 /home1/wartiz/public_html/roshan_energy/system/CodeIgniter.php(318): CodeIgniter\CodeIgniter->handleRequest(NULL, Object(Config\Cache), false)
#10 /home1/wartiz/public_html/roshan_energy/public/index.php(37): CodeIgniter\CodeIgniter->run()
#11 {main}
CRITICAL - 2021-12-17 00:41:29 --> syntax error, unexpected 'else' (T_ELSE)
#0 /home1/wartiz/public_html/roshan_energy/system/View/View.php(217): CodeIgniter\View\View->CodeIgniter\View\{closure}()
#1 /home1/wartiz/public_html/roshan_energy/system/Common.php(1097): CodeIgniter\View\View->render('Dashboard/edit_...', Array, true)
#2 /home1/wartiz/public_html/roshan_energy/app/Views/template_with_header/template.php(5): view('Dashboard/edit_...')
#3 /home1/wartiz/public_html/roshan_energy/system/View/View.php(214): include('/home1/wartiz/p...')
#4 /home1/wartiz/public_html/roshan_energy/system/View/View.php(217): CodeIgniter\View\View->CodeIgniter\View\{closure}()
#5 /home1/wartiz/public_html/roshan_energy/system/Common.php(1097): CodeIgniter\View\View->render('template_with_h...', Array, true)
#6 /home1/wartiz/public_html/roshan_energy/app/Controllers/Dashboard.php(291): view('template_with_h...', Array)
#7 /home1/wartiz/public_html/roshan_energy/system/CodeIgniter.php(824): App\Controllers\Dashboard->edit_customer('assets', 'img', 'logos', 'logo.jpeg')
#8 /home1/wartiz/public_html/roshan_energy/system/CodeIgniter.php(410): CodeIgniter\CodeIgniter->runController(Object(App\Controllers\Dashboard))
#9 /home1/wartiz/public_html/roshan_energy/system/CodeIgniter.php(318): CodeIgniter\CodeIgniter->handleRequest(NULL, Object(Config\Cache), false)
#10 /home1/wartiz/public_html/roshan_energy/public/index.php(37): CodeIgniter\CodeIgniter->run()
#11 {main}
CRITICAL - 2021-12-17 00:41:29 --> syntax error, unexpected 'else' (T_ELSE)
#0 /home1/wartiz/public_html/roshan_energy/system/View/View.php(217): CodeIgniter\View\View->CodeIgniter\View\{closure}()
#1 /home1/wartiz/public_html/roshan_energy/system/Common.php(1097): CodeIgniter\View\View->render('Dashboard/edit_...', Array, true)
#2 /home1/wartiz/public_html/roshan_energy/app/Views/template_with_header/template.php(5): view('Dashboard/edit_...')
#3 /home1/wartiz/public_html/roshan_energy/system/View/View.php(214): include('/home1/wartiz/p...')
#4 /home1/wartiz/public_html/roshan_energy/system/View/View.php(217): CodeIgniter\View\View->CodeIgniter\View\{closure}()
#5 /home1/wartiz/public_html/roshan_energy/system/Common.php(1097): CodeIgniter\View\View->render('template_with_h...', Array, true)
#6 /home1/wartiz/public_html/roshan_energy/app/Controllers/Dashboard.php(291): view('template_with_h...', Array)
#7 /home1/wartiz/public_html/roshan_energy/system/CodeIgniter.php(824): App\Controllers\Dashboard->edit_customer('assets', 'img', 'avatars', '2.jpg')
#8 /home1/wartiz/public_html/roshan_energy/system/CodeIgniter.php(410): CodeIgniter\CodeIgniter->runController(Object(App\Controllers\Dashboard))
#9 /home1/wartiz/public_html/roshan_energy/system/CodeIgniter.php(318): CodeIgniter\CodeIgniter->handleRequest(NULL, Object(Config\Cache), false)
#10 /home1/wartiz/public_html/roshan_energy/public/index.php(37): CodeIgniter\CodeIgniter->run()
#11 {main}
CRITICAL - 2021-12-17 00:41:29 --> syntax error, unexpected 'else' (T_ELSE)
#0 /home1/wartiz/public_html/roshan_energy/system/View/View.php(217): CodeIgniter\View\View->CodeIgniter\View\{closure}()
#1 /home1/wartiz/public_html/roshan_energy/system/Common.php(1097): CodeIgniter\View\View->render('Dashboard/edit_...', Array, true)
#2 /home1/wartiz/public_html/roshan_energy/app/Views/template_with_header/template.php(5): view('Dashboard/edit_...')
#3 /home1/wartiz/public_html/roshan_energy/system/View/View.php(214): include('/home1/wartiz/p...')
#4 /home1/wartiz/public_html/roshan_energy/system/View/View.php(217): CodeIgniter\View\View->CodeIgniter\View\{closure}()
#5 /home1/wartiz/public_html/roshan_energy/system/Common.php(1097): CodeIgniter\View\View->render('template_with_h...', Array, true)
#6 /home1/wartiz/public_html/roshan_energy/app/Controllers/Dashboard.php(291): view('template_with_h...', Array)
#7 /home1/wartiz/public_html/roshan_energy/system/CodeIgniter.php(824): App\Controllers\Dashboard->edit_customer('assets', 'img', 'avatars', '6.jpg')
#8 /home1/wartiz/public_html/roshan_energy/system/CodeIgniter.php(410): CodeIgniter\CodeIgniter->runController(Object(App\Controllers\Dashboard))
#9 /home1/wartiz/public_html/roshan_energy/system/CodeIgniter.php(318): CodeIgniter\CodeIgniter->handleRequest(NULL, Object(Config\Cache), false)
#10 /home1/wartiz/public_html/roshan_energy/public/index.php(37): CodeIgniter\CodeIgniter->run()
#11 {main}
CRITICAL - 2021-12-17 00:41:29 --> syntax error, unexpected 'else' (T_ELSE)
#0 /home1/wartiz/public_html/roshan_energy/system/View/View.php(217): CodeIgniter\View\View->CodeIgniter\View\{closure}()
#1 /home1/wartiz/public_html/roshan_energy/system/Common.php(1097): CodeIgniter\View\View->render('Dashboard/edit_...', Array, true)
#2 /home1/wartiz/public_html/roshan_energy/app/Views/template_with_header/template.php(5): view('Dashboard/edit_...')
#3 /home1/wartiz/public_html/roshan_energy/system/View/View.php(214): include('/home1/wartiz/p...')
#4 /home1/wartiz/public_html/roshan_energy/system/View/View.php(217): CodeIgniter\View\View->CodeIgniter\View\{closure}()
#5 /home1/wartiz/public_html/roshan_energy/system/Common.php(1097): CodeIgniter\View\View->render('template_with_h...', Array, true)
#6 /home1/wartiz/public_html/roshan_energy/app/Controllers/Dashboard.php(291): view('template_with_h...', Array)
#7 /home1/wartiz/public_html/roshan_energy/system/CodeIgniter.php(824): App\Controllers\Dashboard->edit_customer('assets', 'img', 'avatars', '8.jpg')
#8 /home1/wartiz/public_html/roshan_energy/system/CodeIgniter.php(410): CodeIgniter\CodeIgniter->runController(Object(App\Controllers\Dashboard))
#9 /home1/wartiz/public_html/roshan_energy/system/CodeIgniter.php(318): CodeIgniter\CodeIgniter->handleRequest(NULL, Object(Config\Cache), false)
#10 /home1/wartiz/public_html/roshan_energy/public/index.php(37): CodeIgniter\CodeIgniter->run()
#11 {main}
CRITICAL - 2021-12-17 00:41:29 --> syntax error, unexpected 'else' (T_ELSE)
#0 /home1/wartiz/public_html/roshan_energy/system/View/View.php(217): CodeIgniter\View\View->CodeIgniter\View\{closure}()
#1 /home1/wartiz/public_html/roshan_energy/system/Common.php(1097): CodeIgniter\View\View->render('Dashboard/edit_...', Array, true)
#2 /home1/wartiz/public_html/roshan_energy/app/Views/template_with_header/template.php(5): view('Dashboard/edit_...')
#3 /home1/wartiz/public_html/roshan_energy/system/View/View.php(214): include('/home1/wartiz/p...')
#4 /home1/wartiz/public_html/roshan_energy/system/View/View.php(217): CodeIgniter\View\View->CodeIgniter\View\{closure}()
#5 /home1/wartiz/public_html/roshan_energy/system/Common.php(1097): CodeIgniter\View\View->render('template_with_h...', Array, true)
#6 /home1/wartiz/public_html/roshan_energy/app/Controllers/Dashboard.php(291): view('template_with_h...', Array)
#7 /home1/wartiz/public_html/roshan_energy/system/CodeIgniter.php(824): App\Controllers\Dashboard->edit_customer('assets', 'img', 'favicon.ico')
#8 /home1/wartiz/public_html/roshan_energy/system/CodeIgniter.php(410): CodeIgniter\CodeIgniter->runController(Object(App\Controllers\Dashboard))
#9 /home1/wartiz/public_html/roshan_energy/system/CodeIgniter.php(318): CodeIgniter\CodeIgniter->handleRequest(NULL, Object(Config\Cache), false)
#10 /home1/wartiz/public_html/roshan_energy/public/index.php(37): CodeIgniter\CodeIgniter->run()
#11 {main}
CRITICAL - 2021-12-17 06:52:40 --> There is no data to update.
#0 /home1/wartiz/public_html/roshan_energy/system/BaseModel.php(1574): CodeIgniter\Database\Exceptions\DataException::forEmptyDataset('update')
#1 /home1/wartiz/public_html/roshan_energy/system/BaseModel.php(832): CodeIgniter\BaseModel->transformDataToArray(NULL, 'update')
#2 /home1/wartiz/public_html/roshan_energy/system/Model.php(646): CodeIgniter\BaseModel->update(Array, NULL)
#3 /home1/wartiz/public_html/roshan_energy/app/Controllers/Dashboard.php(831): CodeIgniter\Model->update(Array)
#4 /home1/wartiz/public_html/roshan_energy/system/CodeIgniter.php(824): App\Controllers\Dashboard->update_water_meter()
#5 /home1/wartiz/public_html/roshan_energy/system/CodeIgniter.php(410): CodeIgniter\CodeIgniter->runController(Object(App\Controllers\Dashboard))
#6 /home1/wartiz/public_html/roshan_energy/system/CodeIgniter.php(318): CodeIgniter\CodeIgniter->handleRequest(NULL, Object(Config\Cache), false)
#7 /home1/wartiz/public_html/roshan_energy/public/index.php(37): CodeIgniter\CodeIgniter->run()
#8 {main}
CRITICAL - 2021-12-17 06:52:43 --> There is no data to update.
#0 /home1/wartiz/public_html/roshan_energy/system/BaseModel.php(1574): CodeIgniter\Database\Exceptions\DataException::forEmptyDataset('update')
#1 /home1/wartiz/public_html/roshan_energy/system/BaseModel.php(832): CodeIgniter\BaseModel->transformDataToArray(NULL, 'update')
#2 /home1/wartiz/public_html/roshan_energy/system/Model.php(646): CodeIgniter\BaseModel->update(Array, NULL)
#3 /home1/wartiz/public_html/roshan_energy/app/Controllers/Dashboard.php(831): CodeIgniter\Model->update(Array)
#4 /home1/wartiz/public_html/roshan_energy/system/CodeIgniter.php(824): App\Controllers\Dashboard->update_water_meter()
#5 /home1/wartiz/public_html/roshan_energy/system/CodeIgniter.php(410): CodeIgniter\CodeIgniter->runController(Object(App\Controllers\Dashboard))
#6 /home1/wartiz/public_html/roshan_energy/system/CodeIgniter.php(318): CodeIgniter\CodeIgniter->handleRequest(NULL, Object(Config\Cache), false)
#7 /home1/wartiz/public_html/roshan_energy/public/index.php(37): CodeIgniter\CodeIgniter->run()
#8 {main}
CRITICAL - 2021-12-17 06:56:13 --> There is no data to update.
#0 /home1/wartiz/public_html/roshan_energy/system/BaseModel.php(846): CodeIgniter\Database\Exceptions\DataException::forEmptyDataset('update')
#1 /home1/wartiz/public_html/roshan_energy/system/Model.php(646): CodeIgniter\BaseModel->update(NULL, Array)
#2 /home1/wartiz/public_html/roshan_energy/app/Controllers/Dashboard.php(833): CodeIgniter\Model->update(NULL, Array)
#3 /home1/wartiz/public_html/roshan_energy/system/CodeIgniter.php(824): App\Controllers\Dashboard->update_water_meter()
#4 /home1/wartiz/public_html/roshan_energy/system/CodeIgniter.php(410): CodeIgniter\CodeIgniter->runController(Object(App\Controllers\Dashboard))
#5 /home1/wartiz/public_html/roshan_energy/system/CodeIgniter.php(318): CodeIgniter\CodeIgniter->handleRequest(NULL, Object(Config\Cache), false)
#6 /home1/wartiz/public_html/roshan_energy/public/index.php(37): CodeIgniter\CodeIgniter->run()
#7 {main}
CRITICAL - 2021-12-17 06:56:17 --> There is no data to update.
#0 /home1/wartiz/public_html/roshan_energy/system/BaseModel.php(846): CodeIgniter\Database\Exceptions\DataException::forEmptyDataset('update')
#1 /home1/wartiz/public_html/roshan_energy/system/Model.php(646): CodeIgniter\BaseModel->update(NULL, Array)
#2 /home1/wartiz/public_html/roshan_energy/app/Controllers/Dashboard.php(833): CodeIgniter\Model->update(NULL, Array)
#3 /home1/wartiz/public_html/roshan_energy/system/CodeIgniter.php(824): App\Controllers\Dashboard->update_water_meter()
#4 /home1/wartiz/public_html/roshan_energy/system/CodeIgniter.php(410): CodeIgniter\CodeIgniter->runController(Object(App\Controllers\Dashboard))
#5 /home1/wartiz/public_html/roshan_energy/system/CodeIgniter.php(318): CodeIgniter\CodeIgniter->handleRequest(NULL, Object(Config\Cache), false)
#6 /home1/wartiz/public_html/roshan_energy/public/index.php(37): CodeIgniter\CodeIgniter->run()
#7 {main}
CRITICAL - 2021-12-17 06:56:23 --> There is no data to update.
#0 /home1/wartiz/public_html/roshan_energy/system/BaseModel.php(846): CodeIgniter\Database\Exceptions\DataException::forEmptyDataset('update')
#1 /home1/wartiz/public_html/roshan_energy/system/Model.php(646): CodeIgniter\BaseModel->update(NULL, Array)
#2 /home1/wartiz/public_html/roshan_energy/app/Controllers/Dashboard.php(833): CodeIgniter\Model->update(NULL, Array)
#3 /home1/wartiz/public_html/roshan_energy/system/CodeIgniter.php(824): App\Controllers\Dashboard->update_water_meter()
#4 /home1/wartiz/public_html/roshan_energy/system/CodeIgniter.php(410): CodeIgniter\CodeIgniter->runController(Object(App\Controllers\Dashboard))
#5 /home1/wartiz/public_html/roshan_energy/system/CodeIgniter.php(318): CodeIgniter\CodeIgniter->handleRequest(NULL, Object(Config\Cache), false)
#6 /home1/wartiz/public_html/roshan_energy/public/index.php(37): CodeIgniter\CodeIgniter->run()
#7 {main}
CRITICAL - 2021-12-17 06:57:33 --> There is no data to update.
#0 /home1/wartiz/public_html/roshan_energy/system/BaseModel.php(1574): CodeIgniter\Database\Exceptions\DataException::forEmptyDataset('update')
#1 /home1/wartiz/public_html/roshan_energy/system/BaseModel.php(832): CodeIgniter\BaseModel->transformDataToArray(NULL, 'update')
#2 /home1/wartiz/public_html/roshan_energy/system/Model.php(646): CodeIgniter\BaseModel->update(Array, NULL)
#3 /home1/wartiz/public_html/roshan_energy/app/Controllers/Dashboard.php(831): CodeIgniter\Model->update(Array)
#4 /home1/wartiz/public_html/roshan_energy/system/CodeIgniter.php(824): App\Controllers\Dashboard->update_water_meter()
#5 /home1/wartiz/public_html/roshan_energy/system/CodeIgniter.php(410): CodeIgniter\CodeIgniter->runController(Object(App\Controllers\Dashboard))
#6 /home1/wartiz/public_html/roshan_energy/system/CodeIgniter.php(318): CodeIgniter\CodeIgniter->handleRequest(NULL, Object(Config\Cache), false)
#7 /home1/wartiz/public_html/roshan_energy/public/index.php(37): CodeIgniter\CodeIgniter->run()
#8 {main}
CRITICAL - 2021-12-17 07:13:18 --> There is no data to update.
#0 /home1/wartiz/public_html/roshan_energy/system/BaseModel.php(846): CodeIgniter\Database\Exceptions\DataException::forEmptyDataset('update')
#1 /home1/wartiz/public_html/roshan_energy/system/Model.php(646): CodeIgniter\BaseModel->update(NULL, Array)
#2 /home1/wartiz/public_html/roshan_energy/app/Controllers/Dashboard.php(832): CodeIgniter\Model->update(NULL, Array)
#3 /home1/wartiz/public_html/roshan_energy/system/CodeIgniter.php(824): App\Controllers\Dashboard->update_water_meter()
#4 /home1/wartiz/public_html/roshan_energy/system/CodeIgniter.php(410): CodeIgniter\CodeIgniter->runController(Object(App\Controllers\Dashboard))
#5 /home1/wartiz/public_html/roshan_energy/system/CodeIgniter.php(318): CodeIgniter\CodeIgniter->handleRequest(NULL, Object(Config\Cache), false)
#6 /home1/wartiz/public_html/roshan_energy/public/index.php(37): CodeIgniter\CodeIgniter->run()
#7 {main}
CRITICAL - 2021-12-17 07:13:25 --> There is no data to update.
#0 /home1/wartiz/public_html/roshan_energy/system/BaseModel.php(846): CodeIgniter\Database\Exceptions\DataException::forEmptyDataset('update')
#1 /home1/wartiz/public_html/roshan_energy/system/Model.php(646): CodeIgniter\BaseModel->update(NULL, Array)
#2 /home1/wartiz/public_html/roshan_energy/app/Controllers/Dashboard.php(832): CodeIgniter\Model->update(NULL, Array)
#3 /home1/wartiz/public_html/roshan_energy/system/CodeIgniter.php(824): App\Controllers\Dashboard->update_water_meter()
#4 /home1/wartiz/public_html/roshan_energy/system/CodeIgniter.php(410): CodeIgniter\CodeIgniter->runController(Object(App\Controllers\Dashboard))
#5 /home1/wartiz/public_html/roshan_energy/system/CodeIgniter.php(318): CodeIgniter\CodeIgniter->handleRequest(NULL, Object(Config\Cache), false)
#6 /home1/wartiz/public_html/roshan_energy/public/index.php(37): CodeIgniter\CodeIgniter->run()
#7 {main}
CRITICAL - 2021-12-17 07:13:58 --> There is no data to update.
#0 /home1/wartiz/public_html/roshan_energy/system/BaseModel.php(846): CodeIgniter\Database\Exceptions\DataException::forEmptyDataset('update')
#1 /home1/wartiz/public_html/roshan_energy/system/Model.php(646): CodeIgniter\BaseModel->update(NULL, Array)
#2 /home1/wartiz/public_html/roshan_energy/app/Controllers/Dashboard.php(832): CodeIgniter\Model->update(NULL, Array)
#3 /home1/wartiz/public_html/roshan_energy/system/CodeIgniter.php(824): App\Controllers\Dashboard->update_water_meter()
#4 /home1/wartiz/public_html/roshan_energy/system/CodeIgniter.php(410): CodeIgniter\CodeIgniter->runController(Object(App\Controllers\Dashboard))
#5 /home1/wartiz/public_html/roshan_energy/system/CodeIgniter.php(318): CodeIgniter\CodeIgniter->handleRequest(NULL, Object(Config\Cache), false)
#6 /home1/wartiz/public_html/roshan_energy/public/index.php(37): CodeIgniter\CodeIgniter->run()
#7 {main}
CRITICAL - 2021-12-17 07:14:47 --> There is no data to update.
#0 /home1/wartiz/public_html/roshan_energy/system/BaseModel.php(846): CodeIgniter\Database\Exceptions\DataException::forEmptyDataset('update')
#1 /home1/wartiz/public_html/roshan_energy/system/Model.php(646): CodeIgniter\BaseModel->update(NULL, Array)
#2 /home1/wartiz/public_html/roshan_energy/app/Controllers/Dashboard.php(832): CodeIgniter\Model->update(NULL, Array)
#3 /home1/wartiz/public_html/roshan_energy/system/CodeIgniter.php(824): App\Controllers\Dashboard->update_water_meter()
#4 /home1/wartiz/public_html/roshan_energy/system/CodeIgniter.php(410): CodeIgniter\CodeIgniter->runController(Object(App\Controllers\Dashboard))
#5 /home1/wartiz/public_html/roshan_energy/system/CodeIgniter.php(318): CodeIgniter\CodeIgniter->handleRequest(NULL, Object(Config\Cache), false)
#6 /home1/wartiz/public_html/roshan_energy/public/index.php(37): CodeIgniter\CodeIgniter->run()
#7 {main}
CRITICAL - 2021-12-17 07:21:35 --> There is no data to update.
#0 /home1/wartiz/public_html/roshan_energy/system/BaseModel.php(846): CodeIgniter\Database\Exceptions\DataException::forEmptyDataset('update')
#1 /home1/wartiz/public_html/roshan_energy/system/Model.php(646): CodeIgniter\BaseModel->update(Array, Array)
#2 /home1/wartiz/public_html/roshan_energy/app/Controllers/Dashboard.php(837): CodeIgniter\Model->update('1', Array)
#3 /home1/wartiz/public_html/roshan_energy/system/CodeIgniter.php(824): App\Controllers\Dashboard->update_water_meter()
#4 /home1/wartiz/public_html/roshan_energy/system/CodeIgniter.php(410): CodeIgniter\CodeIgniter->runController(Object(App\Controllers\Dashboard))
#5 /home1/wartiz/public_html/roshan_energy/system/CodeIgniter.php(318): CodeIgniter\CodeIgniter->handleRequest(NULL, Object(Config\Cache), false)
#6 /home1/wartiz/public_html/roshan_energy/public/index.php(37): CodeIgniter\CodeIgniter->run()
#7 {main}
CRITICAL - 2021-12-17 07:24:16 --> There is no data to update.
#0 /home1/wartiz/public_html/roshan_energy/system/BaseModel.php(846): CodeIgniter\Database\Exceptions\DataException::forEmptyDataset('update')
#1 /home1/wartiz/public_html/roshan_energy/system/Model.php(646): CodeIgniter\BaseModel->update(Array, Array)
#2 /home1/wartiz/public_html/roshan_energy/app/Controllers/Dashboard.php(837): CodeIgniter\Model->update('1', Array)
#3 /home1/wartiz/public_html/roshan_energy/system/CodeIgniter.php(824): App\Controllers\Dashboard->update_water_meter()
#4 /home1/wartiz/public_html/roshan_energy/system/CodeIgniter.php(410): CodeIgniter\CodeIgniter->runController(Object(App\Controllers\Dashboard))
#5 /home1/wartiz/public_html/roshan_energy/system/CodeIgniter.php(318): CodeIgniter\CodeIgniter->handleRequest(NULL, Object(Config\Cache), false)
#6 /home1/wartiz/public_html/roshan_energy/public/index.php(37): CodeIgniter\CodeIgniter->run()
#7 {main}
CRITICAL - 2021-12-17 07:24:19 --> There is no data to update.
#0 /home1/wartiz/public_html/roshan_energy/system/BaseModel.php(846): CodeIgniter\Database\Exceptions\DataException::forEmptyDataset('update')
#1 /home1/wartiz/public_html/roshan_energy/system/Model.php(646): CodeIgniter\BaseModel->update(Array, Array)
#2 /home1/wartiz/public_html/roshan_energy/app/Controllers/Dashboard.php(837): CodeIgniter\Model->update('1', Array)
#3 /home1/wartiz/public_html/roshan_energy/system/CodeIgniter.php(824): App\Controllers\Dashboard->update_water_meter()
#4 /home1/wartiz/public_html/roshan_energy/system/CodeIgniter.php(410): CodeIgniter\CodeIgniter->runController(Object(App\Controllers\Dashboard))
#5 /home1/wartiz/public_html/roshan_energy/system/CodeIgniter.php(318): CodeIgniter\CodeIgniter->handleRequest(NULL, Object(Config\Cache), false)
#6 /home1/wartiz/public_html/roshan_energy/public/index.php(37): CodeIgniter\CodeIgniter->run()
#7 {main}
CRITICAL - 2021-12-17 07:27:02 --> There is no data to update.
#0 /home1/wartiz/public_html/roshan_energy/system/BaseModel.php(846): CodeIgniter\Database\Exceptions\DataException::forEmptyDataset('update')
#1 /home1/wartiz/public_html/roshan_energy/system/Model.php(646): CodeIgniter\BaseModel->update(Array, Array)
#2 /home1/wartiz/public_html/roshan_energy/app/Controllers/Dashboard.php(837): CodeIgniter\Model->update('1', Array)
#3 /home1/wartiz/public_html/roshan_energy/system/CodeIgniter.php(824): App\Controllers\Dashboard->update_water_meter()
#4 /home1/wartiz/public_html/roshan_energy/system/CodeIgniter.php(410): CodeIgniter\CodeIgniter->runController(Object(App\Controllers\Dashboard))
#5 /home1/wartiz/public_html/roshan_energy/system/CodeIgniter.php(318): CodeIgniter\CodeIgniter->handleRequest(NULL, Object(Config\Cache), false)
#6 /home1/wartiz/public_html/roshan_energy/public/index.php(37): CodeIgniter\CodeIgniter->run()
#7 {main}
CRITICAL - 2021-12-17 07:27:05 --> There is no data to update.
#0 /home1/wartiz/public_html/roshan_energy/system/BaseModel.php(846): CodeIgniter\Database\Exceptions\DataException::forEmptyDataset('update')
#1 /home1/wartiz/public_html/roshan_energy/system/Model.php(646): CodeIgniter\BaseModel->update(Array, Array)
#2 /home1/wartiz/public_html/roshan_energy/app/Controllers/Dashboard.php(837): CodeIgniter\Model->update('1', Array)
#3 /home1/wartiz/public_html/roshan_energy/system/CodeIgniter.php(824): App\Controllers\Dashboard->update_water_meter()
#4 /home1/wartiz/public_html/roshan_energy/system/CodeIgniter.php(410): CodeIgniter\CodeIgniter->runController(Object(App\Controllers\Dashboard))
#5 /home1/wartiz/public_html/roshan_energy/system/CodeIgniter.php(318): CodeIgniter\CodeIgniter->handleRequest(NULL, Object(Config\Cache), false)
#6 /home1/wartiz/public_html/roshan_energy/public/index.php(37): CodeIgniter\CodeIgniter->run()
#7 {main}
CRITICAL - 2021-12-17 07:27:12 --> There is no data to update.
#0 /home1/wartiz/public_html/roshan_energy/system/BaseModel.php(846): CodeIgniter\Database\Exceptions\DataException::forEmptyDataset('update')
#1 /home1/wartiz/public_html/roshan_energy/system/Model.php(646): CodeIgniter\BaseModel->update(Array, Array)
#2 /home1/wartiz/public_html/roshan_energy/app/Controllers/Dashboard.php(837): CodeIgniter\Model->update('1', Array)
#3 /home1/wartiz/public_html/roshan_energy/system/CodeIgniter.php(824): App\Controllers\Dashboard->update_water_meter()
#4 /home1/wartiz/public_html/roshan_energy/system/CodeIgniter.php(410): CodeIgniter\CodeIgniter->runController(Object(App\Controllers\Dashboard))
#5 /home1/wartiz/public_html/roshan_energy/system/CodeIgniter.php(318): CodeIgniter\CodeIgniter->handleRequest(NULL, Object(Config\Cache), false)
#6 /home1/wartiz/public_html/roshan_energy/public/index.php(37): CodeIgniter\CodeIgniter->run()
#7 {main}
CRITICAL - 2021-12-17 07:27:14 --> There is no data to update.
#0 /home1/wartiz/public_html/roshan_energy/system/BaseModel.php(846): CodeIgniter\Database\Exceptions\DataException::forEmptyDataset('update')
#1 /home1/wartiz/public_html/roshan_energy/system/Model.php(646): CodeIgniter\BaseModel->update(Array, Array)
#2 /home1/wartiz/public_html/roshan_energy/app/Controllers/Dashboard.php(837): CodeIgniter\Model->update('1', Array)
#3 /home1/wartiz/public_html/roshan_energy/system/CodeIgniter.php(824): App\Controllers\Dashboard->update_water_meter()
#4 /home1/wartiz/public_html/roshan_energy/system/CodeIgniter.php(410): CodeIgniter\CodeIgniter->runController(Object(App\Controllers\Dashboard))
#5 /home1/wartiz/public_html/roshan_energy/system/CodeIgniter.php(318): CodeIgniter\CodeIgniter->handleRequest(NULL, Object(Config\Cache), false)
#6 /home1/wartiz/public_html/roshan_energy/public/index.php(37): CodeIgniter\CodeIgniter->run()
#7 {main}
CRITICAL - 2021-12-17 07:29:02 --> There is no data to update.
#0 /home1/wartiz/public_html/roshan_energy/system/BaseModel.php(846): CodeIgniter\Database\Exceptions\DataException::forEmptyDataset('update')
#1 /home1/wartiz/public_html/roshan_energy/system/Model.php(646): CodeIgniter\BaseModel->update(Array, Array)
#2 /home1/wartiz/public_html/roshan_energy/app/Controllers/Dashboard.php(837): CodeIgniter\Model->update('1', Array)
#3 /home1/wartiz/public_html/roshan_energy/system/CodeIgniter.php(824): App\Controllers\Dashboard->update_water_meter()
#4 /home1/wartiz/public_html/roshan_energy/system/CodeIgniter.php(410): CodeIgniter\CodeIgniter->runController(Object(App\Controllers\Dashboard))
#5 /home1/wartiz/public_html/roshan_energy/system/CodeIgniter.php(318): CodeIgniter\CodeIgniter->handleRequest(NULL, Object(Config\Cache), false)
#6 /home1/wartiz/public_html/roshan_energy/public/index.php(37): CodeIgniter\CodeIgniter->run()
#7 {main}
CRITICAL - 2021-12-17 07:30:51 --> There is no data to update.
#0 /home1/wartiz/public_html/roshan_energy/system/BaseModel.php(846): CodeIgniter\Database\Exceptions\DataException::forEmptyDataset('update')
#1 /home1/wartiz/public_html/roshan_energy/system/Model.php(646): CodeIgniter\BaseModel->update(Array, Array)
#2 /home1/wartiz/public_html/roshan_energy/app/Controllers/Dashboard.php(837): CodeIgniter\Model->update('1', Array)
#3 /home1/wartiz/public_html/roshan_energy/system/CodeIgniter.php(824): App\Controllers\Dashboard->update_water_meter()
#4 /home1/wartiz/public_html/roshan_energy/system/CodeIgniter.php(410): CodeIgniter\CodeIgniter->runController(Object(App\Controllers\Dashboard))
#5 /home1/wartiz/public_html/roshan_energy/system/CodeIgniter.php(318): CodeIgniter\CodeIgniter->handleRequest(NULL, Object(Config\Cache), false)
#6 /home1/wartiz/public_html/roshan_energy/public/index.php(37): CodeIgniter\CodeIgniter->run()
#7 {main}
CRITICAL - 2021-12-17 07:31:55 --> There is no data to update.
#0 /home1/wartiz/public_html/roshan_energy/system/BaseModel.php(846): CodeIgniter\Database\Exceptions\DataException::forEmptyDataset('update')
#1 /home1/wartiz/public_html/roshan_energy/system/Model.php(646): CodeIgniter\BaseModel->update(Array, Array)
#2 /home1/wartiz/public_html/roshan_energy/app/Controllers/Dashboard.php(837): CodeIgniter\Model->update('1', Array)
#3 /home1/wartiz/public_html/roshan_energy/system/CodeIgniter.php(824): App\Controllers\Dashboard->update_water_meter()
#4 /home1/wartiz/public_html/roshan_energy/system/CodeIgniter.php(410): CodeIgniter\CodeIgniter->runController(Object(App\Controllers\Dashboard))
#5 /home1/wartiz/public_html/roshan_energy/system/CodeIgniter.php(318): CodeIgniter\CodeIgniter->handleRequest(NULL, Object(Config\Cache), false)
#6 /home1/wartiz/public_html/roshan_energy/public/index.php(37): CodeIgniter\CodeIgniter->run()
#7 {main}
CRITICAL - 2021-12-17 07:36:26 --> There is no data to update.
#0 /home1/wartiz/public_html/roshan_energy/system/BaseModel.php(846): CodeIgniter\Database\Exceptions\DataException::forEmptyDataset('update')
#1 /home1/wartiz/public_html/roshan_energy/system/Model.php(646): CodeIgniter\BaseModel->update(NULL, Array)
#2 /home1/wartiz/public_html/roshan_energy/app/Controllers/Dashboard.php(844): CodeIgniter\Model->update(NULL, Array)
#3 /home1/wartiz/public_html/roshan_energy/system/CodeIgniter.php(824): App\Controllers\Dashboard->update_water_meter()
#4 /home1/wartiz/public_html/roshan_energy/system/CodeIgniter.php(410): CodeIgniter\CodeIgniter->runController(Object(App\Controllers\Dashboard))
#5 /home1/wartiz/public_html/roshan_energy/system/CodeIgniter.php(318): CodeIgniter\CodeIgniter->handleRequest(NULL, Object(Config\Cache), false)
#6 /home1/wartiz/public_html/roshan_energy/public/index.php(37): CodeIgniter\CodeIgniter->run()
#7 {main}
