CRITICAL - 2022-02-28 00:00:46 --> syntax error, unexpected end of file, expecting function (T_FUNCTION) or const (T_CONST)
#0 /home/wa055txhks3z/public_html/roshan_energy/system/Autoloader/Autoloader.php(241): CodeIgniter\Autoloader\Autoloader->includeFile('/home/wa055txhk...')
#1 /home/wa055txhks3z/public_html/roshan_energy/system/Autoloader/Autoloader.php(219): CodeIgniter\Autoloader\Autoloader->loadInNamespace('App\\Controllers...')
#2 [internal function]: CodeIgniter\Autoloader\Autoloader->loadClass('App\\Controllers...')
#3 [internal function]: spl_autoload_call('App\\Controllers...')
#4 /home/wa055txhks3z/public_html/roshan_energy/system/CodeIgniter.php(789): class_exists('\\App\\Controller...', true)
#5 /home/wa055txhks3z/public_html/roshan_energy/system/CodeIgniter.php(397): CodeIgniter\CodeIgniter->startController()
#6 /home/wa055txhks3z/public_html/roshan_energy/system/CodeIgniter.php(318): CodeIgniter\CodeIgniter->handleRequest(NULL, Object(Config\Cache), false)
#7 /home/wa055txhks3z/public_html/roshan_energy/public/index.php(37): CodeIgniter\CodeIgniter->run()
#8 {main}
CRITICAL - 2022-02-28 00:01:19 --> Class 'SquareConnect\Configuration' not found
#0 /home/wa055txhks3z/public_html/roshan_energy/system/CodeIgniter.php(824): App\Controllers\Payments->card_details()
#1 /home/wa055txhks3z/public_html/roshan_energy/system/CodeIgniter.php(410): CodeIgniter\CodeIgniter->runController(Object(App\Controllers\Payments))
#2 /home/wa055txhks3z/public_html/roshan_energy/system/CodeIgniter.php(318): CodeIgniter\CodeIgniter->handleRequest(NULL, Object(Config\Cache), false)
#3 /home/wa055txhks3z/public_html/roshan_energy/public/index.php(37): CodeIgniter\CodeIgniter->run()
#4 {main}
CRITICAL - 2022-02-28 00:02:42 --> Class 'SquareConnect\Configuration' not found
#0 /home/wa055txhks3z/public_html/roshan_energy/system/CodeIgniter.php(824): App\Controllers\Payments->card_details()
#1 /home/wa055txhks3z/public_html/roshan_energy/system/CodeIgniter.php(410): CodeIgniter\CodeIgniter->runController(Object(App\Controllers\Payments))
#2 /home/wa055txhks3z/public_html/roshan_energy/system/CodeIgniter.php(318): CodeIgniter\CodeIgniter->handleRequest(NULL, Object(Config\Cache), false)
#3 /home/wa055txhks3z/public_html/roshan_energy/public/index.php(37): CodeIgniter\CodeIgniter->run()
#4 {main}
CRITICAL - 2022-02-28 00:08:36 --> Class 'SquareConnect\Configuration' not found
#0 /home/wa055txhks3z/public_html/roshan_energy/system/CodeIgniter.php(824): App\Controllers\Payments->card_details()
#1 /home/wa055txhks3z/public_html/roshan_energy/system/CodeIgniter.php(410): CodeIgniter\CodeIgniter->runController(Object(App\Controllers\Payments))
#2 /home/wa055txhks3z/public_html/roshan_energy/system/CodeIgniter.php(318): CodeIgniter\CodeIgniter->handleRequest(NULL, Object(Config\Cache), false)
#3 /home/wa055txhks3z/public_html/roshan_energy/public/index.php(37): CodeIgniter\CodeIgniter->run()
#4 {main}
CRITICAL - 2022-02-28 00:09:31 --> Class 'SquareConnect\Configuration' not found
#0 /home/wa055txhks3z/public_html/roshan_energy/system/CodeIgniter.php(824): App\Controllers\Payments->card_details()
#1 /home/wa055txhks3z/public_html/roshan_energy/system/CodeIgniter.php(410): CodeIgniter\CodeIgniter->runController(Object(App\Controllers\Payments))
#2 /home/wa055txhks3z/public_html/roshan_energy/system/CodeIgniter.php(318): CodeIgniter\CodeIgniter->handleRequest(NULL, Object(Config\Cache), false)
#3 /home/wa055txhks3z/public_html/roshan_energy/public/index.php(37): CodeIgniter\CodeIgniter->run()
#4 {main}
CRITICAL - 2022-02-28 00:10:11 --> Class 'SquareConnect\Configuration' not found
#0 /home/wa055txhks3z/public_html/roshan_energy/system/CodeIgniter.php(824): App\Controllers\Payments->card_details()
#1 /home/wa055txhks3z/public_html/roshan_energy/system/CodeIgniter.php(410): CodeIgniter\CodeIgniter->runController(Object(App\Controllers\Payments))
#2 /home/wa055txhks3z/public_html/roshan_energy/system/CodeIgniter.php(318): CodeIgniter\CodeIgniter->handleRequest(NULL, Object(Config\Cache), false)
#3 /home/wa055txhks3z/public_html/roshan_energy/public/index.php(37): CodeIgniter\CodeIgniter->run()
#4 {main}
CRITICAL - 2022-02-28 00:11:06 --> Class 'SquareConnect\Configuration' not found
#0 /home/wa055txhks3z/public_html/roshan_energy/system/CodeIgniter.php(824): App\Controllers\Payments->card_details()
#1 /home/wa055txhks3z/public_html/roshan_energy/system/CodeIgniter.php(410): CodeIgniter\CodeIgniter->runController(Object(App\Controllers\Payments))
#2 /home/wa055txhks3z/public_html/roshan_energy/system/CodeIgniter.php(318): CodeIgniter\CodeIgniter->handleRequest(NULL, Object(Config\Cache), false)
#3 /home/wa055txhks3z/public_html/roshan_energy/public/index.php(37): CodeIgniter\CodeIgniter->run()
#4 {main}
CRITICAL - 2022-02-28 00:11:50 --> Class 'SquareConnect\Configuration' not found
#0 /home/wa055txhks3z/public_html/roshan_energy/system/CodeIgniter.php(824): App\Controllers\Payments->card_details()
#1 /home/wa055txhks3z/public_html/roshan_energy/system/CodeIgniter.php(410): CodeIgniter\CodeIgniter->runController(Object(App\Controllers\Payments))
#2 /home/wa055txhks3z/public_html/roshan_energy/system/CodeIgniter.php(318): CodeIgniter\CodeIgniter->handleRequest(NULL, Object(Config\Cache), false)
#3 /home/wa055txhks3z/public_html/roshan_energy/public/index.php(37): CodeIgniter\CodeIgniter->run()
#4 {main}
CRITICAL - 2022-02-28 00:14:00 --> Class 'SquareConnect\Configuration' not found
#0 /home/wa055txhks3z/public_html/roshan_energy/system/CodeIgniter.php(824): App\Controllers\Payments->payment_process()
#1 /home/wa055txhks3z/public_html/roshan_energy/system/CodeIgniter.php(410): CodeIgniter\CodeIgniter->runController(Object(App\Controllers\Payments))
#2 /home/wa055txhks3z/public_html/roshan_energy/system/CodeIgniter.php(318): CodeIgniter\CodeIgniter->handleRequest(NULL, Object(Config\Cache), false)
#3 /home/wa055txhks3z/public_html/roshan_energy/public/index.php(37): CodeIgniter\CodeIgniter->run()
#4 {main}
CRITICAL - 2022-02-28 00:45:32 --> App\Controllers\Payments::card_details(): Failed opening required '../payment_files/vendor/autoload.php' (include_path='.:/opt/alt/php73/usr/share/pear')
#0 [internal function]: CodeIgniter\Debug\Exceptions->shutdownHandler()
#1 {main}
CRITICAL - 2022-02-28 00:49:28 --> App\Controllers\Payments::card_details(): Failed opening required '../payment_files/vendor/autoload.php' (include_path='.:/opt/alt/php73/usr/share/pear')
#0 [internal function]: CodeIgniter\Debug\Exceptions->shutdownHandler()
#1 {main}
CRITICAL - 2022-02-28 03:11:59 --> Object of class SquareConnect\Api\TransactionsApi could not be converted to string
#0 /home/wa055txhks3z/public_html/roshan_energy/app/Controllers/Payments.php(507): CodeIgniter\Debug\Exceptions->errorHandler(4096, 'Object of class...', '/home/wa055txhk...', 507, Array)
#1 /home/wa055txhks3z/public_html/roshan_energy/system/CodeIgniter.php(824): App\Controllers\Payments->payment_process()
#2 /home/wa055txhks3z/public_html/roshan_energy/system/CodeIgniter.php(410): CodeIgniter\CodeIgniter->runController(Object(App\Controllers\Payments))
#3 /home/wa055txhks3z/public_html/roshan_energy/system/CodeIgniter.php(318): CodeIgniter\CodeIgniter->handleRequest(NULL, Object(Config\Cache), false)
#4 /home/wa055txhks3z/public_html/roshan_energy/public/index.php(37): CodeIgniter\CodeIgniter->run()
#5 {main}
CRITICAL - 2022-02-28 03:42:19 --> Call to a member function first() on null
#0 /home/wa055txhks3z/public_html/roshan_energy/system/CodeIgniter.php(824): App\Controllers\Payments->payment_process()
#1 /home/wa055txhks3z/public_html/roshan_energy/system/CodeIgniter.php(410): CodeIgniter\CodeIgniter->runController(Object(App\Controllers\Payments))
#2 /home/wa055txhks3z/public_html/roshan_energy/system/CodeIgniter.php(318): CodeIgniter\CodeIgniter->handleRequest(NULL, Object(Config\Cache), false)
#3 /home/wa055txhks3z/public_html/roshan_energy/public/index.php(37): CodeIgniter\CodeIgniter->run()
#4 {main}
CRITICAL - 2022-02-28 05:26:31 --> Invalid file: Payments/payments_success.php
#0 /home/wa055txhks3z/public_html/roshan_energy/system/View/View.php(198): CodeIgniter\Exceptions\FrameworkException::forInvalidFile('Payments/paymen...')
#1 /home/wa055txhks3z/public_html/roshan_energy/system/Common.php(1097): CodeIgniter\View\View->render('Payments/paymen...', Array, true)
#2 /home/wa055txhks3z/public_html/roshan_energy/app/Views/template_with_header/template.php(5): view('Payments/paymen...')
#3 /home/wa055txhks3z/public_html/roshan_energy/system/View/View.php(214): include('/home/wa055txhk...')
#4 /home/wa055txhks3z/public_html/roshan_energy/system/View/View.php(217): CodeIgniter\View\View->CodeIgniter\View\{closure}()
#5 /home/wa055txhks3z/public_html/roshan_energy/system/Common.php(1097): CodeIgniter\View\View->render('template_with_h...', Array, true)
#6 /home/wa055txhks3z/public_html/roshan_energy/app/Controllers/Payments.php(523): view('template_with_h...', Array)
#7 /home/wa055txhks3z/public_html/roshan_energy/system/CodeIgniter.php(824): App\Controllers\Payments->payment_process()
#8 /home/wa055txhks3z/public_html/roshan_energy/system/CodeIgniter.php(410): CodeIgniter\CodeIgniter->runController(Object(App\Controllers\Payments))
#9 /home/wa055txhks3z/public_html/roshan_energy/system/CodeIgniter.php(318): CodeIgniter\CodeIgniter->handleRequest(NULL, Object(Config\Cache), false)
#10 /home/wa055txhks3z/public_html/roshan_energy/public/index.php(37): CodeIgniter\CodeIgniter->run()
#11 {main}
CRITICAL - 2022-02-28 05:50:00 --> syntax error, unexpected '?>'
#0 /home/wa055txhks3z/public_html/roshan_energy/system/View/View.php(217): CodeIgniter\View\View->CodeIgniter\View\{closure}()
#1 /home/wa055txhks3z/public_html/roshan_energy/system/Common.php(1097): CodeIgniter\View\View->render('Payments/paymen...', Array, true)
#2 /home/wa055txhks3z/public_html/roshan_energy/app/Views/template_with_header/template.php(5): view('Payments/paymen...')
#3 /home/wa055txhks3z/public_html/roshan_energy/system/View/View.php(214): include('/home/wa055txhk...')
#4 /home/wa055txhks3z/public_html/roshan_energy/system/View/View.php(217): CodeIgniter\View\View->CodeIgniter\View\{closure}()
#5 /home/wa055txhks3z/public_html/roshan_energy/system/Common.php(1097): CodeIgniter\View\View->render('template_with_h...', Array, true)
#6 /home/wa055txhks3z/public_html/roshan_energy/app/Controllers/Payments.php(587): view('template_with_h...', Array)
#7 /home/wa055txhks3z/public_html/roshan_energy/system/CodeIgniter.php(824): App\Controllers\Payments->payment_success()
#8 /home/wa055txhks3z/public_html/roshan_energy/system/CodeIgniter.php(410): CodeIgniter\CodeIgniter->runController(Object(App\Controllers\Payments))
#9 /home/wa055txhks3z/public_html/roshan_energy/system/CodeIgniter.php(318): CodeIgniter\CodeIgniter->handleRequest(NULL, Object(Config\Cache), false)
#10 /home/wa055txhks3z/public_html/roshan_energy/public/index.php(37): CodeIgniter\CodeIgniter->run()
#11 {main}
CRITICAL - 2022-02-28 05:50:21 --> syntax error, unexpected '?>'
#0 /home/wa055txhks3z/public_html/roshan_energy/system/View/View.php(217): CodeIgniter\View\View->CodeIgniter\View\{closure}()
#1 /home/wa055txhks3z/public_html/roshan_energy/system/Common.php(1097): CodeIgniter\View\View->render('Payments/paymen...', Array, true)
#2 /home/wa055txhks3z/public_html/roshan_energy/app/Views/template_with_header/template.php(5): view('Payments/paymen...')
#3 /home/wa055txhks3z/public_html/roshan_energy/system/View/View.php(214): include('/home/wa055txhk...')
#4 /home/wa055txhks3z/public_html/roshan_energy/system/View/View.php(217): CodeIgniter\View\View->CodeIgniter\View\{closure}()
#5 /home/wa055txhks3z/public_html/roshan_energy/system/Common.php(1097): CodeIgniter\View\View->render('template_with_h...', Array, true)
#6 /home/wa055txhks3z/public_html/roshan_energy/app/Controllers/Payments.php(587): view('template_with_h...', Array)
#7 /home/wa055txhks3z/public_html/roshan_energy/system/CodeIgniter.php(824): App\Controllers\Payments->payment_success()
#8 /home/wa055txhks3z/public_html/roshan_energy/system/CodeIgniter.php(410): CodeIgniter\CodeIgniter->runController(Object(App\Controllers\Payments))
#9 /home/wa055txhks3z/public_html/roshan_energy/system/CodeIgniter.php(318): CodeIgniter\CodeIgniter->handleRequest(NULL, Object(Config\Cache), false)
#10 /home/wa055txhks3z/public_html/roshan_energy/public/index.php(37): CodeIgniter\CodeIgniter->run()
#11 {main}
CRITICAL - 2022-02-28 06:34:28 --> syntax error, unexpected '.', expecting ')'
#0 /home/wa055txhks3z/public_html/roshan_energy/system/Autoloader/Autoloader.php(241): CodeIgniter\Autoloader\Autoloader->includeFile('/home/wa055txhk...')
#1 /home/wa055txhks3z/public_html/roshan_energy/system/Autoloader/Autoloader.php(219): CodeIgniter\Autoloader\Autoloader->loadInNamespace('App\\Controllers...')
#2 [internal function]: CodeIgniter\Autoloader\Autoloader->loadClass('App\\Controllers...')
#3 [internal function]: spl_autoload_call('App\\Controllers...')
#4 /home/wa055txhks3z/public_html/roshan_energy/system/CodeIgniter.php(789): class_exists('\\App\\Controller...', true)
#5 /home/wa055txhks3z/public_html/roshan_energy/system/CodeIgniter.php(397): CodeIgniter\CodeIgniter->startController()
#6 /home/wa055txhks3z/public_html/roshan_energy/system/CodeIgniter.php(318): CodeIgniter\CodeIgniter->handleRequest(NULL, Object(Config\Cache), false)
#7 /home/wa055txhks3z/public_html/roshan_energy/public/index.php(37): CodeIgniter\CodeIgniter->run()
#8 {main}
CRITICAL - 2022-02-28 22:11:48 --> Function name must be a string
#0 /home/wa055txhks3z/public_html/roshan_energy/system/View/View.php(214): include()
#1 /home/wa055txhks3z/public_html/roshan_energy/system/View/View.php(217): CodeIgniter\View\View->CodeIgniter\View\{closure}()
#2 /home/wa055txhks3z/public_html/roshan_energy/system/Common.php(1097): CodeIgniter\View\View->render('Payments/card_d...', Array, true)
#3 /home/wa055txhks3z/public_html/roshan_energy/app/Views/template_with_header/template.php(5): view('Payments/card_d...')
#4 /home/wa055txhks3z/public_html/roshan_energy/system/View/View.php(214): include('/home/wa055txhk...')
#5 /home/wa055txhks3z/public_html/roshan_energy/system/View/View.php(217): CodeIgniter\View\View->CodeIgniter\View\{closure}()
#6 /home/wa055txhks3z/public_html/roshan_energy/system/Common.php(1097): CodeIgniter\View\View->render('template_with_h...', Array, true)
#7 /home/wa055txhks3z/public_html/roshan_energy/app/Controllers/Payments.php(397): view('template_with_h...', Array)
#8 /home/wa055txhks3z/public_html/roshan_energy/system/CodeIgniter.php(824): App\Controllers\Payments->card_details()
#9 /home/wa055txhks3z/public_html/roshan_energy/system/CodeIgniter.php(410): CodeIgniter\CodeIgniter->runController(Object(App\Controllers\Payments))
#10 /home/wa055txhks3z/public_html/roshan_energy/system/CodeIgniter.php(318): CodeIgniter\CodeIgniter->handleRequest(NULL, Object(Config\Cache), false)
#11 /home/wa055txhks3z/public_html/roshan_energy/public/index.php(37): CodeIgniter\CodeIgniter->run()
#12 {main}
CRITICAL - 2022-02-28 22:20:22 --> syntax error, unexpected '$session_data' (T_VARIABLE), expecting ',' or ';'
#0 /home/wa055txhks3z/public_html/roshan_energy/system/View/View.php(217): CodeIgniter\View\View->CodeIgniter\View\{closure}()
#1 /home/wa055txhks3z/public_html/roshan_energy/system/Common.php(1097): CodeIgniter\View\View->render('Payments/card_d...', Array, true)
#2 /home/wa055txhks3z/public_html/roshan_energy/app/Views/template_with_header/template.php(5): view('Payments/card_d...')
#3 /home/wa055txhks3z/public_html/roshan_energy/system/View/View.php(214): include('/home/wa055txhk...')
#4 /home/wa055txhks3z/public_html/roshan_energy/system/View/View.php(217): CodeIgniter\View\View->CodeIgniter\View\{closure}()
#5 /home/wa055txhks3z/public_html/roshan_energy/system/Common.php(1097): CodeIgniter\View\View->render('template_with_h...', Array, true)
#6 /home/wa055txhks3z/public_html/roshan_energy/app/Controllers/Payments.php(397): view('template_with_h...', Array)
#7 /home/wa055txhks3z/public_html/roshan_energy/system/CodeIgniter.php(824): App\Controllers\Payments->card_details()
#8 /home/wa055txhks3z/public_html/roshan_energy/system/CodeIgniter.php(410): CodeIgniter\CodeIgniter->runController(Object(App\Controllers\Payments))
#9 /home/wa055txhks3z/public_html/roshan_energy/system/CodeIgniter.php(318): CodeIgniter\CodeIgniter->handleRequest(NULL, Object(Config\Cache), false)
#10 /home/wa055txhks3z/public_html/roshan_energy/public/index.php(37): CodeIgniter\CodeIgniter->run()
#11 {main}
CRITICAL - 2022-02-28 22:20:30 --> syntax error, unexpected '$session_data' (T_VARIABLE), expecting ',' or ';'
#0 /home/wa055txhks3z/public_html/roshan_energy/system/View/View.php(217): CodeIgniter\View\View->CodeIgniter\View\{closure}()
#1 /home/wa055txhks3z/public_html/roshan_energy/system/Common.php(1097): CodeIgniter\View\View->render('Payments/card_d...', Array, true)
#2 /home/wa055txhks3z/public_html/roshan_energy/app/Views/template_with_header/template.php(5): view('Payments/card_d...')
#3 /home/wa055txhks3z/public_html/roshan_energy/system/View/View.php(214): include('/home/wa055txhk...')
#4 /home/wa055txhks3z/public_html/roshan_energy/system/View/View.php(217): CodeIgniter\View\View->CodeIgniter\View\{closure}()
#5 /home/wa055txhks3z/public_html/roshan_energy/system/Common.php(1097): CodeIgniter\View\View->render('template_with_h...', Array, true)
#6 /home/wa055txhks3z/public_html/roshan_energy/app/Controllers/Payments.php(397): view('template_with_h...', Array)
#7 /home/wa055txhks3z/public_html/roshan_energy/system/CodeIgniter.php(824): App\Controllers\Payments->card_details()
#8 /home/wa055txhks3z/public_html/roshan_energy/system/CodeIgniter.php(410): CodeIgniter\CodeIgniter->runController(Object(App\Controllers\Payments))
#9 /home/wa055txhks3z/public_html/roshan_energy/system/CodeIgniter.php(318): CodeIgniter\CodeIgniter->handleRequest(NULL, Object(Config\Cache), false)
#10 /home/wa055txhks3z/public_html/roshan_energy/public/index.php(37): CodeIgniter\CodeIgniter->run()
#11 {main}
CRITICAL - 2022-02-28 22:20:55 --> syntax error, unexpected '$session_data' (T_VARIABLE), expecting ',' or ';'
#0 /home/wa055txhks3z/public_html/roshan_energy/system/View/View.php(217): CodeIgniter\View\View->CodeIgniter\View\{closure}()
#1 /home/wa055txhks3z/public_html/roshan_energy/system/Common.php(1097): CodeIgniter\View\View->render('Payments/card_d...', Array, true)
#2 /home/wa055txhks3z/public_html/roshan_energy/app/Views/template_with_header/template.php(5): view('Payments/card_d...')
#3 /home/wa055txhks3z/public_html/roshan_energy/system/View/View.php(214): include('/home/wa055txhk...')
#4 /home/wa055txhks3z/public_html/roshan_energy/system/View/View.php(217): CodeIgniter\View\View->CodeIgniter\View\{closure}()
#5 /home/wa055txhks3z/public_html/roshan_energy/system/Common.php(1097): CodeIgniter\View\View->render('template_with_h...', Array, true)
#6 /home/wa055txhks3z/public_html/roshan_energy/app/Controllers/Payments.php(397): view('template_with_h...', Array)
#7 /home/wa055txhks3z/public_html/roshan_energy/system/CodeIgniter.php(824): App\Controllers\Payments->card_details()
#8 /home/wa055txhks3z/public_html/roshan_energy/system/CodeIgniter.php(410): CodeIgniter\CodeIgniter->runController(Object(App\Controllers\Payments))
#9 /home/wa055txhks3z/public_html/roshan_energy/system/CodeIgniter.php(318): CodeIgniter\CodeIgniter->handleRequest(NULL, Object(Config\Cache), false)
#10 /home/wa055txhks3z/public_html/roshan_energy/public/index.php(37): CodeIgniter\CodeIgniter->run()
#11 {main}
CRITICAL - 2022-02-28 22:20:59 --> syntax error, unexpected '$session_data' (T_VARIABLE), expecting ',' or ';'
#0 /home/wa055txhks3z/public_html/roshan_energy/system/View/View.php(217): CodeIgniter\View\View->CodeIgniter\View\{closure}()
#1 /home/wa055txhks3z/public_html/roshan_energy/system/Common.php(1097): CodeIgniter\View\View->render('Payments/card_d...', Array, true)
#2 /home/wa055txhks3z/public_html/roshan_energy/app/Views/template_with_header/template.php(5): view('Payments/card_d...')
#3 /home/wa055txhks3z/public_html/roshan_energy/system/View/View.php(214): include('/home/wa055txhk...')
#4 /home/wa055txhks3z/public_html/roshan_energy/system/View/View.php(217): CodeIgniter\View\View->CodeIgniter\View\{closure}()
#5 /home/wa055txhks3z/public_html/roshan_energy/system/Common.php(1097): CodeIgniter\View\View->render('template_with_h...', Array, true)
#6 /home/wa055txhks3z/public_html/roshan_energy/app/Controllers/Payments.php(397): view('template_with_h...', Array)
#7 /home/wa055txhks3z/public_html/roshan_energy/system/CodeIgniter.php(824): App\Controllers\Payments->card_details()
#8 /home/wa055txhks3z/public_html/roshan_energy/system/CodeIgniter.php(410): CodeIgniter\CodeIgniter->runController(Object(App\Controllers\Payments))
#9 /home/wa055txhks3z/public_html/roshan_energy/system/CodeIgniter.php(318): CodeIgniter\CodeIgniter->handleRequest(NULL, Object(Config\Cache), false)
#10 /home/wa055txhks3z/public_html/roshan_energy/public/index.php(37): CodeIgniter\CodeIgniter->run()
#11 {main}
