CRITICAL - 2022-02-11 05:14:12 --> Undefined variable: allMonths
#0 /home4/projectmanagment/public_html/roshan_energy/app/Views/Payments/invoices.php(74): CodeIgniter\Debug\Exceptions->errorHandler(8, 'Undefined varia...', '/home4/projectm...', 74, Array)
#1 /home4/projectmanagment/public_html/roshan_energy/system/View/View.php(214): include('/home4/projectm...')
#2 /home4/projectmanagment/public_html/roshan_energy/system/View/View.php(217): CodeIgniter\View\View->CodeIgniter\View\{closure}()
#3 /home4/projectmanagment/public_html/roshan_energy/system/Common.php(1097): CodeIgniter\View\View->render('Payments/invoic...', Array, true)
#4 /home4/projectmanagment/public_html/roshan_energy/app/Views/template_with_header/template.php(5): view('Payments/invoic...')
#5 /home4/projectmanagment/public_html/roshan_energy/system/View/View.php(214): include('/home4/projectm...')
#6 /home4/projectmanagment/public_html/roshan_energy/system/View/View.php(217): CodeIgniter\View\View->CodeIgniter\View\{closure}()
#7 /home4/projectmanagment/public_html/roshan_energy/system/Common.php(1097): CodeIgniter\View\View->render('template_with_h...', Array, true)
#8 /home4/projectmanagment/public_html/roshan_energy/app/Controllers/Payments.php(16): view('template_with_h...', Array)
#9 /home4/projectmanagment/public_html/roshan_energy/system/CodeIgniter.php(824): App\Controllers\Payments->invoices()
#10 /home4/projectmanagment/public_html/roshan_energy/system/CodeIgniter.php(410): CodeIgniter\CodeIgniter->runController(Object(App\Controllers\Payments))
#11 /home4/projectmanagment/public_html/roshan_energy/system/CodeIgniter.php(318): CodeIgniter\CodeIgniter->handleRequest(NULL, Object(Config\Cache), false)
#12 /home4/projectmanagment/public_html/roshan_energy/public/index.php(37): CodeIgniter\CodeIgniter->run()
#13 {main}
CRITICAL - 2022-02-11 05:15:37 --> syntax error, unexpected '}', expecting end of file
#0 /home4/projectmanagment/public_html/roshan_energy/system/View/View.php(217): CodeIgniter\View\View->CodeIgniter\View\{closure}()
#1 /home4/projectmanagment/public_html/roshan_energy/system/Common.php(1097): CodeIgniter\View\View->render('Payments/invoic...', Array, true)
#2 /home4/projectmanagment/public_html/roshan_energy/app/Views/template_with_header/template.php(5): view('Payments/invoic...')
#3 /home4/projectmanagment/public_html/roshan_energy/system/View/View.php(214): include('/home4/projectm...')
#4 /home4/projectmanagment/public_html/roshan_energy/system/View/View.php(217): CodeIgniter\View\View->CodeIgniter\View\{closure}()
#5 /home4/projectmanagment/public_html/roshan_energy/system/Common.php(1097): CodeIgniter\View\View->render('template_with_h...', Array, true)
#6 /home4/projectmanagment/public_html/roshan_energy/app/Controllers/Payments.php(16): view('template_with_h...', Array)
#7 /home4/projectmanagment/public_html/roshan_energy/system/CodeIgniter.php(824): App\Controllers\Payments->invoices()
#8 /home4/projectmanagment/public_html/roshan_energy/system/CodeIgniter.php(410): CodeIgniter\CodeIgniter->runController(Object(App\Controllers\Payments))
#9 /home4/projectmanagment/public_html/roshan_energy/system/CodeIgniter.php(318): CodeIgniter\CodeIgniter->handleRequest(NULL, Object(Config\Cache), false)
#10 /home4/projectmanagment/public_html/roshan_energy/public/index.php(37): CodeIgniter\CodeIgniter->run()
#11 {main}
CRITICAL - 2022-02-11 05:15:39 --> syntax error, unexpected '}', expecting end of file
#0 /home4/projectmanagment/public_html/roshan_energy/system/View/View.php(217): CodeIgniter\View\View->CodeIgniter\View\{closure}()
#1 /home4/projectmanagment/public_html/roshan_energy/system/Common.php(1097): CodeIgniter\View\View->render('Payments/invoic...', Array, true)
#2 /home4/projectmanagment/public_html/roshan_energy/app/Views/template_with_header/template.php(5): view('Payments/invoic...')
#3 /home4/projectmanagment/public_html/roshan_energy/system/View/View.php(214): include('/home4/projectm...')
#4 /home4/projectmanagment/public_html/roshan_energy/system/View/View.php(217): CodeIgniter\View\View->CodeIgniter\View\{closure}()
#5 /home4/projectmanagment/public_html/roshan_energy/system/Common.php(1097): CodeIgniter\View\View->render('template_with_h...', Array, true)
#6 /home4/projectmanagment/public_html/roshan_energy/app/Controllers/Payments.php(16): view('template_with_h...', Array)
#7 /home4/projectmanagment/public_html/roshan_energy/system/CodeIgniter.php(824): App\Controllers\Payments->invoices()
#8 /home4/projectmanagment/public_html/roshan_energy/system/CodeIgniter.php(410): CodeIgniter\CodeIgniter->runController(Object(App\Controllers\Payments))
#9 /home4/projectmanagment/public_html/roshan_energy/system/CodeIgniter.php(318): CodeIgniter\CodeIgniter->handleRequest(NULL, Object(Config\Cache), false)
#10 /home4/projectmanagment/public_html/roshan_energy/public/index.php(37): CodeIgniter\CodeIgniter->run()
#11 {main}
CRITICAL - 2022-02-11 05:24:22 --> syntax error, unexpected '}', expecting end of file
#0 /home4/projectmanagment/public_html/roshan_energy/system/View/View.php(217): CodeIgniter\View\View->CodeIgniter\View\{closure}()
#1 /home4/projectmanagment/public_html/roshan_energy/system/Common.php(1097): CodeIgniter\View\View->render('Payments/invoic...', Array, true)
#2 /home4/projectmanagment/public_html/roshan_energy/app/Views/template_with_header/template.php(5): view('Payments/invoic...')
#3 /home4/projectmanagment/public_html/roshan_energy/system/View/View.php(214): include('/home4/projectm...')
#4 /home4/projectmanagment/public_html/roshan_energy/system/View/View.php(217): CodeIgniter\View\View->CodeIgniter\View\{closure}()
#5 /home4/projectmanagment/public_html/roshan_energy/system/Common.php(1097): CodeIgniter\View\View->render('template_with_h...', Array, true)
#6 /home4/projectmanagment/public_html/roshan_energy/app/Controllers/Payments.php(16): view('template_with_h...', Array)
#7 /home4/projectmanagment/public_html/roshan_energy/system/CodeIgniter.php(824): App\Controllers\Payments->invoices()
#8 /home4/projectmanagment/public_html/roshan_energy/system/CodeIgniter.php(410): CodeIgniter\CodeIgniter->runController(Object(App\Controllers\Payments))
#9 /home4/projectmanagment/public_html/roshan_energy/system/CodeIgniter.php(318): CodeIgniter\CodeIgniter->handleRequest(NULL, Object(Config\Cache), false)
#10 /home4/projectmanagment/public_html/roshan_energy/public/index.php(37): CodeIgniter\CodeIgniter->run()
#11 {main}
CRITICAL - 2022-02-11 05:44:55 --> Undefined offset: 1
#0 /home4/projectmanagment/public_html/roshan_energy/app/Views/Dashboard/edit_customer.php(140): CodeIgniter\Debug\Exceptions->errorHandler(8, 'Undefined offse...', '/home4/projectm...', 140, Array)
#1 /home4/projectmanagment/public_html/roshan_energy/system/View/View.php(214): include('/home4/projectm...')
#2 /home4/projectmanagment/public_html/roshan_energy/system/View/View.php(217): CodeIgniter\View\View->CodeIgniter\View\{closure}()
#3 /home4/projectmanagment/public_html/roshan_energy/system/Common.php(1097): CodeIgniter\View\View->render('Dashboard/edit_...', Array, true)
#4 /home4/projectmanagment/public_html/roshan_energy/app/Views/template_with_header/template.php(5): view('Dashboard/edit_...')
#5 /home4/projectmanagment/public_html/roshan_energy/system/View/View.php(214): include('/home4/projectm...')
#6 /home4/projectmanagment/public_html/roshan_energy/system/View/View.php(217): CodeIgniter\View\View->CodeIgniter\View\{closure}()
#7 /home4/projectmanagment/public_html/roshan_energy/system/Common.php(1097): CodeIgniter\View\View->render('template_with_h...', Array, true)
#8 /home4/projectmanagment/public_html/roshan_energy/app/Controllers/Dashboard.php(377): view('template_with_h...', Array)
#9 /home4/projectmanagment/public_html/roshan_energy/system/CodeIgniter.php(824): App\Controllers\Dashboard->edit_customer('assets', 'admin-tools', 'admin-forms', 'custom-css', 'datepicker.css')
#10 /home4/projectmanagment/public_html/roshan_energy/system/CodeIgniter.php(410): CodeIgniter\CodeIgniter->runController(Object(App\Controllers\Dashboard))
#11 /home4/projectmanagment/public_html/roshan_energy/system/CodeIgniter.php(318): CodeIgniter\CodeIgniter->handleRequest(NULL, Object(Config\Cache), false)
#12 /home4/projectmanagment/public_html/roshan_energy/public/index.php(37): CodeIgniter\CodeIgniter->run()
#13 {main}
CRITICAL - 2022-02-11 05:44:56 --> Undefined offset: 1
#0 /home4/projectmanagment/public_html/roshan_energy/app/Views/Dashboard/edit_customer.php(140): CodeIgniter\Debug\Exceptions->errorHandler(8, 'Undefined offse...', '/home4/projectm...', 140, Array)
#1 /home4/projectmanagment/public_html/roshan_energy/system/View/View.php(214): include('/home4/projectm...')
#2 /home4/projectmanagment/public_html/roshan_energy/system/View/View.php(217): CodeIgniter\View\View->CodeIgniter\View\{closure}()
#3 /home4/projectmanagment/public_html/roshan_energy/system/Common.php(1097): CodeIgniter\View\View->render('Dashboard/edit_...', Array, true)
#4 /home4/projectmanagment/public_html/roshan_energy/app/Views/template_with_header/template.php(5): view('Dashboard/edit_...')
#5 /home4/projectmanagment/public_html/roshan_energy/system/View/View.php(214): include('/home4/projectm...')
#6 /home4/projectmanagment/public_html/roshan_energy/system/View/View.php(217): CodeIgniter\View\View->CodeIgniter\View\{closure}()
#7 /home4/projectmanagment/public_html/roshan_energy/system/Common.php(1097): CodeIgniter\View\View->render('template_with_h...', Array, true)
#8 /home4/projectmanagment/public_html/roshan_energy/app/Controllers/Dashboard.php(377): view('template_with_h...', Array)
#9 /home4/projectmanagment/public_html/roshan_energy/system/CodeIgniter.php(824): App\Controllers\Dashboard->edit_customer('assets', 'img', 'logos', 'logo.jpeg')
#10 /home4/projectmanagment/public_html/roshan_energy/system/CodeIgniter.php(410): CodeIgniter\CodeIgniter->runController(Object(App\Controllers\Dashboard))
#11 /home4/projectmanagment/public_html/roshan_energy/system/CodeIgniter.php(318): CodeIgniter\CodeIgniter->handleRequest(NULL, Object(Config\Cache), false)
#12 /home4/projectmanagment/public_html/roshan_energy/public/index.php(37): CodeIgniter\CodeIgniter->run()
#13 {main}
CRITICAL - 2022-02-11 05:45:51 --> Undefined offset: 1
#0 /home4/projectmanagment/public_html/roshan_energy/app/Views/Dashboard/edit_customer.php(144): CodeIgniter\Debug\Exceptions->errorHandler(8, 'Undefined offse...', '/home4/projectm...', 144, Array)
#1 /home4/projectmanagment/public_html/roshan_energy/system/View/View.php(214): include('/home4/projectm...')
#2 /home4/projectmanagment/public_html/roshan_energy/system/View/View.php(217): CodeIgniter\View\View->CodeIgniter\View\{closure}()
#3 /home4/projectmanagment/public_html/roshan_energy/system/Common.php(1097): CodeIgniter\View\View->render('Dashboard/edit_...', Array, true)
#4 /home4/projectmanagment/public_html/roshan_energy/app/Views/template_with_header/template.php(5): view('Dashboard/edit_...')
#5 /home4/projectmanagment/public_html/roshan_energy/system/View/View.php(214): include('/home4/projectm...')
#6 /home4/projectmanagment/public_html/roshan_energy/system/View/View.php(217): CodeIgniter\View\View->CodeIgniter\View\{closure}()
#7 /home4/projectmanagment/public_html/roshan_energy/system/Common.php(1097): CodeIgniter\View\View->render('template_with_h...', Array, true)
#8 /home4/projectmanagment/public_html/roshan_energy/app/Controllers/Dashboard.php(377): view('template_with_h...', Array)
#9 /home4/projectmanagment/public_html/roshan_energy/system/CodeIgniter.php(824): App\Controllers\Dashboard->edit_customer('assets', 'admin-tools', 'admin-forms', 'custom-css', 'datepicker.css')
#10 /home4/projectmanagment/public_html/roshan_energy/system/CodeIgniter.php(410): CodeIgniter\CodeIgniter->runController(Object(App\Controllers\Dashboard))
#11 /home4/projectmanagment/public_html/roshan_energy/system/CodeIgniter.php(318): CodeIgniter\CodeIgniter->handleRequest(NULL, Object(Config\Cache), false)
#12 /home4/projectmanagment/public_html/roshan_energy/public/index.php(37): CodeIgniter\CodeIgniter->run()
#13 {main}
CRITICAL - 2022-02-11 05:45:51 --> Undefined offset: 1
#0 /home4/projectmanagment/public_html/roshan_energy/app/Views/Dashboard/edit_customer.php(144): CodeIgniter\Debug\Exceptions->errorHandler(8, 'Undefined offse...', '/home4/projectm...', 144, Array)
#1 /home4/projectmanagment/public_html/roshan_energy/system/View/View.php(214): include('/home4/projectm...')
#2 /home4/projectmanagment/public_html/roshan_energy/system/View/View.php(217): CodeIgniter\View\View->CodeIgniter\View\{closure}()
#3 /home4/projectmanagment/public_html/roshan_energy/system/Common.php(1097): CodeIgniter\View\View->render('Dashboard/edit_...', Array, true)
#4 /home4/projectmanagment/public_html/roshan_energy/app/Views/template_with_header/template.php(5): view('Dashboard/edit_...')
#5 /home4/projectmanagment/public_html/roshan_energy/system/View/View.php(214): include('/home4/projectm...')
#6 /home4/projectmanagment/public_html/roshan_energy/system/View/View.php(217): CodeIgniter\View\View->CodeIgniter\View\{closure}()
#7 /home4/projectmanagment/public_html/roshan_energy/system/Common.php(1097): CodeIgniter\View\View->render('template_with_h...', Array, true)
#8 /home4/projectmanagment/public_html/roshan_energy/app/Controllers/Dashboard.php(377): view('template_with_h...', Array)
#9 /home4/projectmanagment/public_html/roshan_energy/system/CodeIgniter.php(824): App\Controllers\Dashboard->edit_customer('assets', 'admin-tools', 'admin-forms', 'custom-css', 'datepicker.css')
#10 /home4/projectmanagment/public_html/roshan_energy/system/CodeIgniter.php(410): CodeIgniter\CodeIgniter->runController(Object(App\Controllers\Dashboard))
#11 /home4/projectmanagment/public_html/roshan_energy/system/CodeIgniter.php(318): CodeIgniter\CodeIgniter->handleRequest(NULL, Object(Config\Cache), false)
#12 /home4/projectmanagment/public_html/roshan_energy/public/index.php(37): CodeIgniter\CodeIgniter->run()
#13 {main}
CRITICAL - 2022-02-11 05:45:51 --> Undefined offset: 1
#0 /home4/projectmanagment/public_html/roshan_energy/app/Views/Dashboard/edit_customer.php(144): CodeIgniter\Debug\Exceptions->errorHandler(8, 'Undefined offse...', '/home4/projectm...', 144, Array)
#1 /home4/projectmanagment/public_html/roshan_energy/system/View/View.php(214): include('/home4/projectm...')
#2 /home4/projectmanagment/public_html/roshan_energy/system/View/View.php(217): CodeIgniter\View\View->CodeIgniter\View\{closure}()
#3 /home4/projectmanagment/public_html/roshan_energy/system/Common.php(1097): CodeIgniter\View\View->render('Dashboard/edit_...', Array, true)
#4 /home4/projectmanagment/public_html/roshan_energy/app/Views/template_with_header/template.php(5): view('Dashboard/edit_...')
#5 /home4/projectmanagment/public_html/roshan_energy/system/View/View.php(214): include('/home4/projectm...')
#6 /home4/projectmanagment/public_html/roshan_energy/system/View/View.php(217): CodeIgniter\View\View->CodeIgniter\View\{closure}()
#7 /home4/projectmanagment/public_html/roshan_energy/system/Common.php(1097): CodeIgniter\View\View->render('template_with_h...', Array, true)
#8 /home4/projectmanagment/public_html/roshan_energy/app/Controllers/Dashboard.php(377): view('template_with_h...', Array)
#9 /home4/projectmanagment/public_html/roshan_energy/system/CodeIgniter.php(824): App\Controllers\Dashboard->edit_customer('assets', 'img', 'logos', 'logo.jpeg')
#10 /home4/projectmanagment/public_html/roshan_energy/system/CodeIgniter.php(410): CodeIgniter\CodeIgniter->runController(Object(App\Controllers\Dashboard))
#11 /home4/projectmanagment/public_html/roshan_energy/system/CodeIgniter.php(318): CodeIgniter\CodeIgniter->handleRequest(NULL, Object(Config\Cache), false)
#12 /home4/projectmanagment/public_html/roshan_energy/public/index.php(37): CodeIgniter\CodeIgniter->run()
#13 {main}
CRITICAL - 2022-02-11 05:47:27 --> Undefined offset: 1
#0 /home4/projectmanagment/public_html/roshan_energy/app/Views/Dashboard/edit_customer.php(148): CodeIgniter\Debug\Exceptions->errorHandler(8, 'Undefined offse...', '/home4/projectm...', 148, Array)
#1 /home4/projectmanagment/public_html/roshan_energy/system/View/View.php(214): include('/home4/projectm...')
#2 /home4/projectmanagment/public_html/roshan_energy/system/View/View.php(217): CodeIgniter\View\View->CodeIgniter\View\{closure}()
#3 /home4/projectmanagment/public_html/roshan_energy/system/Common.php(1097): CodeIgniter\View\View->render('Dashboard/edit_...', Array, true)
#4 /home4/projectmanagment/public_html/roshan_energy/app/Views/template_with_header/template.php(5): view('Dashboard/edit_...')
#5 /home4/projectmanagment/public_html/roshan_energy/system/View/View.php(214): include('/home4/projectm...')
#6 /home4/projectmanagment/public_html/roshan_energy/system/View/View.php(217): CodeIgniter\View\View->CodeIgniter\View\{closure}()
#7 /home4/projectmanagment/public_html/roshan_energy/system/Common.php(1097): CodeIgniter\View\View->render('template_with_h...', Array, true)
#8 /home4/projectmanagment/public_html/roshan_energy/app/Controllers/Dashboard.php(377): view('template_with_h...', Array)
#9 /home4/projectmanagment/public_html/roshan_energy/system/CodeIgniter.php(824): App\Controllers\Dashboard->edit_customer('assets', 'admin-tools', 'admin-forms', 'custom-css', 'datepicker.css')
#10 /home4/projectmanagment/public_html/roshan_energy/system/CodeIgniter.php(410): CodeIgniter\CodeIgniter->runController(Object(App\Controllers\Dashboard))
#11 /home4/projectmanagment/public_html/roshan_energy/system/CodeIgniter.php(318): CodeIgniter\CodeIgniter->handleRequest(NULL, Object(Config\Cache), false)
#12 /home4/projectmanagment/public_html/roshan_energy/public/index.php(37): CodeIgniter\CodeIgniter->run()
#13 {main}
CRITICAL - 2022-02-11 05:47:28 --> Undefined offset: 1
#0 /home4/projectmanagment/public_html/roshan_energy/app/Views/Dashboard/edit_customer.php(148): CodeIgniter\Debug\Exceptions->errorHandler(8, 'Undefined offse...', '/home4/projectm...', 148, Array)
#1 /home4/projectmanagment/public_html/roshan_energy/system/View/View.php(214): include('/home4/projectm...')
#2 /home4/projectmanagment/public_html/roshan_energy/system/View/View.php(217): CodeIgniter\View\View->CodeIgniter\View\{closure}()
#3 /home4/projectmanagment/public_html/roshan_energy/system/Common.php(1097): CodeIgniter\View\View->render('Dashboard/edit_...', Array, true)
#4 /home4/projectmanagment/public_html/roshan_energy/app/Views/template_with_header/template.php(5): view('Dashboard/edit_...')
#5 /home4/projectmanagment/public_html/roshan_energy/system/View/View.php(214): include('/home4/projectm...')
#6 /home4/projectmanagment/public_html/roshan_energy/system/View/View.php(217): CodeIgniter\View\View->CodeIgniter\View\{closure}()
#7 /home4/projectmanagment/public_html/roshan_energy/system/Common.php(1097): CodeIgniter\View\View->render('template_with_h...', Array, true)
#8 /home4/projectmanagment/public_html/roshan_energy/app/Controllers/Dashboard.php(377): view('template_with_h...', Array)
#9 /home4/projectmanagment/public_html/roshan_energy/system/CodeIgniter.php(824): App\Controllers\Dashboard->edit_customer('assets', 'admin-tools', 'admin-forms', 'custom-css', 'datepicker.css')
#10 /home4/projectmanagment/public_html/roshan_energy/system/CodeIgniter.php(410): CodeIgniter\CodeIgniter->runController(Object(App\Controllers\Dashboard))
#11 /home4/projectmanagment/public_html/roshan_energy/system/CodeIgniter.php(318): CodeIgniter\CodeIgniter->handleRequest(NULL, Object(Config\Cache), false)
#12 /home4/projectmanagment/public_html/roshan_energy/public/index.php(37): CodeIgniter\CodeIgniter->run()
#13 {main}
CRITICAL - 2022-02-11 05:47:28 --> Undefined offset: 1
#0 /home4/projectmanagment/public_html/roshan_energy/app/Views/Dashboard/edit_customer.php(148): CodeIgniter\Debug\Exceptions->errorHandler(8, 'Undefined offse...', '/home4/projectm...', 148, Array)
#1 /home4/projectmanagment/public_html/roshan_energy/system/View/View.php(214): include('/home4/projectm...')
#2 /home4/projectmanagment/public_html/roshan_energy/system/View/View.php(217): CodeIgniter\View\View->CodeIgniter\View\{closure}()
#3 /home4/projectmanagment/public_html/roshan_energy/system/Common.php(1097): CodeIgniter\View\View->render('Dashboard/edit_...', Array, true)
#4 /home4/projectmanagment/public_html/roshan_energy/app/Views/template_with_header/template.php(5): view('Dashboard/edit_...')
#5 /home4/projectmanagment/public_html/roshan_energy/system/View/View.php(214): include('/home4/projectm...')
#6 /home4/projectmanagment/public_html/roshan_energy/system/View/View.php(217): CodeIgniter\View\View->CodeIgniter\View\{closure}()
#7 /home4/projectmanagment/public_html/roshan_energy/system/Common.php(1097): CodeIgniter\View\View->render('template_with_h...', Array, true)
#8 /home4/projectmanagment/public_html/roshan_energy/app/Controllers/Dashboard.php(377): view('template_with_h...', Array)
#9 /home4/projectmanagment/public_html/roshan_energy/system/CodeIgniter.php(824): App\Controllers\Dashboard->edit_customer('assets', 'img', 'logos', 'logo.jpeg')
#10 /home4/projectmanagment/public_html/roshan_energy/system/CodeIgniter.php(410): CodeIgniter\CodeIgniter->runController(Object(App\Controllers\Dashboard))
#11 /home4/projectmanagment/public_html/roshan_energy/system/CodeIgniter.php(318): CodeIgniter\CodeIgniter->handleRequest(NULL, Object(Config\Cache), false)
#12 /home4/projectmanagment/public_html/roshan_energy/public/index.php(37): CodeIgniter\CodeIgniter->run()
#13 {main}
CRITICAL - 2022-02-11 05:47:53 --> Undefined offset: 1
#0 /home4/projectmanagment/public_html/roshan_energy/app/Views/Dashboard/edit_customer.php(148): CodeIgniter\Debug\Exceptions->errorHandler(8, 'Undefined offse...', '/home4/projectm...', 148, Array)
#1 /home4/projectmanagment/public_html/roshan_energy/system/View/View.php(214): include('/home4/projectm...')
#2 /home4/projectmanagment/public_html/roshan_energy/system/View/View.php(217): CodeIgniter\View\View->CodeIgniter\View\{closure}()
#3 /home4/projectmanagment/public_html/roshan_energy/system/Common.php(1097): CodeIgniter\View\View->render('Dashboard/edit_...', Array, true)
#4 /home4/projectmanagment/public_html/roshan_energy/app/Views/template_with_header/template.php(5): view('Dashboard/edit_...')
#5 /home4/projectmanagment/public_html/roshan_energy/system/View/View.php(214): include('/home4/projectm...')
#6 /home4/projectmanagment/public_html/roshan_energy/system/View/View.php(217): CodeIgniter\View\View->CodeIgniter\View\{closure}()
#7 /home4/projectmanagment/public_html/roshan_energy/system/Common.php(1097): CodeIgniter\View\View->render('template_with_h...', Array, true)
#8 /home4/projectmanagment/public_html/roshan_energy/app/Controllers/Dashboard.php(377): view('template_with_h...', Array)
#9 /home4/projectmanagment/public_html/roshan_energy/system/CodeIgniter.php(824): App\Controllers\Dashboard->edit_customer('assets', 'admin-tools', 'admin-forms', 'custom-css', 'datepicker.css')
#10 /home4/projectmanagment/public_html/roshan_energy/system/CodeIgniter.php(410): CodeIgniter\CodeIgniter->runController(Object(App\Controllers\Dashboard))
#11 /home4/projectmanagment/public_html/roshan_energy/system/CodeIgniter.php(318): CodeIgniter\CodeIgniter->handleRequest(NULL, Object(Config\Cache), false)
#12 /home4/projectmanagment/public_html/roshan_energy/public/index.php(37): CodeIgniter\CodeIgniter->run()
#13 {main}
CRITICAL - 2022-02-11 05:47:54 --> Undefined offset: 1
#0 /home4/projectmanagment/public_html/roshan_energy/app/Views/Dashboard/edit_customer.php(148): CodeIgniter\Debug\Exceptions->errorHandler(8, 'Undefined offse...', '/home4/projectm...', 148, Array)
#1 /home4/projectmanagment/public_html/roshan_energy/system/View/View.php(214): include('/home4/projectm...')
#2 /home4/projectmanagment/public_html/roshan_energy/system/View/View.php(217): CodeIgniter\View\View->CodeIgniter\View\{closure}()
#3 /home4/projectmanagment/public_html/roshan_energy/system/Common.php(1097): CodeIgniter\View\View->render('Dashboard/edit_...', Array, true)
#4 /home4/projectmanagment/public_html/roshan_energy/app/Views/template_with_header/template.php(5): view('Dashboard/edit_...')
#5 /home4/projectmanagment/public_html/roshan_energy/system/View/View.php(214): include('/home4/projectm...')
#6 /home4/projectmanagment/public_html/roshan_energy/system/View/View.php(217): CodeIgniter\View\View->CodeIgniter\View\{closure}()
#7 /home4/projectmanagment/public_html/roshan_energy/system/Common.php(1097): CodeIgniter\View\View->render('template_with_h...', Array, true)
#8 /home4/projectmanagment/public_html/roshan_energy/app/Controllers/Dashboard.php(377): view('template_with_h...', Array)
#9 /home4/projectmanagment/public_html/roshan_energy/system/CodeIgniter.php(824): App\Controllers\Dashboard->edit_customer('assets', 'img', 'logos', 'logo.jpeg')
#10 /home4/projectmanagment/public_html/roshan_energy/system/CodeIgniter.php(410): CodeIgniter\CodeIgniter->runController(Object(App\Controllers\Dashboard))
#11 /home4/projectmanagment/public_html/roshan_energy/system/CodeIgniter.php(318): CodeIgniter\CodeIgniter->handleRequest(NULL, Object(Config\Cache), false)
#12 /home4/projectmanagment/public_html/roshan_energy/public/index.php(37): CodeIgniter\CodeIgniter->run()
#13 {main}
CRITICAL - 2022-02-11 06:00:24 --> Undefined offset: 1
#0 /home4/projectmanagment/public_html/roshan_energy/app/Views/Dashboard/edit_customer.php(148): CodeIgniter\Debug\Exceptions->errorHandler(8, 'Undefined offse...', '/home4/projectm...', 148, Array)
#1 /home4/projectmanagment/public_html/roshan_energy/system/View/View.php(214): include('/home4/projectm...')
#2 /home4/projectmanagment/public_html/roshan_energy/system/View/View.php(217): CodeIgniter\View\View->CodeIgniter\View\{closure}()
#3 /home4/projectmanagment/public_html/roshan_energy/system/Common.php(1097): CodeIgniter\View\View->render('Dashboard/edit_...', Array, true)
#4 /home4/projectmanagment/public_html/roshan_energy/app/Views/template_with_header/template.php(5): view('Dashboard/edit_...')
#5 /home4/projectmanagment/public_html/roshan_energy/system/View/View.php(214): include('/home4/projectm...')
#6 /home4/projectmanagment/public_html/roshan_energy/system/View/View.php(217): CodeIgniter\View\View->CodeIgniter\View\{closure}()
#7 /home4/projectmanagment/public_html/roshan_energy/system/Common.php(1097): CodeIgniter\View\View->render('template_with_h...', Array, true)
#8 /home4/projectmanagment/public_html/roshan_energy/app/Controllers/Dashboard.php(377): view('template_with_h...', Array)
#9 /home4/projectmanagment/public_html/roshan_energy/system/CodeIgniter.php(824): App\Controllers\Dashboard->edit_customer('assets', 'admin-tools', 'admin-forms', 'custom-css', 'datepicker.css')
#10 /home4/projectmanagment/public_html/roshan_energy/system/CodeIgniter.php(410): CodeIgniter\CodeIgniter->runController(Object(App\Controllers\Dashboard))
#11 /home4/projectmanagment/public_html/roshan_energy/system/CodeIgniter.php(318): CodeIgniter\CodeIgniter->handleRequest(NULL, Object(Config\Cache), false)
#12 /home4/projectmanagment/public_html/roshan_energy/public/index.php(37): CodeIgniter\CodeIgniter->run()
#13 {main}
CRITICAL - 2022-02-11 06:00:25 --> Undefined offset: 1
#0 /home4/projectmanagment/public_html/roshan_energy/app/Views/Dashboard/edit_customer.php(148): CodeIgniter\Debug\Exceptions->errorHandler(8, 'Undefined offse...', '/home4/projectm...', 148, Array)
#1 /home4/projectmanagment/public_html/roshan_energy/system/View/View.php(214): include('/home4/projectm...')
#2 /home4/projectmanagment/public_html/roshan_energy/system/View/View.php(217): CodeIgniter\View\View->CodeIgniter\View\{closure}()
#3 /home4/projectmanagment/public_html/roshan_energy/system/Common.php(1097): CodeIgniter\View\View->render('Dashboard/edit_...', Array, true)
#4 /home4/projectmanagment/public_html/roshan_energy/app/Views/template_with_header/template.php(5): view('Dashboard/edit_...')
#5 /home4/projectmanagment/public_html/roshan_energy/system/View/View.php(214): include('/home4/projectm...')
#6 /home4/projectmanagment/public_html/roshan_energy/system/View/View.php(217): CodeIgniter\View\View->CodeIgniter\View\{closure}()
#7 /home4/projectmanagment/public_html/roshan_energy/system/Common.php(1097): CodeIgniter\View\View->render('template_with_h...', Array, true)
#8 /home4/projectmanagment/public_html/roshan_energy/app/Controllers/Dashboard.php(377): view('template_with_h...', Array)
#9 /home4/projectmanagment/public_html/roshan_energy/system/CodeIgniter.php(824): App\Controllers\Dashboard->edit_customer('assets', 'img', 'logos', 'logo.jpeg')
#10 /home4/projectmanagment/public_html/roshan_energy/system/CodeIgniter.php(410): CodeIgniter\CodeIgniter->runController(Object(App\Controllers\Dashboard))
#11 /home4/projectmanagment/public_html/roshan_energy/system/CodeIgniter.php(318): CodeIgniter\CodeIgniter->handleRequest(NULL, Object(Config\Cache), false)
#12 /home4/projectmanagment/public_html/roshan_energy/public/index.php(37): CodeIgniter\CodeIgniter->run()
#13 {main}
CRITICAL - 2022-02-11 06:39:52 --> Undefined variable: customer_model_data
#0 /home4/projectmanagment/public_html/roshan_energy/app/Views/Payments/invoices.php(85): CodeIgniter\Debug\Exceptions->errorHandler(8, 'Undefined varia...', '/home4/projectm...', 85, Array)
#1 /home4/projectmanagment/public_html/roshan_energy/system/View/View.php(214): include('/home4/projectm...')
#2 /home4/projectmanagment/public_html/roshan_energy/system/View/View.php(217): CodeIgniter\View\View->CodeIgniter\View\{closure}()
#3 /home4/projectmanagment/public_html/roshan_energy/system/Common.php(1097): CodeIgniter\View\View->render('Payments/invoic...', Array, true)
#4 /home4/projectmanagment/public_html/roshan_energy/app/Views/template_with_header/template.php(5): view('Payments/invoic...')
#5 /home4/projectmanagment/public_html/roshan_energy/system/View/View.php(214): include('/home4/projectm...')
#6 /home4/projectmanagment/public_html/roshan_energy/system/View/View.php(217): CodeIgniter\View\View->CodeIgniter\View\{closure}()
#7 /home4/projectmanagment/public_html/roshan_energy/system/Common.php(1097): CodeIgniter\View\View->render('template_with_h...', Array, true)
#8 /home4/projectmanagment/public_html/roshan_energy/app/Controllers/Payments.php(75): view('template_with_h...', Array)
#9 /home4/projectmanagment/public_html/roshan_energy/system/CodeIgniter.php(824): App\Controllers\Payments->invoices()
#10 /home4/projectmanagment/public_html/roshan_energy/system/CodeIgniter.php(410): CodeIgniter\CodeIgniter->runController(Object(App\Controllers\Payments))
#11 /home4/projectmanagment/public_html/roshan_energy/system/CodeIgniter.php(318): CodeIgniter\CodeIgniter->handleRequest(NULL, Object(Config\Cache), false)
#12 /home4/projectmanagment/public_html/roshan_energy/public/index.php(37): CodeIgniter\CodeIgniter->run()
#13 {main}
CRITICAL - 2022-02-11 06:41:16 --> Undefined variable: customer_model_data
#0 /home4/projectmanagment/public_html/roshan_energy/app/Views/Payments/invoices.php(85): CodeIgniter\Debug\Exceptions->errorHandler(8, 'Undefined varia...', '/home4/projectm...', 85, Array)
#1 /home4/projectmanagment/public_html/roshan_energy/system/View/View.php(214): include('/home4/projectm...')
#2 /home4/projectmanagment/public_html/roshan_energy/system/View/View.php(217): CodeIgniter\View\View->CodeIgniter\View\{closure}()
#3 /home4/projectmanagment/public_html/roshan_energy/system/Common.php(1097): CodeIgniter\View\View->render('Payments/invoic...', Array, true)
#4 /home4/projectmanagment/public_html/roshan_energy/app/Views/template_with_header/template.php(5): view('Payments/invoic...')
#5 /home4/projectmanagment/public_html/roshan_energy/system/View/View.php(214): include('/home4/projectm...')
#6 /home4/projectmanagment/public_html/roshan_energy/system/View/View.php(217): CodeIgniter\View\View->CodeIgniter\View\{closure}()
#7 /home4/projectmanagment/public_html/roshan_energy/system/Common.php(1097): CodeIgniter\View\View->render('template_with_h...', Array, true)
#8 /home4/projectmanagment/public_html/roshan_energy/app/Controllers/Payments.php(75): view('template_with_h...', Array)
#9 /home4/projectmanagment/public_html/roshan_energy/system/CodeIgniter.php(824): App\Controllers\Payments->invoices()
#10 /home4/projectmanagment/public_html/roshan_energy/system/CodeIgniter.php(410): CodeIgniter\CodeIgniter->runController(Object(App\Controllers\Payments))
#11 /home4/projectmanagment/public_html/roshan_energy/system/CodeIgniter.php(318): CodeIgniter\CodeIgniter->handleRequest(NULL, Object(Config\Cache), false)
#12 /home4/projectmanagment/public_html/roshan_energy/public/index.php(37): CodeIgniter\CodeIgniter->run()
#13 {main}
CRITICAL - 2022-02-11 06:41:21 --> Undefined variable: customer_model_data
#0 /home4/projectmanagment/public_html/roshan_energy/app/Views/Payments/invoices.php(85): CodeIgniter\Debug\Exceptions->errorHandler(8, 'Undefined varia...', '/home4/projectm...', 85, Array)
#1 /home4/projectmanagment/public_html/roshan_energy/system/View/View.php(214): include('/home4/projectm...')
#2 /home4/projectmanagment/public_html/roshan_energy/system/View/View.php(217): CodeIgniter\View\View->CodeIgniter\View\{closure}()
#3 /home4/projectmanagment/public_html/roshan_energy/system/Common.php(1097): CodeIgniter\View\View->render('Payments/invoic...', Array, true)
#4 /home4/projectmanagment/public_html/roshan_energy/app/Views/template_with_header/template.php(5): view('Payments/invoic...')
#5 /home4/projectmanagment/public_html/roshan_energy/system/View/View.php(214): include('/home4/projectm...')
#6 /home4/projectmanagment/public_html/roshan_energy/system/View/View.php(217): CodeIgniter\View\View->CodeIgniter\View\{closure}()
#7 /home4/projectmanagment/public_html/roshan_energy/system/Common.php(1097): CodeIgniter\View\View->render('template_with_h...', Array, true)
#8 /home4/projectmanagment/public_html/roshan_energy/app/Controllers/Payments.php(75): view('template_with_h...', Array)
#9 /home4/projectmanagment/public_html/roshan_energy/system/CodeIgniter.php(824): App\Controllers\Payments->invoices()
#10 /home4/projectmanagment/public_html/roshan_energy/system/CodeIgniter.php(410): CodeIgniter\CodeIgniter->runController(Object(App\Controllers\Payments))
#11 /home4/projectmanagment/public_html/roshan_energy/system/CodeIgniter.php(318): CodeIgniter\CodeIgniter->handleRequest(NULL, Object(Config\Cache), false)
#12 /home4/projectmanagment/public_html/roshan_energy/public/index.php(37): CodeIgniter\CodeIgniter->run()
#13 {main}
CRITICAL - 2022-02-11 06:51:51 --> syntax error, unexpected 'print_r' (T_STRING), expecting ',' or ';'
#0 /home4/projectmanagment/public_html/roshan_energy/system/Autoloader/Autoloader.php(241): CodeIgniter\Autoloader\Autoloader->includeFile('/home4/projectm...')
#1 /home4/projectmanagment/public_html/roshan_energy/system/Autoloader/Autoloader.php(219): CodeIgniter\Autoloader\Autoloader->loadInNamespace('App\\Controllers...')
#2 [internal function]: CodeIgniter\Autoloader\Autoloader->loadClass('App\\Controllers...')
#3 [internal function]: spl_autoload_call('App\\Controllers...')
#4 /home4/projectmanagment/public_html/roshan_energy/system/CodeIgniter.php(789): class_exists('\\App\\Controller...', true)
#5 /home4/projectmanagment/public_html/roshan_energy/system/CodeIgniter.php(397): CodeIgniter\CodeIgniter->startController()
#6 /home4/projectmanagment/public_html/roshan_energy/system/CodeIgniter.php(318): CodeIgniter\CodeIgniter->handleRequest(NULL, Object(Config\Cache), false)
#7 /home4/projectmanagment/public_html/roshan_energy/public/index.php(37): CodeIgniter\CodeIgniter->run()
#8 {main}
CRITICAL - 2022-02-11 06:56:45 --> Undefined variable: year_array
#0 /home4/projectmanagment/public_html/roshan_energy/app/Views/Payments/invoices.php(116): CodeIgniter\Debug\Exceptions->errorHandler(8, 'Undefined varia...', '/home4/projectm...', 116, Array)
#1 /home4/projectmanagment/public_html/roshan_energy/system/View/View.php(214): include('/home4/projectm...')
#2 /home4/projectmanagment/public_html/roshan_energy/system/View/View.php(217): CodeIgniter\View\View->CodeIgniter\View\{closure}()
#3 /home4/projectmanagment/public_html/roshan_energy/system/Common.php(1097): CodeIgniter\View\View->render('Payments/invoic...', Array, true)
#4 /home4/projectmanagment/public_html/roshan_energy/app/Views/template_with_header/template.php(5): view('Payments/invoic...')
#5 /home4/projectmanagment/public_html/roshan_energy/system/View/View.php(214): include('/home4/projectm...')
#6 /home4/projectmanagment/public_html/roshan_energy/system/View/View.php(217): CodeIgniter\View\View->CodeIgniter\View\{closure}()
#7 /home4/projectmanagment/public_html/roshan_energy/system/Common.php(1097): CodeIgniter\View\View->render('template_with_h...', Array, true)
#8 /home4/projectmanagment/public_html/roshan_energy/app/Controllers/Payments.php(90): view('template_with_h...', Array)
#9 /home4/projectmanagment/public_html/roshan_energy/system/CodeIgniter.php(824): App\Controllers\Payments->invoices()
#10 /home4/projectmanagment/public_html/roshan_energy/system/CodeIgniter.php(410): CodeIgniter\CodeIgniter->runController(Object(App\Controllers\Payments))
#11 /home4/projectmanagment/public_html/roshan_energy/system/CodeIgniter.php(318): CodeIgniter\CodeIgniter->handleRequest(NULL, Object(Config\Cache), false)
#12 /home4/projectmanagment/public_html/roshan_energy/public/index.php(37): CodeIgniter\CodeIgniter->run()
#13 {main}
