CRITICAL - 2021-12-16 00:12:24 --> syntax error, unexpected '{', expecting '('
#0 /home1/wartiz/public_html/roshan_energy/system/Router/Router.php(176): CodeIgniter\Router\Router->autoRoute('Dashboard/updat...')
#1 /home1/wartiz/public_html/roshan_energy/system/CodeIgniter.php(718): CodeIgniter\Router\Router->handle('Dashboard/updat...')
#2 /home1/wartiz/public_html/roshan_energy/system/CodeIgniter.php(359): CodeIgniter\CodeIgniter->tryToRouteIt(Object(CodeIgniter\Router\RouteCollection))
#3 /home1/wartiz/public_html/roshan_energy/system/CodeIgniter.php(318): CodeIgniter\CodeIgniter->handleRequest(NULL, Object(Config\Cache), false)
#4 /home1/wartiz/public_html/roshan_energy/public/index.php(37): CodeIgniter\CodeIgniter->run()
#5 {main}
CRITICAL - 2021-12-16 00:13:22 --> syntax error, unexpected '{', expecting '('
#0 /home1/wartiz/public_html/roshan_energy/system/Autoloader/Autoloader.php(241): CodeIgniter\Autoloader\Autoloader->includeFile('/home1/wartiz/p...')
#1 /home1/wartiz/public_html/roshan_energy/system/Autoloader/Autoloader.php(219): CodeIgniter\Autoloader\Autoloader->loadInNamespace('App\\Controllers...')
#2 [internal function]: CodeIgniter\Autoloader\Autoloader->loadClass('App\\Controllers...')
#3 [internal function]: spl_autoload_call('App\\Controllers...')
#4 /home1/wartiz/public_html/roshan_energy/system/CodeIgniter.php(789): class_exists('\\App\\Controller...', true)
#5 /home1/wartiz/public_html/roshan_energy/system/CodeIgniter.php(397): CodeIgniter\CodeIgniter->startController()
#6 /home1/wartiz/public_html/roshan_energy/system/CodeIgniter.php(318): CodeIgniter\CodeIgniter->handleRequest(NULL, Object(Config\Cache), false)
#7 /home1/wartiz/public_html/roshan_energy/public/index.php(37): CodeIgniter\CodeIgniter->run()
#8 {main}
CRITICAL - 2021-12-16 00:14:11 --> syntax error, unexpected '{', expecting '('
#0 /home1/wartiz/public_html/roshan_energy/system/Autoloader/Autoloader.php(241): CodeIgniter\Autoloader\Autoloader->includeFile('/home1/wartiz/p...')
#1 /home1/wartiz/public_html/roshan_energy/system/Autoloader/Autoloader.php(219): CodeIgniter\Autoloader\Autoloader->loadInNamespace('App\\Controllers...')
#2 [internal function]: CodeIgniter\Autoloader\Autoloader->loadClass('App\\Controllers...')
#3 [internal function]: spl_autoload_call('App\\Controllers...')
#4 /home1/wartiz/public_html/roshan_energy/system/CodeIgniter.php(789): class_exists('\\App\\Controller...', true)
#5 /home1/wartiz/public_html/roshan_energy/system/CodeIgniter.php(397): CodeIgniter\CodeIgniter->startController()
#6 /home1/wartiz/public_html/roshan_energy/system/CodeIgniter.php(318): CodeIgniter\CodeIgniter->handleRequest(NULL, Object(Config\Cache), false)
#7 /home1/wartiz/public_html/roshan_energy/public/index.php(37): CodeIgniter\CodeIgniter->run()
#8 {main}
CRITICAL - 2021-12-16 00:51:51 --> Cannot use isset() on the result of an expression (you can use "null !== expression" instead)
#0 [internal function]: CodeIgniter\Debug\Exceptions->shutdownHandler()
#1 {main}
CRITICAL - 2021-12-16 00:52:14 --> Cannot use isset() on the result of an expression (you can use "null !== expression" instead)
#0 [internal function]: CodeIgniter\Debug\Exceptions->shutdownHandler()
#1 {main}
CRITICAL - 2021-12-16 00:55:18 --> Cannot use isset() on the result of an expression (you can use "null !== expression" instead)
#0 [internal function]: CodeIgniter\Debug\Exceptions->shutdownHandler()
#1 {main}
CRITICAL - 2021-12-16 01:25:11 --> syntax error, unexpected '}', expecting ';'
#0 /home1/wartiz/public_html/roshan_energy/system/Autoloader/Autoloader.php(241): CodeIgniter\Autoloader\Autoloader->includeFile('/home1/wartiz/p...')
#1 /home1/wartiz/public_html/roshan_energy/system/Autoloader/Autoloader.php(219): CodeIgniter\Autoloader\Autoloader->loadInNamespace('App\\Controllers...')
#2 [internal function]: CodeIgniter\Autoloader\Autoloader->loadClass('App\\Controllers...')
#3 [internal function]: spl_autoload_call('App\\Controllers...')
#4 /home1/wartiz/public_html/roshan_energy/system/CodeIgniter.php(789): class_exists('\\App\\Controller...', true)
#5 /home1/wartiz/public_html/roshan_energy/system/CodeIgniter.php(397): CodeIgniter\CodeIgniter->startController()
#6 /home1/wartiz/public_html/roshan_energy/system/CodeIgniter.php(318): CodeIgniter\CodeIgniter->handleRequest(NULL, Object(Config\Cache), false)
#7 /home1/wartiz/public_html/roshan_energy/public/index.php(37): CodeIgniter\CodeIgniter->run()
#8 {main}
CRITICAL - 2021-12-16 01:25:46 --> Undefined variable: encryptID
#0 /home1/wartiz/public_html/roshan_energy/app/Views/Dashboard/edit_customer.php(61): CodeIgniter\Debug\Exceptions->errorHandler(8, 'Undefined varia...', '/home1/wartiz/p...', 61, Array)
#1 /home1/wartiz/public_html/roshan_energy/system/View/View.php(214): include('/home1/wartiz/p...')
#2 /home1/wartiz/public_html/roshan_energy/system/View/View.php(217): CodeIgniter\View\View->CodeIgniter\View\{closure}()
#3 /home1/wartiz/public_html/roshan_energy/system/Common.php(1097): CodeIgniter\View\View->render('Dashboard/edit_...', Array, true)
#4 /home1/wartiz/public_html/roshan_energy/app/Views/template_with_header/template.php(5): view('Dashboard/edit_...')
#5 /home1/wartiz/public_html/roshan_energy/system/View/View.php(214): include('/home1/wartiz/p...')
#6 /home1/wartiz/public_html/roshan_energy/system/View/View.php(217): CodeIgniter\View\View->CodeIgniter\View\{closure}()
#7 /home1/wartiz/public_html/roshan_energy/system/Common.php(1097): CodeIgniter\View\View->render('template_with_h...', Array, true)
#8 /home1/wartiz/public_html/roshan_energy/app/Controllers/Dashboard.php(261): view('template_with_h...', Array)
#9 /home1/wartiz/public_html/roshan_energy/system/CodeIgniter.php(824): App\Controllers\Dashboard->edit_customer('OGJmMjNXZ1RxSEI...')
#10 /home1/wartiz/public_html/roshan_energy/system/CodeIgniter.php(410): CodeIgniter\CodeIgniter->runController(Object(App\Controllers\Dashboard))
#11 /home1/wartiz/public_html/roshan_energy/system/CodeIgniter.php(318): CodeIgniter\CodeIgniter->handleRequest(NULL, Object(Config\Cache), false)
#12 /home1/wartiz/public_html/roshan_energy/public/index.php(37): CodeIgniter\CodeIgniter->run()
#13 {main}
CRITICAL - 2021-12-16 01:26:35 --> Undefined variable: encryptID
#0 /home1/wartiz/public_html/roshan_energy/app/Views/Dashboard/edit_customer.php(61): CodeIgniter\Debug\Exceptions->errorHandler(8, 'Undefined varia...', '/home1/wartiz/p...', 61, Array)
#1 /home1/wartiz/public_html/roshan_energy/system/View/View.php(214): include('/home1/wartiz/p...')
#2 /home1/wartiz/public_html/roshan_energy/system/View/View.php(217): CodeIgniter\View\View->CodeIgniter\View\{closure}()
#3 /home1/wartiz/public_html/roshan_energy/system/Common.php(1097): CodeIgniter\View\View->render('Dashboard/edit_...', Array, true)
#4 /home1/wartiz/public_html/roshan_energy/app/Views/template_with_header/template.php(5): view('Dashboard/edit_...')
#5 /home1/wartiz/public_html/roshan_energy/system/View/View.php(214): include('/home1/wartiz/p...')
#6 /home1/wartiz/public_html/roshan_energy/system/View/View.php(217): CodeIgniter\View\View->CodeIgniter\View\{closure}()
#7 /home1/wartiz/public_html/roshan_energy/system/Common.php(1097): CodeIgniter\View\View->render('template_with_h...', Array, true)
#8 /home1/wartiz/public_html/roshan_energy/app/Controllers/Dashboard.php(261): view('template_with_h...', Array)
#9 /home1/wartiz/public_html/roshan_energy/system/CodeIgniter.php(824): App\Controllers\Dashboard->edit_customer('OGJmMjNXZ1RxSEI...')
#10 /home1/wartiz/public_html/roshan_energy/system/CodeIgniter.php(410): CodeIgniter\CodeIgniter->runController(Object(App\Controllers\Dashboard))
#11 /home1/wartiz/public_html/roshan_energy/system/CodeIgniter.php(318): CodeIgniter\CodeIgniter->handleRequest(NULL, Object(Config\Cache), false)
#12 /home1/wartiz/public_html/roshan_energy/public/index.php(37): CodeIgniter\CodeIgniter->run()
#13 {main}
CRITICAL - 2021-12-16 01:27:12 --> Undefined variable: encryptID
#0 /home1/wartiz/public_html/roshan_energy/app/Views/Dashboard/edit_customer.php(61): CodeIgniter\Debug\Exceptions->errorHandler(8, 'Undefined varia...', '/home1/wartiz/p...', 61, Array)
#1 /home1/wartiz/public_html/roshan_energy/system/View/View.php(214): include('/home1/wartiz/p...')
#2 /home1/wartiz/public_html/roshan_energy/system/View/View.php(217): CodeIgniter\View\View->CodeIgniter\View\{closure}()
#3 /home1/wartiz/public_html/roshan_energy/system/Common.php(1097): CodeIgniter\View\View->render('Dashboard/edit_...', Array, true)
#4 /home1/wartiz/public_html/roshan_energy/app/Views/template_with_header/template.php(5): view('Dashboard/edit_...')
#5 /home1/wartiz/public_html/roshan_energy/system/View/View.php(214): include('/home1/wartiz/p...')
#6 /home1/wartiz/public_html/roshan_energy/system/View/View.php(217): CodeIgniter\View\View->CodeIgniter\View\{closure}()
#7 /home1/wartiz/public_html/roshan_energy/system/Common.php(1097): CodeIgniter\View\View->render('template_with_h...', Array, true)
#8 /home1/wartiz/public_html/roshan_energy/app/Controllers/Dashboard.php(261): view('template_with_h...', Array)
#9 /home1/wartiz/public_html/roshan_energy/system/CodeIgniter.php(824): App\Controllers\Dashboard->edit_customer('OGJmMjNXZ1RxSEI...')
#10 /home1/wartiz/public_html/roshan_energy/system/CodeIgniter.php(410): CodeIgniter\CodeIgniter->runController(Object(App\Controllers\Dashboard))
#11 /home1/wartiz/public_html/roshan_energy/system/CodeIgniter.php(318): CodeIgniter\CodeIgniter->handleRequest(NULL, Object(Config\Cache), false)
#12 /home1/wartiz/public_html/roshan_energy/public/index.php(37): CodeIgniter\CodeIgniter->run()
#13 {main}
CRITICAL - 2021-12-16 01:27:17 --> Undefined variable: encryptID
#0 /home1/wartiz/public_html/roshan_energy/app/Views/Dashboard/edit_customer.php(61): CodeIgniter\Debug\Exceptions->errorHandler(8, 'Undefined varia...', '/home1/wartiz/p...', 61, Array)
#1 /home1/wartiz/public_html/roshan_energy/system/View/View.php(214): include('/home1/wartiz/p...')
#2 /home1/wartiz/public_html/roshan_energy/system/View/View.php(217): CodeIgniter\View\View->CodeIgniter\View\{closure}()
#3 /home1/wartiz/public_html/roshan_energy/system/Common.php(1097): CodeIgniter\View\View->render('Dashboard/edit_...', Array, true)
#4 /home1/wartiz/public_html/roshan_energy/app/Views/template_with_header/template.php(5): view('Dashboard/edit_...')
#5 /home1/wartiz/public_html/roshan_energy/system/View/View.php(214): include('/home1/wartiz/p...')
#6 /home1/wartiz/public_html/roshan_energy/system/View/View.php(217): CodeIgniter\View\View->CodeIgniter\View\{closure}()
#7 /home1/wartiz/public_html/roshan_energy/system/Common.php(1097): CodeIgniter\View\View->render('template_with_h...', Array, true)
#8 /home1/wartiz/public_html/roshan_energy/app/Controllers/Dashboard.php(261): view('template_with_h...', Array)
#9 /home1/wartiz/public_html/roshan_energy/system/CodeIgniter.php(824): App\Controllers\Dashboard->edit_customer('OGJmMjNXZ1RxSEI...')
#10 /home1/wartiz/public_html/roshan_energy/system/CodeIgniter.php(410): CodeIgniter\CodeIgniter->runController(Object(App\Controllers\Dashboard))
#11 /home1/wartiz/public_html/roshan_energy/system/CodeIgniter.php(318): CodeIgniter\CodeIgniter->handleRequest(NULL, Object(Config\Cache), false)
#12 /home1/wartiz/public_html/roshan_energy/public/index.php(37): CodeIgniter\CodeIgniter->run()
#13 {main}
CRITICAL - 2021-12-16 01:27:40 --> Undefined variable: encryptID
#0 /home1/wartiz/public_html/roshan_energy/app/Views/Dashboard/edit_customer.php(61): CodeIgniter\Debug\Exceptions->errorHandler(8, 'Undefined varia...', '/home1/wartiz/p...', 61, Array)
#1 /home1/wartiz/public_html/roshan_energy/system/View/View.php(214): include('/home1/wartiz/p...')
#2 /home1/wartiz/public_html/roshan_energy/system/View/View.php(217): CodeIgniter\View\View->CodeIgniter\View\{closure}()
#3 /home1/wartiz/public_html/roshan_energy/system/Common.php(1097): CodeIgniter\View\View->render('Dashboard/edit_...', Array, true)
#4 /home1/wartiz/public_html/roshan_energy/app/Views/template_with_header/template.php(5): view('Dashboard/edit_...')
#5 /home1/wartiz/public_html/roshan_energy/system/View/View.php(214): include('/home1/wartiz/p...')
#6 /home1/wartiz/public_html/roshan_energy/system/View/View.php(217): CodeIgniter\View\View->CodeIgniter\View\{closure}()
#7 /home1/wartiz/public_html/roshan_energy/system/Common.php(1097): CodeIgniter\View\View->render('template_with_h...', Array, true)
#8 /home1/wartiz/public_html/roshan_energy/app/Controllers/Dashboard.php(261): view('template_with_h...', Array)
#9 /home1/wartiz/public_html/roshan_energy/system/CodeIgniter.php(824): App\Controllers\Dashboard->edit_customer('OGJmMjNXZ1RxSEI...')
#10 /home1/wartiz/public_html/roshan_energy/system/CodeIgniter.php(410): CodeIgniter\CodeIgniter->runController(Object(App\Controllers\Dashboard))
#11 /home1/wartiz/public_html/roshan_energy/system/CodeIgniter.php(318): CodeIgniter\CodeIgniter->handleRequest(NULL, Object(Config\Cache), false)
#12 /home1/wartiz/public_html/roshan_energy/public/index.php(37): CodeIgniter\CodeIgniter->run()
#13 {main}
CRITICAL - 2021-12-16 01:27:53 --> Undefined variable: encryptID
#0 /home1/wartiz/public_html/roshan_energy/app/Views/Dashboard/edit_customer.php(61): CodeIgniter\Debug\Exceptions->errorHandler(8, 'Undefined varia...', '/home1/wartiz/p...', 61, Array)
#1 /home1/wartiz/public_html/roshan_energy/system/View/View.php(214): include('/home1/wartiz/p...')
#2 /home1/wartiz/public_html/roshan_energy/system/View/View.php(217): CodeIgniter\View\View->CodeIgniter\View\{closure}()
#3 /home1/wartiz/public_html/roshan_energy/system/Common.php(1097): CodeIgniter\View\View->render('Dashboard/edit_...', Array, true)
#4 /home1/wartiz/public_html/roshan_energy/app/Views/template_with_header/template.php(5): view('Dashboard/edit_...')
#5 /home1/wartiz/public_html/roshan_energy/system/View/View.php(214): include('/home1/wartiz/p...')
#6 /home1/wartiz/public_html/roshan_energy/system/View/View.php(217): CodeIgniter\View\View->CodeIgniter\View\{closure}()
#7 /home1/wartiz/public_html/roshan_energy/system/Common.php(1097): CodeIgniter\View\View->render('template_with_h...', Array, true)
#8 /home1/wartiz/public_html/roshan_energy/app/Controllers/Dashboard.php(261): view('template_with_h...', Array)
#9 /home1/wartiz/public_html/roshan_energy/system/CodeIgniter.php(824): App\Controllers\Dashboard->edit_customer('OGJmMjNXZ1RxSEI...')
#10 /home1/wartiz/public_html/roshan_energy/system/CodeIgniter.php(410): CodeIgniter\CodeIgniter->runController(Object(App\Controllers\Dashboard))
#11 /home1/wartiz/public_html/roshan_energy/system/CodeIgniter.php(318): CodeIgniter\CodeIgniter->handleRequest(NULL, Object(Config\Cache), false)
#12 /home1/wartiz/public_html/roshan_energy/public/index.php(37): CodeIgniter\CodeIgniter->run()
#13 {main}
CRITICAL - 2021-12-16 01:29:39 --> Undefined variable: encryptID
#0 /home1/wartiz/public_html/roshan_energy/app/Views/Dashboard/edit_customer.php(61): CodeIgniter\Debug\Exceptions->errorHandler(8, 'Undefined varia...', '/home1/wartiz/p...', 61, Array)
#1 /home1/wartiz/public_html/roshan_energy/system/View/View.php(214): include('/home1/wartiz/p...')
#2 /home1/wartiz/public_html/roshan_energy/system/View/View.php(217): CodeIgniter\View\View->CodeIgniter\View\{closure}()
#3 /home1/wartiz/public_html/roshan_energy/system/Common.php(1097): CodeIgniter\View\View->render('Dashboard/edit_...', Array, true)
#4 /home1/wartiz/public_html/roshan_energy/app/Views/template_with_header/template.php(5): view('Dashboard/edit_...')
#5 /home1/wartiz/public_html/roshan_energy/system/View/View.php(214): include('/home1/wartiz/p...')
#6 /home1/wartiz/public_html/roshan_energy/system/View/View.php(217): CodeIgniter\View\View->CodeIgniter\View\{closure}()
#7 /home1/wartiz/public_html/roshan_energy/system/Common.php(1097): CodeIgniter\View\View->render('template_with_h...', Array, true)
#8 /home1/wartiz/public_html/roshan_energy/app/Controllers/Dashboard.php(261): view('template_with_h...', Array)
#9 /home1/wartiz/public_html/roshan_energy/system/CodeIgniter.php(824): App\Controllers\Dashboard->edit_customer('OGJmMjNXZ1RxSEI...')
#10 /home1/wartiz/public_html/roshan_energy/system/CodeIgniter.php(410): CodeIgniter\CodeIgniter->runController(Object(App\Controllers\Dashboard))
#11 /home1/wartiz/public_html/roshan_energy/system/CodeIgniter.php(318): CodeIgniter\CodeIgniter->handleRequest(NULL, Object(Config\Cache), false)
#12 /home1/wartiz/public_html/roshan_energy/public/index.php(37): CodeIgniter\CodeIgniter->run()
#13 {main}
CRITICAL - 2021-12-16 01:30:47 --> Undefined variable: encryptID
#0 /home1/wartiz/public_html/roshan_energy/app/Views/Dashboard/edit_customer.php(61): CodeIgniter\Debug\Exceptions->errorHandler(8, 'Undefined varia...', '/home1/wartiz/p...', 61, Array)
#1 /home1/wartiz/public_html/roshan_energy/system/View/View.php(214): include('/home1/wartiz/p...')
#2 /home1/wartiz/public_html/roshan_energy/system/View/View.php(217): CodeIgniter\View\View->CodeIgniter\View\{closure}()
#3 /home1/wartiz/public_html/roshan_energy/system/Common.php(1097): CodeIgniter\View\View->render('Dashboard/edit_...', Array, true)
#4 /home1/wartiz/public_html/roshan_energy/app/Views/template_with_header/template.php(5): view('Dashboard/edit_...')
#5 /home1/wartiz/public_html/roshan_energy/system/View/View.php(214): include('/home1/wartiz/p...')
#6 /home1/wartiz/public_html/roshan_energy/system/View/View.php(217): CodeIgniter\View\View->CodeIgniter\View\{closure}()
#7 /home1/wartiz/public_html/roshan_energy/system/Common.php(1097): CodeIgniter\View\View->render('template_with_h...', Array, true)
#8 /home1/wartiz/public_html/roshan_energy/app/Controllers/Dashboard.php(261): view('template_with_h...', Array)
#9 /home1/wartiz/public_html/roshan_energy/system/CodeIgniter.php(824): App\Controllers\Dashboard->edit_customer('OGJmMjNXZ1RxSEI...')
#10 /home1/wartiz/public_html/roshan_energy/system/CodeIgniter.php(410): CodeIgniter\CodeIgniter->runController(Object(App\Controllers\Dashboard))
#11 /home1/wartiz/public_html/roshan_energy/system/CodeIgniter.php(318): CodeIgniter\CodeIgniter->handleRequest(NULL, Object(Config\Cache), false)
#12 /home1/wartiz/public_html/roshan_energy/public/index.php(37): CodeIgniter\CodeIgniter->run()
#13 {main}
CRITICAL - 2021-12-16 01:32:18 --> Undefined variable: row
#0 /home1/wartiz/public_html/roshan_energy/app/Views/Dashboard/edit_customer.php(72): CodeIgniter\Debug\Exceptions->errorHandler(8, 'Undefined varia...', '/home1/wartiz/p...', 72, Array)
#1 /home1/wartiz/public_html/roshan_energy/system/View/View.php(214): include('/home1/wartiz/p...')
#2 /home1/wartiz/public_html/roshan_energy/system/View/View.php(217): CodeIgniter\View\View->CodeIgniter\View\{closure}()
#3 /home1/wartiz/public_html/roshan_energy/system/Common.php(1097): CodeIgniter\View\View->render('Dashboard/edit_...', Array, true)
#4 /home1/wartiz/public_html/roshan_energy/app/Views/template_with_header/template.php(5): view('Dashboard/edit_...')
#5 /home1/wartiz/public_html/roshan_energy/system/View/View.php(214): include('/home1/wartiz/p...')
#6 /home1/wartiz/public_html/roshan_energy/system/View/View.php(217): CodeIgniter\View\View->CodeIgniter\View\{closure}()
#7 /home1/wartiz/public_html/roshan_energy/system/Common.php(1097): CodeIgniter\View\View->render('template_with_h...', Array, true)
#8 /home1/wartiz/public_html/roshan_energy/app/Controllers/Dashboard.php(261): view('template_with_h...', Array)
#9 /home1/wartiz/public_html/roshan_energy/system/CodeIgniter.php(824): App\Controllers\Dashboard->edit_customer('OGJmMjNXZ1RxSEI...')
#10 /home1/wartiz/public_html/roshan_energy/system/CodeIgniter.php(410): CodeIgniter\CodeIgniter->runController(Object(App\Controllers\Dashboard))
#11 /home1/wartiz/public_html/roshan_energy/system/CodeIgniter.php(318): CodeIgniter\CodeIgniter->handleRequest(NULL, Object(Config\Cache), false)
#12 /home1/wartiz/public_html/roshan_energy/public/index.php(37): CodeIgniter\CodeIgniter->run()
#13 {main}
CRITICAL - 2021-12-16 03:46:34 --> syntax error, unexpected 'public' (T_PUBLIC)
#0 /home1/wartiz/public_html/roshan_energy/system/Autoloader/Autoloader.php(241): CodeIgniter\Autoloader\Autoloader->includeFile('/home1/wartiz/p...')
#1 /home1/wartiz/public_html/roshan_energy/system/Autoloader/Autoloader.php(219): CodeIgniter\Autoloader\Autoloader->loadInNamespace('App\\Controllers...')
#2 [internal function]: CodeIgniter\Autoloader\Autoloader->loadClass('App\\Controllers...')
#3 [internal function]: spl_autoload_call('App\\Controllers...')
#4 /home1/wartiz/public_html/roshan_energy/system/CodeIgniter.php(789): class_exists('\\App\\Controller...', true)
#5 /home1/wartiz/public_html/roshan_energy/system/CodeIgniter.php(397): CodeIgniter\CodeIgniter->startController()
#6 /home1/wartiz/public_html/roshan_energy/system/CodeIgniter.php(318): CodeIgniter\CodeIgniter->handleRequest(NULL, Object(Config\Cache), false)
#7 /home1/wartiz/public_html/roshan_energy/public/index.php(37): CodeIgniter\CodeIgniter->run()
#8 {main}
CRITICAL - 2021-12-16 04:11:43 --> Undefined variable: customer_id
#0 /home1/wartiz/public_html/roshan_energy/app/Controllers/Dashboard.php(635): CodeIgniter\Debug\Exceptions->errorHandler(8, 'Undefined varia...', '/home1/wartiz/p...', 635, Array)
#1 /home1/wartiz/public_html/roshan_energy/system/CodeIgniter.php(824): App\Controllers\Dashboard->edit_biller('edit_biller')
#2 /home1/wartiz/public_html/roshan_energy/system/CodeIgniter.php(410): CodeIgniter\CodeIgniter->runController(Object(App\Controllers\Dashboard))
#3 /home1/wartiz/public_html/roshan_energy/system/CodeIgniter.php(318): CodeIgniter\CodeIgniter->handleRequest(NULL, Object(Config\Cache), false)
#4 /home1/wartiz/public_html/roshan_energy/public/index.php(37): CodeIgniter\CodeIgniter->run()
#5 {main}
CRITICAL - 2021-12-16 04:13:22 --> Undefined variable: biller_id
#0 /home1/wartiz/public_html/roshan_energy/app/Controllers/Dashboard.php(635): CodeIgniter\Debug\Exceptions->errorHandler(8, 'Undefined varia...', '/home1/wartiz/p...', 635, Array)
#1 /home1/wartiz/public_html/roshan_energy/system/CodeIgniter.php(824): App\Controllers\Dashboard->edit_biller('edit_biller')
#2 /home1/wartiz/public_html/roshan_energy/system/CodeIgniter.php(410): CodeIgniter\CodeIgniter->runController(Object(App\Controllers\Dashboard))
#3 /home1/wartiz/public_html/roshan_energy/system/CodeIgniter.php(318): CodeIgniter\CodeIgniter->handleRequest(NULL, Object(Config\Cache), false)
#4 /home1/wartiz/public_html/roshan_energy/public/index.php(37): CodeIgniter\CodeIgniter->run()
#5 {main}
CRITICAL - 2021-12-16 04:15:15 --> Undefined variable: biller_id
#0 /home1/wartiz/public_html/roshan_energy/app/Controllers/Dashboard.php(636): CodeIgniter\Debug\Exceptions->errorHandler(8, 'Undefined varia...', '/home1/wartiz/p...', 636, Array)
#1 /home1/wartiz/public_html/roshan_energy/system/CodeIgniter.php(824): App\Controllers\Dashboard->edit_biller('edit_biller')
#2 /home1/wartiz/public_html/roshan_energy/system/CodeIgniter.php(410): CodeIgniter\CodeIgniter->runController(Object(App\Controllers\Dashboard))
#3 /home1/wartiz/public_html/roshan_energy/system/CodeIgniter.php(318): CodeIgniter\CodeIgniter->handleRequest(NULL, Object(Config\Cache), false)
#4 /home1/wartiz/public_html/roshan_energy/public/index.php(37): CodeIgniter\CodeIgniter->run()
#5 {main}
CRITICAL - 2021-12-16 04:15:19 --> Undefined variable: biller_id
#0 /home1/wartiz/public_html/roshan_energy/app/Controllers/Dashboard.php(636): CodeIgniter\Debug\Exceptions->errorHandler(8, 'Undefined varia...', '/home1/wartiz/p...', 636, Array)
#1 /home1/wartiz/public_html/roshan_energy/system/CodeIgniter.php(824): App\Controllers\Dashboard->edit_biller('edit_biller')
#2 /home1/wartiz/public_html/roshan_energy/system/CodeIgniter.php(410): CodeIgniter\CodeIgniter->runController(Object(App\Controllers\Dashboard))
#3 /home1/wartiz/public_html/roshan_energy/system/CodeIgniter.php(318): CodeIgniter\CodeIgniter->handleRequest(NULL, Object(Config\Cache), false)
#4 /home1/wartiz/public_html/roshan_energy/public/index.php(37): CodeIgniter\CodeIgniter->run()
#5 {main}
CRITICAL - 2021-12-16 04:15:33 --> Undefined index: fname
#0 /home1/wartiz/public_html/roshan_energy/app/Views/Dashboard/edit_biller.php(80): CodeIgniter\Debug\Exceptions->errorHandler(8, 'Undefined index...', '/home1/wartiz/p...', 80, Array)
#1 /home1/wartiz/public_html/roshan_energy/system/View/View.php(214): include('/home1/wartiz/p...')
#2 /home1/wartiz/public_html/roshan_energy/system/View/View.php(217): CodeIgniter\View\View->CodeIgniter\View\{closure}()
#3 /home1/wartiz/public_html/roshan_energy/system/Common.php(1097): CodeIgniter\View\View->render('Dashboard/edit_...', Array, true)
#4 /home1/wartiz/public_html/roshan_energy/app/Views/template_with_header/template.php(5): view('Dashboard/edit_...')
#5 /home1/wartiz/public_html/roshan_energy/system/View/View.php(214): include('/home1/wartiz/p...')
#6 /home1/wartiz/public_html/roshan_energy/system/View/View.php(217): CodeIgniter\View\View->CodeIgniter\View\{closure}()
#7 /home1/wartiz/public_html/roshan_energy/system/Common.php(1097): CodeIgniter\View\View->render('template_with_h...', Array, true)
#8 /home1/wartiz/public_html/roshan_energy/app/Controllers/Dashboard.php(671): view('template_with_h...', Array)
#9 /home1/wartiz/public_html/roshan_energy/system/CodeIgniter.php(824): App\Controllers\Dashboard->edit_biller('OGJmMjNXZ1RxSEI...')
#10 /home1/wartiz/public_html/roshan_energy/system/CodeIgniter.php(410): CodeIgniter\CodeIgniter->runController(Object(App\Controllers\Dashboard))
#11 /home1/wartiz/public_html/roshan_energy/system/CodeIgniter.php(318): CodeIgniter\CodeIgniter->handleRequest(NULL, Object(Config\Cache), false)
#12 /home1/wartiz/public_html/roshan_energy/public/index.php(37): CodeIgniter\CodeIgniter->run()
#13 {main}
CRITICAL - 2021-12-16 04:16:23 --> Undefined index: m_name
#0 /home1/wartiz/public_html/roshan_energy/app/Views/Dashboard/edit_biller.php(112): CodeIgniter\Debug\Exceptions->errorHandler(8, 'Undefined index...', '/home1/wartiz/p...', 112, Array)
#1 /home1/wartiz/public_html/roshan_energy/system/View/View.php(214): include('/home1/wartiz/p...')
#2 /home1/wartiz/public_html/roshan_energy/system/View/View.php(217): CodeIgniter\View\View->CodeIgniter\View\{closure}()
#3 /home1/wartiz/public_html/roshan_energy/system/Common.php(1097): CodeIgniter\View\View->render('Dashboard/edit_...', Array, true)
#4 /home1/wartiz/public_html/roshan_energy/app/Views/template_with_header/template.php(5): view('Dashboard/edit_...')
#5 /home1/wartiz/public_html/roshan_energy/system/View/View.php(214): include('/home1/wartiz/p...')
#6 /home1/wartiz/public_html/roshan_energy/system/View/View.php(217): CodeIgniter\View\View->CodeIgniter\View\{closure}()
#7 /home1/wartiz/public_html/roshan_energy/system/Common.php(1097): CodeIgniter\View\View->render('template_with_h...', Array, true)
#8 /home1/wartiz/public_html/roshan_energy/app/Controllers/Dashboard.php(671): view('template_with_h...', Array)
#9 /home1/wartiz/public_html/roshan_energy/system/CodeIgniter.php(824): App\Controllers\Dashboard->edit_biller('OGJmMjNXZ1RxSEI...')
#10 /home1/wartiz/public_html/roshan_energy/system/CodeIgniter.php(410): CodeIgniter\CodeIgniter->runController(Object(App\Controllers\Dashboard))
#11 /home1/wartiz/public_html/roshan_energy/system/CodeIgniter.php(318): CodeIgniter\CodeIgniter->handleRequest(NULL, Object(Config\Cache), false)
#12 /home1/wartiz/public_html/roshan_energy/public/index.php(37): CodeIgniter\CodeIgniter->run()
#13 {main}
CRITICAL - 2021-12-16 04:17:40 --> Undefined index: phone
#0 /home1/wartiz/public_html/roshan_energy/app/Views/Dashboard/edit_biller.php(245): CodeIgniter\Debug\Exceptions->errorHandler(8, 'Undefined index...', '/home1/wartiz/p...', 245, Array)
#1 /home1/wartiz/public_html/roshan_energy/system/View/View.php(214): include('/home1/wartiz/p...')
#2 /home1/wartiz/public_html/roshan_energy/system/View/View.php(217): CodeIgniter\View\View->CodeIgniter\View\{closure}()
#3 /home1/wartiz/public_html/roshan_energy/system/Common.php(1097): CodeIgniter\View\View->render('Dashboard/edit_...', Array, true)
#4 /home1/wartiz/public_html/roshan_energy/app/Views/template_with_header/template.php(5): view('Dashboard/edit_...')
#5 /home1/wartiz/public_html/roshan_energy/system/View/View.php(214): include('/home1/wartiz/p...')
#6 /home1/wartiz/public_html/roshan_energy/system/View/View.php(217): CodeIgniter\View\View->CodeIgniter\View\{closure}()
#7 /home1/wartiz/public_html/roshan_energy/system/Common.php(1097): CodeIgniter\View\View->render('template_with_h...', Array, true)
#8 /home1/wartiz/public_html/roshan_energy/app/Controllers/Dashboard.php(671): view('template_with_h...', Array)
#9 /home1/wartiz/public_html/roshan_energy/system/CodeIgniter.php(824): App\Controllers\Dashboard->edit_biller('OGJmMjNXZ1RxSEI...')
#10 /home1/wartiz/public_html/roshan_energy/system/CodeIgniter.php(410): CodeIgniter\CodeIgniter->runController(Object(App\Controllers\Dashboard))
#11 /home1/wartiz/public_html/roshan_energy/system/CodeIgniter.php(318): CodeIgniter\CodeIgniter->handleRequest(NULL, Object(Config\Cache), false)
#12 /home1/wartiz/public_html/roshan_energy/public/index.php(37): CodeIgniter\CodeIgniter->run()
#13 {main}
CRITICAL - 2021-12-16 04:18:36 --> Undefined index: phone
#0 /home1/wartiz/public_html/roshan_energy/app/Views/Dashboard/edit_biller.php(245): CodeIgniter\Debug\Exceptions->errorHandler(8, 'Undefined index...', '/home1/wartiz/p...', 245, Array)
#1 /home1/wartiz/public_html/roshan_energy/system/View/View.php(214): include('/home1/wartiz/p...')
#2 /home1/wartiz/public_html/roshan_energy/system/View/View.php(217): CodeIgniter\View\View->CodeIgniter\View\{closure}()
#3 /home1/wartiz/public_html/roshan_energy/system/Common.php(1097): CodeIgniter\View\View->render('Dashboard/edit_...', Array, true)
#4 /home1/wartiz/public_html/roshan_energy/app/Views/template_with_header/template.php(5): view('Dashboard/edit_...')
#5 /home1/wartiz/public_html/roshan_energy/system/View/View.php(214): include('/home1/wartiz/p...')
#6 /home1/wartiz/public_html/roshan_energy/system/View/View.php(217): CodeIgniter\View\View->CodeIgniter\View\{closure}()
#7 /home1/wartiz/public_html/roshan_energy/system/Common.php(1097): CodeIgniter\View\View->render('template_with_h...', Array, true)
#8 /home1/wartiz/public_html/roshan_energy/app/Controllers/Dashboard.php(671): view('template_with_h...', Array)
#9 /home1/wartiz/public_html/roshan_energy/system/CodeIgniter.php(824): App\Controllers\Dashboard->edit_biller('OGJmMjNXZ1RxSEI...')
#10 /home1/wartiz/public_html/roshan_energy/system/CodeIgniter.php(410): CodeIgniter\CodeIgniter->runController(Object(App\Controllers\Dashboard))
#11 /home1/wartiz/public_html/roshan_energy/system/CodeIgniter.php(318): CodeIgniter\CodeIgniter->handleRequest(NULL, Object(Config\Cache), false)
#12 /home1/wartiz/public_html/roshan_energy/public/index.php(37): CodeIgniter\CodeIgniter->run()
#13 {main}
CRITICAL - 2021-12-16 04:18:39 --> Undefined index: phone
#0 /home1/wartiz/public_html/roshan_energy/app/Views/Dashboard/edit_biller.php(245): CodeIgniter\Debug\Exceptions->errorHandler(8, 'Undefined index...', '/home1/wartiz/p...', 245, Array)
#1 /home1/wartiz/public_html/roshan_energy/system/View/View.php(214): include('/home1/wartiz/p...')
#2 /home1/wartiz/public_html/roshan_energy/system/View/View.php(217): CodeIgniter\View\View->CodeIgniter\View\{closure}()
#3 /home1/wartiz/public_html/roshan_energy/system/Common.php(1097): CodeIgniter\View\View->render('Dashboard/edit_...', Array, true)
#4 /home1/wartiz/public_html/roshan_energy/app/Views/template_with_header/template.php(5): view('Dashboard/edit_...')
#5 /home1/wartiz/public_html/roshan_energy/system/View/View.php(214): include('/home1/wartiz/p...')
#6 /home1/wartiz/public_html/roshan_energy/system/View/View.php(217): CodeIgniter\View\View->CodeIgniter\View\{closure}()
#7 /home1/wartiz/public_html/roshan_energy/system/Common.php(1097): CodeIgniter\View\View->render('template_with_h...', Array, true)
#8 /home1/wartiz/public_html/roshan_energy/app/Controllers/Dashboard.php(671): view('template_with_h...', Array)
#9 /home1/wartiz/public_html/roshan_energy/system/CodeIgniter.php(824): App\Controllers\Dashboard->edit_biller('OGJmMjNXZ1RxSEI...')
#10 /home1/wartiz/public_html/roshan_energy/system/CodeIgniter.php(410): CodeIgniter\CodeIgniter->runController(Object(App\Controllers\Dashboard))
#11 /home1/wartiz/public_html/roshan_energy/system/CodeIgniter.php(318): CodeIgniter\CodeIgniter->handleRequest(NULL, Object(Config\Cache), false)
#12 /home1/wartiz/public_html/roshan_energy/public/index.php(37): CodeIgniter\CodeIgniter->run()
#13 {main}
CRITICAL - 2021-12-16 04:18:41 --> Undefined index: phone
#0 /home1/wartiz/public_html/roshan_energy/app/Views/Dashboard/edit_biller.php(245): CodeIgniter\Debug\Exceptions->errorHandler(8, 'Undefined index...', '/home1/wartiz/p...', 245, Array)
#1 /home1/wartiz/public_html/roshan_energy/system/View/View.php(214): include('/home1/wartiz/p...')
#2 /home1/wartiz/public_html/roshan_energy/system/View/View.php(217): CodeIgniter\View\View->CodeIgniter\View\{closure}()
#3 /home1/wartiz/public_html/roshan_energy/system/Common.php(1097): CodeIgniter\View\View->render('Dashboard/edit_...', Array, true)
#4 /home1/wartiz/public_html/roshan_energy/app/Views/template_with_header/template.php(5): view('Dashboard/edit_...')
#5 /home1/wartiz/public_html/roshan_energy/system/View/View.php(214): include('/home1/wartiz/p...')
#6 /home1/wartiz/public_html/roshan_energy/system/View/View.php(217): CodeIgniter\View\View->CodeIgniter\View\{closure}()
#7 /home1/wartiz/public_html/roshan_energy/system/Common.php(1097): CodeIgniter\View\View->render('template_with_h...', Array, true)
#8 /home1/wartiz/public_html/roshan_energy/app/Controllers/Dashboard.php(671): view('template_with_h...', Array)
#9 /home1/wartiz/public_html/roshan_energy/system/CodeIgniter.php(824): App\Controllers\Dashboard->edit_biller('OGJmMjNXZ1RxSEI...')
#10 /home1/wartiz/public_html/roshan_energy/system/CodeIgniter.php(410): CodeIgniter\CodeIgniter->runController(Object(App\Controllers\Dashboard))
#11 /home1/wartiz/public_html/roshan_energy/system/CodeIgniter.php(318): CodeIgniter\CodeIgniter->handleRequest(NULL, Object(Config\Cache), false)
#12 /home1/wartiz/public_html/roshan_energy/public/index.php(37): CodeIgniter\CodeIgniter->run()
#13 {main}
CRITICAL - 2021-12-16 04:19:50 --> Undefined variable: biller_id
#0 /home1/wartiz/public_html/roshan_energy/app/Controllers/Dashboard.php(636): CodeIgniter\Debug\Exceptions->errorHandler(8, 'Undefined varia...', '/home1/wartiz/p...', 636, Array)
#1 /home1/wartiz/public_html/roshan_energy/system/CodeIgniter.php(824): App\Controllers\Dashboard->edit_biller('YnljMGIvQnVmUWh...')
#2 /home1/wartiz/public_html/roshan_energy/system/CodeIgniter.php(410): CodeIgniter\CodeIgniter->runController(Object(App\Controllers\Dashboard))
#3 /home1/wartiz/public_html/roshan_energy/system/CodeIgniter.php(318): CodeIgniter\CodeIgniter->handleRequest(NULL, Object(Config\Cache), false)
#4 /home1/wartiz/public_html/roshan_energy/public/index.php(37): CodeIgniter\CodeIgniter->run()
#5 {main}
CRITICAL - 2021-12-16 04:57:08 --> Invalid file: edit-customer.php
#0 /home1/wartiz/public_html/roshan_energy/system/View/View.php(198): CodeIgniter\Exceptions\FrameworkException::forInvalidFile('edit-customer.p...')
#1 /home1/wartiz/public_html/roshan_energy/system/Common.php(1097): CodeIgniter\View\View->render('edit-customer', Array, true)
#2 /home1/wartiz/public_html/roshan_energy/app/Views/template_with_header/template.php(5): view('edit-customer')
#3 /home1/wartiz/public_html/roshan_energy/system/View/View.php(214): include('/home1/wartiz/p...')
#4 /home1/wartiz/public_html/roshan_energy/system/View/View.php(217): CodeIgniter\View\View->CodeIgniter\View\{closure}()
#5 /home1/wartiz/public_html/roshan_energy/system/Common.php(1097): CodeIgniter\View\View->render('template_with_h...', Array, true)
#6 /home1/wartiz/public_html/roshan_energy/app/Controllers/Dashboard.php(266): view('template_with_h...', Array)
#7 /home1/wartiz/public_html/roshan_energy/system/CodeIgniter.php(824): App\Controllers\Dashboard->edit_customer('edit_customer')
#8 /home1/wartiz/public_html/roshan_energy/system/CodeIgniter.php(410): CodeIgniter\CodeIgniter->runController(Object(App\Controllers\Dashboard))
#9 /home1/wartiz/public_html/roshan_energy/system/CodeIgniter.php(318): CodeIgniter\CodeIgniter->handleRequest(NULL, Object(Config\Cache), false)
#10 /home1/wartiz/public_html/roshan_energy/public/index.php(37): CodeIgniter\CodeIgniter->run()
#11 {main}
CRITICAL - 2021-12-16 04:57:13 --> Invalid file: edit-customer.php
#0 /home1/wartiz/public_html/roshan_energy/system/View/View.php(198): CodeIgniter\Exceptions\FrameworkException::forInvalidFile('edit-customer.p...')
#1 /home1/wartiz/public_html/roshan_energy/system/Common.php(1097): CodeIgniter\View\View->render('edit-customer', Array, true)
#2 /home1/wartiz/public_html/roshan_energy/app/Views/template_with_header/template.php(5): view('edit-customer')
#3 /home1/wartiz/public_html/roshan_energy/system/View/View.php(214): include('/home1/wartiz/p...')
#4 /home1/wartiz/public_html/roshan_energy/system/View/View.php(217): CodeIgniter\View\View->CodeIgniter\View\{closure}()
#5 /home1/wartiz/public_html/roshan_energy/system/Common.php(1097): CodeIgniter\View\View->render('template_with_h...', Array, true)
#6 /home1/wartiz/public_html/roshan_energy/app/Controllers/Dashboard.php(266): view('template_with_h...', Array)
#7 /home1/wartiz/public_html/roshan_energy/system/CodeIgniter.php(824): App\Controllers\Dashboard->edit_customer('OGJmMjNXZ1RxSEI...')
#8 /home1/wartiz/public_html/roshan_energy/system/CodeIgniter.php(410): CodeIgniter\CodeIgniter->runController(Object(App\Controllers\Dashboard))
#9 /home1/wartiz/public_html/roshan_energy/system/CodeIgniter.php(318): CodeIgniter\CodeIgniter->handleRequest(NULL, Object(Config\Cache), false)
#10 /home1/wartiz/public_html/roshan_energy/public/index.php(37): CodeIgniter\CodeIgniter->run()
#11 {main}
CRITICAL - 2021-12-16 05:26:01 --> Undefined variable: encryprtIDValue
#0 /home1/wartiz/public_html/roshan_energy/app/Controllers/Dashboard.php(270): CodeIgniter\Debug\Exceptions->errorHandler(8, 'Undefined varia...', '/home1/wartiz/p...', 270, Array)
#1 /home1/wartiz/public_html/roshan_energy/system/CodeIgniter.php(824): App\Controllers\Dashboard->edit_customer('OGJmMjNXZ1RxSEI...')
#2 /home1/wartiz/public_html/roshan_energy/system/CodeIgniter.php(410): CodeIgniter\CodeIgniter->runController(Object(App\Controllers\Dashboard))
#3 /home1/wartiz/public_html/roshan_energy/system/CodeIgniter.php(318): CodeIgniter\CodeIgniter->handleRequest(NULL, Object(Config\Cache), false)
#4 /home1/wartiz/public_html/roshan_energy/public/index.php(37): CodeIgniter\CodeIgniter->run()
#5 {main}
