CRITICAL - 2021-12-15 03:24:35 --> Invalid file: Dashboard/account_control.php
#0 /home1/wartiz/public_html/roshan_energy/system/View/View.php(198): CodeIgniter\Exceptions\FrameworkException::forInvalidFile('Dashboard/accou...')
#1 /home1/wartiz/public_html/roshan_energy/system/Common.php(1097): CodeIgniter\View\View->render('Dashboard/accou...', Array, true)
#2 /home1/wartiz/public_html/roshan_energy/app/Views/template/template.php(5): view('Dashboard/accou...')
#3 /home1/wartiz/public_html/roshan_energy/system/View/View.php(214): include('/home1/wartiz/p...')
#4 /home1/wartiz/public_html/roshan_energy/system/View/View.php(217): CodeIgniter\View\View->CodeIgniter\View\{closure}()
#5 /home1/wartiz/public_html/roshan_energy/system/Common.php(1097): CodeIgniter\View\View->render('template/templa...', Array, true)
#6 /home1/wartiz/public_html/roshan_energy/app/Controllers/Dashboard.php(21): view('template/templa...', Array)
#7 /home1/wartiz/public_html/roshan_energy/system/CodeIgniter.php(824): App\Controllers\Dashboard->account_control()
#8 /home1/wartiz/public_html/roshan_energy/system/CodeIgniter.php(410): CodeIgniter\CodeIgniter->runController(Object(App\Controllers\Dashboard))
#9 /home1/wartiz/public_html/roshan_energy/system/CodeIgniter.php(318): CodeIgniter\CodeIgniter->handleRequest(NULL, Object(Config\Cache), false)
#10 /home1/wartiz/public_html/roshan_energy/public/index.php(37): CodeIgniter\CodeIgniter->run()
#11 {main}
CRITICAL - 2021-12-15 03:25:00 --> Invalid file: Dashboard/account_control.php
#0 /home1/wartiz/public_html/roshan_energy/system/View/View.php(198): CodeIgniter\Exceptions\FrameworkException::forInvalidFile('Dashboard/accou...')
#1 /home1/wartiz/public_html/roshan_energy/system/Common.php(1097): CodeIgniter\View\View->render('Dashboard/accou...', Array, true)
#2 /home1/wartiz/public_html/roshan_energy/app/Views/template/template.php(5): view('Dashboard/accou...')
#3 /home1/wartiz/public_html/roshan_energy/system/View/View.php(214): include('/home1/wartiz/p...')
#4 /home1/wartiz/public_html/roshan_energy/system/View/View.php(217): CodeIgniter\View\View->CodeIgniter\View\{closure}()
#5 /home1/wartiz/public_html/roshan_energy/system/Common.php(1097): CodeIgniter\View\View->render('template/templa...', Array, true)
#6 /home1/wartiz/public_html/roshan_energy/app/Controllers/Dashboard.php(21): view('template/templa...', Array)
#7 /home1/wartiz/public_html/roshan_energy/system/CodeIgniter.php(824): App\Controllers\Dashboard->account_control()
#8 /home1/wartiz/public_html/roshan_energy/system/CodeIgniter.php(410): CodeIgniter\CodeIgniter->runController(Object(App\Controllers\Dashboard))
#9 /home1/wartiz/public_html/roshan_energy/system/CodeIgniter.php(318): CodeIgniter\CodeIgniter->handleRequest(NULL, Object(Config\Cache), false)
#10 /home1/wartiz/public_html/roshan_energy/public/index.php(37): CodeIgniter\CodeIgniter->run()
#11 {main}
CRITICAL - 2021-12-15 03:25:01 --> Invalid file: Dashboard/account_control.php
#0 /home1/wartiz/public_html/roshan_energy/system/View/View.php(198): CodeIgniter\Exceptions\FrameworkException::forInvalidFile('Dashboard/accou...')
#1 /home1/wartiz/public_html/roshan_energy/system/Common.php(1097): CodeIgniter\View\View->render('Dashboard/accou...', Array, true)
#2 /home1/wartiz/public_html/roshan_energy/app/Views/template/template.php(5): view('Dashboard/accou...')
#3 /home1/wartiz/public_html/roshan_energy/system/View/View.php(214): include('/home1/wartiz/p...')
#4 /home1/wartiz/public_html/roshan_energy/system/View/View.php(217): CodeIgniter\View\View->CodeIgniter\View\{closure}()
#5 /home1/wartiz/public_html/roshan_energy/system/Common.php(1097): CodeIgniter\View\View->render('template/templa...', Array, true)
#6 /home1/wartiz/public_html/roshan_energy/app/Controllers/Dashboard.php(21): view('template/templa...', Array)
#7 /home1/wartiz/public_html/roshan_energy/system/CodeIgniter.php(824): App\Controllers\Dashboard->account_control()
#8 /home1/wartiz/public_html/roshan_energy/system/CodeIgniter.php(410): CodeIgniter\CodeIgniter->runController(Object(App\Controllers\Dashboard))
#9 /home1/wartiz/public_html/roshan_energy/system/CodeIgniter.php(318): CodeIgniter\CodeIgniter->handleRequest(NULL, Object(Config\Cache), false)
#10 /home1/wartiz/public_html/roshan_energy/public/index.php(37): CodeIgniter\CodeIgniter->run()
#11 {main}
CRITICAL - 2021-12-15 05:54:43 --> Invalid file: Dashboard/update_customer.php
#0 /home1/wartiz/public_html/roshan_energy/system/View/View.php(198): CodeIgniter\Exceptions\FrameworkException::forInvalidFile('Dashboard/updat...')
#1 /home1/wartiz/public_html/roshan_energy/system/Common.php(1097): CodeIgniter\View\View->render('Dashboard/updat...', Array, true)
#2 /home1/wartiz/public_html/roshan_energy/app/Views/template_with_header/template.php(5): view('Dashboard/updat...')
#3 /home1/wartiz/public_html/roshan_energy/system/View/View.php(214): include('/home1/wartiz/p...')
#4 /home1/wartiz/public_html/roshan_energy/system/View/View.php(217): CodeIgniter\View\View->CodeIgniter\View\{closure}()
#5 /home1/wartiz/public_html/roshan_energy/system/Common.php(1097): CodeIgniter\View\View->render('template_with_h...', Array, true)
#6 /home1/wartiz/public_html/roshan_energy/app/Controllers/Dashboard.php(166): view('template_with_h...', Array)
#7 /home1/wartiz/public_html/roshan_energy/system/CodeIgniter.php(824): App\Controllers\Dashboard->edit_customer('TGh2SDVDa1ZhQmU...')
#8 /home1/wartiz/public_html/roshan_energy/system/CodeIgniter.php(410): CodeIgniter\CodeIgniter->runController(Object(App\Controllers\Dashboard))
#9 /home1/wartiz/public_html/roshan_energy/system/CodeIgniter.php(318): CodeIgniter\CodeIgniter->handleRequest(NULL, Object(Config\Cache), false)
#10 /home1/wartiz/public_html/roshan_energy/public/index.php(37): CodeIgniter\CodeIgniter->run()
#11 {main}
CRITICAL - 2021-12-15 07:36:11 -->  is not a valid rule.
#0 /home1/wartiz/public_html/roshan_energy/system/Validation/Validation.php(285): CodeIgniter\Validation\Exceptions\ValidationException::forRuleNotFound('')
#1 /home1/wartiz/public_html/roshan_energy/system/Validation/Validation.php(151): CodeIgniter\Validation\Validation->processRules('phone', 'Phone Number', '7678978970', Array, Array)
#2 /home1/wartiz/public_html/roshan_energy/system/Controller.php(160): CodeIgniter\Validation\Validation->run()
#3 /home1/wartiz/public_html/roshan_energy/app/Controllers/Dashboard.php(250): CodeIgniter\Controller->validate(Array)
#4 /home1/wartiz/public_html/roshan_energy/system/CodeIgniter.php(824): App\Controllers\Dashboard->biller_insert()
#5 /home1/wartiz/public_html/roshan_energy/system/CodeIgniter.php(410): CodeIgniter\CodeIgniter->runController(Object(App\Controllers\Dashboard))
#6 /home1/wartiz/public_html/roshan_energy/system/CodeIgniter.php(318): CodeIgniter\CodeIgniter->handleRequest(NULL, Object(Config\Cache), false)
#7 /home1/wartiz/public_html/roshan_energy/public/index.php(37): CodeIgniter\CodeIgniter->run()
#8 {main}
CRITICAL - 2021-12-15 22:36:41 -->  is not a valid rule.
#0 /home1/wartiz/public_html/roshan_energy/system/Validation/Validation.php(285): CodeIgniter\Validation\Exceptions\ValidationException::forRuleNotFound('')
#1 /home1/wartiz/public_html/roshan_energy/system/Validation/Validation.php(151): CodeIgniter\Validation\Validation->processRules('phone', 'Phone Number', '1111111111', Array, Array)
#2 /home1/wartiz/public_html/roshan_energy/system/Controller.php(160): CodeIgniter\Validation\Validation->run()
#3 /home1/wartiz/public_html/roshan_energy/app/Controllers/Dashboard.php(250): CodeIgniter\Controller->validate(Array)
#4 /home1/wartiz/public_html/roshan_energy/system/CodeIgniter.php(824): App\Controllers\Dashboard->biller_insert()
#5 /home1/wartiz/public_html/roshan_energy/system/CodeIgniter.php(410): CodeIgniter\CodeIgniter->runController(Object(App\Controllers\Dashboard))
#6 /home1/wartiz/public_html/roshan_energy/system/CodeIgniter.php(318): CodeIgniter\CodeIgniter->handleRequest(NULL, Object(Config\Cache), false)
#7 /home1/wartiz/public_html/roshan_energy/public/index.php(37): CodeIgniter\CodeIgniter->run()
#8 {main}
CRITICAL - 2021-12-15 22:37:24 -->  is not a valid rule.
#0 /home1/wartiz/public_html/roshan_energy/system/Validation/Validation.php(285): CodeIgniter\Validation\Exceptions\ValidationException::forRuleNotFound('')
#1 /home1/wartiz/public_html/roshan_energy/system/Validation/Validation.php(151): CodeIgniter\Validation\Validation->processRules('phone', 'Phone Number', '1234567890', Array, Array)
#2 /home1/wartiz/public_html/roshan_energy/system/Controller.php(160): CodeIgniter\Validation\Validation->run()
#3 /home1/wartiz/public_html/roshan_energy/app/Controllers/Dashboard.php(250): CodeIgniter\Controller->validate(Array)
#4 /home1/wartiz/public_html/roshan_energy/system/CodeIgniter.php(824): App\Controllers\Dashboard->biller_insert()
#5 /home1/wartiz/public_html/roshan_energy/system/CodeIgniter.php(410): CodeIgniter\CodeIgniter->runController(Object(App\Controllers\Dashboard))
#6 /home1/wartiz/public_html/roshan_energy/system/CodeIgniter.php(318): CodeIgniter\CodeIgniter->handleRequest(NULL, Object(Config\Cache), false)
#7 /home1/wartiz/public_html/roshan_energy/public/index.php(37): CodeIgniter\CodeIgniter->run()
#8 {main}
CRITICAL - 2021-12-15 22:40:10 -->  is not a valid rule.
#0 /home1/wartiz/public_html/roshan_energy/system/Validation/Validation.php(285): CodeIgniter\Validation\Exceptions\ValidationException::forRuleNotFound('')
#1 /home1/wartiz/public_html/roshan_energy/system/Validation/Validation.php(151): CodeIgniter\Validation\Validation->processRules('phone', 'Phone Number', '1234567890', Array, Array)
#2 /home1/wartiz/public_html/roshan_energy/system/Controller.php(160): CodeIgniter\Validation\Validation->run()
#3 /home1/wartiz/public_html/roshan_energy/app/Controllers/Dashboard.php(250): CodeIgniter\Controller->validate(Array)
#4 /home1/wartiz/public_html/roshan_energy/system/CodeIgniter.php(824): App\Controllers\Dashboard->biller_insert()
#5 /home1/wartiz/public_html/roshan_energy/system/CodeIgniter.php(410): CodeIgniter\CodeIgniter->runController(Object(App\Controllers\Dashboard))
#6 /home1/wartiz/public_html/roshan_energy/system/CodeIgniter.php(318): CodeIgniter\CodeIgniter->handleRequest(NULL, Object(Config\Cache), false)
#7 /home1/wartiz/public_html/roshan_energy/public/index.php(37): CodeIgniter\CodeIgniter->run()
#8 {main}
CRITICAL - 2021-12-15 22:50:38 -->  is not a valid rule.
#0 /home1/wartiz/public_html/roshan_energy/system/Validation/Validation.php(285): CodeIgniter\Validation\Exceptions\ValidationException::forRuleNotFound('')
#1 /home1/wartiz/public_html/roshan_energy/system/Validation/Validation.php(151): CodeIgniter\Validation\Validation->processRules('phone', 'Phone Number', '1234567890', Array, Array)
#2 /home1/wartiz/public_html/roshan_energy/system/Controller.php(160): CodeIgniter\Validation\Validation->run()
#3 /home1/wartiz/public_html/roshan_energy/app/Controllers/Dashboard.php(250): CodeIgniter\Controller->validate(Array)
#4 /home1/wartiz/public_html/roshan_energy/system/CodeIgniter.php(824): App\Controllers\Dashboard->biller_insert()
#5 /home1/wartiz/public_html/roshan_energy/system/CodeIgniter.php(410): CodeIgniter\CodeIgniter->runController(Object(App\Controllers\Dashboard))
#6 /home1/wartiz/public_html/roshan_energy/system/CodeIgniter.php(318): CodeIgniter\CodeIgniter->handleRequest(NULL, Object(Config\Cache), false)
#7 /home1/wartiz/public_html/roshan_energy/public/index.php(37): CodeIgniter\CodeIgniter->run()
#8 {main}
CRITICAL - 2021-12-15 23:06:03 -->  is not a valid rule.
#0 /home1/wartiz/public_html/roshan_energy/system/Validation/Validation.php(285): CodeIgniter\Validation\Exceptions\ValidationException::forRuleNotFound('')
#1 /home1/wartiz/public_html/roshan_energy/system/Validation/Validation.php(151): CodeIgniter\Validation\Validation->processRules('phone', 'Phone Number', '1234567890', Array, Array)
#2 /home1/wartiz/public_html/roshan_energy/system/Controller.php(160): CodeIgniter\Validation\Validation->run()
#3 /home1/wartiz/public_html/roshan_energy/app/Controllers/Dashboard.php(251): CodeIgniter\Controller->validate(Array)
#4 /home1/wartiz/public_html/roshan_energy/system/CodeIgniter.php(824): App\Controllers\Dashboard->biller_insert()
#5 /home1/wartiz/public_html/roshan_energy/system/CodeIgniter.php(410): CodeIgniter\CodeIgniter->runController(Object(App\Controllers\Dashboard))
#6 /home1/wartiz/public_html/roshan_energy/system/CodeIgniter.php(318): CodeIgniter\CodeIgniter->handleRequest(NULL, Object(Config\Cache), false)
#7 /home1/wartiz/public_html/roshan_energy/public/index.php(37): CodeIgniter\CodeIgniter->run()
#8 {main}
CRITICAL - 2021-12-15 23:06:44 -->  is not a valid rule.
#0 /home1/wartiz/public_html/roshan_energy/system/Validation/Validation.php(285): CodeIgniter\Validation\Exceptions\ValidationException::forRuleNotFound('')
#1 /home1/wartiz/public_html/roshan_energy/system/Validation/Validation.php(151): CodeIgniter\Validation\Validation->processRules('phone', 'Phone Number', '1234567890', Array, Array)
#2 /home1/wartiz/public_html/roshan_energy/system/Controller.php(160): CodeIgniter\Validation\Validation->run()
#3 /home1/wartiz/public_html/roshan_energy/app/Controllers/Dashboard.php(251): CodeIgniter\Controller->validate(Array)
#4 /home1/wartiz/public_html/roshan_energy/system/CodeIgniter.php(824): App\Controllers\Dashboard->biller_insert()
#5 /home1/wartiz/public_html/roshan_energy/system/CodeIgniter.php(410): CodeIgniter\CodeIgniter->runController(Object(App\Controllers\Dashboard))
#6 /home1/wartiz/public_html/roshan_energy/system/CodeIgniter.php(318): CodeIgniter\CodeIgniter->handleRequest(NULL, Object(Config\Cache), false)
#7 /home1/wartiz/public_html/roshan_energy/public/index.php(37): CodeIgniter\CodeIgniter->run()
#8 {main}
CRITICAL - 2021-12-15 23:07:20 -->  is not a valid rule.
#0 /home1/wartiz/public_html/roshan_energy/system/Validation/Validation.php(285): CodeIgniter\Validation\Exceptions\ValidationException::forRuleNotFound('')
#1 /home1/wartiz/public_html/roshan_energy/system/Validation/Validation.php(151): CodeIgniter\Validation\Validation->processRules('phone', 'Phone Number', '1111111111', Array, Array)
#2 /home1/wartiz/public_html/roshan_energy/system/Controller.php(160): CodeIgniter\Validation\Validation->run()
#3 /home1/wartiz/public_html/roshan_energy/app/Controllers/Dashboard.php(251): CodeIgniter\Controller->validate(Array)
#4 /home1/wartiz/public_html/roshan_energy/system/CodeIgniter.php(824): App\Controllers\Dashboard->biller_insert()
#5 /home1/wartiz/public_html/roshan_energy/system/CodeIgniter.php(410): CodeIgniter\CodeIgniter->runController(Object(App\Controllers\Dashboard))
#6 /home1/wartiz/public_html/roshan_energy/system/CodeIgniter.php(318): CodeIgniter\CodeIgniter->handleRequest(NULL, Object(Config\Cache), false)
#7 /home1/wartiz/public_html/roshan_energy/public/index.php(37): CodeIgniter\CodeIgniter->run()
#8 {main}
CRITICAL - 2021-12-15 23:07:35 -->  is not a valid rule.
#0 /home1/wartiz/public_html/roshan_energy/system/Validation/Validation.php(285): CodeIgniter\Validation\Exceptions\ValidationException::forRuleNotFound('')
#1 /home1/wartiz/public_html/roshan_energy/system/Validation/Validation.php(151): CodeIgniter\Validation\Validation->processRules('phone', 'Phone Number', '1111111111', Array, Array)
#2 /home1/wartiz/public_html/roshan_energy/system/Controller.php(160): CodeIgniter\Validation\Validation->run()
#3 /home1/wartiz/public_html/roshan_energy/app/Controllers/Dashboard.php(251): CodeIgniter\Controller->validate(Array)
#4 /home1/wartiz/public_html/roshan_energy/system/CodeIgniter.php(824): App\Controllers\Dashboard->biller_insert()
#5 /home1/wartiz/public_html/roshan_energy/system/CodeIgniter.php(410): CodeIgniter\CodeIgniter->runController(Object(App\Controllers\Dashboard))
#6 /home1/wartiz/public_html/roshan_energy/system/CodeIgniter.php(318): CodeIgniter\CodeIgniter->handleRequest(NULL, Object(Config\Cache), false)
#7 /home1/wartiz/public_html/roshan_energy/public/index.php(37): CodeIgniter\CodeIgniter->run()
#8 {main}
CRITICAL - 2021-12-15 23:13:06 -->  is not a valid rule.
#0 /home1/wartiz/public_html/roshan_energy/system/Validation/Validation.php(285): CodeIgniter\Validation\Exceptions\ValidationException::forRuleNotFound('')
#1 /home1/wartiz/public_html/roshan_energy/system/Validation/Validation.php(151): CodeIgniter\Validation\Validation->processRules('phone', 'Phone Number', '1111111111', Array, Array)
#2 /home1/wartiz/public_html/roshan_energy/system/Controller.php(160): CodeIgniter\Validation\Validation->run()
#3 /home1/wartiz/public_html/roshan_energy/app/Controllers/Dashboard.php(251): CodeIgniter\Controller->validate(Array)
#4 /home1/wartiz/public_html/roshan_energy/system/CodeIgniter.php(824): App\Controllers\Dashboard->biller_insert()
#5 /home1/wartiz/public_html/roshan_energy/system/CodeIgniter.php(410): CodeIgniter\CodeIgniter->runController(Object(App\Controllers\Dashboard))
#6 /home1/wartiz/public_html/roshan_energy/system/CodeIgniter.php(318): CodeIgniter\CodeIgniter->handleRequest(NULL, Object(Config\Cache), false)
#7 /home1/wartiz/public_html/roshan_energy/public/index.php(37): CodeIgniter\CodeIgniter->run()
#8 {main}
CRITICAL - 2021-12-15 23:17:32 -->  is not a valid rule.
#0 /home1/wartiz/public_html/roshan_energy/system/Validation/Validation.php(285): CodeIgniter\Validation\Exceptions\ValidationException::forRuleNotFound('')
#1 /home1/wartiz/public_html/roshan_energy/system/Validation/Validation.php(151): CodeIgniter\Validation\Validation->processRules('phone', 'Phone Number', '1111111111', Array, Array)
#2 /home1/wartiz/public_html/roshan_energy/system/Controller.php(160): CodeIgniter\Validation\Validation->run()
#3 /home1/wartiz/public_html/roshan_energy/app/Controllers/Dashboard.php(251): CodeIgniter\Controller->validate(Array)
#4 /home1/wartiz/public_html/roshan_energy/system/CodeIgniter.php(824): App\Controllers\Dashboard->biller_insert()
#5 /home1/wartiz/public_html/roshan_energy/system/CodeIgniter.php(410): CodeIgniter\CodeIgniter->runController(Object(App\Controllers\Dashboard))
#6 /home1/wartiz/public_html/roshan_energy/system/CodeIgniter.php(318): CodeIgniter\CodeIgniter->handleRequest(NULL, Object(Config\Cache), false)
#7 /home1/wartiz/public_html/roshan_energy/public/index.php(37): CodeIgniter\CodeIgniter->run()
#8 {main}
CRITICAL - 2021-12-15 23:18:55 -->  is not a valid rule.
#0 /home1/wartiz/public_html/roshan_energy/system/Validation/Validation.php(285): CodeIgniter\Validation\Exceptions\ValidationException::forRuleNotFound('')
#1 /home1/wartiz/public_html/roshan_energy/system/Validation/Validation.php(151): CodeIgniter\Validation\Validation->processRules('phone', 'Phone Number', '1111111111', Array, Array)
#2 /home1/wartiz/public_html/roshan_energy/system/Controller.php(160): CodeIgniter\Validation\Validation->run()
#3 /home1/wartiz/public_html/roshan_energy/app/Controllers/Dashboard.php(251): CodeIgniter\Controller->validate(Array)
#4 /home1/wartiz/public_html/roshan_energy/system/CodeIgniter.php(824): App\Controllers\Dashboard->biller_insert()
#5 /home1/wartiz/public_html/roshan_energy/system/CodeIgniter.php(410): CodeIgniter\CodeIgniter->runController(Object(App\Controllers\Dashboard))
#6 /home1/wartiz/public_html/roshan_energy/system/CodeIgniter.php(318): CodeIgniter\CodeIgniter->handleRequest(NULL, Object(Config\Cache), false)
#7 /home1/wartiz/public_html/roshan_energy/public/index.php(37): CodeIgniter\CodeIgniter->run()
#8 {main}
CRITICAL - 2021-12-15 23:20:54 --> syntax error, unexpected 'else' (T_ELSE), expecting end of file
#0 /home1/wartiz/public_html/roshan_energy/system/View/View.php(217): CodeIgniter\View\View->CodeIgniter\View\{closure}()
#1 /home1/wartiz/public_html/roshan_energy/system/Common.php(1097): CodeIgniter\View\View->render('Dashboard/creat...', Array, true)
#2 /home1/wartiz/public_html/roshan_energy/app/Views/template_with_header/template.php(5): view('Dashboard/creat...')
#3 /home1/wartiz/public_html/roshan_energy/system/View/View.php(214): include('/home1/wartiz/p...')
#4 /home1/wartiz/public_html/roshan_energy/system/View/View.php(217): CodeIgniter\View\View->CodeIgniter\View\{closure}()
#5 /home1/wartiz/public_html/roshan_energy/system/Common.php(1097): CodeIgniter\View\View->render('template_with_h...', Array, true)
#6 /home1/wartiz/public_html/roshan_energy/app/Controllers/Dashboard.php(285): view('template_with_h...', Array)
#7 /home1/wartiz/public_html/roshan_energy/system/CodeIgniter.php(824): App\Controllers\Dashboard->biller_insert()
#8 /home1/wartiz/public_html/roshan_energy/system/CodeIgniter.php(410): CodeIgniter\CodeIgniter->runController(Object(App\Controllers\Dashboard))
#9 /home1/wartiz/public_html/roshan_energy/system/CodeIgniter.php(318): CodeIgniter\CodeIgniter->handleRequest(NULL, Object(Config\Cache), false)
#10 /home1/wartiz/public_html/roshan_energy/public/index.php(37): CodeIgniter\CodeIgniter->run()
#11 {main}
CRITICAL - 2021-12-15 23:21:22 --> syntax error, unexpected 'else' (T_ELSE), expecting end of file
#0 /home1/wartiz/public_html/roshan_energy/system/View/View.php(217): CodeIgniter\View\View->CodeIgniter\View\{closure}()
#1 /home1/wartiz/public_html/roshan_energy/system/Common.php(1097): CodeIgniter\View\View->render('Dashboard/creat...', Array, true)
#2 /home1/wartiz/public_html/roshan_energy/app/Views/template_with_header/template.php(5): view('Dashboard/creat...')
#3 /home1/wartiz/public_html/roshan_energy/system/View/View.php(214): include('/home1/wartiz/p...')
#4 /home1/wartiz/public_html/roshan_energy/system/View/View.php(217): CodeIgniter\View\View->CodeIgniter\View\{closure}()
#5 /home1/wartiz/public_html/roshan_energy/system/Common.php(1097): CodeIgniter\View\View->render('template_with_h...', Array, true)
#6 /home1/wartiz/public_html/roshan_energy/app/Controllers/Dashboard.php(285): view('template_with_h...', Array)
#7 /home1/wartiz/public_html/roshan_energy/system/CodeIgniter.php(824): App\Controllers\Dashboard->biller_insert()
#8 /home1/wartiz/public_html/roshan_energy/system/CodeIgniter.php(410): CodeIgniter\CodeIgniter->runController(Object(App\Controllers\Dashboard))
#9 /home1/wartiz/public_html/roshan_energy/system/CodeIgniter.php(318): CodeIgniter\CodeIgniter->handleRequest(NULL, Object(Config\Cache), false)
#10 /home1/wartiz/public_html/roshan_energy/public/index.php(37): CodeIgniter\CodeIgniter->run()
#11 {main}
CRITICAL - 2021-12-15 23:35:03 --> Undefined index: dob
#0 /home1/wartiz/public_html/roshan_energy/app/Views/Dashboard/edit_biller.php(221): CodeIgniter\Debug\Exceptions->errorHandler(8, 'Undefined index...', '/home1/wartiz/p...', 221, Array)
#1 /home1/wartiz/public_html/roshan_energy/system/View/View.php(214): include('/home1/wartiz/p...')
#2 /home1/wartiz/public_html/roshan_energy/system/View/View.php(217): CodeIgniter\View\View->CodeIgniter\View\{closure}()
#3 /home1/wartiz/public_html/roshan_energy/system/Common.php(1097): CodeIgniter\View\View->render('Dashboard/edit_...', Array, true)
#4 /home1/wartiz/public_html/roshan_energy/app/Views/template_with_header/template.php(5): view('Dashboard/edit_...')
#5 /home1/wartiz/public_html/roshan_energy/system/View/View.php(214): include('/home1/wartiz/p...')
#6 /home1/wartiz/public_html/roshan_energy/system/View/View.php(217): CodeIgniter\View\View->CodeIgniter\View\{closure}()
#7 /home1/wartiz/public_html/roshan_energy/system/Common.php(1097): CodeIgniter\View\View->render('template_with_h...', Array, true)
#8 /home1/wartiz/public_html/roshan_energy/app/Controllers/Dashboard.php(430): view('template_with_h...', Array)
#9 /home1/wartiz/public_html/roshan_energy/system/CodeIgniter.php(824): App\Controllers\Dashboard->edit_biller('eHN1M0hKd2hjNHl...')
#10 /home1/wartiz/public_html/roshan_energy/system/CodeIgniter.php(410): CodeIgniter\CodeIgniter->runController(Object(App\Controllers\Dashboard))
#11 /home1/wartiz/public_html/roshan_energy/system/CodeIgniter.php(318): CodeIgniter\CodeIgniter->handleRequest(NULL, Object(Config\Cache), false)
#12 /home1/wartiz/public_html/roshan_energy/public/index.php(37): CodeIgniter\CodeIgniter->run()
#13 {main}
CRITICAL - 2021-12-15 23:46:05 --> A non well formed numeric value encountered
#0 [internal function]: CodeIgniter\Debug\Exceptions->errorHandler(8, 'A non well form...', '/home1/wartiz/p...', 260, Array)
#1 /home1/wartiz/public_html/roshan_energy/app/Controllers/Dashboard.php(260): date('Y-m-d', '12/17/2021')
#2 /home1/wartiz/public_html/roshan_energy/system/CodeIgniter.php(824): App\Controllers\Dashboard->biller_insert()
#3 /home1/wartiz/public_html/roshan_energy/system/CodeIgniter.php(410): CodeIgniter\CodeIgniter->runController(Object(App\Controllers\Dashboard))
#4 /home1/wartiz/public_html/roshan_energy/system/CodeIgniter.php(318): CodeIgniter\CodeIgniter->handleRequest(NULL, Object(Config\Cache), false)
#5 /home1/wartiz/public_html/roshan_energy/public/index.php(37): CodeIgniter\CodeIgniter->run()
#6 {main}
CRITICAL - 2021-12-15 23:52:23 --> syntax error, unexpected 'date' (T_STRING)
#0 /home1/wartiz/public_html/roshan_energy/system/Autoloader/Autoloader.php(241): CodeIgniter\Autoloader\Autoloader->includeFile('/home1/wartiz/p...')
#1 /home1/wartiz/public_html/roshan_energy/system/Autoloader/Autoloader.php(219): CodeIgniter\Autoloader\Autoloader->loadInNamespace('App\\Controllers...')
#2 [internal function]: CodeIgniter\Autoloader\Autoloader->loadClass('App\\Controllers...')
#3 [internal function]: spl_autoload_call('App\\Controllers...')
#4 /home1/wartiz/public_html/roshan_energy/system/CodeIgniter.php(789): class_exists('\\App\\Controller...', true)
#5 /home1/wartiz/public_html/roshan_energy/system/CodeIgniter.php(397): CodeIgniter\CodeIgniter->startController()
#6 /home1/wartiz/public_html/roshan_energy/system/CodeIgniter.php(318): CodeIgniter\CodeIgniter->handleRequest(NULL, Object(Config\Cache), false)
#7 /home1/wartiz/public_html/roshan_energy/public/index.php(37): CodeIgniter\CodeIgniter->run()
#8 {main}
CRITICAL - 2021-12-15 23:52:37 --> syntax error, unexpected 'date' (T_STRING)
#0 /home1/wartiz/public_html/roshan_energy/system/Autoloader/Autoloader.php(241): CodeIgniter\Autoloader\Autoloader->includeFile('/home1/wartiz/p...')
#1 /home1/wartiz/public_html/roshan_energy/system/Autoloader/Autoloader.php(219): CodeIgniter\Autoloader\Autoloader->loadInNamespace('App\\Controllers...')
#2 [internal function]: CodeIgniter\Autoloader\Autoloader->loadClass('App\\Controllers...')
#3 [internal function]: spl_autoload_call('App\\Controllers...')
#4 /home1/wartiz/public_html/roshan_energy/system/CodeIgniter.php(789): class_exists('\\App\\Controller...', true)
#5 /home1/wartiz/public_html/roshan_energy/system/CodeIgniter.php(397): CodeIgniter\CodeIgniter->startController()
#6 /home1/wartiz/public_html/roshan_energy/system/CodeIgniter.php(318): CodeIgniter\CodeIgniter->handleRequest(NULL, Object(Config\Cache), false)
#7 /home1/wartiz/public_html/roshan_energy/public/index.php(37): CodeIgniter\CodeIgniter->run()
#8 {main}
